Log file open, 12/15/18 20:11:57
LogWindows: Failed to load 'aqProf.dll' (GetLastError=126)
LogWindows: File 'aqProf.dll' does not exist
LogWindows: Failed to load 'VtuneApi.dll' (GetLastError=126)
LogWindows: File 'VtuneApi.dll' does not exist
LogWindows: Failed to load 'VtuneApi32e.dll' (GetLastError=126)
LogWindows: File 'VtuneApi32e.dll' does not exist
LogConsoleResponse: Display: Failed to find resolution value strings in scalability ini. Falling back to default.
LogInit: Display: Running engine for game: wolfy
LogPakFile: Registered encryption key '00000000000000000000000000000000': 0 pak files mounted, 0 remain pending
LogPlatformFile: Not using cached read wrapper
LogTaskGraph: Started task graph with 5 named threads and 23 total threads with 3 sets of task threads.
LogStats: Stats thread started at 0.278595
LogD3D11RHI: Loaded GFSDK_Aftermath_Lib.x64.dll
LogICUInternationalization: ICU TimeZone Detection - Raw Offset: -5:00, Platform Override: ''
LogPluginManager: Mounting plugin Paper2D
LogPluginManager: Mounting plugin AISupport
LogPluginManager: Mounting plugin LightPropagationVolume
LogPluginManager: Mounting plugin ActorLayerUtilities
LogPluginManager: Mounting plugin CLionSourceCodeAccess
LogPluginManager: Mounting plugin CodeLiteSourceCodeAccess
LogPluginManager: Mounting plugin GitSourceControl
LogPluginManager: Mounting plugin KDevelopSourceCodeAccess
LogPluginManager: Mounting plugin NullSourceCodeAccess
LogPluginManager: Mounting plugin PerforceSourceControl
LogPluginManager: Mounting plugin SubversionSourceControl
LogPluginManager: Mounting plugin UObjectPlugin
LogPluginManager: Mounting plugin VisualStudioCodeSourceCodeAccess
LogPluginManager: Mounting plugin VisualStudioSourceCodeAccess
LogPluginManager: Mounting plugin XCodeSourceCodeAccess
LogPluginManager: Mounting plugin AssetManagerEditor
LogPluginManager: Mounting plugin CryptoKeys
LogPluginManager: Mounting plugin DataValidation
LogPluginManager: Mounting plugin FacialAnimation
LogPluginManager: Mounting plugin GameplayTagsEditor
LogPluginManager: Mounting plugin MacGraphicsSwitching
LogPluginManager: Mounting plugin MeshEditor
LogPluginManager: Mounting plugin MobileLauncherProfileWizard
LogPluginManager: Mounting plugin PluginBrowser
LogPluginManager: Mounting plugin SpeedTreeImporter
LogPluginManager: Mounting plugin DatasmithContent
LogPluginManager: Mounting plugin VariantManagerContent
LogPluginManager: Mounting plugin AlembicImporter
LogPluginManager: Mounting plugin AppleImageUtils
LogPluginManager: Mounting plugin AppleVision
LogPluginManager: Mounting plugin BackChannel
LogPluginManager: Mounting plugin CharacterAI
LogPluginManager: Mounting plugin GeometryCache
LogPluginManager: Mounting plugin HTML5Networking
LogPluginManager: Mounting plugin ProxyLODPlugin
LogPluginManager: Mounting plugin MagicLeap
LogPluginManager: Mounting plugin MagicLeapMedia
LogPluginManager: Mounting plugin AndroidMedia
LogPluginManager: Mounting plugin AvfMedia
LogPluginManager: Mounting plugin ImgMedia
LogPluginManager: Mounting plugin LinearTimecode
LogPluginManager: Mounting plugin MediaCompositing
LogPluginManager: Mounting plugin MediaPlayerEditor
LogPluginManager: Mounting plugin WebMMedia
LogPluginManager: Mounting plugin WmfMedia
LogPluginManager: Mounting plugin TcpMessaging
LogPluginManager: Mounting plugin UdpMessaging
LogPluginManager: Mounting plugin ActorSequence
LogPluginManager: Mounting plugin LevelSequenceEditor
LogPluginManager: Mounting plugin MatineeToLevelSequence
LogPluginManager: Mounting plugin NetcodeUnitTest
LogPluginManager: Mounting plugin NUTUnrealEngine4
LogPluginManager: Mounting plugin OnlineSubsystemGooglePlay
LogPluginManager: Mounting plugin OnlineSubsystemIOS
LogPluginManager: Mounting plugin OnlineSubsystem
LogPluginManager: Mounting plugin OnlineSubsystemNull
LogPluginManager: Mounting plugin OnlineSubsystemUtils
LogPluginManager: Mounting plugin LauncherChunkInstaller
LogPluginManager: Mounting plugin AndroidDeviceProfileSelector
LogPluginManager: Mounting plugin AndroidMoviePlayer
LogPluginManager: Mounting plugin AndroidPermission
LogPluginManager: Mounting plugin AppleMoviePlayer
LogPluginManager: Mounting plugin ArchVisCharacter
LogPluginManager: Mounting plugin AudioCapture
LogPluginManager: Mounting plugin CableComponent
LogPluginManager: Mounting plugin CustomMeshComponent
LogPluginManager: Mounting plugin EditableMesh
LogPluginManager: Mounting plugin ExampleDeviceProfileSelector
LogPluginManager: Mounting plugin Firebase
LogPluginManager: Mounting plugin GoogleCloudMessaging
LogPluginManager: Mounting plugin IOSDeviceProfileSelector
LogPluginManager: Mounting plugin LinuxDeviceProfileSelector
LogPluginManager: Mounting plugin LocationServicesBPLibrary
LogPluginManager: Mounting plugin MobilePatchingUtils
LogPluginManager: Mounting plugin OculusVR
LogPluginManager: Mounting plugin PhysXVehicles
LogPluginManager: Mounting plugin ProceduralMeshComponent
LogPluginManager: Mounting plugin RuntimePhysXCooking
LogPluginManager: Mounting plugin SteamVR
LogPluginManager: Mounting plugin WebMMoviePlayer
LogPluginManager: Mounting plugin WindowsMoviePlayer
LogStreaming: Display: Took  0.070s to configure plugins.
LogInit: Using libcurl 7.55.1-DEV
LogInit:  - built for x86_64-pc-win32
LogInit:  - supports SSL with OpenSSL/1.0.2h
LogInit:  - supports HTTP deflate (compression) using libz 1.2.8
LogInit:  - other features:
LogInit:      CURL_VERSION_SSL
LogInit:      CURL_VERSION_LIBZ
LogInit:      CURL_VERSION_IPV6
LogInit:      CURL_VERSION_ASYNCHDNS
LogInit:      CURL_VERSION_LARGEFILE
LogInit:      CURL_VERSION_IDN
LogInit:  CurlRequestOptions (configurable via config and command line):
LogInit:  - bVerifyPeer = true  - Libcurl will verify peer certificate
LogInit:  - bUseHttpProxy = false  - Libcurl will NOT use HTTP proxy
LogInit:  - bDontReuseConnections = false  - Libcurl will reuse connections
LogInit:  - MaxHostConnections = 16  - Libcurl will limit the number of connections to a host
LogInit:  - LocalHostAddr = Default
LogInit:  - BufferSize = 65536
LogInit: WinSock: version 1.1 (2.2), MaxSocks=32767, MaxUdp=65467
LogInit: Build: ++UE4+Release-4.21-CL-4613538
LogInit: Engine Version: 4.21.1-4613538+++UE4+Release-4.21
LogInit: Compatible Engine Version: 4.21.0-4541578+++UE4+Release-4.21
LogInit: Net CL: 4541578
LogInit: OS: Windows 10 (), CPU: Intel(R) Core(TM) i7-7700HQ CPU @ 2.80GHz, GPU: Intel(R) HD Graphics 630
LogInit: Compiled (64-bit): Nov 30 2018 04:13:25
LogInit: Compiled with Visual C++: 19.13.26129.00
LogInit: Build Configuration: Development
LogInit: Branch Name: ++UE4+Release-4.21
LogInit: Command Line: 
LogInit: Base Directory: D:/Program files/Unreal/UE_4.21/Engine/Binaries/Win64/
LogInit: Installed Engine Build: 1
LogDevObjectVersion: Number of dev versions registered: 22
LogDevObjectVersion:   Dev-Blueprints (B0D832E4-1F89-4F0D-ACCF-7EB736FD4AA2): 10
LogDevObjectVersion:   Dev-Build (E1C64328-A22C-4D53-A36C-8E866417BD8C): 0
LogDevObjectVersion:   Dev-Core (375EC13C-06E4-48FB-B500-84F0262A717E): 2
LogDevObjectVersion:   Dev-Editor (E4B068ED-F494-42E9-A231-DA0B2E46BB41): 26
LogDevObjectVersion:   Dev-Framework (CFFC743F-43B0-4480-9391-14DF171D2073): 34
LogDevObjectVersion:   Dev-Mobile (B02B49B5-BB20-44E9-A304-32B752E40360): 2
LogDevObjectVersion:   Dev-Networking (A4E4105C-59A1-49B5-A7C5-40C4547EDFEE): 0
LogDevObjectVersion:   Dev-Online (39C831C9-5AE6-47DC-9A44-9C173E1C8E7C): 0
LogDevObjectVersion:   Dev-Physics (78F01B33-EBEA-4F98-B9B4-84EACCB95AA2): 0
LogDevObjectVersion:   Dev-Platform (6631380F-2D4D-43E0-8009-CF276956A95A): 0
LogDevObjectVersion:   Dev-Rendering (12F88B9F-8875-4AFC-A67C-D90C383ABD29): 27
LogDevObjectVersion:   Dev-Sequencer (7B5AE74C-D270-4C10-A958-57980B212A5A): 9
LogDevObjectVersion:   Dev-VR (D7296918-1DD6-4BDD-9DE2-64A83CC13884): 2
LogDevObjectVersion:   Dev-LoadTimes (C2A15278-BFE7-4AFE-6C17-90FF531DF755): 1
LogDevObjectVersion:   Private-Geometry (6EACA3D4-40EC-4CC1-B786-8BED09428FC5): 3
LogDevObjectVersion:   Dev-AnimPhys (29E575DD-E0A3-4627-9D10-D276232CDCEA): 17
LogDevObjectVersion:   Dev-Anim (AF43A65D-7FD3-4947-9873-3E8ED9C1BB05): 2
LogDevObjectVersion:   Dev-ReflectionCapture (6B266CEC-1EC7-4B8F-A30B-E4D90942FC07): 1
LogDevObjectVersion:   Dev-Automation (0DF73D61-A23F-47EA-B727-89E90C41499A): 1
LogDevObjectVersion:   FortniteMain (601D1886-AC64-4F84-AA16-D3DE0DEAC7D6): 17
LogDevObjectVersion:   Dev-Enterprise (9DFFBCD6-494F-0158-E221-12823C92A888): 4
LogDevObjectVersion:   Dev-Niagara (F2AED0AC-9AFE-416F-8664-AA7FFA26D6FC): 1
LogStreaming: Display: Took  0.003s to delete old logs.
LogInit: Presizing for max 8388607 objects, including 0 objects not considered by GC, pre-allocating 0 bytes for permanent pool.
LogInit: Object subsystem initialized
LogConfig: Setting CVar [[con.DebugEarlyDefault:1]]
LogConfig: Setting CVar [[r.setres:1280x720]]
[2018.12.16-01.11.57:464][  0]LogConfig: Setting CVar [[r.VSync:0]]
[2018.12.16-01.11.57:464][  0]LogConfig: Setting CVar [[r.RHICmdBypass:0]]
[2018.12.16-01.11.57:464][  0]LogConfig: Applying CVar settings from Section [/Script/Engine.RendererSettings] File [C:/Users/simon/Documents/Unreal Projects/wolfy 4.21/Saved/Config/Windows/Engine.ini]
[2018.12.16-01.11.57:464][  0]LogConfig: Setting CVar [[r.GPUCrashDebugging:0]]
[2018.12.16-01.11.57:464][  0]LogConfig: Setting CVar [[r.CustomDepth:3]]
[2018.12.16-01.11.57:464][  0]LogConfig: Applying CVar settings from Section [/Script/Engine.RendererOverrideSettings] File [C:/Users/simon/Documents/Unreal Projects/wolfy 4.21/Saved/Config/Windows/Engine.ini]
[2018.12.16-01.11.57:464][  0]LogConfig: Applying CVar settings from Section [/Script/Engine.StreamingSettings] File [C:/Users/simon/Documents/Unreal Projects/wolfy 4.21/Saved/Config/Windows/Engine.ini]
[2018.12.16-01.11.57:464][  0]LogConfig: Setting CVar [[s.MinBulkDataSizeForAsyncLoading:131072]]
[2018.12.16-01.11.57:464][  0]LogConfig: Setting CVar [[s.AsyncLoadingThreadEnabled:0]]
[2018.12.16-01.11.57:464][  0]LogConfig: Setting CVar [[s.EventDrivenLoaderEnabled:1]]
[2018.12.16-01.11.57:464][  0]LogConfig: Setting CVar [[s.WarnIfTimeLimitExceeded:0]]
[2018.12.16-01.11.57:464][  0]LogConfig: Setting CVar [[s.TimeLimitExceededMultiplier:1.5]]
[2018.12.16-01.11.57:465][  0]LogConfig: Setting CVar [[s.TimeLimitExceededMinTime:0.005]]
[2018.12.16-01.11.57:465][  0]LogConfig: Setting CVar [[s.UseBackgroundLevelStreaming:1]]
[2018.12.16-01.11.57:465][  0]LogConfig: Setting CVar [[s.PriorityAsyncLoadingExtraTime:15.0]]
[2018.12.16-01.11.57:465][  0]LogConfig: Setting CVar [[s.LevelStreamingActorsUpdateTimeLimit:5.0]]
[2018.12.16-01.11.57:465][  0]LogConfig: Setting CVar [[s.PriorityLevelStreamingActorsUpdateExtraTime:5.0]]
[2018.12.16-01.11.57:465][  0]LogConfig: Setting CVar [[s.LevelStreamingComponentsRegistrationGranularity:10]]
[2018.12.16-01.11.57:465][  0]LogConfig: Setting CVar [[s.UnregisterComponentsTimeLimit:1.0]]
[2018.12.16-01.11.57:465][  0]LogConfig: Setting CVar [[s.LevelStreamingComponentsUnregistrationGranularity:5]]
[2018.12.16-01.11.57:465][  0]LogConfig: Applying CVar settings from Section [/Script/Engine.GarbageCollectionSettings] File [C:/Users/simon/Documents/Unreal Projects/wolfy 4.21/Saved/Config/Windows/Engine.ini]
[2018.12.16-01.11.57:465][  0]LogConfig: Setting CVar [[gc.MaxObjectsNotConsideredByGC:1]]
[2018.12.16-01.11.57:465][  0]LogConfig: Setting CVar [[gc.SizeOfPermanentObjectPool:0]]
[2018.12.16-01.11.57:465][  0]LogConfig: Setting CVar [[gc.FlushStreamingOnGC:0]]
[2018.12.16-01.11.57:465][  0]LogConfig: Setting CVar [[gc.NumRetriesBeforeForcingGC:10]]
[2018.12.16-01.11.57:465][  0]LogConfig: Setting CVar [[gc.AllowParallelGC:1]]
[2018.12.16-01.11.57:465][  0]LogConfig: Setting CVar [[gc.TimeBetweenPurgingPendingKillObjects:61.1]]
[2018.12.16-01.11.57:465][  0]LogConfig: Setting CVar [[gc.MaxObjectsInEditor:8388607]]
[2018.12.16-01.11.57:465][  0]LogConfig: Setting CVar [[gc.IncrementalBeginDestroyEnabled:1]]
[2018.12.16-01.11.57:465][  0]LogConfig: Setting CVar [[gc.CreateGCClusters:1]]
[2018.12.16-01.11.57:465][  0]LogConfig: Setting CVar [[gc.MergeGCClusters:0]]
[2018.12.16-01.11.57:465][  0]LogConfig: Setting CVar [[gc.MinGCClusterSize:5]]
[2018.12.16-01.11.57:465][  0]LogConfig: Setting CVar [[gc.ActorClusteringEnabled:0]]
[2018.12.16-01.11.57:465][  0]LogConfig: Setting CVar [[gc.BlueprintClusteringEnabled:0]]
[2018.12.16-01.11.57:465][  0]LogConfig: Setting CVar [[gc.UseDisregardForGCOnDedicatedServers:0]]
[2018.12.16-01.11.57:465][  0]LogConfig: Applying CVar settings from Section [/Script/Engine.NetworkSettings] File [C:/Users/simon/Documents/Unreal Projects/wolfy 4.21/Saved/Config/Windows/Engine.ini]
[2018.12.16-01.11.57:465][  0]LogConfig: Applying CVar settings from Section [/Script/UnrealEd.CookerSettings] File [C:/Users/simon/Documents/Unreal Projects/wolfy 4.21/Saved/Config/Windows/Engine.ini]
[2018.12.16-01.11.57:477][  0]LogConfig: Applying CVar settings from Section [ViewDistanceQuality@3] File [C:/Users/simon/Documents/Unreal Projects/wolfy 4.21/Saved/Config/Windows/Scalability.ini]
[2018.12.16-01.11.57:477][  0]LogConfig: Setting CVar [[r.SkeletalMeshLODBias:0]]
[2018.12.16-01.11.57:477][  0]LogConfig: Setting CVar [[r.ViewDistanceScale:1.0]]
[2018.12.16-01.11.57:477][  0]LogConfig: Applying CVar settings from Section [AntiAliasingQuality@3] File [C:/Users/simon/Documents/Unreal Projects/wolfy 4.21/Saved/Config/Windows/Scalability.ini]
[2018.12.16-01.11.57:477][  0]LogConfig: Setting CVar [[r.PostProcessAAQuality:4]]
[2018.12.16-01.11.57:477][  0]LogConfig: Applying CVar settings from Section [ShadowQuality@3] File [C:/Users/simon/Documents/Unreal Projects/wolfy 4.21/Saved/Config/Windows/Scalability.ini]
[2018.12.16-01.11.57:477][  0]LogConfig: Setting CVar [[r.LightFunctionQuality:1]]
[2018.12.16-01.11.57:477][  0]LogConfig: Setting CVar [[r.ShadowQuality:5]]
[2018.12.16-01.11.57:477][  0]LogConfig: Setting CVar [[r.Shadow.CSM.MaxCascades:10]]
[2018.12.16-01.11.57:477][  0]LogConfig: Setting CVar [[r.Shadow.MaxResolution:2048]]
[2018.12.16-01.11.57:477][  0]LogConfig: Setting CVar [[r.Shadow.MaxCSMResolution:2048]]
[2018.12.16-01.11.57:477][  0]LogConfig: Setting CVar [[r.Shadow.RadiusThreshold:0.01]]
[2018.12.16-01.11.57:477][  0]LogConfig: Setting CVar [[r.Shadow.DistanceScale:1.0]]
[2018.12.16-01.11.57:477][  0]LogConfig: Setting CVar [[r.Shadow.CSM.TransitionScale:1.0]]
[2018.12.16-01.11.57:477][  0]LogConfig: Setting CVar [[r.Shadow.PreShadowResolutionFactor:1.0]]
[2018.12.16-01.11.57:477][  0]LogConfig: Setting CVar [[r.DistanceFieldShadowing:1]]
[2018.12.16-01.11.57:477][  0]LogConfig: Setting CVar [[r.DistanceFieldAO:1]]
[2018.12.16-01.11.57:477][  0]LogConfig: Setting CVar [[r.AOQuality:2]]
[2018.12.16-01.11.57:477][  0]LogConfig: Setting CVar [[r.VolumetricFog:1]]
[2018.12.16-01.11.57:477][  0]LogConfig: Setting CVar [[r.VolumetricFog.GridPixelSize:8]]
[2018.12.16-01.11.57:477][  0]LogConfig: Setting CVar [[r.VolumetricFog.GridSizeZ:128]]
[2018.12.16-01.11.57:477][  0]LogConfig: Setting CVar [[r.VolumetricFog.HistoryMissSupersampleCount:4]]
[2018.12.16-01.11.57:477][  0]LogConfig: Setting CVar [[r.LightMaxDrawDistanceScale:1]]
[2018.12.16-01.11.57:477][  0]LogConfig: Setting CVar [[r.CapsuleShadows:1]]
[2018.12.16-01.11.57:477][  0]LogConfig: Applying CVar settings from Section [PostProcessQuality@3] File [C:/Users/simon/Documents/Unreal Projects/wolfy 4.21/Saved/Config/Windows/Scalability.ini]
[2018.12.16-01.11.57:477][  0]LogConfig: Setting CVar [[r.MotionBlurQuality:4]]
[2018.12.16-01.11.57:477][  0]LogConfig: Setting CVar [[r.AmbientOcclusionMipLevelFactor:0.4]]
[2018.12.16-01.11.57:477][  0]LogConfig: Setting CVar [[r.AmbientOcclusionMaxQuality:100]]
[2018.12.16-01.11.57:477][  0]LogConfig: Setting CVar [[r.AmbientOcclusionLevels:-1]]
[2018.12.16-01.11.57:477][  0]LogConfig: Setting CVar [[r.AmbientOcclusionRadiusScale:1.0]]
[2018.12.16-01.11.57:477][  0]LogConfig: Setting CVar [[r.DepthOfFieldQuality:2]]
[2018.12.16-01.11.57:477][  0]LogConfig: Setting CVar [[r.RenderTargetPoolMin:400]]
[2018.12.16-01.11.57:478][  0]LogConfig: Setting CVar [[r.LensFlareQuality:2]]
[2018.12.16-01.11.57:478][  0]LogConfig: Setting CVar [[r.SceneColorFringeQuality:1]]
[2018.12.16-01.11.57:478][  0]LogConfig: Setting CVar [[r.EyeAdaptationQuality:2]]
[2018.12.16-01.11.57:478][  0]LogConfig: Setting CVar [[r.BloomQuality:5]]
[2018.12.16-01.11.57:478][  0]LogConfig: Setting CVar [[r.FastBlurThreshold:100]]
[2018.12.16-01.11.57:478][  0]LogConfig: Setting CVar [[r.Upscale.Quality:3]]
[2018.12.16-01.11.57:478][  0]LogConfig: Setting CVar [[r.Tonemapper.GrainQuantization:1]]
[2018.12.16-01.11.57:478][  0]LogConfig: Setting CVar [[r.LightShaftQuality:1]]
[2018.12.16-01.11.57:478][  0]LogConfig: Setting CVar [[r.Filter.SizeScale:1]]
[2018.12.16-01.11.57:478][  0]LogConfig: Setting CVar [[r.Tonemapper.Quality:5]]
[2018.12.16-01.11.57:478][  0]LogConfig: Setting CVar [[r.DOF.Gather.AccumulatorQuality:1        ; higher gathering accumulator quality]]
[2018.12.16-01.11.57:478][  0]LogConfig: Setting CVar [[r.DOF.Gather.PostfilterMethod:1          ; Median3x3 postfilering method]]
[2018.12.16-01.11.57:478][  0]LogConfig: Setting CVar [[r.DOF.Gather.EnableBokehSettings:0       ; no bokeh simulation when gathering]]
[2018.12.16-01.11.57:478][  0]LogConfig: Setting CVar [[r.DOF.Gather.RingCount:4                 ; medium number of samples when gathering]]
[2018.12.16-01.11.57:478][  0]LogConfig: Setting CVar [[r.DOF.Scatter.ForegroundCompositing:1    ; additive foreground scattering]]
[2018.12.16-01.11.57:478][  0]LogConfig: Setting CVar [[r.DOF.Scatter.BackgroundCompositing:2    ; additive background scattering]]
[2018.12.16-01.11.57:478][  0]LogConfig: Setting CVar [[r.DOF.Scatter.EnableBokehSettings:1      ; bokeh simulation when scattering]]
[2018.12.16-01.11.57:478][  0]LogConfig: Setting CVar [[r.DOF.Scatter.MaxSpriteRatio:0.1         ; only a maximum of 10% of scattered bokeh]]
[2018.12.16-01.11.57:478][  0]LogConfig: Setting CVar [[r.DOF.Recombine.Quality:1                ; cheap slight out of focus]]
[2018.12.16-01.11.57:478][  0]LogConfig: Setting CVar [[r.DOF.Recombine.EnableBokehSettings:0    ; no bokeh simulation on slight out of focus]]
[2018.12.16-01.11.57:478][  0]LogConfig: Setting CVar [[r.DOF.TemporalAAQuality:1                ; more stable temporal accumulation]]
[2018.12.16-01.11.57:478][  0]LogConfig: Setting CVar [[r.DOF.Kernel.MaxForegroundRadius:0.025]]
[2018.12.16-01.11.57:478][  0]LogConfig: Setting CVar [[r.DOF.Kernel.MaxBackgroundRadius:0.025]]
[2018.12.16-01.11.57:478][  0]LogConfig: Applying CVar settings from Section [TextureQuality@3] File [C:/Users/simon/Documents/Unreal Projects/wolfy 4.21/Saved/Config/Windows/Scalability.ini]
[2018.12.16-01.11.57:478][  0]LogConfig: Setting CVar [[r.Streaming.MipBias:0]]
[2018.12.16-01.11.57:478][  0]LogConfig: Setting CVar [[r.Streaming.AmortizeCPUToGPUCopy:0]]
[2018.12.16-01.11.57:478][  0]LogConfig: Setting CVar [[r.Streaming.MaxNumTexturesToStreamPerFrame:0]]
[2018.12.16-01.11.57:478][  0]LogConfig: Setting CVar [[r.Streaming.Boost:1]]
[2018.12.16-01.11.57:478][  0]LogConfig: Setting CVar [[r.MaxAnisotropy:8]]
[2018.12.16-01.11.57:478][  0]LogConfig: Setting CVar [[r.Streaming.LimitPoolSizeToVRAM:0]]
[2018.12.16-01.11.57:478][  0]LogConfig: Setting CVar [[r.Streaming.PoolSize:1000]]
[2018.12.16-01.11.57:478][  0]LogConfig: Setting CVar [[r.Streaming.MaxEffectiveScreenSize:0]]
[2018.12.16-01.11.57:478][  0]LogConfig: Applying CVar settings from Section [EffectsQuality@3] File [C:/Users/simon/Documents/Unreal Projects/wolfy 4.21/Saved/Config/Windows/Scalability.ini]
[2018.12.16-01.11.57:478][  0]LogConfig: Setting CVar [[r.TranslucencyLightingVolumeDim:64]]
[2018.12.16-01.11.57:478][  0]LogConfig: Setting CVar [[r.RefractionQuality:2]]
[2018.12.16-01.11.57:478][  0]LogConfig: Setting CVar [[r.SSR.Quality:3]]
[2018.12.16-01.11.57:478][  0]LogConfig: Setting CVar [[r.SceneColorFormat:4]]
[2018.12.16-01.11.57:478][  0]LogConfig: Setting CVar [[r.DetailMode:2]]
[2018.12.16-01.11.57:478][  0]LogConfig: Setting CVar [[r.TranslucencyVolumeBlur:1]]
[2018.12.16-01.11.57:478][  0]LogConfig: Setting CVar [[r.MaterialQualityLevel:1 ; High quality]]
[2018.12.16-01.11.57:478][  0]LogConfig: Setting CVar [[r.SSS.Scale:1]]
[2018.12.16-01.11.57:478][  0]LogConfig: Setting CVar [[r.SSS.SampleSet:2]]
[2018.12.16-01.11.57:478][  0]LogConfig: Setting CVar [[r.SSS.Quality:1]]
[2018.12.16-01.11.57:478][  0]LogConfig: Setting CVar [[r.SSS.HalfRes:1]]
[2018.12.16-01.11.57:478][  0]LogConfig: Setting CVar [[r.EmitterSpawnRateScale:1.0]]
[2018.12.16-01.11.57:478][  0]LogConfig: Setting CVar [[r.ParticleLightQuality:2]]
[2018.12.16-01.11.57:478][  0]LogConfig: Applying CVar settings from Section [FoliageQuality@3] File [C:/Users/simon/Documents/Unreal Projects/wolfy 4.21/Saved/Config/Windows/Scalability.ini]
[2018.12.16-01.11.57:478][  0]LogConfig: Setting CVar [[foliage.DensityScale:1.0]]
[2018.12.16-01.11.57:478][  0]LogConfig: Setting CVar [[grass.DensityScale:1.0]]
[2018.12.16-01.11.57:479][  0]LogInit: Selected Device Profile: [Windows]
[2018.12.16-01.11.57:479][  0]LogInit: Applying CVar settings loaded from the selected device profile: [Windows]
[2018.12.16-01.11.57:494][  0]LogHAL: Display: Platform has ~ 16 GB [17055186944 / 17179869184 / 16], which maps to Larger [LargestMinGB=32, LargerMinGB=12, DefaultMinGB=8, SmallerMinGB=6, SmallestMinGB=0)
[2018.12.16-01.11.57:494][  0]LogConfig: Setting CVar [[r.Vulkan.UseRealUBs:1]]
[2018.12.16-01.11.57:494][  0]LogInit: Going up to parent DeviceProfile []
[2018.12.16-01.11.57:495][  0]LogConfig: Applying CVar settings from Section [ViewDistanceQuality@3] File [C:/Users/simon/Documents/Unreal Projects/wolfy 4.21/Saved/Config/Windows/Scalability.ini]
[2018.12.16-01.11.57:495][  0]LogConfig: Setting CVar [[r.SkeletalMeshLODBias:0]]
[2018.12.16-01.11.57:495][  0]LogConfig: Setting CVar [[r.ViewDistanceScale:1.0]]
[2018.12.16-01.11.57:495][  0]LogConfig: Applying CVar settings from Section [AntiAliasingQuality@3] File [C:/Users/simon/Documents/Unreal Projects/wolfy 4.21/Saved/Config/Windows/Scalability.ini]
[2018.12.16-01.11.57:495][  0]LogConfig: Setting CVar [[r.PostProcessAAQuality:4]]
[2018.12.16-01.11.57:495][  0]LogConfig: Applying CVar settings from Section [ShadowQuality@3] File [C:/Users/simon/Documents/Unreal Projects/wolfy 4.21/Saved/Config/Windows/Scalability.ini]
[2018.12.16-01.11.57:495][  0]LogConfig: Setting CVar [[r.LightFunctionQuality:1]]
[2018.12.16-01.11.57:495][  0]LogConfig: Setting CVar [[r.ShadowQuality:5]]
[2018.12.16-01.11.57:495][  0]LogConfig: Setting CVar [[r.Shadow.CSM.MaxCascades:10]]
[2018.12.16-01.11.57:495][  0]LogConfig: Setting CVar [[r.Shadow.MaxResolution:2048]]
[2018.12.16-01.11.57:495][  0]LogConfig: Setting CVar [[r.Shadow.MaxCSMResolution:2048]]
[2018.12.16-01.11.57:495][  0]LogConfig: Setting CVar [[r.Shadow.RadiusThreshold:0.01]]
[2018.12.16-01.11.57:495][  0]LogConfig: Setting CVar [[r.Shadow.DistanceScale:1.0]]
[2018.12.16-01.11.57:495][  0]LogConfig: Setting CVar [[r.Shadow.CSM.TransitionScale:1.0]]
[2018.12.16-01.11.57:495][  0]LogConfig: Setting CVar [[r.Shadow.PreShadowResolutionFactor:1.0]]
[2018.12.16-01.11.57:495][  0]LogConfig: Setting CVar [[r.DistanceFieldShadowing:1]]
[2018.12.16-01.11.57:495][  0]LogConfig: Setting CVar [[r.DistanceFieldAO:1]]
[2018.12.16-01.11.57:495][  0]LogConfig: Setting CVar [[r.AOQuality:2]]
[2018.12.16-01.11.57:495][  0]LogConfig: Setting CVar [[r.VolumetricFog:1]]
[2018.12.16-01.11.57:495][  0]LogConfig: Setting CVar [[r.VolumetricFog.GridPixelSize:8]]
[2018.12.16-01.11.57:495][  0]LogConfig: Setting CVar [[r.VolumetricFog.GridSizeZ:128]]
[2018.12.16-01.11.57:495][  0]LogConfig: Setting CVar [[r.VolumetricFog.HistoryMissSupersampleCount:4]]
[2018.12.16-01.11.57:495][  0]LogConfig: Setting CVar [[r.LightMaxDrawDistanceScale:1]]
[2018.12.16-01.11.57:495][  0]LogConfig: Setting CVar [[r.CapsuleShadows:1]]
[2018.12.16-01.11.57:495][  0]LogConfig: Applying CVar settings from Section [PostProcessQuality@3] File [C:/Users/simon/Documents/Unreal Projects/wolfy 4.21/Saved/Config/Windows/Scalability.ini]
[2018.12.16-01.11.57:495][  0]LogConfig: Setting CVar [[r.MotionBlurQuality:4]]
[2018.12.16-01.11.57:495][  0]LogConfig: Setting CVar [[r.AmbientOcclusionMipLevelFactor:0.4]]
[2018.12.16-01.11.57:495][  0]LogConfig: Setting CVar [[r.AmbientOcclusionMaxQuality:100]]
[2018.12.16-01.11.57:495][  0]LogConfig: Setting CVar [[r.AmbientOcclusionLevels:-1]]
[2018.12.16-01.11.57:495][  0]LogConfig: Setting CVar [[r.AmbientOcclusionRadiusScale:1.0]]
[2018.12.16-01.11.57:495][  0]LogConfig: Setting CVar [[r.DepthOfFieldQuality:2]]
[2018.12.16-01.11.57:495][  0]LogConfig: Setting CVar [[r.RenderTargetPoolMin:400]]
[2018.12.16-01.11.57:495][  0]LogConfig: Setting CVar [[r.LensFlareQuality:2]]
[2018.12.16-01.11.57:495][  0]LogConfig: Setting CVar [[r.SceneColorFringeQuality:1]]
[2018.12.16-01.11.57:495][  0]LogConfig: Setting CVar [[r.EyeAdaptationQuality:2]]
[2018.12.16-01.11.57:495][  0]LogConfig: Setting CVar [[r.BloomQuality:5]]
[2018.12.16-01.11.57:495][  0]LogConfig: Setting CVar [[r.FastBlurThreshold:100]]
[2018.12.16-01.11.57:495][  0]LogConfig: Setting CVar [[r.Upscale.Quality:3]]
[2018.12.16-01.11.57:495][  0]LogConfig: Setting CVar [[r.Tonemapper.GrainQuantization:1]]
[2018.12.16-01.11.57:495][  0]LogConfig: Setting CVar [[r.LightShaftQuality:1]]
[2018.12.16-01.11.57:495][  0]LogConfig: Setting CVar [[r.Filter.SizeScale:1]]
[2018.12.16-01.11.57:495][  0]LogConfig: Setting CVar [[r.Tonemapper.Quality:5]]
[2018.12.16-01.11.57:495][  0]LogConfig: Setting CVar [[r.DOF.Gather.AccumulatorQuality:1        ; higher gathering accumulator quality]]
[2018.12.16-01.11.57:495][  0]LogConfig: Setting CVar [[r.DOF.Gather.PostfilterMethod:1          ; Median3x3 postfilering method]]
[2018.12.16-01.11.57:495][  0]LogConfig: Setting CVar [[r.DOF.Gather.EnableBokehSettings:0       ; no bokeh simulation when gathering]]
[2018.12.16-01.11.57:495][  0]LogConfig: Setting CVar [[r.DOF.Gather.RingCount:4                 ; medium number of samples when gathering]]
[2018.12.16-01.11.57:495][  0]LogConfig: Setting CVar [[r.DOF.Scatter.ForegroundCompositing:1    ; additive foreground scattering]]
[2018.12.16-01.11.57:495][  0]LogConfig: Setting CVar [[r.DOF.Scatter.BackgroundCompositing:2    ; additive background scattering]]
[2018.12.16-01.11.57:495][  0]LogConfig: Setting CVar [[r.DOF.Scatter.EnableBokehSettings:1      ; bokeh simulation when scattering]]
[2018.12.16-01.11.57:495][  0]LogConfig: Setting CVar [[r.DOF.Scatter.MaxSpriteRatio:0.1         ; only a maximum of 10% of scattered bokeh]]
[2018.12.16-01.11.57:495][  0]LogConfig: Setting CVar [[r.DOF.Recombine.Quality:1                ; cheap slight out of focus]]
[2018.12.16-01.11.57:495][  0]LogConfig: Setting CVar [[r.DOF.Recombine.EnableBokehSettings:0    ; no bokeh simulation on slight out of focus]]
[2018.12.16-01.11.57:495][  0]LogConfig: Setting CVar [[r.DOF.TemporalAAQuality:1                ; more stable temporal accumulation]]
[2018.12.16-01.11.57:495][  0]LogConfig: Setting CVar [[r.DOF.Kernel.MaxForegroundRadius:0.025]]
[2018.12.16-01.11.57:495][  0]LogConfig: Setting CVar [[r.DOF.Kernel.MaxBackgroundRadius:0.025]]
[2018.12.16-01.11.57:495][  0]LogConfig: Applying CVar settings from Section [TextureQuality@3] File [C:/Users/simon/Documents/Unreal Projects/wolfy 4.21/Saved/Config/Windows/Scalability.ini]
[2018.12.16-01.11.57:495][  0]LogConfig: Setting CVar [[r.Streaming.MipBias:0]]
[2018.12.16-01.11.57:495][  0]LogConfig: Setting CVar [[r.Streaming.AmortizeCPUToGPUCopy:0]]
[2018.12.16-01.11.57:495][  0]LogConfig: Setting CVar [[r.Streaming.MaxNumTexturesToStreamPerFrame:0]]
[2018.12.16-01.11.57:495][  0]LogConfig: Setting CVar [[r.Streaming.Boost:1]]
[2018.12.16-01.11.57:495][  0]LogConfig: Setting CVar [[r.MaxAnisotropy:8]]
[2018.12.16-01.11.57:495][  0]LogConfig: Setting CVar [[r.Streaming.LimitPoolSizeToVRAM:0]]
[2018.12.16-01.11.57:495][  0]LogConfig: Setting CVar [[r.Streaming.PoolSize:1000]]
[2018.12.16-01.11.57:495][  0]LogConfig: Setting CVar [[r.Streaming.MaxEffectiveScreenSize:0]]
[2018.12.16-01.11.57:495][  0]LogConfig: Applying CVar settings from Section [EffectsQuality@3] File [C:/Users/simon/Documents/Unreal Projects/wolfy 4.21/Saved/Config/Windows/Scalability.ini]
[2018.12.16-01.11.57:495][  0]LogConfig: Setting CVar [[r.TranslucencyLightingVolumeDim:64]]
[2018.12.16-01.11.57:495][  0]LogConfig: Setting CVar [[r.RefractionQuality:2]]
[2018.12.16-01.11.57:496][  0]LogConfig: Setting CVar [[r.SSR.Quality:3]]
[2018.12.16-01.11.57:496][  0]LogConfig: Setting CVar [[r.SceneColorFormat:4]]
[2018.12.16-01.11.57:496][  0]LogConfig: Setting CVar [[r.DetailMode:2]]
[2018.12.16-01.11.57:496][  0]LogConfig: Setting CVar [[r.TranslucencyVolumeBlur:1]]
[2018.12.16-01.11.57:496][  0]LogConfig: Setting CVar [[r.MaterialQualityLevel:1 ; High quality]]
[2018.12.16-01.11.57:496][  0]LogConfig: Setting CVar [[r.SSS.Scale:1]]
[2018.12.16-01.11.57:496][  0]LogConfig: Setting CVar [[r.SSS.SampleSet:2]]
[2018.12.16-01.11.57:496][  0]LogConfig: Setting CVar [[r.SSS.Quality:1]]
[2018.12.16-01.11.57:496][  0]LogConfig: Setting CVar [[r.SSS.HalfRes:1]]
[2018.12.16-01.11.57:496][  0]LogConfig: Setting CVar [[r.EmitterSpawnRateScale:1.0]]
[2018.12.16-01.11.57:496][  0]LogConfig: Setting CVar [[r.ParticleLightQuality:2]]
[2018.12.16-01.11.57:496][  0]LogConfig: Applying CVar settings from Section [FoliageQuality@3] File [C:/Users/simon/Documents/Unreal Projects/wolfy 4.21/Saved/Config/Windows/Scalability.ini]
[2018.12.16-01.11.57:496][  0]LogConfig: Setting CVar [[foliage.DensityScale:1.0]]
[2018.12.16-01.11.57:496][  0]LogConfig: Setting CVar [[grass.DensityScale:1.0]]
[2018.12.16-01.11.57:496][  0]LogConfig: Applying CVar settings from Section [Startup] File [../../../Engine/Config/ConsoleVariables.ini]
[2018.12.16-01.11.57:496][  0]LogConfig: Setting CVar [[net.UseAdaptiveNetUpdateFrequency:0]]
[2018.12.16-01.11.57:496][  0]LogConfig: Applying CVar settings from Section [ConsoleVariables] File [C:/Users/simon/Documents/Unreal Projects/wolfy 4.21/Saved/Config/Windows/Engine.ini]
[2018.12.16-01.11.57:496][  0]LogInit: Computer: LAPTOP-6ORP0FSQ
[2018.12.16-01.11.57:496][  0]LogInit: User: simon
[2018.12.16-01.11.57:496][  0]LogInit: CPU Page size=4096, Cores=4
[2018.12.16-01.11.57:496][  0]LogInit: High frequency timer resolution =2.742193 MHz
[2018.12.16-01.11.57:496][  0]LogMemory: Memory total: Physical=15.9GB (16GB approx)
[2018.12.16-01.11.57:496][  0]LogMemory: Platform Memory Stats for Windows
[2018.12.16-01.11.57:496][  0]LogMemory: Process Physical Memory: 104.10 MB used, 104.10 MB peak
[2018.12.16-01.11.57:497][  0]LogMemory: Process Virtual Memory: 98.38 MB used, 98.38 MB peak
[2018.12.16-01.11.57:497][  0]LogMemory: Physical Memory: 8105.97 MB used,  8159.13 MB free, 16265.09 MB total
[2018.12.16-01.11.57:497][  0]LogMemory: Virtual Memory: 4660.80 MB used,  134213064.00 MB free, 134217728.00 MB total
[2018.12.16-01.11.57:515][  0]LogInit: Using OS detected language (en-US).
[2018.12.16-01.11.57:516][  0]LogInit: Using OS detected locale (en-CA).
[2018.12.16-01.11.57:516][  0]LogTextLocalizationManager: No specific localization for 'en-US' exists, so the 'en' localization will be used.
[2018.12.16-01.11.57:944][  0]LogStreaming: Display: Took  0.429s to InitEngineTextLocalization.
[2018.12.16-01.11.57:944][  0]LogInit: Setting process to per monitor DPI aware
[2018.12.16-01.11.57:968][  0]LogSlate: New Slate User Created.  User Index 0, Is Virtual User: 0
[2018.12.16-01.11.57:968][  0]LogSlate: Slate User Registered.  User Index 0, Is Virtual User: 0
[2018.12.16-01.11.58:171][  0]LogHMD: Failed to initialize OpenVR with code 110
[2018.12.16-01.11.58:172][  0]LogD3D11RHI: D3D11 adapters:
[2018.12.16-01.11.58:246][  0]LogD3D11RHI:    0. 'NVIDIA GeForce GTX 1050' (Feature Level 11_0)
[2018.12.16-01.11.58:247][  0]LogD3D11RHI:       4021/0/8132 MB DedicatedVideo/DedicatedSystem/SharedSystem, Outputs:1, VendorId:0x10de
[2018.12.16-01.11.58:254][  0]LogD3D11RHI:    1. 'Intel(R) HD Graphics 630' (Feature Level 11_0)
[2018.12.16-01.11.58:255][  0]LogD3D11RHI:       128/0/8132 MB DedicatedVideo/DedicatedSystem/SharedSystem, Outputs:0, VendorId:0x8086
[2018.12.16-01.11.58:256][  0]LogD3D11RHI:    2. 'Microsoft Basic Render Driver' (Feature Level 11_0)
[2018.12.16-01.11.58:256][  0]LogD3D11RHI:       0/0/8132 MB DedicatedVideo/DedicatedSystem/SharedSystem, Outputs:0, VendorId:0x1414
[2018.12.16-01.11.58:256][  0]LogD3D11RHI: Chosen D3D11 Adapter: 0
[2018.12.16-01.11.58:283][  0]LogD3D11RHI: Creating new Direct3DDevice
[2018.12.16-01.11.58:283][  0]LogD3D11RHI:     GPU DeviceId: 0x1c8d (for the marketing name, search the web for "GPU Device Id")
[2018.12.16-01.11.58:283][  0]LogWindows: EnumDisplayDevices:
[2018.12.16-01.11.58:283][  0]LogWindows:    0. 'Intel(R) HD Graphics 630' (P:1 D:1)
[2018.12.16-01.11.58:284][  0]LogWindows:    1. 'Intel(R) HD Graphics 630' (P:0 D:0)
[2018.12.16-01.11.58:284][  0]LogWindows:    2. 'Intel(R) HD Graphics 630' (P:0 D:0)
[2018.12.16-01.11.58:284][  0]LogWindows: DebugString: PrimaryIsNotTheChoosenAdapter PrimaryIsNotTheChoosenAdapter PrimaryIsNotTheChoosenAdapter FoundDriverCount:0 
[2018.12.16-01.11.58:284][  0]LogD3D11RHI:     Adapter Name: NVIDIA GeForce GTX 1050
[2018.12.16-01.11.58:284][  0]LogD3D11RHI:   Driver Version: Unknown (internal:Unknown, unified:Unknown)
[2018.12.16-01.11.58:284][  0]LogD3D11RHI:      Driver Date: Unknown
[2018.12.16-01.11.58:284][  0]LogRHI: Texture pool is 2814 MB (70% of 4021 MB)
[2018.12.16-01.11.58:325][  0]LogD3D11RHI: Async texture creation enabled
[2018.12.16-01.11.58:362][  0]LogD3D11RHI: GPU Timing Frequency: 1000.000000 (Debug: 2 2)
[2018.12.16-01.11.58:655][  0]LogTemp: Display: Loaded TP AllDesktopTargetPlatform
[2018.12.16-01.11.58:667][  0]LogTemp: Display: Loaded TP MacClientTargetPlatform
[2018.12.16-01.11.58:679][  0]LogTemp: Display: Loaded TP MacNoEditorTargetPlatform
[2018.12.16-01.11.58:699][  0]LogTemp: Display: Loaded TP MacServerTargetPlatform
[2018.12.16-01.11.58:714][  0]LogTemp: Display: Loaded TP MacTargetPlatform
[2018.12.16-01.11.58:728][  0]LogTemp: Display: Loaded TP WindowsClientTargetPlatform
[2018.12.16-01.11.58:740][  0]LogTemp: Display: Loaded TP WindowsNoEditorTargetPlatform
[2018.12.16-01.11.58:751][  0]LogTemp: Display: Loaded TP WindowsServerTargetPlatform
[2018.12.16-01.11.58:757][  0]LogTemp: Display: Loaded TP WindowsTargetPlatform
[2018.12.16-01.11.58:831][  0]LogTemp: Display: Loaded TP AndroidTargetPlatform
[2018.12.16-01.11.58:831][  0]LogTemp: Display: Loaded TP AndroidTargetPlatform
[2018.12.16-01.11.58:831][  0]LogTemp: Display: Loaded TP AndroidTargetPlatform
[2018.12.16-01.11.58:831][  0]LogTemp: Display: Loaded TP AndroidTargetPlatform
[2018.12.16-01.11.58:831][  0]LogTemp: Display: Loaded TP AndroidTargetPlatform
[2018.12.16-01.11.58:831][  0]LogTemp: Display: Loaded TP AndroidTargetPlatform
[2018.12.16-01.11.58:831][  0]LogTemp: Display: Loaded TP AndroidTargetPlatform
[2018.12.16-01.11.58:831][  0]LogTemp: Display: Loaded TP AndroidTargetPlatform
[2018.12.16-01.11.58:831][  0]LogTemp: Display: Loaded TP AndroidTargetPlatform
[2018.12.16-01.11.58:831][  0]LogTemp: Display: Loaded TP AndroidTargetPlatform
[2018.12.16-01.11.58:831][  0]LogTemp: Display: Loaded TP AndroidTargetPlatform
[2018.12.16-01.11.58:831][  0]LogTemp: Display: Loaded TP AndroidTargetPlatform
[2018.12.16-01.11.58:831][  0]LogTemp: Display: Loaded TP AndroidTargetPlatform
[2018.12.16-01.11.58:831][  0]LogTemp: Display: Loaded TP AndroidTargetPlatform
[2018.12.16-01.11.58:831][  0]LogTemp: Display: Loaded TP AndroidTargetPlatform
[2018.12.16-01.11.58:831][  0]LogTemp: Display: Loaded TP AndroidTargetPlatform
[2018.12.16-01.11.58:831][  0]LogTemp: Display: Loaded TP AndroidTargetPlatform
[2018.12.16-01.11.58:831][  0]LogTemp: Display: Loaded TP AndroidTargetPlatform
[2018.12.16-01.11.58:832][  0]LogTemp: Display: Loaded TP HTML5TargetPlatform
[2018.12.16-01.11.58:893][  0]LogTemp: Display: Loaded TP IOSTargetPlatform
[2018.12.16-01.11.58:893][  0]LogTemp: Display: Loaded TP IOSTargetPlatform
[2018.12.16-01.11.58:914][  0]LogTemp: Display: Loaded TP TVOSTargetPlatform
[2018.12.16-01.11.58:914][  0]LogTemp: Display: Loaded TP TVOSTargetPlatform
[2018.12.16-01.11.58:926][  0]LogTemp: Display: Loaded TP LinuxClientTargetPlatform
[2018.12.16-01.11.58:940][  0]LogTemp: Display: Loaded TP LinuxNoEditorTargetPlatform
[2018.12.16-01.11.58:952][  0]LogTemp: Display: Loaded TP LinuxServerTargetPlatform
[2018.12.16-01.11.58:964][  0]LogTemp: Display: Loaded TP LinuxTargetPlatform
[2018.12.16-01.11.59:004][  0]LogTemp: Display: Loaded TP LuminTargetPlatform
[2018.12.16-01.11.59:004][  0]LogTemp: Display: Loaded TP LuminTargetPlatform
[2018.12.16-01.11.59:004][  0]LogTargetPlatformManager: Display: Building Assets For Windows
[2018.12.16-01.11.59:043][  0]LogShaderCompilers: Guid format shader working directory is -6 characters bigger than the processId version (C:/Users/simon/Documents/Unreal Projects/wolfy 4.21/Intermediate/Shaders/WorkingDirectory/17424/).
[2018.12.16-01.11.59:043][  0]LogShaderCompilers: Cleaned the shader compiler working directory 'C:/Users/simon/AppData/Local/Temp/UnrealShaderWorkingDir/D96019C344A4A13EF09C22AE2D9E8F86/'.
[2018.12.16-01.11.59:044][  0]LogXGEController: Cannot use XGE Controller as Incredibuild is not installed on this machine.
[2018.12.16-01.11.59:044][  0]LogShaderCompilers: Cannot use XGE Shader Compiler as Incredibuild is not installed on this machine.
[2018.12.16-01.11.59:044][  0]LogShaderCompilers: Display: Using Local Shader Compiler.
[2018.12.16-01.11.59:611][  0]LogDerivedDataCache: Display: Max Cache Size: 512 MB
[2018.12.16-01.11.59:659][  0]LogDerivedDataCache: Loaded boot cache 0.05s 71MB C:/Users/simon/AppData/Local/UnrealEngine/4.21/DerivedDataCache/Boot.ddc.
[2018.12.16-01.11.59:659][  0]LogDerivedDataCache: Display: Loaded Boot cache: C:/Users/simon/AppData/Local/UnrealEngine/4.21/DerivedDataCache/Boot.ddc
[2018.12.16-01.11.59:659][  0]LogDerivedDataCache: FDerivedDataBackendGraph:  Pak pak cache file C:/Users/simon/Documents/Unreal Projects/wolfy 4.21/DerivedDataCache/DDC.ddp not found, will not use a pak cache.
[2018.12.16-01.11.59:659][  0]LogDerivedDataCache: Unable to find inner node Pak for hierarchical cache Hierarchy.
[2018.12.16-01.11.59:659][  0]LogDerivedDataCache: FDerivedDataBackendGraph:  CompressedPak pak cache file C:/Users/simon/Documents/Unreal Projects/wolfy 4.21/DerivedDataCache/Compressed.ddp not found, will not use a pak cache.
[2018.12.16-01.11.59:659][  0]LogDerivedDataCache: Unable to find inner node CompressedPak for hierarchical cache Hierarchy.
[2018.12.16-01.11.59:673][  0]LogDerivedDataCache: Display: Pak cache opened for reading ../../../Engine/DerivedDataCache/Compressed.ddp.
[2018.12.16-01.11.59:673][  0]LogDerivedDataCache: FDerivedDataBackendGraph:  EnterprisePak pak cache file ../../../Enterprise/DerivedDataCache/Compressed.ddp not found, will not use a pak cache.
[2018.12.16-01.11.59:673][  0]LogDerivedDataCache: Unable to find inner node EnterprisePak for hierarchical cache Hierarchy.
[2018.12.16-01.11.59:685][  0]LogDerivedDataCache: Using Local data cache path C:/Users/simon/AppData/Local/UnrealEngine/Common/DerivedDataCache: Writable
[2018.12.16-01.11.59:685][  0]LogDerivedDataCache: Shared data cache path not found in *engine.ini, will not use an Shared cache.
[2018.12.16-01.11.59:685][  0]LogDerivedDataCache: Unable to find inner node Shared for hierarchical cache Hierarchy.
[2018.12.16-01.11.59:708][  0]LogMaterial: Verifying Global Shaders for PCD3D_SM5
[2018.12.16-01.11.59:709][  0]LogSlate: Using FreeType 2.6.0
[2018.12.16-01.11.59:709][  0]LogSlate: SlateFontServices - WITH_FREETYPE: 1, WITH_HARFBUZZ: 1
[2018.12.16-01.11.59:791][  0]LogAssetRegistry: FAssetRegistry took 0.0325 seconds to start up
[2018.12.16-01.12.00:085][  0]LogInit: Selected Device Profile: [Windows]
[2018.12.16-01.12.00:148][  0]LogSimplygon: Simplygon DLL not present - disabling.
[2018.12.16-01.12.00:151][  0]LogMeshReduction: Using SimplygonSwarm for distributed automatic mesh merging
[2018.12.16-01.12.00:151][  0]LogMeshReduction: Using ProxyLODMeshReduction for automatic mesh merging
[2018.12.16-01.12.00:151][  0]LogMeshReduction: Using QuadricMeshReduction for automatic static mesh reduction
[2018.12.16-01.12.00:151][  0]LogMeshReduction: No automatic skeletal mesh reduction module available
[2018.12.16-01.12.00:284][  0]LogNetVersion: wolfy 1.0.0, NetCL: 4541578, EngineNetVer: 5, GameNetVer: 0 (Checksum: 1840138777)
[2018.12.16-01.12.00:831][  0]LogPackageLocalizationCache: Processed 11 localized package path(s) for 2 prioritized culture(s) in 0.092247 seconds
[2018.12.16-01.12.00:839][  0]LogUObjectArray: 39775 objects as part of root set at end of initial load.
[2018.12.16-01.12.00:839][  0]LogUObjectAllocator: 6914656 out of 0 bytes used by permanent object pool.
[2018.12.16-01.12.00:839][  0]LogUObjectArray: CloseDisregardForGC: 0/0 objects in disregard for GC pool
[2018.12.16-01.12.01:721][  0]LogTcpMessaging: Initializing TcpMessaging bridge
[2018.12.16-01.12.01:733][  0]LogUdpMessaging: Initializing bridge on interface 0.0.0.0:0 to multicast group 230.0.0.1:6666.
[2018.12.16-01.12.02:428][  0]SourceControl: Source control is disabled
[2018.12.16-01.12.02:428][  0]SourceControl: Source control is disabled
[2018.12.16-01.12.02:430][  0]SourceControl: Source control is disabled
[2018.12.16-01.12.02:430][  0]SourceControl: Source control is disabled
[2018.12.16-01.12.02:586][  0]LogAndroidPermission: UAndroidPermissionCallbackProxy::GetInstance
[2018.12.16-01.12.02:669][  0]LogOcInput: OculusInput pre-init called
[2018.12.16-01.12.02:802][  0]LogEngine: Initializing Engine...
[2018.12.16-01.12.02:802][  0]LogHMD: Failed to initialize OpenVR with code 110
[2018.12.16-01.12.02:804][  0]LogStats: UGameplayTagsManager::ConstructGameplayTagTree: ImportINI prefixes -  0.000 s
[2018.12.16-01.12.02:804][  0]LogStats: UGameplayTagsManager::ConstructGameplayTagTree: Construct from data asset -  0.000 s
[2018.12.16-01.12.02:804][  0]LogStats: UGameplayTagsManager::ConstructGameplayTagTree: ImportINI -  0.000 s
[2018.12.16-01.12.02:804][  0]LogStats: UGameplayTagsManager::ConstructGameplayTagTree: GameplayTagTreeChangedEvent.Broadcast -  0.000 s
[2018.12.16-01.12.03:044][  0]LogInit: Initializing FReadOnlyCVARCache
[2018.12.16-01.12.03:054][  0]LogAIModule: Creating AISystem for world Untitled
[2018.12.16-01.12.03:135][  0]LogInit: XAudio2 using 'Speakers (Realtek High Definition Audio)' : 2 channels at 48 kHz using 32 bits per sample (channel mask 0x3)
[2018.12.16-01.12.03:326][  0]LogInit: FAudioDevice initialized.
[2018.12.16-01.12.03:326][  0]LogNetVersion: Set ProjectVersion to 1.0.0.0. Version Checksum will be recalculated on next use.
[2018.12.16-01.12.03:452][  0]LogDerivedDataCache: Saved boot cache 0.13s 71MB C:/Users/simon/AppData/Local/UnrealEngine/4.21/DerivedDataCache/Boot.ddc.
[2018.12.16-01.12.03:463][  0]LogInit: Texture streaming: Enabled
[2018.12.16-01.12.03:475][  0]LogEngineSessionManager: EngineSessionManager initialized
[2018.12.16-01.12.03:485][  0]LogInit: Transaction tracking system initialized
[2018.12.16-01.12.03:499][  0]BlueprintLog: New page: Editor Load
[2018.12.16-01.12.03:553][  0]LocalizationService: Localization service is disabled
[2018.12.16-01.12.04:014][  0]LogFileCache: Scanning file cache for directory 'C:/Users/simon/Documents/Unreal Projects/wolfy 4.21/Content/' took 0.02s
[2018.12.16-01.12.04:014][  0]LogCook: Display: Max memory allowance for cook 16384mb min free memory 0mb
[2018.12.16-01.12.04:014][  0]LogCook: Display: Mobile HDR setting 1
[2018.12.16-01.12.04:015][  0]LogGameplayTags: Display: UGameplayTagsManager::DoneAddingNativeTags. DelegateIsBound: 0
[2018.12.16-01.12.04:015][  0]LogStats: UGameplayTagsManager::ConstructGameplayTagTree: ImportINI prefixes -  0.000 s
[2018.12.16-01.12.04:015][  0]LogStats: UGameplayTagsManager::ConstructGameplayTagTree: Construct from data asset -  0.000 s
[2018.12.16-01.12.04:015][  0]LogStats: UGameplayTagsManager::ConstructGameplayTagTree: ImportINI -  0.000 s
[2018.12.16-01.12.04:015][  0]LogStats: UGameplayTagsManager::ConstructGameplayTagTree: GameplayTagTreeChangedEvent.Broadcast -  0.000 s
[2018.12.16-01.12.04:120][  0]SourceControl: Source control is disabled
[2018.12.16-01.12.04:120][  0]Cmd: MAP LOAD FILE="C:/Users/simon/Documents/Unreal Projects/wolfy 4.21/Content/ThirdPersonBP/Maps/ThirdPersonExampleMap.umap" TEMPLATE=0 SHOWPROGRESS=1 FEATURELEVEL=3
[2018.12.16-01.12.04:121][  0]LightingResults: New page: Lighting Build
[2018.12.16-01.12.04:122][  0]MapCheck: New page: Map Check
[2018.12.16-01.12.04:122][  0]LightingResults: New page: Lighting Build
[2018.12.16-01.12.04:717][  0]LogBlueprint: Warning: [Compiler wolfChar] Character.ArrowComponent is not blueprint visible (BlueprintReadOnly or BlueprintReadWrite). Please fix mark up or cease accessing as this will be made an error in a future release.  Get ArrowComponent
[2018.12.16-01.12.04:717][  0]LogBlueprint: Warning: [Compiler wolfChar] Character.ArrowComponent is not blueprint visible (BlueprintReadOnly or BlueprintReadWrite). Please fix mark up or cease accessing as this will be made an error in a future release.  Get ArrowComponent
[2018.12.16-01.12.04:858][  0]LogBlueprint: Warning: [Compiler wolfChar] [0008.98] Compile of wolfChar successful, but with 2 Warning(s) [in 325 ms] (/Game/ThirdPersonBP/Blueprints/wolfChar.wolfChar)
[2018.12.16-01.12.05:726][  0]LogAIModule: Creating AISystem for world ThirdPersonExampleMap
[2018.12.16-01.12.05:739][  0]LogEditorServer: Finished looking for orphan Actors (0.000 secs)
[2018.12.16-01.12.05:778][  0]Cmd: MAP CHECKDEP NOCLEARLOG
[2018.12.16-01.12.05:778][  0]MapCheck: Map check complete: 0 Error(s), 0 Warning(s), took 0.143ms to complete.
[2018.12.16-01.12.05:778][  0]LogFileHelpers: Loading map 'ThirdPersonExampleMap' took 1.658
[2018.12.16-01.12.05:864][  0]LogSlate: Updating window title bar state: overlay mode, drag disabled, window buttons hidden, title bar hidden
[2018.12.16-01.12.05:874][  0]LogSlate: Updating window title bar state: overlay mode, drag disabled, window buttons hidden, title bar hidden
[2018.12.16-01.12.05:882][  0]LogSlate: Updating window title bar state: overlay mode, drag disabled, window buttons hidden, title bar hidden
[2018.12.16-01.12.05:890][  0]LogSlate: Updating window title bar state: overlay mode, drag disabled, window buttons hidden, title bar hidden
[2018.12.16-01.12.05:896][  0]LogCollectionManager: Loaded 0 collections in 0.001277 seconds
[2018.12.16-01.12.05:910][  0]LogFileCache: Scanning file cache for directory 'C:/Users/simon/Documents/Unreal Projects/wolfy 4.21/Saved/Collections/' took 0.01s
[2018.12.16-01.12.05:910][  0]LogFileCache: Scanning file cache for directory 'C:/Users/simon/Documents/Unreal Projects/wolfy 4.21/Content/Developers/simon/Collections/' took 0.00s
[2018.12.16-01.12.05:910][  0]LogFileCache: Scanning file cache for directory 'C:/Users/simon/Documents/Unreal Projects/wolfy 4.21/Content/Collections/' took 0.00s
[2018.12.16-01.12.05:910][  0]LogCollectionManager: Rebuilt the GUID cache for 0 collections in 0.000000 seconds
[2018.12.16-01.12.05:919][  0]LogContentBrowser: Native class hierarchy populated in 0.0093 seconds. Added 2651 classes and 620 folders.
[2018.12.16-01.12.05:924][  0]LogContentBrowser: Native class hierarchy updated for 'WidgetCarousel' in 0.0004 seconds. Added 0 classes and 0 folders.
[2018.12.16-01.12.05:925][  0]LogPakFile: Registered encryption key '00000000000000000000000000000000': 0 pak files mounted, 0 remain pending
[2018.12.16-01.12.05:926][  0]LogPakFile: Registered encryption key '00000000000000000000000000000000': 0 pak files mounted, 0 remain pending
[2018.12.16-01.12.05:926][  0]LogPakFile: Registered encryption key '00000000000000000000000000000000': 0 pak files mounted, 0 remain pending
[2018.12.16-01.12.05:926][  0]LogPakFile: Registered encryption key '00000000000000000000000000000000': 0 pak files mounted, 0 remain pending
[2018.12.16-01.12.05:927][  0]LogPakFile: Registered encryption key '00000000000000000000000000000000': 0 pak files mounted, 0 remain pending
[2018.12.16-01.12.05:927][  0]LogPakFile: Registered encryption key '00000000000000000000000000000000': 0 pak files mounted, 0 remain pending
[2018.12.16-01.12.05:928][  0]LogPakFile: Registered encryption key '00000000000000000000000000000000': 0 pak files mounted, 0 remain pending
[2018.12.16-01.12.05:928][  0]LogPakFile: Registered encryption key '00000000000000000000000000000000': 0 pak files mounted, 0 remain pending
[2018.12.16-01.12.05:928][  0]LogPakFile: Registered encryption key '00000000000000000000000000000000': 0 pak files mounted, 0 remain pending
[2018.12.16-01.12.05:929][  0]LogPakFile: Registered encryption key '00000000000000000000000000000000': 0 pak files mounted, 0 remain pending
[2018.12.16-01.12.05:929][  0]LogPakFile: Registered encryption key '00000000000000000000000000000000': 0 pak files mounted, 0 remain pending
[2018.12.16-01.12.05:929][  0]LogPakFile: Registered encryption key '00000000000000000000000000000000': 0 pak files mounted, 0 remain pending
[2018.12.16-01.12.05:930][  0]LogPakFile: Registered encryption key '00000000000000000000000000000000': 0 pak files mounted, 0 remain pending
[2018.12.16-01.12.05:930][  0]LogPakFile: Registered encryption key '00000000000000000000000000000000': 0 pak files mounted, 0 remain pending
[2018.12.16-01.12.05:930][  0]LogPakFile: Registered encryption key '00000000000000000000000000000000': 0 pak files mounted, 0 remain pending
[2018.12.16-01.12.05:931][  0]LogPakFile: Registered encryption key '00000000000000000000000000000000': 0 pak files mounted, 0 remain pending
[2018.12.16-01.12.05:931][  0]LogPakFile: Registered encryption key '00000000000000000000000000000000': 0 pak files mounted, 0 remain pending
[2018.12.16-01.12.05:932][  0]LogPakFile: Registered encryption key '00000000000000000000000000000000': 0 pak files mounted, 0 remain pending
[2018.12.16-01.12.05:932][  0]LogPakFile: Registered encryption key '00000000000000000000000000000000': 0 pak files mounted, 0 remain pending
[2018.12.16-01.12.05:932][  0]LogPakFile: Registered encryption key '00000000000000000000000000000000': 0 pak files mounted, 0 remain pending
[2018.12.16-01.12.05:933][  0]LogPakFile: Registered encryption key '00000000000000000000000000000000': 0 pak files mounted, 0 remain pending
[2018.12.16-01.12.05:933][  0]LogPakFile: Registered encryption key '00000000000000000000000000000000': 0 pak files mounted, 0 remain pending
[2018.12.16-01.12.05:934][  0]LogPakFile: Registered encryption key '00000000000000000000000000000000': 0 pak files mounted, 0 remain pending
[2018.12.16-01.12.05:934][  0]LogPakFile: Registered encryption key '00000000000000000000000000000000': 0 pak files mounted, 0 remain pending
[2018.12.16-01.12.05:935][  0]LogPakFile: Registered encryption key '00000000000000000000000000000000': 0 pak files mounted, 0 remain pending
[2018.12.16-01.12.05:935][  0]LogPakFile: Registered encryption key '00000000000000000000000000000000': 0 pak files mounted, 0 remain pending
[2018.12.16-01.12.05:961][  0]LogContentBrowser: Native class hierarchy updated for 'AddContentDialog' in 0.0003 seconds. Added 0 classes and 0 folders.
[2018.12.16-01.12.05:965][  0]LogContentBrowser: Native class hierarchy updated for 'SceneOutliner' in 0.0002 seconds. Added 1 classes and 2 folders.
[2018.12.16-01.12.05:979][  0]LogSlate: Took 0.000173 seconds to synchronously load lazily loaded font '../../../Engine/Content/Slate/Fonts/Roboto-Regular.ttf' (155K)
[2018.12.16-01.12.05:982][  0]LogSlate: Took 0.000148 seconds to synchronously load lazily loaded font '../../../Engine/Content/Slate/Fonts/Roboto-Bold.ttf' (160K)
[2018.12.16-01.12.05:989][  0]LogSlate: Took 0.000294 seconds to synchronously load lazily loaded font '../../../Engine/Content/Editor/Slate/Fonts/FontAwesome.ttf' (139K)
[2018.12.16-01.12.06:088][  0]LogRenderer: Reallocating scene render targets to support 940x464 Format 10 NumSamples 1 (Frame:1).
[2018.12.16-01.12.06:173][  0]LogSlate: Took 0.000208 seconds to synchronously load lazily loaded font '../../../Engine/Content/Slate/Fonts/Roboto-Light.ttf' (167K)
[2018.12.16-01.12.06:316][  0]LogContentBrowser: Native class hierarchy updated for 'HierarchicalLODOutliner' in 0.0003 seconds. Added 0 classes and 0 folders.
[2018.12.16-01.12.06:316][  0]LogLoad: (Engine Initialization) Total time: 10.43 seconds
[2018.12.16-01.12.06:316][  0]LogLoad: (Engine Initialization) Total Blueprint compile time: 0.00 seconds
[2018.12.16-01.12.06:386][  0]LogContentStreaming: Texture pool size now 1000 MB
[2018.12.16-01.12.07:207][  8]LogAssetRegistry: Asset discovery search completed in 7.4392 seconds
[2018.12.16-01.12.07:209][  8]LogCollectionManager: Rebuilt the object cache for 0 collections in 0.000000 seconds (found 0 objects)
[2018.12.16-01.12.07:209][  8]LogCollectionManager: Fixed up redirectors for 0 collections in 0.000045 seconds (updated 0 objects)
[2018.12.16-01.12.07:861][ 10]LogSlate: Took 0.000209 seconds to synchronously load lazily loaded font '../../../Engine/Content/Slate/Fonts/Roboto-Light.ttf' (167K)
[2018.12.16-01.12.17:631][478]LogSlate: FSceneViewport::OnFocusLost() reason 0
[2018.12.16-01.12.19:110][567]LogSlate: FSceneViewport::OnFocusLost() reason 0
[2018.12.16-01.12.23:312][818]LogAssetEditorManager: Opening Asset editor for AnimBlueprint /Game/PolyArtWolf/Animations/wolf_animation.wolf_animation
[2018.12.16-01.12.23:798][818]LogContentBrowser: Native class hierarchy updated for 'SkeletonEditor' in 0.0002 seconds. Added 1 classes and 2 folders.
[2018.12.16-01.12.24:445][818]LogActorComponent: RegisterComponentWithWorld: (/Engine/Transient.World_2:PersistentLevel.AnimationEditorPreviewActor_0.DebugSkelMeshComponent_0) Already registered. Aborting.
[2018.12.16-01.12.24:448][818]LogContentBrowser: Native class hierarchy updated for 'PinnedCommandList' in 0.0003 seconds. Added 1 classes and 0 folders.
[2018.12.16-01.12.24:864][818]LogContentBrowser: Native class hierarchy updated for 'BlueprintGraph' in 0.0006 seconds. Added 117 classes and 0 folders.
[2018.12.16-01.12.25:535][818]LogSkeletalMesh: USkeletalMeshComponent::InitArticulated : Bodies already created (/Engine/Transient.World_2:PersistentLevel.AnimationEditorPreviewActor_0.DebugSkelMeshComponent_0) - call TermArticulated first.
[2018.12.16-01.12.25:939][818]LogSlate: Took 0.000143 seconds to synchronously load lazily loaded font '../../../Engine/Content/Slate/Fonts/Roboto-BoldCondensed.ttf' (158K)
[2018.12.16-01.12.25:984][818]LogContentBrowser: Native class hierarchy updated for 'ClothingSystemEditorInterface' in 0.0003 seconds. Added 1 classes and 0 folders.
[2018.12.16-01.12.26:019][818]LogContentBrowser: Verbose: The majority of assets in the view are of type: AnimSequence
[2018.12.16-01.12.47:023][ 61]LogContentBrowser: Verbose: The majority of assets in the view are of type: None
[2018.12.16-01.12.48:242][134]LogContentBrowser: Verbose: The majority of assets in the view are of type: AnimSequence
[2018.12.16-01.13.11:102][494]LogAnimationCompression: Building Anim DDC data for AnimSequence /Game/PolyArtWolf/Animations/InPlace/Wolf_IP_Run_Left.Wolf_IP_Run_Left
[2018.12.16-01.13.11:102][494]LogAnimationCompression: Recompressing (AnimSequence /Game/PolyArtWolf/Animations/InPlace/Wolf_IP_Run_Left.Wolf_IP_Run_Left) using current/default (AnimCompress_BitwiseCompressOnly_0) bFirstRecompressUsingCurrentOrDefault(1) bTryAlternateCompressor(0) IsCompressedDataValid(0)
[2018.12.16-01.13.11:115][494]LogAssetEditorManager: Opening Asset editor for AnimSequence /Game/PolyArtWolf/Animations/InPlace/Wolf_IP_Run_Left.Wolf_IP_Run_Left
[2018.12.16-01.13.11:517][494]LogActorComponent: RegisterComponentWithWorld: (/Engine/Transient.World_7:PersistentLevel.AnimationEditorPreviewActor_0.DebugSkelMeshComponent_0) Already registered. Aborting.
[2018.12.16-01.13.11:552][494]LogSkeletalMesh: USkeletalMeshComponent::InitArticulated : Bodies already created (/Engine/Transient.World_7:PersistentLevel.AnimationEditorPreviewActor_0.DebugSkelMeshComponent_0) - call TermArticulated first.
[2018.12.16-01.13.12:048][494]LogContentBrowser: Verbose: The majority of assets in the view are of type: AnimSequence
[2018.12.16-01.13.24:429][209]LogAnimationCompression: Building Anim DDC data for AnimSequence /Game/PolyArtWolf/Animations/InPlace/Wolf_IP_Walk_Left.Wolf_IP_Walk_Left
[2018.12.16-01.13.24:429][209]LogAnimationCompression: Recompressing (AnimSequence /Game/PolyArtWolf/Animations/InPlace/Wolf_IP_Walk_Left.Wolf_IP_Walk_Left) using current/default (AnimCompress_BitwiseCompressOnly_1) bFirstRecompressUsingCurrentOrDefault(1) bTryAlternateCompressor(0) IsCompressedDataValid(0)
[2018.12.16-01.13.40:280][149]LogAnimationCompression: Building Anim DDC data for AnimSequence /Game/PolyArtWolf/Animations/RootMotion/Wolf_RM_Turn_Right_180.Wolf_RM_Turn_Right_180
[2018.12.16-01.13.40:280][149]LogAnimationCompression: Recompressing (AnimSequence /Game/PolyArtWolf/Animations/RootMotion/Wolf_RM_Turn_Right_180.Wolf_RM_Turn_Right_180) using current/default (AnimCompress_BitwiseCompressOnly_1) bFirstRecompressUsingCurrentOrDefault(1) bTryAlternateCompressor(0) IsCompressedDataValid(0)
[2018.12.16-01.13.44:578][396]LogAnimationCompression: Building Anim DDC data for AnimSequence /Game/PolyArtWolf/Animations/RootMotion/Wolf_RM_WalkBack_Left.Wolf_RM_WalkBack_Left
[2018.12.16-01.13.44:578][396]LogAnimationCompression: Recompressing (AnimSequence /Game/PolyArtWolf/Animations/RootMotion/Wolf_RM_WalkBack_Left.Wolf_RM_WalkBack_Left) using current/default (AnimCompress_BitwiseCompressOnly_0) bFirstRecompressUsingCurrentOrDefault(1) bTryAlternateCompressor(0) IsCompressedDataValid(0)
[2018.12.16-01.14.05:576][624]LogAnimationCompression: Building Anim DDC data for AnimSequence /Game/PolyArtWolf/Animations/InPlace/Wolf_IP_Damage_Back_Right.Wolf_IP_Damage_Back_Right
[2018.12.16-01.14.05:576][624]LogAnimationCompression: Recompressing (AnimSequence /Game/PolyArtWolf/Animations/InPlace/Wolf_IP_Damage_Back_Right.Wolf_IP_Damage_Back_Right) using current/default (AnimCompress_BitwiseCompressOnly_1) bFirstRecompressUsingCurrentOrDefault(1) bTryAlternateCompressor(0) IsCompressedDataValid(0)
[2018.12.16-01.14.15:124][165]Cmd: OBJ SAVEPACKAGE PACKAGE="/Game/PolyArtWolf/Animations/wolf_animation" FILE="C:/Users/simon/Documents/Unreal Projects/wolfy 4.21/Content/PolyArtWolf/Animations/wolf_animation.uasset" SILENT=true
[2018.12.16-01.14.15:280][165]LogSavePackage: Moving 'C:/Users/simon/Documents/Unreal Projects/wolfy 4.21/Saved/wolf_animation50EF2100444C4F31D796AFB645A11226.tmp' to 'C:/Users/simon/Documents/Unreal Projects/wolfy 4.21/Content/PolyArtWolf/Animations/wolf_animation.uasset'
[2018.12.16-01.14.34:434][308]LogSlate: Window 'wolf_animation' being destroyed
[2018.12.16-01.14.34:440][308]LogSlate: Window 'wolf_animation' being destroyed
[2018.12.16-01.14.35:712][359]LogSlate: Window 'wolfy - Unreal Editor' being destroyed
[2018.12.16-01.14.35:714][359]LogWindowsTextInputMethodSystem: Display: IME system now deactivated.
[2018.12.16-01.14.35:901][360]Cmd: QUIT_EDITOR
[2018.12.16-01.14.35:942][360]LogExit: Preparing to exit.
[2018.12.16-01.14.36:878][360]LogExit: Editor shut down
[2018.12.16-01.14.36:878][360]LogExit: Transaction tracking system shut down
[2018.12.16-01.14.37:123][360]LogExit: Object subsystem successfully closed.
[2018.12.16-01.14.37:148][360]LogShaderCompilers: Display: Shaders left to compile 0
[2018.12.16-01.14.37:151][360]LogD3D11RHI: Shutdown
[2018.12.16-01.14.37:151][360]LogD3D11RHI: CleanupD3DDevice
[2018.12.16-01.14.37:153][360]LogD3D11RHI: ~FD3D11DynamicRHI
[2018.12.16-01.14.37:162][360]LogModuleManager: Shutting down and abandoning module AnimationEditor (634)
[2018.12.16-01.14.37:162][360]LogModuleManager: Shutting down and abandoning module ClothingSystemEditorInterface (632)
[2018.12.16-01.14.37:163][360]LogModuleManager: Shutting down and abandoning module BlueprintGraph (630)
[2018.12.16-01.14.37:163][360]LogModuleManager: Shutting down and abandoning module PinnedCommandList (628)
[2018.12.16-01.14.37:163][360]LogModuleManager: Shutting down and abandoning module SkeletonEditor (626)
[2018.12.16-01.14.37:163][360]LogModuleManager: Shutting down and abandoning module AnimationBlueprintEditor (624)
[2018.12.16-01.14.37:163][360]LogModuleManager: Shutting down and abandoning module HierarchicalLODOutliner (622)
[2018.12.16-01.14.37:163][360]LogModuleManager: Shutting down and abandoning module SceneOutliner (620)
[2018.12.16-01.14.37:163][360]LogModuleManager: Shutting down and abandoning module AddContentDialog (618)
[2018.12.16-01.14.37:163][360]LogModuleManager: Shutting down and abandoning module WidgetCarousel (617)
[2018.12.16-01.14.37:163][360]LogModuleManager: Shutting down and abandoning module EditorWidgets (614)
[2018.12.16-01.14.37:163][360]LogModuleManager: Shutting down and abandoning module CollectionManager (612)
[2018.12.16-01.14.37:163][360]LogModuleManager: Shutting down and abandoning module StatsViewer (610)
[2018.12.16-01.14.37:163][360]LogModuleManager: Shutting down and abandoning module FoliageEdit (608)
[2018.12.16-01.14.37:163][360]LogModuleManager: Shutting down and abandoning module LandscapeEditor (606)
[2018.12.16-01.14.37:163][360]LogModuleManager: Shutting down and abandoning module MeshPaintMode (604)
[2018.12.16-01.14.37:163][360]LogModuleManager: Shutting down and abandoning module SceneDepthPickerMode (602)
[2018.12.16-01.14.37:163][360]LogModuleManager: Shutting down and abandoning module ActorPickerMode (600)
[2018.12.16-01.14.37:163][360]LogModuleManager: Shutting down and abandoning module GeometryMode (598)
[2018.12.16-01.14.37:163][360]LogModuleManager: Shutting down and abandoning module TextureAlignMode (596)
[2018.12.16-01.14.37:163][360]LogModuleManager: Shutting down and abandoning module BspMode (594)
[2018.12.16-01.14.37:163][360]LogModuleManager: Shutting down and abandoning module PIEPreviewDeviceProfileSelector (592)
[2018.12.16-01.14.37:163][360]LogModuleManager: Shutting down and abandoning module SequenceRecorderSections (590)
[2018.12.16-01.14.37:163][360]LogModuleManager: Shutting down and abandoning module AutomationWorker (588)
[2018.12.16-01.14.37:163][360]LogModuleManager: Shutting down and abandoning module AudioCaptureEditor (586)
[2018.12.16-01.14.37:163][360]LogModuleManager: Shutting down and abandoning module MatineeToLevelSequence (584)
[2018.12.16-01.14.37:163][360]LogModuleManager: Shutting down and abandoning module LevelSequenceEditor (582)
[2018.12.16-01.14.37:164][360]LogModuleManager: Shutting down and abandoning module PlacementMode (581)
[2018.12.16-01.14.37:164][360]LogModuleManager: Shutting down and abandoning module MaterialEditor (580)
[2018.12.16-01.14.37:164][360]LogModuleManager: Shutting down and abandoning module WmfMediaFactory (576)
[2018.12.16-01.14.37:164][360]LogModuleManager: Shutting down and abandoning module WmfMediaEditor (574)
[2018.12.16-01.14.37:164][360]LogModuleManager: Shutting down and abandoning module WebMMediaFactory (572)
[2018.12.16-01.14.37:164][360]LogModuleManager: Shutting down and abandoning module WebMMediaEditor (570)
[2018.12.16-01.14.37:164][360]LogModuleManager: Shutting down and abandoning module WebMMedia (568)
[2018.12.16-01.14.37:164][360]LogModuleManager: Shutting down and abandoning module MediaPlayerEditor (566)
[2018.12.16-01.14.37:164][360]LogModuleManager: Shutting down and abandoning module MediaCompositingEditor (564)
[2018.12.16-01.14.37:164][360]LogModuleManager: Shutting down and abandoning module SequenceRecorder (563)
[2018.12.16-01.14.37:164][360]LogModuleManager: Shutting down and abandoning module OpenExrWrapper (560)
[2018.12.16-01.14.37:164][360]LogModuleManager: Shutting down and abandoning module ImgMediaFactory (558)
[2018.12.16-01.14.37:164][360]LogModuleManager: Shutting down and abandoning module ImgMediaEditor (556)
[2018.12.16-01.14.37:164][360]LogModuleManager: Shutting down and abandoning module AvfMediaFactory (554)
[2018.12.16-01.14.37:164][360]LogModuleManager: Shutting down and abandoning module AvfMediaEditor (552)
[2018.12.16-01.14.37:164][360]LogModuleManager: Shutting down and abandoning module AndroidMediaFactory (550)
[2018.12.16-01.14.37:164][360]LogModuleManager: Shutting down and abandoning module AndroidMediaEditor (548)
[2018.12.16-01.14.37:164][360]LogModuleManager: Shutting down and abandoning module MagicLeapCameraPreviewFactory (546)
[2018.12.16-01.14.37:164][360]LogModuleManager: Shutting down and abandoning module MagicLeapMediaFactory (544)
[2018.12.16-01.14.37:164][360]LogModuleManager: Shutting down and abandoning module MagicLeapMediaEditor (542)
[2018.12.16-01.14.37:164][360]LogModuleManager: Shutting down and abandoning module CharacterAI (540)
[2018.12.16-01.14.37:164][360]LogModuleManager: Shutting down and abandoning module SmartSnapping (538)
[2018.12.16-01.14.37:164][360]LogModuleManager: Shutting down and abandoning module SessionServices (536)
[2018.12.16-01.14.37:164][360]LogModuleManager: Shutting down and abandoning module ViewportSnapping (534)
[2018.12.16-01.14.37:164][360]LogModuleManager: Shutting down and abandoning module ViewportInteraction (532)
[2018.12.16-01.14.37:164][360]LogModuleManager: Shutting down and abandoning module ClothPainter (530)
[2018.12.16-01.14.37:164][360]LogModuleManager: Shutting down and abandoning module SkeletalMeshEditor (529)
[2018.12.16-01.14.37:164][360]LogModuleManager: Shutting down and abandoning module LogVisualizer (526)
[2018.12.16-01.14.37:164][360]LogModuleManager: Shutting down and abandoning module IntroTutorials (524)
[2018.12.16-01.14.37:164][360]LogModuleManager: Shutting down and abandoning module GameProjectGeneration (523)
[2018.12.16-01.14.37:164][360]LogModuleManager: Shutting down and abandoning module LuminPlatformEditor (520)
[2018.12.16-01.14.37:164][360]LogModuleManager: Shutting down and abandoning module IOSPlatformEditor (518)
[2018.12.16-01.14.37:164][360]LogModuleManager: Shutting down and abandoning module HTML5PlatformEditor (516)
[2018.12.16-01.14.37:164][360]LogModuleManager: Shutting down and abandoning module AndroidPlatformEditor (514)
[2018.12.16-01.14.37:164][360]LogModuleManager: Shutting down and abandoning module AndroidDeviceDetection (513)
[2018.12.16-01.14.37:877][360]LogModuleManager: Shutting down and abandoning module WindowsPlatformEditor (510)
[2018.12.16-01.14.37:877][360]LogModuleManager: Shutting down and abandoning module LuminRuntimeSettings (508)
[2018.12.16-01.14.37:877][360]LogModuleManager: Shutting down and abandoning module IOSRuntimeSettings (506)
[2018.12.16-01.14.37:877][360]LogModuleManager: Shutting down and abandoning module AndroidRuntimeSettings (504)
[2018.12.16-01.14.37:877][360]LogModuleManager: Shutting down and abandoning module TimeManagementEditor (502)
[2018.12.16-01.14.37:877][360]LogModuleManager: Shutting down and abandoning module InputBindingEditor (500)
[2018.12.16-01.14.37:877][360]LogModuleManager: Shutting down and abandoning module MergeActors (498)
[2018.12.16-01.14.37:877][360]LogModuleManager: Shutting down and abandoning module LocalizationDashboard (496)
[2018.12.16-01.14.37:877][360]LogModuleManager: Shutting down and abandoning module LocalizationService (495)
[2018.12.16-01.14.37:877][360]LogModuleManager: Shutting down and abandoning module HardwareTargeting (492)
[2018.12.16-01.14.37:877][360]LogModuleManager: Shutting down and abandoning module DeviceProfileEditor (490)
[2018.12.16-01.14.37:877][360]LogModuleManager: Shutting down and abandoning module UndoHistory (488)
[2018.12.16-01.14.37:877][360]LogModuleManager: Shutting down and abandoning module XmlParser (486)
[2018.12.16-01.14.37:877][360]LogModuleManager: Shutting down and abandoning module Blutility (484)
[2018.12.16-01.14.37:877][360]LogModuleManager: Shutting down and abandoning module ProjectSettingsViewer (482)
[2018.12.16-01.14.37:877][360]LogModuleManager: Shutting down and abandoning module ProjectTargetPlatformEditor (481)
[2018.12.16-01.14.37:877][360]LogModuleManager: Shutting down and abandoning module EditorSettingsViewer (478)
[2018.12.16-01.14.37:877][360]LogModuleManager: Shutting down and abandoning module SettingsEditor (476)
[2018.12.16-01.14.37:877][360]LogModuleManager: Shutting down and abandoning module ProjectLauncher (474)
[2018.12.16-01.14.37:877][360]LogModuleManager: Shutting down and abandoning module SessionFrontend (472)
[2018.12.16-01.14.37:877][360]LogModuleManager: Shutting down and abandoning module ProfilerClient (470)
[2018.12.16-01.14.37:877][360]LogModuleManager: Shutting down and abandoning module DeviceManager (468)
[2018.12.16-01.14.37:877][360]LogModuleManager: Shutting down and abandoning module TargetDeviceServices (467)
[2018.12.16-01.14.37:931][360]LogModuleManager: Shutting down and abandoning module AutomationController (464)
[2018.12.16-01.14.37:931][360]LogModuleManager: Shutting down and abandoning module AutomationWindow (462)
[2018.12.16-01.14.37:931][360]LogModuleManager: Shutting down and abandoning module Layers (460)
[2018.12.16-01.14.37:931][360]LogModuleManager: Shutting down and abandoning module ComponentVisualizers (458)
[2018.12.16-01.14.37:931][360]LogModuleManager: Shutting down and abandoning module DetailCustomizations (456)
[2018.12.16-01.14.37:931][360]LogModuleManager: Shutting down and abandoning module PackagesDialog (454)
[2018.12.16-01.14.37:931][360]LogModuleManager: Shutting down and abandoning module Persona (452)
[2018.12.16-01.14.37:931][360]LogModuleManager: Shutting down and abandoning module AdvancedPreviewScene (451)
[2018.12.16-01.14.37:931][360]LogModuleManager: Shutting down and abandoning module AnimGraph (449)
[2018.12.16-01.14.37:931][360]LogModuleManager: Shutting down and abandoning module Kismet (446)
[2018.12.16-01.14.37:937][360]LogModuleManager: Shutting down and abandoning module GraphEditor (444)
[2018.12.16-01.14.37:937][360]LogModuleManager: Shutting down and abandoning module ClassViewer (442)
[2018.12.16-01.14.37:937][360]LogModuleManager: Shutting down and abandoning module Toolbox (440)
[2018.12.16-01.14.37:937][360]LogModuleManager: Shutting down and abandoning module ModuleUI (438)
[2018.12.16-01.14.37:937][360]LogModuleManager: Shutting down and abandoning module MovieSceneTools (436)
[2018.12.16-01.14.37:937][360]LogModuleManager: Shutting down and abandoning module OutputLog (434)
[2018.12.16-01.14.37:937][360]LogModuleManager: Shutting down and abandoning module GammaUI (432)
[2018.12.16-01.14.37:937][360]LogModuleManager: Shutting down and abandoning module Documentation (430)
[2018.12.16-01.14.37:937][360]LogModuleManager: Shutting down and abandoning module MovieSceneTracks (428)
[2018.12.16-01.14.37:937][360]LogModuleManager: Shutting down and abandoning module MovieScene (426)
[2018.12.16-01.14.37:937][360]LogModuleManager: Shutting down and abandoning module StreamingPauseRendering (424)
[2018.12.16-01.14.37:937][360]LogModuleManager: Shutting down and abandoning module LauncherPlatform (422)
[2018.12.16-01.14.37:937][360]LogModuleManager: Shutting down and abandoning module AnalyticsET (420)
[2018.12.16-01.14.37:937][360]LogModuleManager: Shutting down and abandoning module PortalServices (418)
[2018.12.16-01.14.37:937][360]LogModuleManager: Shutting down and abandoning module PortalRpc (416)
[2018.12.16-01.14.37:937][360]LogModuleManager: Shutting down and abandoning module MessagingRpc (414)
[2018.12.16-01.14.37:937][360]LogModuleManager: Shutting down and abandoning module AIModule (412)
[2018.12.16-01.14.37:937][360]LogModuleManager: Shutting down and abandoning module GameplayDebugger (411)
[2018.12.16-01.14.37:937][360]LogModuleManager: Shutting down and abandoning module AITestSuite (409)
[2018.12.16-01.14.37:937][360]LogModuleManager: Shutting down and abandoning module NavigationSystem (407)
[2018.12.16-01.14.37:937][360]LogModuleManager: Shutting down and abandoning module DesktopPlatform (404)
[2018.12.16-01.14.37:937][360]LogModuleManager: Shutting down and abandoning module ImageWriteQueue (402)
[2018.12.16-01.14.37:940][360]LogModuleManager: Shutting down and abandoning module ProfilerService (400)
[2018.12.16-01.14.37:955][360]LogModuleManager: Shutting down and abandoning module TaskGraph (398)
[2018.12.16-01.14.37:955][360]LogModuleManager: Shutting down and abandoning module SteamVRController (396)
[2018.12.16-01.14.37:955][360]LogModuleManager: Shutting down and abandoning module ProceduralMeshComponentEditor (394)
[2018.12.16-01.14.37:955][360]LogModuleManager: Shutting down and abandoning module ProceduralMeshComponent (392)
[2018.12.16-01.14.37:955][360]LogModuleManager: Shutting down and abandoning module OculusInput (390)
[2018.12.16-01.14.37:955][360]LogModuleManager: Shutting down and abandoning module MobilePatchingUtils (388)
[2018.12.16-01.14.37:955][360]LogModuleManager: Shutting down and abandoning module EditableMesh (386)
[2018.12.16-01.14.37:955][360]LogModuleManager: Shutting down and abandoning module CustomMeshComponent (384)
[2018.12.16-01.14.37:955][360]LogModuleManager: Shutting down and abandoning module CableComponent (382)
[2018.12.16-01.14.37:955][360]LogModuleManager: Shutting down and abandoning module AudioCapture (380)
[2018.12.16-01.14.37:955][360]LogModuleManager: Shutting down and abandoning module ArchVisCharacter (378)
[2018.12.16-01.14.37:955][360]LogModuleManager: Shutting down and abandoning module AndroidPermission (376)
[2018.12.16-01.14.37:955][360]LogModuleManager: Shutting down and abandoning module NUTUnrealEngine4 (374)
[2018.12.16-01.14.37:955][360]LogModuleManager: Shutting down and abandoning module NetcodeUnitTest (372)
[2018.12.16-01.14.37:955][360]LogModuleManager: Shutting down and abandoning module MediaCompositing (370)
[2018.12.16-01.14.37:955][360]LogModuleManager: Shutting down and abandoning module LinearTimecode (368)
[2018.12.16-01.14.37:955][360]LogModuleManager: Shutting down and abandoning module ImgMedia (366)
[2018.12.16-01.14.37:959][360]LogModuleManager: Shutting down and abandoning module HTML5Networking (364)
[2018.12.16-01.14.37:959][360]LogModuleManager: Shutting down and abandoning module GeometryCacheTracks (362)
[2018.12.16-01.14.37:959][360]LogModuleManager: Shutting down and abandoning module GeometryCacheSequencer (360)
[2018.12.16-01.14.37:959][360]LogModuleManager: Shutting down and abandoning module BackChannel (358)
[2018.12.16-01.14.37:959][360]LogModuleManager: Shutting down and abandoning module AppleVision (356)
[2018.12.16-01.14.37:959][360]LogModuleManager: Shutting down and abandoning module AppleImageUtilsBlueprintSupport (354)
[2018.12.16-01.14.37:959][360]LogModuleManager: Shutting down and abandoning module AppleImageUtils (352)
[2018.12.16-01.14.37:959][360]LogModuleManager: Shutting down and abandoning module AlembicImporter (350)
[2018.12.16-01.14.37:959][360]LogModuleManager: Shutting down and abandoning module AlembicLibrary (349)
[2018.12.16-01.14.37:959][360]LogModuleManager: Shutting down and abandoning module GeometryCache (348)
[2018.12.16-01.14.37:959][360]LogModuleManager: Shutting down and abandoning module GeometryCacheEd (347)
[2018.12.16-01.14.37:959][360]LogModuleManager: Shutting down and abandoning module VariantManagerContent (342)
[2018.12.16-01.14.37:959][360]LogModuleManager: Shutting down and abandoning module DatasmithContentEditor (340)
[2018.12.16-01.14.37:959][360]LogModuleManager: Shutting down and abandoning module SpeedTreeImporter (338)
[2018.12.16-01.14.37:959][360]LogModuleManager: Shutting down and abandoning module PluginBrowser (336)
[2018.12.16-01.14.37:959][360]LogModuleManager: Shutting down and abandoning module MobileLauncherProfileWizard (334)
[2018.12.16-01.14.37:959][360]LogModuleManager: Shutting down and abandoning module PolygonModeling (332)
[2018.12.16-01.14.37:959][360]LogModuleManager: Shutting down and abandoning module MeshEditor (330)
[2018.12.16-01.14.37:959][360]LogModuleManager: Shutting down and abandoning module CryptoKeysOpenSSL (328)
[2018.12.16-01.14.37:959][360]LogModuleManager: Shutting down and abandoning module CryptoKeys (326)
[2018.12.16-01.14.37:959][360]LogModuleManager: Shutting down and abandoning module VisualStudioSourceCodeAccess (324)
[2018.12.16-01.14.37:959][360]LogModuleManager: Shutting down and abandoning module VisualStudioCodeSourceCodeAccess (322)
[2018.12.16-01.14.37:959][360]LogModuleManager: Shutting down and abandoning module UObjectPlugin (320)
[2018.12.16-01.14.37:959][360]LogModuleManager: Shutting down and abandoning module SubversionSourceControl (318)
[2018.12.16-01.14.37:959][360]LogModuleManager: Shutting down and abandoning module PerforceSourceControl (316)
[2018.12.16-01.14.37:959][360]LogModuleManager: Shutting down and abandoning module GitSourceControl (314)
[2018.12.16-01.14.37:959][360]LogModuleManager: Shutting down and abandoning module SourceControl (313)
[2018.12.16-01.14.37:959][360]LogModuleManager: Shutting down and abandoning module CLionSourceCodeAccess (310)
[2018.12.16-01.14.37:959][360]LogModuleManager: Shutting down and abandoning module ActorLayerUtilitiesEditor (308)
[2018.12.16-01.14.37:959][360]LogModuleManager: Shutting down and abandoning module ActorLayerUtilities (306)
[2018.12.16-01.14.37:959][360]LogModuleManager: Shutting down and abandoning module LightPropagationVolumeEditor (304)
[2018.12.16-01.14.37:959][360]LogModuleManager: Shutting down and abandoning module PaperTiledImporter (302)
[2018.12.16-01.14.37:959][360]LogModuleManager: Shutting down and abandoning module PaperSpriteSheetImporter (300)
[2018.12.16-01.14.37:959][360]LogModuleManager: Shutting down and abandoning module Paper2DEditor (298)
[2018.12.16-01.14.37:961][360]LogModuleManager: Shutting down and abandoning module MeshPaint (297)
[2018.12.16-01.14.37:961][360]LogModuleManager: Shutting down and abandoning module RuntimePhysXCooking (294)
[2018.12.16-01.14.37:961][360]LogModuleManager: Shutting down and abandoning module PhysXVehiclesEditor (292)
[2018.12.16-01.14.37:961][360]LogModuleManager: Shutting down and abandoning module PhysXVehicles (290)
[2018.12.16-01.14.37:961][360]LogModuleManager: Shutting down and abandoning module OculusEditor (288)
[2018.12.16-01.14.37:961][360]LogModuleManager: Shutting down and abandoning module LocationServicesBPLibrary (286)
[2018.12.16-01.14.37:961][360]LogModuleManager: Shutting down and abandoning module ActorSequence (284)
[2018.12.16-01.14.37:961][360]LogModuleManager: Shutting down and abandoning module UdpMessaging (282)
[2018.12.16-01.14.38:061][360]LogModuleManager: Shutting down and abandoning module TcpMessaging (280)
[2018.12.16-01.14.38:161][360]LogModuleManager: Shutting down and abandoning module MagicLeapAudio (278)
[2018.12.16-01.14.38:161][360]LogModuleManager: Shutting down and abandoning module GameplayTagsEditor (276)
[2018.12.16-01.14.38:161][360]LogModuleManager: Shutting down and abandoning module FacialAnimationEditor (274)
[2018.12.16-01.14.38:161][360]LogModuleManager: Shutting down and abandoning module FacialAnimation (272)
[2018.12.16-01.14.38:161][360]LogModuleManager: Shutting down and abandoning module DataValidation (270)
[2018.12.16-01.14.38:161][360]LogModuleManager: Shutting down and abandoning module AssetManagerEditor (268)
[2018.12.16-01.14.38:161][360]LogModuleManager: Shutting down and abandoning module LevelEditor (267)
[2018.12.16-01.14.38:162][360]LogModuleManager: Shutting down and abandoning module PixelInspectorModule (266)
[2018.12.16-01.14.38:162][360]LogModuleManager: Shutting down and abandoning module CommonMenuExtensions (264)
[2018.12.16-01.14.38:162][360]LogModuleManager: Shutting down and abandoning module MainFrame (262)
[2018.12.16-01.14.38:162][360]LogModuleManager: Shutting down and abandoning module HotReload (261)
[2018.12.16-01.14.38:162][360]LogModuleManager: Shutting down and abandoning module ContentBrowser (257)
[2018.12.16-01.14.38:163][360]LogModuleManager: Shutting down and abandoning module TreeMap (255)
[2018.12.16-01.14.38:163][360]LogModuleManager: Shutting down and abandoning module LightPropagationVolumeRuntime (252)
[2018.12.16-01.14.38:163][360]LogModuleManager: Shutting down and abandoning module AISupportModule (250)
[2018.12.16-01.14.38:163][360]LogModuleManager: Shutting down and abandoning module Paper2D (248)
[2018.12.16-01.14.38:163][360]LogModuleManager: Shutting down and abandoning module WindowsMoviePlayer (246)
[2018.12.16-01.14.38:163][360]LogModuleManager: Shutting down and abandoning module WebMMoviePlayer (244)
[2018.12.16-01.14.38:163][360]LogModuleManager: Shutting down and abandoning module WmfMedia (242)
[2018.12.16-01.14.38:164][360]LogModuleManager: Shutting down and abandoning module Media (241)
[2018.12.16-01.14.38:170][360]LogModuleManager: Shutting down and abandoning module PacketHandler (238)
[2018.12.16-01.14.38:170][360]LogModuleManager: Shutting down and abandoning module ClothingSystemEditor (236)
[2018.12.16-01.14.38:170][360]LogModuleManager: Shutting down and abandoning module ClothingSystemRuntime (234)
[2018.12.16-01.14.38:170][360]LogModuleManager: Shutting down and abandoning module MediaAssets (232)
[2018.12.16-01.14.38:170][360]LogModuleManager: Shutting down and abandoning module Overlay (230)
[2018.12.16-01.14.38:170][360]LogModuleManager: Shutting down and abandoning module OverlayEditor (229)
[2018.12.16-01.14.38:170][360]LogModuleManager: Shutting down and abandoning module VREditor (226)
[2018.12.16-01.14.38:170][360]LogModuleManager: Shutting down and abandoning module StringTableEditor (224)
[2018.12.16-01.14.38:170][360]LogModuleManager: Shutting down and abandoning module GameplayTasksEditor (222)
[2018.12.16-01.14.38:170][360]LogModuleManager: Shutting down and abandoning module BehaviorTreeEditor (220)
[2018.12.16-01.14.38:171][360]LogModuleManager: Shutting down and abandoning module FunctionalTesting (218)
[2018.12.16-01.14.38:171][360]LogModuleManager: Shutting down and abandoning module CollisionAnalyzer (216)
[2018.12.16-01.14.38:171][360]LogModuleManager: Shutting down and abandoning module WorkspaceMenuStructure (215)
[2018.12.16-01.14.38:171][360]LogModuleManager: Shutting down and abandoning module UMG (212)
[2018.12.16-01.14.38:171][360]LogModuleManager: Shutting down and abandoning module UMGEditor (211)
[2018.12.16-01.14.38:171][360]LogModuleManager: Shutting down and abandoning module Sequencer (210)
[2018.12.16-01.14.38:171][360]LogModuleManager: Shutting down and abandoning module MessageLog (207)
[2018.12.16-01.14.38:171][360]LogModuleManager: Shutting down and abandoning module SlateReflector (202)
[2018.12.16-01.14.38:171][360]LogModuleManager: Shutting down and abandoning module Slate (200)
[2018.12.16-01.14.38:171][360]LogModuleManager: Shutting down and abandoning module EditorStyle (198)
[2018.12.16-01.14.38:172][360]LogModuleManager: Shutting down and abandoning module MRMesh (196)
[2018.12.16-01.14.38:172][360]LogModuleManager: Shutting down and abandoning module SourceCodeAccess (194)
[2018.12.16-01.14.38:172][360]LogModuleManager: Shutting down and abandoning module HeadMountedDisplay (192)
[2018.12.16-01.14.38:172][360]LogModuleManager: Shutting down and abandoning module XAudio2 (190)
[2018.12.16-01.14.38:172][360]LogModuleManager: Shutting down and abandoning module Networking (188)
[2018.12.16-01.14.38:172][360]LogModuleManager: Shutting down and abandoning module Core (186)
[2018.12.16-01.14.38:172][360]LogModuleManager: Shutting down and abandoning module LevelSequence (184)
[2018.12.16-01.14.38:172][360]LogModuleManager: Shutting down and abandoning module KismetCompiler (182)
[2018.12.16-01.14.38:172][360]LogModuleManager: Shutting down and abandoning module MeshUtilities (180)
[2018.12.16-01.14.38:172][360]LogModuleManager: Shutting down and abandoning module MeshMergeUtilities (179)
[2018.12.16-01.14.38:172][360]LogModuleManager: Shutting down and abandoning module MeshReductionInterface (178)
[2018.12.16-01.14.38:172][360]LogModuleManager: Shutting down and abandoning module SimplygonSwarm (177)
[2018.12.16-01.14.38:172][360]LogModuleManager: Shutting down and abandoning module ProxyLODMeshReduction (175)
[2018.12.16-01.14.38:172][360]LogModuleManager: Shutting down and abandoning module SimplygonMeshReduction (173)
[2018.12.16-01.14.38:172][360]LogModuleManager: Shutting down and abandoning module QuadricMeshReduction (171)
[2018.12.16-01.14.38:172][360]LogModuleManager: Shutting down and abandoning module MaterialBaking (167)
[2018.12.16-01.14.38:172][360]LogModuleManager: Shutting down and abandoning module DirectoryWatcher (163)
[2018.12.16-01.14.38:172][360]LogModuleManager: Shutting down and abandoning module DerivedDataCache (160)
[2018.12.16-01.14.38:266][360]LogDerivedDataCache: Shutdown
[2018.12.16-01.14.38:267][360]LogModuleManager: Shutting down and abandoning module XGEController (158)
[2018.12.16-01.14.38:267][360]LogModuleManager: Shutting down and abandoning module TargetPlatform (156)
[2018.12.16-01.14.38:267][360]LogModuleManager: Shutting down and abandoning module VulkanShaderFormat (155)
[2018.12.16-01.14.38:267][360]LogModuleManager: Shutting down and abandoning module ShaderFormatVectorVM (153)
[2018.12.16-01.14.38:267][360]LogModuleManager: Shutting down and abandoning module ShaderFormatOpenGL (151)
[2018.12.16-01.14.38:267][360]LogModuleManager: Shutting down and abandoning module ShaderFormatD3D (149)
[2018.12.16-01.14.38:267][360]LogModuleManager: Shutting down and abandoning module MetalShaderFormat (147)
[2018.12.16-01.14.38:267][360]LogModuleManager: Shutting down and abandoning module TextureFormatUncompressed (145)
[2018.12.16-01.14.38:267][360]LogModuleManager: Shutting down and abandoning module TextureFormatPVR (143)
[2018.12.16-01.14.38:267][360]LogModuleManager: Shutting down and abandoning module TextureFormatDXT (141)
[2018.12.16-01.14.38:267][360]LogModuleManager: Shutting down and abandoning module TextureFormatIntelISPCTexComp (139)
[2018.12.16-01.14.38:267][360]LogModuleManager: Shutting down and abandoning module TextureFormatASTC (137)
[2018.12.16-01.14.38:267][360]LogModuleManager: Shutting down and abandoning module ImageWrapper (136)
[2018.12.16-01.14.38:267][360]LogModuleManager: Shutting down and abandoning module TextureFormatAndroid (133)
[2018.12.16-01.14.38:267][360]LogModuleManager: Shutting down and abandoning module AudioFormatOpus (131)
[2018.12.16-01.14.38:267][360]LogModuleManager: Shutting down and abandoning module AudioFormatOgg (129)
[2018.12.16-01.14.38:267][360]LogModuleManager: Shutting down and abandoning module AudioFormatADPCM (127)
[2018.12.16-01.14.38:267][360]LogModuleManager: Shutting down and abandoning module LuminTargetPlatform (125)
[2018.12.16-01.14.38:267][360]LogModuleManager: Shutting down and abandoning module LinuxTargetPlatform (123)
[2018.12.16-01.14.38:267][360]LogModuleManager: Shutting down and abandoning module LinuxServerTargetPlatform (121)
[2018.12.16-01.14.38:267][360]LogModuleManager: Shutting down and abandoning module LinuxNoEditorTargetPlatform (119)
[2018.12.16-01.14.38:267][360]LogModuleManager: Shutting down and abandoning module LinuxClientTargetPlatform (117)
[2018.12.16-01.14.38:267][360]LogModuleManager: Shutting down and abandoning module TVOSTargetPlatform (115)
[2018.12.16-01.14.38:269][360]LogModuleManager: Shutting down and abandoning module Messaging (113)
[2018.12.16-01.14.38:269][360]LogModuleManager: Shutting down and abandoning module IOSTargetPlatform (111)
[2018.12.16-01.14.38:270][360]LogModuleManager: Shutting down and abandoning module HTML5TargetPlatform (109)
[2018.12.16-01.14.38:270][360]LogModuleManager: Shutting down and abandoning module AndroidTargetPlatform (107)
[2018.12.16-01.14.38:275][360]LogModuleManager: Shutting down and abandoning module WindowsTargetPlatform (105)
[2018.12.16-01.14.38:275][360]LogModuleManager: Shutting down and abandoning module WindowsServerTargetPlatform (103)
[2018.12.16-01.14.38:275][360]LogModuleManager: Shutting down and abandoning module WindowsNoEditorTargetPlatform (101)
[2018.12.16-01.14.38:275][360]LogModuleManager: Shutting down and abandoning module WindowsClientTargetPlatform (99)
[2018.12.16-01.14.38:275][360]LogModuleManager: Shutting down and abandoning module MacTargetPlatform (97)
[2018.12.16-01.14.38:275][360]LogModuleManager: Shutting down and abandoning module MacServerTargetPlatform (95)
[2018.12.16-01.14.38:275][360]LogModuleManager: Shutting down and abandoning module MacNoEditorTargetPlatform (93)
[2018.12.16-01.14.38:275][360]LogModuleManager: Shutting down and abandoning module MacClientTargetPlatform (91)
[2018.12.16-01.14.38:275][360]LogModuleManager: Shutting down and abandoning module AllDesktopTargetPlatform (89)
[2018.12.16-01.14.38:275][360]LogModuleManager: Shutting down and abandoning module InputCore (86)
[2018.12.16-01.14.38:275][360]LogModuleManager: Shutting down and abandoning module Settings (84)
[2018.12.16-01.14.38:275][360]LogModuleManager: Shutting down and abandoning module PhysXCooking (82)
[2018.12.16-01.14.38:275][360]LogModuleManager: Shutting down and abandoning module SteamVR (80)
[2018.12.16-01.14.38:275][360]LogHMD: Freeing OpenVRDLLHandle.
[2018.12.16-01.14.38:275][360]LogModuleManager: Shutting down and abandoning module OculusHMD (78)
[2018.12.16-01.14.38:275][360]LogModuleManager: Shutting down and abandoning module ExampleDeviceProfileSelector (76)
[2018.12.16-01.14.38:275][360]LogModuleManager: Shutting down and abandoning module LauncherChunkInstaller (74)
[2018.12.16-01.14.38:275][360]LogModuleManager: Shutting down and abandoning module OnlineBlueprintSupport (72)
[2018.12.16-01.14.38:275][360]LogModuleManager: Shutting down and abandoning module OnlineSubsystem (68)
[2018.12.16-01.14.38:276][360]LogModuleManager: Shutting down and abandoning module XMPP (63)
[2018.12.16-01.14.38:276][360]LogModuleManager: Shutting down and abandoning module WebSockets (62)
[2018.12.16-01.14.38:289][360]LogModuleManager: Shutting down and abandoning module HTTP (59)
[2018.12.16-01.14.38:289][360]LogHttp: Display: Http module shutting down, but needs to wait on 1 outstanding Http requests:
[2018.12.16-01.14.38:289][360]LogHttp: Display: 	verb=[POST] url=[https://datarouter.ol.epicgames.com/datarouter/api/v1/public/data?SessionID=%7BB9F01FBB-4284-64A4-B7C7-41A72CE1A2FD%7D&AppID=UEEditor.Rocket.Release&AppVersion=4.21.1-4613538%2B%2B%2BUE4%2BRelease-4.21&UserID=750775944090253e92c67cb14b82e528%7Cd3bdffa7536f40899bf7924fd6e47734%7Cac825bd1-af0a-4f9d-88ad-f28c447792cd&AppEnvironment=datacollector-binary&UploadType=eteventstream] status=Processing
[2018.12.16-01.14.38:314][360]LogModuleManager: Shutting down and abandoning module SSL (58)
[2018.12.16-01.14.38:315][360]LogModuleManager: Shutting down and abandoning module MagicLeapIdentity (54)
[2018.12.16-01.14.38:315][360]LogModuleManager: Shutting down and abandoning module MagicLeapHelperVulkan (52)
[2018.12.16-01.14.38:315][360]LogModuleManager: Shutting down and abandoning module MagicLeapHelperOpenGL (50)
[2018.12.16-01.14.38:315][360]LogModuleManager: Shutting down and abandoning module MagicLeapSecureStorage (48)
[2018.12.16-01.14.38:315][360]LogModuleManager: Shutting down and abandoning module MagicLeapHandTracking (46)
[2018.12.16-01.14.38:315][360]LogModuleManager: Shutting down and abandoning module MagicLeapEyeTracker (44)
[2018.12.16-01.14.38:315][360]LogModuleManager: Shutting down and abandoning module MagicLeapController (42)
[2018.12.16-01.14.38:315][360]LogSlate: Slate User Destroyed.  User Index 0, Is Virtual User: 0
[2018.12.16-01.14.38:315][360]LogModuleManager: Shutting down and abandoning module MagicLeap (40)
[2018.12.16-01.14.38:315][360]LogModuleManager: Shutting down and abandoning module DatasmithContent (38)
[2018.12.16-01.14.38:316][360]LogModuleManager: Shutting down and abandoning module AnimationModifiers (36)
[2018.12.16-01.14.38:316][360]LogModuleManager: Shutting down and abandoning module PropertyEditor (35)
[2018.12.16-01.14.38:316][360]LogModuleManager: Shutting down and abandoning module AudioEditor (32)
[2018.12.16-01.14.38:316][360]LogModuleManager: Shutting down and abandoning module TextureCompressor (30)
[2018.12.16-01.14.38:316][360]LogModuleManager: Shutting down and abandoning module ShaderCore (28)
[2018.12.16-01.14.38:316][360]LogModuleManager: Shutting down and abandoning module Landscape (26)
[2018.12.16-01.14.38:316][360]LogModuleManager: Shutting down and abandoning module SlateRHIRenderer (24)
[2018.12.16-01.14.38:316][360]LogModuleManager: Shutting down and abandoning module OpenGLDrv (22)
[2018.12.16-01.14.38:316][360]LogModuleManager: Shutting down and abandoning module D3D11RHI (20)
[2018.12.16-01.14.38:316][360]LogModuleManager: Shutting down and abandoning module AnimGraphRuntime (18)
[2018.12.16-01.14.38:316][360]LogModuleManager: Shutting down and abandoning module Renderer (16)
[2018.12.16-01.14.38:316][360]LogModuleManager: Shutting down and abandoning module Engine (14)
[2018.12.16-01.14.38:316][360]LogModuleManager: Shutting down and abandoning module CoreUObject (12)
[2018.12.16-01.14.38:316][360]LogModuleManager: Shutting down and abandoning module NetworkFile (10)
[2018.12.16-01.14.38:316][360]LogModuleManager: Shutting down and abandoning module CookedIterativeFile (8)
[2018.12.16-01.14.38:316][360]LogModuleManager: Shutting down and abandoning module StreamingFile (6)
[2018.12.16-01.14.38:316][360]LogModuleManager: Shutting down and abandoning module SandboxFile (4)
[2018.12.16-01.14.38:317][360]LogModuleManager: Shutting down and abandoning module PakFile (2)
[2018.12.16-01.14.38:324][360]LogExit: Exiting.
[2018.12.16-01.14.38:329][360]Log file closed, 12/15/18 20:14:38
