Log file open, 12/20/18 18:04:19
LogWindows: Failed to load 'aqProf.dll' (GetLastError=126)
LogWindows: File 'aqProf.dll' does not exist
LogWindows: Failed to load 'VtuneApi.dll' (GetLastError=126)
LogWindows: File 'VtuneApi.dll' does not exist
LogWindows: Failed to load 'VtuneApi32e.dll' (GetLastError=126)
LogWindows: File 'VtuneApi32e.dll' does not exist
LogConsoleResponse: Display: Failed to find resolution value strings in scalability ini. Falling back to default.
LogInit: Display: Running engine for game: wolfy
LogPakFile: Registered encryption key '00000000000000000000000000000000': 0 pak files mounted, 0 remain pending
LogPlatformFile: Not using cached read wrapper
LogTaskGraph: Started task graph with 5 named threads and 23 total threads with 3 sets of task threads.
LogStats: Stats thread started at 0.264774
LogD3D11RHI: Loaded GFSDK_Aftermath_Lib.x64.dll
LogICUInternationalization: ICU TimeZone Detection - Raw Offset: -5:00, Platform Override: ''
LogPluginManager: Mounting plugin Paper2D
LogPluginManager: Mounting plugin AISupport
LogPluginManager: Mounting plugin LightPropagationVolume
LogPluginManager: Mounting plugin ActorLayerUtilities
LogPluginManager: Mounting plugin CLionSourceCodeAccess
LogPluginManager: Mounting plugin CodeLiteSourceCodeAccess
LogPluginManager: Mounting plugin GitSourceControl
LogPluginManager: Mounting plugin KDevelopSourceCodeAccess
LogPluginManager: Mounting plugin NullSourceCodeAccess
LogPluginManager: Mounting plugin PerforceSourceControl
LogPluginManager: Mounting plugin SubversionSourceControl
LogPluginManager: Mounting plugin UObjectPlugin
LogPluginManager: Mounting plugin VisualStudioCodeSourceCodeAccess
LogPluginManager: Mounting plugin VisualStudioSourceCodeAccess
LogPluginManager: Mounting plugin XCodeSourceCodeAccess
LogPluginManager: Mounting plugin AssetManagerEditor
LogPluginManager: Mounting plugin CryptoKeys
LogPluginManager: Mounting plugin DataValidation
LogPluginManager: Mounting plugin FacialAnimation
LogPluginManager: Mounting plugin GameplayTagsEditor
LogPluginManager: Mounting plugin MacGraphicsSwitching
LogPluginManager: Mounting plugin MeshEditor
LogPluginManager: Mounting plugin MobileLauncherProfileWizard
LogPluginManager: Mounting plugin PluginBrowser
LogPluginManager: Mounting plugin SpeedTreeImporter
LogPluginManager: Mounting plugin DatasmithContent
LogPluginManager: Mounting plugin VariantManagerContent
LogPluginManager: Mounting plugin AlembicImporter
LogPluginManager: Mounting plugin AppleImageUtils
LogPluginManager: Mounting plugin AppleVision
LogPluginManager: Mounting plugin BackChannel
LogPluginManager: Mounting plugin CharacterAI
LogPluginManager: Mounting plugin GeometryCache
LogPluginManager: Mounting plugin HTML5Networking
LogPluginManager: Mounting plugin ProxyLODPlugin
LogPluginManager: Mounting plugin MagicLeap
LogPluginManager: Mounting plugin MagicLeapMedia
LogPluginManager: Mounting plugin AndroidMedia
LogPluginManager: Mounting plugin AvfMedia
LogPluginManager: Mounting plugin ImgMedia
LogPluginManager: Mounting plugin LinearTimecode
LogPluginManager: Mounting plugin MediaCompositing
LogPluginManager: Mounting plugin MediaPlayerEditor
LogPluginManager: Mounting plugin WebMMedia
LogPluginManager: Mounting plugin WmfMedia
LogPluginManager: Mounting plugin TcpMessaging
LogPluginManager: Mounting plugin UdpMessaging
LogPluginManager: Mounting plugin ActorSequence
LogPluginManager: Mounting plugin LevelSequenceEditor
LogPluginManager: Mounting plugin MatineeToLevelSequence
LogPluginManager: Mounting plugin NetcodeUnitTest
LogPluginManager: Mounting plugin NUTUnrealEngine4
LogPluginManager: Mounting plugin OnlineSubsystemGooglePlay
LogPluginManager: Mounting plugin OnlineSubsystemIOS
LogPluginManager: Mounting plugin OnlineSubsystem
LogPluginManager: Mounting plugin OnlineSubsystemNull
LogPluginManager: Mounting plugin OnlineSubsystemUtils
LogPluginManager: Mounting plugin LauncherChunkInstaller
LogPluginManager: Mounting plugin AndroidDeviceProfileSelector
LogPluginManager: Mounting plugin AndroidMoviePlayer
LogPluginManager: Mounting plugin AndroidPermission
LogPluginManager: Mounting plugin AppleMoviePlayer
LogPluginManager: Mounting plugin ArchVisCharacter
LogPluginManager: Mounting plugin AudioCapture
LogPluginManager: Mounting plugin CableComponent
LogPluginManager: Mounting plugin CustomMeshComponent
LogPluginManager: Mounting plugin EditableMesh
LogPluginManager: Mounting plugin ExampleDeviceProfileSelector
LogPluginManager: Mounting plugin Firebase
LogPluginManager: Mounting plugin GoogleCloudMessaging
LogPluginManager: Mounting plugin IOSDeviceProfileSelector
LogPluginManager: Mounting plugin LinuxDeviceProfileSelector
LogPluginManager: Mounting plugin LocationServicesBPLibrary
LogPluginManager: Mounting plugin MobilePatchingUtils
LogPluginManager: Mounting plugin OculusVR
LogPluginManager: Mounting plugin PhysXVehicles
LogPluginManager: Mounting plugin ProceduralMeshComponent
LogPluginManager: Mounting plugin RuntimePhysXCooking
LogPluginManager: Mounting plugin SteamVR
LogPluginManager: Mounting plugin WebMMoviePlayer
LogPluginManager: Mounting plugin WindowsMoviePlayer
LogStreaming: Display: Took  0.076s to configure plugins.
LogInit: Using libcurl 7.55.1-DEV
LogInit:  - built for x86_64-pc-win32
LogInit:  - supports SSL with OpenSSL/1.0.2h
LogInit:  - supports HTTP deflate (compression) using libz 1.2.8
LogInit:  - other features:
LogInit:      CURL_VERSION_SSL
LogInit:      CURL_VERSION_LIBZ
LogInit:      CURL_VERSION_IPV6
LogInit:      CURL_VERSION_ASYNCHDNS
LogInit:      CURL_VERSION_LARGEFILE
LogInit:      CURL_VERSION_IDN
LogInit:  CurlRequestOptions (configurable via config and command line):
LogInit:  - bVerifyPeer = true  - Libcurl will verify peer certificate
LogInit:  - bUseHttpProxy = false  - Libcurl will NOT use HTTP proxy
LogInit:  - bDontReuseConnections = false  - Libcurl will reuse connections
LogInit:  - MaxHostConnections = 16  - Libcurl will limit the number of connections to a host
LogInit:  - LocalHostAddr = Default
LogInit:  - BufferSize = 65536
LogInit: WinSock: version 1.1 (2.2), MaxSocks=32767, MaxUdp=65467
LogInit: Build: ++UE4+Release-4.21-CL-4613538
LogInit: Engine Version: 4.21.1-4613538+++UE4+Release-4.21
LogInit: Compatible Engine Version: 4.21.0-4541578+++UE4+Release-4.21
LogInit: Net CL: 4541578
LogInit: OS: Windows 10 (), CPU: Intel(R) Core(TM) i7-7700HQ CPU @ 2.80GHz, GPU: Intel(R) HD Graphics 630
LogInit: Compiled (64-bit): Nov 30 2018 04:13:25
LogInit: Compiled with Visual C++: 19.13.26129.00
LogInit: Build Configuration: Development
LogInit: Branch Name: ++UE4+Release-4.21
LogInit: Command Line: 
LogInit: Base Directory: D:/Program files/Unreal/UE_4.21/Engine/Binaries/Win64/
LogInit: Installed Engine Build: 1
LogDevObjectVersion: Number of dev versions registered: 22
LogDevObjectVersion:   Dev-Blueprints (B0D832E4-1F89-4F0D-ACCF-7EB736FD4AA2): 10
LogDevObjectVersion:   Dev-Build (E1C64328-A22C-4D53-A36C-8E866417BD8C): 0
LogDevObjectVersion:   Dev-Core (375EC13C-06E4-48FB-B500-84F0262A717E): 2
LogDevObjectVersion:   Dev-Editor (E4B068ED-F494-42E9-A231-DA0B2E46BB41): 26
LogDevObjectVersion:   Dev-Framework (CFFC743F-43B0-4480-9391-14DF171D2073): 34
LogDevObjectVersion:   Dev-Mobile (B02B49B5-BB20-44E9-A304-32B752E40360): 2
LogDevObjectVersion:   Dev-Networking (A4E4105C-59A1-49B5-A7C5-40C4547EDFEE): 0
LogDevObjectVersion:   Dev-Online (39C831C9-5AE6-47DC-9A44-9C173E1C8E7C): 0
LogDevObjectVersion:   Dev-Physics (78F01B33-EBEA-4F98-B9B4-84EACCB95AA2): 0
LogDevObjectVersion:   Dev-Platform (6631380F-2D4D-43E0-8009-CF276956A95A): 0
LogDevObjectVersion:   Dev-Rendering (12F88B9F-8875-4AFC-A67C-D90C383ABD29): 27
LogDevObjectVersion:   Dev-Sequencer (7B5AE74C-D270-4C10-A958-57980B212A5A): 9
LogDevObjectVersion:   Dev-VR (D7296918-1DD6-4BDD-9DE2-64A83CC13884): 2
LogDevObjectVersion:   Dev-LoadTimes (C2A15278-BFE7-4AFE-6C17-90FF531DF755): 1
LogDevObjectVersion:   Private-Geometry (6EACA3D4-40EC-4CC1-B786-8BED09428FC5): 3
LogDevObjectVersion:   Dev-AnimPhys (29E575DD-E0A3-4627-9D10-D276232CDCEA): 17
LogDevObjectVersion:   Dev-Anim (AF43A65D-7FD3-4947-9873-3E8ED9C1BB05): 2
LogDevObjectVersion:   Dev-ReflectionCapture (6B266CEC-1EC7-4B8F-A30B-E4D90942FC07): 1
LogDevObjectVersion:   Dev-Automation (0DF73D61-A23F-47EA-B727-89E90C41499A): 1
LogDevObjectVersion:   FortniteMain (601D1886-AC64-4F84-AA16-D3DE0DEAC7D6): 17
LogDevObjectVersion:   Dev-Enterprise (9DFFBCD6-494F-0158-E221-12823C92A888): 4
LogDevObjectVersion:   Dev-Niagara (F2AED0AC-9AFE-416F-8664-AA7FFA26D6FC): 1
LogStreaming: Display: Took  0.006s to delete old logs.
LogInit: Presizing for max 8388607 objects, including 0 objects not considered by GC, pre-allocating 0 bytes for permanent pool.
LogInit: Object subsystem initialized
LogConfig: Setting CVar [[con.DebugEarlyDefault:1]]
LogConfig: Setting CVar [[r.setres:1280x720]]
[2018.12.20-23.04.19:497][  0]LogConfig: Setting CVar [[r.VSync:0]]
[2018.12.20-23.04.19:497][  0]LogConfig: Setting CVar [[r.RHICmdBypass:0]]
[2018.12.20-23.04.19:497][  0]LogConfig: Applying CVar settings from Section [/Script/Engine.RendererSettings] File [C:/Users/simon/Documents/Unreal Projects/wolfy 4.21/Saved/Config/Windows/Engine.ini]
[2018.12.20-23.04.19:497][  0]LogConfig: Setting CVar [[r.GPUCrashDebugging:0]]
[2018.12.20-23.04.19:497][  0]LogConfig: Setting CVar [[r.CustomDepth:3]]
[2018.12.20-23.04.19:497][  0]LogConfig: Applying CVar settings from Section [/Script/Engine.RendererOverrideSettings] File [C:/Users/simon/Documents/Unreal Projects/wolfy 4.21/Saved/Config/Windows/Engine.ini]
[2018.12.20-23.04.19:497][  0]LogConfig: Applying CVar settings from Section [/Script/Engine.StreamingSettings] File [C:/Users/simon/Documents/Unreal Projects/wolfy 4.21/Saved/Config/Windows/Engine.ini]
[2018.12.20-23.04.19:497][  0]LogConfig: Setting CVar [[s.MinBulkDataSizeForAsyncLoading:131072]]
[2018.12.20-23.04.19:497][  0]LogConfig: Setting CVar [[s.AsyncLoadingThreadEnabled:0]]
[2018.12.20-23.04.19:497][  0]LogConfig: Setting CVar [[s.EventDrivenLoaderEnabled:1]]
[2018.12.20-23.04.19:497][  0]LogConfig: Setting CVar [[s.WarnIfTimeLimitExceeded:0]]
[2018.12.20-23.04.19:497][  0]LogConfig: Setting CVar [[s.TimeLimitExceededMultiplier:1.5]]
[2018.12.20-23.04.19:497][  0]LogConfig: Setting CVar [[s.TimeLimitExceededMinTime:0.005]]
[2018.12.20-23.04.19:497][  0]LogConfig: Setting CVar [[s.UseBackgroundLevelStreaming:1]]
[2018.12.20-23.04.19:497][  0]LogConfig: Setting CVar [[s.PriorityAsyncLoadingExtraTime:15.0]]
[2018.12.20-23.04.19:497][  0]LogConfig: Setting CVar [[s.LevelStreamingActorsUpdateTimeLimit:5.0]]
[2018.12.20-23.04.19:497][  0]LogConfig: Setting CVar [[s.PriorityLevelStreamingActorsUpdateExtraTime:5.0]]
[2018.12.20-23.04.19:497][  0]LogConfig: Setting CVar [[s.LevelStreamingComponentsRegistrationGranularity:10]]
[2018.12.20-23.04.19:497][  0]LogConfig: Setting CVar [[s.UnregisterComponentsTimeLimit:1.0]]
[2018.12.20-23.04.19:497][  0]LogConfig: Setting CVar [[s.LevelStreamingComponentsUnregistrationGranularity:5]]
[2018.12.20-23.04.19:497][  0]LogConfig: Applying CVar settings from Section [/Script/Engine.GarbageCollectionSettings] File [C:/Users/simon/Documents/Unreal Projects/wolfy 4.21/Saved/Config/Windows/Engine.ini]
[2018.12.20-23.04.19:497][  0]LogConfig: Setting CVar [[gc.MaxObjectsNotConsideredByGC:1]]
[2018.12.20-23.04.19:497][  0]LogConfig: Setting CVar [[gc.SizeOfPermanentObjectPool:0]]
[2018.12.20-23.04.19:497][  0]LogConfig: Setting CVar [[gc.FlushStreamingOnGC:0]]
[2018.12.20-23.04.19:497][  0]LogConfig: Setting CVar [[gc.NumRetriesBeforeForcingGC:10]]
[2018.12.20-23.04.19:497][  0]LogConfig: Setting CVar [[gc.AllowParallelGC:1]]
[2018.12.20-23.04.19:497][  0]LogConfig: Setting CVar [[gc.TimeBetweenPurgingPendingKillObjects:61.1]]
[2018.12.20-23.04.19:497][  0]LogConfig: Setting CVar [[gc.MaxObjectsInEditor:8388607]]
[2018.12.20-23.04.19:497][  0]LogConfig: Setting CVar [[gc.IncrementalBeginDestroyEnabled:1]]
[2018.12.20-23.04.19:497][  0]LogConfig: Setting CVar [[gc.CreateGCClusters:1]]
[2018.12.20-23.04.19:497][  0]LogConfig: Setting CVar [[gc.MergeGCClusters:0]]
[2018.12.20-23.04.19:497][  0]LogConfig: Setting CVar [[gc.MinGCClusterSize:5]]
[2018.12.20-23.04.19:497][  0]LogConfig: Setting CVar [[gc.ActorClusteringEnabled:0]]
[2018.12.20-23.04.19:497][  0]LogConfig: Setting CVar [[gc.BlueprintClusteringEnabled:0]]
[2018.12.20-23.04.19:497][  0]LogConfig: Setting CVar [[gc.UseDisregardForGCOnDedicatedServers:0]]
[2018.12.20-23.04.19:497][  0]LogConfig: Applying CVar settings from Section [/Script/Engine.NetworkSettings] File [C:/Users/simon/Documents/Unreal Projects/wolfy 4.21/Saved/Config/Windows/Engine.ini]
[2018.12.20-23.04.19:497][  0]LogConfig: Applying CVar settings from Section [/Script/UnrealEd.CookerSettings] File [C:/Users/simon/Documents/Unreal Projects/wolfy 4.21/Saved/Config/Windows/Engine.ini]
[2018.12.20-23.04.19:499][  0]LogConfig: Applying CVar settings from Section [ViewDistanceQuality@3] File [C:/Users/simon/Documents/Unreal Projects/wolfy 4.21/Saved/Config/Windows/Scalability.ini]
[2018.12.20-23.04.19:499][  0]LogConfig: Setting CVar [[r.SkeletalMeshLODBias:0]]
[2018.12.20-23.04.19:499][  0]LogConfig: Setting CVar [[r.ViewDistanceScale:1.0]]
[2018.12.20-23.04.19:499][  0]LogConfig: Applying CVar settings from Section [AntiAliasingQuality@3] File [C:/Users/simon/Documents/Unreal Projects/wolfy 4.21/Saved/Config/Windows/Scalability.ini]
[2018.12.20-23.04.19:499][  0]LogConfig: Setting CVar [[r.PostProcessAAQuality:4]]
[2018.12.20-23.04.19:499][  0]LogConfig: Applying CVar settings from Section [ShadowQuality@3] File [C:/Users/simon/Documents/Unreal Projects/wolfy 4.21/Saved/Config/Windows/Scalability.ini]
[2018.12.20-23.04.19:499][  0]LogConfig: Setting CVar [[r.LightFunctionQuality:1]]
[2018.12.20-23.04.19:499][  0]LogConfig: Setting CVar [[r.ShadowQuality:5]]
[2018.12.20-23.04.19:499][  0]LogConfig: Setting CVar [[r.Shadow.CSM.MaxCascades:10]]
[2018.12.20-23.04.19:499][  0]LogConfig: Setting CVar [[r.Shadow.MaxResolution:2048]]
[2018.12.20-23.04.19:499][  0]LogConfig: Setting CVar [[r.Shadow.MaxCSMResolution:2048]]
[2018.12.20-23.04.19:499][  0]LogConfig: Setting CVar [[r.Shadow.RadiusThreshold:0.01]]
[2018.12.20-23.04.19:499][  0]LogConfig: Setting CVar [[r.Shadow.DistanceScale:1.0]]
[2018.12.20-23.04.19:499][  0]LogConfig: Setting CVar [[r.Shadow.CSM.TransitionScale:1.0]]
[2018.12.20-23.04.19:499][  0]LogConfig: Setting CVar [[r.Shadow.PreShadowResolutionFactor:1.0]]
[2018.12.20-23.04.19:499][  0]LogConfig: Setting CVar [[r.DistanceFieldShadowing:1]]
[2018.12.20-23.04.19:499][  0]LogConfig: Setting CVar [[r.DistanceFieldAO:1]]
[2018.12.20-23.04.19:499][  0]LogConfig: Setting CVar [[r.AOQuality:2]]
[2018.12.20-23.04.19:499][  0]LogConfig: Setting CVar [[r.VolumetricFog:1]]
[2018.12.20-23.04.19:499][  0]LogConfig: Setting CVar [[r.VolumetricFog.GridPixelSize:8]]
[2018.12.20-23.04.19:499][  0]LogConfig: Setting CVar [[r.VolumetricFog.GridSizeZ:128]]
[2018.12.20-23.04.19:499][  0]LogConfig: Setting CVar [[r.VolumetricFog.HistoryMissSupersampleCount:4]]
[2018.12.20-23.04.19:499][  0]LogConfig: Setting CVar [[r.LightMaxDrawDistanceScale:1]]
[2018.12.20-23.04.19:499][  0]LogConfig: Setting CVar [[r.CapsuleShadows:1]]
[2018.12.20-23.04.19:499][  0]LogConfig: Applying CVar settings from Section [PostProcessQuality@3] File [C:/Users/simon/Documents/Unreal Projects/wolfy 4.21/Saved/Config/Windows/Scalability.ini]
[2018.12.20-23.04.19:499][  0]LogConfig: Setting CVar [[r.MotionBlurQuality:4]]
[2018.12.20-23.04.19:499][  0]LogConfig: Setting CVar [[r.AmbientOcclusionMipLevelFactor:0.4]]
[2018.12.20-23.04.19:499][  0]LogConfig: Setting CVar [[r.AmbientOcclusionMaxQuality:100]]
[2018.12.20-23.04.19:499][  0]LogConfig: Setting CVar [[r.AmbientOcclusionLevels:-1]]
[2018.12.20-23.04.19:499][  0]LogConfig: Setting CVar [[r.AmbientOcclusionRadiusScale:1.0]]
[2018.12.20-23.04.19:499][  0]LogConfig: Setting CVar [[r.DepthOfFieldQuality:2]]
[2018.12.20-23.04.19:499][  0]LogConfig: Setting CVar [[r.RenderTargetPoolMin:400]]
[2018.12.20-23.04.19:499][  0]LogConfig: Setting CVar [[r.LensFlareQuality:2]]
[2018.12.20-23.04.19:499][  0]LogConfig: Setting CVar [[r.SceneColorFringeQuality:1]]
[2018.12.20-23.04.19:499][  0]LogConfig: Setting CVar [[r.EyeAdaptationQuality:2]]
[2018.12.20-23.04.19:499][  0]LogConfig: Setting CVar [[r.BloomQuality:5]]
[2018.12.20-23.04.19:499][  0]LogConfig: Setting CVar [[r.FastBlurThreshold:100]]
[2018.12.20-23.04.19:499][  0]LogConfig: Setting CVar [[r.Upscale.Quality:3]]
[2018.12.20-23.04.19:499][  0]LogConfig: Setting CVar [[r.Tonemapper.GrainQuantization:1]]
[2018.12.20-23.04.19:499][  0]LogConfig: Setting CVar [[r.LightShaftQuality:1]]
[2018.12.20-23.04.19:499][  0]LogConfig: Setting CVar [[r.Filter.SizeScale:1]]
[2018.12.20-23.04.19:499][  0]LogConfig: Setting CVar [[r.Tonemapper.Quality:5]]
[2018.12.20-23.04.19:500][  0]LogConfig: Setting CVar [[r.DOF.Gather.AccumulatorQuality:1        ; higher gathering accumulator quality]]
[2018.12.20-23.04.19:500][  0]LogConfig: Setting CVar [[r.DOF.Gather.PostfilterMethod:1          ; Median3x3 postfilering method]]
[2018.12.20-23.04.19:500][  0]LogConfig: Setting CVar [[r.DOF.Gather.EnableBokehSettings:0       ; no bokeh simulation when gathering]]
[2018.12.20-23.04.19:500][  0]LogConfig: Setting CVar [[r.DOF.Gather.RingCount:4                 ; medium number of samples when gathering]]
[2018.12.20-23.04.19:500][  0]LogConfig: Setting CVar [[r.DOF.Scatter.ForegroundCompositing:1    ; additive foreground scattering]]
[2018.12.20-23.04.19:500][  0]LogConfig: Setting CVar [[r.DOF.Scatter.BackgroundCompositing:2    ; additive background scattering]]
[2018.12.20-23.04.19:500][  0]LogConfig: Setting CVar [[r.DOF.Scatter.EnableBokehSettings:1      ; bokeh simulation when scattering]]
[2018.12.20-23.04.19:500][  0]LogConfig: Setting CVar [[r.DOF.Scatter.MaxSpriteRatio:0.1         ; only a maximum of 10% of scattered bokeh]]
[2018.12.20-23.04.19:500][  0]LogConfig: Setting CVar [[r.DOF.Recombine.Quality:1                ; cheap slight out of focus]]
[2018.12.20-23.04.19:500][  0]LogConfig: Setting CVar [[r.DOF.Recombine.EnableBokehSettings:0    ; no bokeh simulation on slight out of focus]]
[2018.12.20-23.04.19:500][  0]LogConfig: Setting CVar [[r.DOF.TemporalAAQuality:1                ; more stable temporal accumulation]]
[2018.12.20-23.04.19:500][  0]LogConfig: Setting CVar [[r.DOF.Kernel.MaxForegroundRadius:0.025]]
[2018.12.20-23.04.19:500][  0]LogConfig: Setting CVar [[r.DOF.Kernel.MaxBackgroundRadius:0.025]]
[2018.12.20-23.04.19:500][  0]LogConfig: Applying CVar settings from Section [TextureQuality@3] File [C:/Users/simon/Documents/Unreal Projects/wolfy 4.21/Saved/Config/Windows/Scalability.ini]
[2018.12.20-23.04.19:500][  0]LogConfig: Setting CVar [[r.Streaming.MipBias:0]]
[2018.12.20-23.04.19:500][  0]LogConfig: Setting CVar [[r.Streaming.AmortizeCPUToGPUCopy:0]]
[2018.12.20-23.04.19:500][  0]LogConfig: Setting CVar [[r.Streaming.MaxNumTexturesToStreamPerFrame:0]]
[2018.12.20-23.04.19:500][  0]LogConfig: Setting CVar [[r.Streaming.Boost:1]]
[2018.12.20-23.04.19:500][  0]LogConfig: Setting CVar [[r.MaxAnisotropy:8]]
[2018.12.20-23.04.19:500][  0]LogConfig: Setting CVar [[r.Streaming.LimitPoolSizeToVRAM:0]]
[2018.12.20-23.04.19:500][  0]LogConfig: Setting CVar [[r.Streaming.PoolSize:1000]]
[2018.12.20-23.04.19:500][  0]LogConfig: Setting CVar [[r.Streaming.MaxEffectiveScreenSize:0]]
[2018.12.20-23.04.19:500][  0]LogConfig: Applying CVar settings from Section [EffectsQuality@3] File [C:/Users/simon/Documents/Unreal Projects/wolfy 4.21/Saved/Config/Windows/Scalability.ini]
[2018.12.20-23.04.19:500][  0]LogConfig: Setting CVar [[r.TranslucencyLightingVolumeDim:64]]
[2018.12.20-23.04.19:500][  0]LogConfig: Setting CVar [[r.RefractionQuality:2]]
[2018.12.20-23.04.19:500][  0]LogConfig: Setting CVar [[r.SSR.Quality:3]]
[2018.12.20-23.04.19:500][  0]LogConfig: Setting CVar [[r.SceneColorFormat:4]]
[2018.12.20-23.04.19:500][  0]LogConfig: Setting CVar [[r.DetailMode:2]]
[2018.12.20-23.04.19:500][  0]LogConfig: Setting CVar [[r.TranslucencyVolumeBlur:1]]
[2018.12.20-23.04.19:500][  0]LogConfig: Setting CVar [[r.MaterialQualityLevel:1 ; High quality]]
[2018.12.20-23.04.19:500][  0]LogConfig: Setting CVar [[r.SSS.Scale:1]]
[2018.12.20-23.04.19:500][  0]LogConfig: Setting CVar [[r.SSS.SampleSet:2]]
[2018.12.20-23.04.19:500][  0]LogConfig: Setting CVar [[r.SSS.Quality:1]]
[2018.12.20-23.04.19:500][  0]LogConfig: Setting CVar [[r.SSS.HalfRes:1]]
[2018.12.20-23.04.19:500][  0]LogConfig: Setting CVar [[r.EmitterSpawnRateScale:1.0]]
[2018.12.20-23.04.19:500][  0]LogConfig: Setting CVar [[r.ParticleLightQuality:2]]
[2018.12.20-23.04.19:500][  0]LogConfig: Applying CVar settings from Section [FoliageQuality@3] File [C:/Users/simon/Documents/Unreal Projects/wolfy 4.21/Saved/Config/Windows/Scalability.ini]
[2018.12.20-23.04.19:500][  0]LogConfig: Setting CVar [[foliage.DensityScale:1.0]]
[2018.12.20-23.04.19:500][  0]LogConfig: Setting CVar [[grass.DensityScale:1.0]]
[2018.12.20-23.04.19:500][  0]LogInit: Selected Device Profile: [Windows]
[2018.12.20-23.04.19:500][  0]LogInit: Applying CVar settings loaded from the selected device profile: [Windows]
[2018.12.20-23.04.19:520][  0]LogHAL: Display: Platform has ~ 16 GB [17055186944 / 17179869184 / 16], which maps to Larger [LargestMinGB=32, LargerMinGB=12, DefaultMinGB=8, SmallerMinGB=6, SmallestMinGB=0)
[2018.12.20-23.04.19:520][  0]LogConfig: Setting CVar [[r.Vulkan.UseRealUBs:1]]
[2018.12.20-23.04.19:520][  0]LogInit: Going up to parent DeviceProfile []
[2018.12.20-23.04.19:520][  0]LogConfig: Applying CVar settings from Section [ViewDistanceQuality@3] File [C:/Users/simon/Documents/Unreal Projects/wolfy 4.21/Saved/Config/Windows/Scalability.ini]
[2018.12.20-23.04.19:520][  0]LogConfig: Setting CVar [[r.SkeletalMeshLODBias:0]]
[2018.12.20-23.04.19:520][  0]LogConfig: Setting CVar [[r.ViewDistanceScale:1.0]]
[2018.12.20-23.04.19:520][  0]LogConfig: Applying CVar settings from Section [AntiAliasingQuality@3] File [C:/Users/simon/Documents/Unreal Projects/wolfy 4.21/Saved/Config/Windows/Scalability.ini]
[2018.12.20-23.04.19:520][  0]LogConfig: Setting CVar [[r.PostProcessAAQuality:4]]
[2018.12.20-23.04.19:520][  0]LogConfig: Applying CVar settings from Section [ShadowQuality@3] File [C:/Users/simon/Documents/Unreal Projects/wolfy 4.21/Saved/Config/Windows/Scalability.ini]
[2018.12.20-23.04.19:520][  0]LogConfig: Setting CVar [[r.LightFunctionQuality:1]]
[2018.12.20-23.04.19:520][  0]LogConfig: Setting CVar [[r.ShadowQuality:5]]
[2018.12.20-23.04.19:520][  0]LogConfig: Setting CVar [[r.Shadow.CSM.MaxCascades:10]]
[2018.12.20-23.04.19:520][  0]LogConfig: Setting CVar [[r.Shadow.MaxResolution:2048]]
[2018.12.20-23.04.19:520][  0]LogConfig: Setting CVar [[r.Shadow.MaxCSMResolution:2048]]
[2018.12.20-23.04.19:520][  0]LogConfig: Setting CVar [[r.Shadow.RadiusThreshold:0.01]]
[2018.12.20-23.04.19:520][  0]LogConfig: Setting CVar [[r.Shadow.DistanceScale:1.0]]
[2018.12.20-23.04.19:520][  0]LogConfig: Setting CVar [[r.Shadow.CSM.TransitionScale:1.0]]
[2018.12.20-23.04.19:520][  0]LogConfig: Setting CVar [[r.Shadow.PreShadowResolutionFactor:1.0]]
[2018.12.20-23.04.19:520][  0]LogConfig: Setting CVar [[r.DistanceFieldShadowing:1]]
[2018.12.20-23.04.19:520][  0]LogConfig: Setting CVar [[r.DistanceFieldAO:1]]
[2018.12.20-23.04.19:520][  0]LogConfig: Setting CVar [[r.AOQuality:2]]
[2018.12.20-23.04.19:520][  0]LogConfig: Setting CVar [[r.VolumetricFog:1]]
[2018.12.20-23.04.19:520][  0]LogConfig: Setting CVar [[r.VolumetricFog.GridPixelSize:8]]
[2018.12.20-23.04.19:520][  0]LogConfig: Setting CVar [[r.VolumetricFog.GridSizeZ:128]]
[2018.12.20-23.04.19:520][  0]LogConfig: Setting CVar [[r.VolumetricFog.HistoryMissSupersampleCount:4]]
[2018.12.20-23.04.19:520][  0]LogConfig: Setting CVar [[r.LightMaxDrawDistanceScale:1]]
[2018.12.20-23.04.19:520][  0]LogConfig: Setting CVar [[r.CapsuleShadows:1]]
[2018.12.20-23.04.19:520][  0]LogConfig: Applying CVar settings from Section [PostProcessQuality@3] File [C:/Users/simon/Documents/Unreal Projects/wolfy 4.21/Saved/Config/Windows/Scalability.ini]
[2018.12.20-23.04.19:520][  0]LogConfig: Setting CVar [[r.MotionBlurQuality:4]]
[2018.12.20-23.04.19:520][  0]LogConfig: Setting CVar [[r.AmbientOcclusionMipLevelFactor:0.4]]
[2018.12.20-23.04.19:520][  0]LogConfig: Setting CVar [[r.AmbientOcclusionMaxQuality:100]]
[2018.12.20-23.04.19:520][  0]LogConfig: Setting CVar [[r.AmbientOcclusionLevels:-1]]
[2018.12.20-23.04.19:520][  0]LogConfig: Setting CVar [[r.AmbientOcclusionRadiusScale:1.0]]
[2018.12.20-23.04.19:520][  0]LogConfig: Setting CVar [[r.DepthOfFieldQuality:2]]
[2018.12.20-23.04.19:520][  0]LogConfig: Setting CVar [[r.RenderTargetPoolMin:400]]
[2018.12.20-23.04.19:520][  0]LogConfig: Setting CVar [[r.LensFlareQuality:2]]
[2018.12.20-23.04.19:520][  0]LogConfig: Setting CVar [[r.SceneColorFringeQuality:1]]
[2018.12.20-23.04.19:520][  0]LogConfig: Setting CVar [[r.EyeAdaptationQuality:2]]
[2018.12.20-23.04.19:520][  0]LogConfig: Setting CVar [[r.BloomQuality:5]]
[2018.12.20-23.04.19:520][  0]LogConfig: Setting CVar [[r.FastBlurThreshold:100]]
[2018.12.20-23.04.19:520][  0]LogConfig: Setting CVar [[r.Upscale.Quality:3]]
[2018.12.20-23.04.19:520][  0]LogConfig: Setting CVar [[r.Tonemapper.GrainQuantization:1]]
[2018.12.20-23.04.19:520][  0]LogConfig: Setting CVar [[r.LightShaftQuality:1]]
[2018.12.20-23.04.19:520][  0]LogConfig: Setting CVar [[r.Filter.SizeScale:1]]
[2018.12.20-23.04.19:520][  0]LogConfig: Setting CVar [[r.Tonemapper.Quality:5]]
[2018.12.20-23.04.19:520][  0]LogConfig: Setting CVar [[r.DOF.Gather.AccumulatorQuality:1        ; higher gathering accumulator quality]]
[2018.12.20-23.04.19:520][  0]LogConfig: Setting CVar [[r.DOF.Gather.PostfilterMethod:1          ; Median3x3 postfilering method]]
[2018.12.20-23.04.19:520][  0]LogConfig: Setting CVar [[r.DOF.Gather.EnableBokehSettings:0       ; no bokeh simulation when gathering]]
[2018.12.20-23.04.19:520][  0]LogConfig: Setting CVar [[r.DOF.Gather.RingCount:4                 ; medium number of samples when gathering]]
[2018.12.20-23.04.19:520][  0]LogConfig: Setting CVar [[r.DOF.Scatter.ForegroundCompositing:1    ; additive foreground scattering]]
[2018.12.20-23.04.19:520][  0]LogConfig: Setting CVar [[r.DOF.Scatter.BackgroundCompositing:2    ; additive background scattering]]
[2018.12.20-23.04.19:520][  0]LogConfig: Setting CVar [[r.DOF.Scatter.EnableBokehSettings:1      ; bokeh simulation when scattering]]
[2018.12.20-23.04.19:520][  0]LogConfig: Setting CVar [[r.DOF.Scatter.MaxSpriteRatio:0.1         ; only a maximum of 10% of scattered bokeh]]
[2018.12.20-23.04.19:520][  0]LogConfig: Setting CVar [[r.DOF.Recombine.Quality:1                ; cheap slight out of focus]]
[2018.12.20-23.04.19:520][  0]LogConfig: Setting CVar [[r.DOF.Recombine.EnableBokehSettings:0    ; no bokeh simulation on slight out of focus]]
[2018.12.20-23.04.19:520][  0]LogConfig: Setting CVar [[r.DOF.TemporalAAQuality:1                ; more stable temporal accumulation]]
[2018.12.20-23.04.19:520][  0]LogConfig: Setting CVar [[r.DOF.Kernel.MaxForegroundRadius:0.025]]
[2018.12.20-23.04.19:520][  0]LogConfig: Setting CVar [[r.DOF.Kernel.MaxBackgroundRadius:0.025]]
[2018.12.20-23.04.19:520][  0]LogConfig: Applying CVar settings from Section [TextureQuality@3] File [C:/Users/simon/Documents/Unreal Projects/wolfy 4.21/Saved/Config/Windows/Scalability.ini]
[2018.12.20-23.04.19:520][  0]LogConfig: Setting CVar [[r.Streaming.MipBias:0]]
[2018.12.20-23.04.19:520][  0]LogConfig: Setting CVar [[r.Streaming.AmortizeCPUToGPUCopy:0]]
[2018.12.20-23.04.19:520][  0]LogConfig: Setting CVar [[r.Streaming.MaxNumTexturesToStreamPerFrame:0]]
[2018.12.20-23.04.19:520][  0]LogConfig: Setting CVar [[r.Streaming.Boost:1]]
[2018.12.20-23.04.19:520][  0]LogConfig: Setting CVar [[r.MaxAnisotropy:8]]
[2018.12.20-23.04.19:520][  0]LogConfig: Setting CVar [[r.Streaming.LimitPoolSizeToVRAM:0]]
[2018.12.20-23.04.19:520][  0]LogConfig: Setting CVar [[r.Streaming.PoolSize:1000]]
[2018.12.20-23.04.19:520][  0]LogConfig: Setting CVar [[r.Streaming.MaxEffectiveScreenSize:0]]
[2018.12.20-23.04.19:520][  0]LogConfig: Applying CVar settings from Section [EffectsQuality@3] File [C:/Users/simon/Documents/Unreal Projects/wolfy 4.21/Saved/Config/Windows/Scalability.ini]
[2018.12.20-23.04.19:520][  0]LogConfig: Setting CVar [[r.TranslucencyLightingVolumeDim:64]]
[2018.12.20-23.04.19:520][  0]LogConfig: Setting CVar [[r.RefractionQuality:2]]
[2018.12.20-23.04.19:520][  0]LogConfig: Setting CVar [[r.SSR.Quality:3]]
[2018.12.20-23.04.19:520][  0]LogConfig: Setting CVar [[r.SceneColorFormat:4]]
[2018.12.20-23.04.19:520][  0]LogConfig: Setting CVar [[r.DetailMode:2]]
[2018.12.20-23.04.19:520][  0]LogConfig: Setting CVar [[r.TranslucencyVolumeBlur:1]]
[2018.12.20-23.04.19:520][  0]LogConfig: Setting CVar [[r.MaterialQualityLevel:1 ; High quality]]
[2018.12.20-23.04.19:520][  0]LogConfig: Setting CVar [[r.SSS.Scale:1]]
[2018.12.20-23.04.19:521][  0]LogConfig: Setting CVar [[r.SSS.SampleSet:2]]
[2018.12.20-23.04.19:521][  0]LogConfig: Setting CVar [[r.SSS.Quality:1]]
[2018.12.20-23.04.19:521][  0]LogConfig: Setting CVar [[r.SSS.HalfRes:1]]
[2018.12.20-23.04.19:521][  0]LogConfig: Setting CVar [[r.EmitterSpawnRateScale:1.0]]
[2018.12.20-23.04.19:521][  0]LogConfig: Setting CVar [[r.ParticleLightQuality:2]]
[2018.12.20-23.04.19:521][  0]LogConfig: Applying CVar settings from Section [FoliageQuality@3] File [C:/Users/simon/Documents/Unreal Projects/wolfy 4.21/Saved/Config/Windows/Scalability.ini]
[2018.12.20-23.04.19:521][  0]LogConfig: Setting CVar [[foliage.DensityScale:1.0]]
[2018.12.20-23.04.19:521][  0]LogConfig: Setting CVar [[grass.DensityScale:1.0]]
[2018.12.20-23.04.19:521][  0]LogConfig: Applying CVar settings from Section [Startup] File [../../../Engine/Config/ConsoleVariables.ini]
[2018.12.20-23.04.19:521][  0]LogConfig: Setting CVar [[net.UseAdaptiveNetUpdateFrequency:0]]
[2018.12.20-23.04.19:521][  0]LogConfig: Applying CVar settings from Section [ConsoleVariables] File [C:/Users/simon/Documents/Unreal Projects/wolfy 4.21/Saved/Config/Windows/Engine.ini]
[2018.12.20-23.04.19:521][  0]LogInit: Computer: LAPTOP-6ORP0FSQ
[2018.12.20-23.04.19:521][  0]LogInit: User: simon
[2018.12.20-23.04.19:521][  0]LogInit: CPU Page size=4096, Cores=4
[2018.12.20-23.04.19:521][  0]LogInit: High frequency timer resolution =2.742190 MHz
[2018.12.20-23.04.19:521][  0]LogMemory: Memory total: Physical=15.9GB (16GB approx)
[2018.12.20-23.04.19:521][  0]LogMemory: Platform Memory Stats for Windows
[2018.12.20-23.04.19:521][  0]LogMemory: Process Physical Memory: 104.51 MB used, 104.51 MB peak
[2018.12.20-23.04.19:521][  0]LogMemory: Process Virtual Memory: 93.84 MB used, 93.84 MB peak
[2018.12.20-23.04.19:521][  0]LogMemory: Physical Memory: 6968.99 MB used,  9296.10 MB free, 16265.09 MB total
[2018.12.20-23.04.19:521][  0]LogMemory: Virtual Memory: 4656.17 MB used,  134213072.00 MB free, 134217728.00 MB total
[2018.12.20-23.04.19:537][  0]LogInit: Using OS detected language (en-US).
[2018.12.20-23.04.19:537][  0]LogInit: Using OS detected locale (en-CA).
[2018.12.20-23.04.19:538][  0]LogTextLocalizationManager: No specific localization for 'en-US' exists, so the 'en' localization will be used.
[2018.12.20-23.04.19:901][  0]LogStreaming: Display: Took  0.363s to InitEngineTextLocalization.
[2018.12.20-23.04.19:901][  0]LogInit: Setting process to per monitor DPI aware
[2018.12.20-23.04.19:921][  0]LogSlate: New Slate User Created.  User Index 0, Is Virtual User: 0
[2018.12.20-23.04.19:921][  0]LogSlate: Slate User Registered.  User Index 0, Is Virtual User: 0
[2018.12.20-23.04.20:150][  0]LogHMD: Failed to initialize OpenVR with code 110
[2018.12.20-23.04.20:150][  0]LogD3D11RHI: D3D11 adapters:
[2018.12.20-23.04.20:231][  0]LogD3D11RHI:    0. 'NVIDIA GeForce GTX 1050' (Feature Level 11_0)
[2018.12.20-23.04.20:231][  0]LogD3D11RHI:       4021/0/8132 MB DedicatedVideo/DedicatedSystem/SharedSystem, Outputs:1, VendorId:0x10de
[2018.12.20-23.04.20:238][  0]LogD3D11RHI:    1. 'Intel(R) HD Graphics 630' (Feature Level 11_0)
[2018.12.20-23.04.20:238][  0]LogD3D11RHI:       128/0/8132 MB DedicatedVideo/DedicatedSystem/SharedSystem, Outputs:0, VendorId:0x8086
[2018.12.20-23.04.20:241][  0]LogD3D11RHI:    2. 'Microsoft Basic Render Driver' (Feature Level 11_0)
[2018.12.20-23.04.20:241][  0]LogD3D11RHI:       0/0/8132 MB DedicatedVideo/DedicatedSystem/SharedSystem, Outputs:0, VendorId:0x1414
[2018.12.20-23.04.20:241][  0]LogD3D11RHI: Chosen D3D11 Adapter: 0
[2018.12.20-23.04.20:270][  0]LogD3D11RHI: Creating new Direct3DDevice
[2018.12.20-23.04.20:270][  0]LogD3D11RHI:     GPU DeviceId: 0x1c8d (for the marketing name, search the web for "GPU Device Id")
[2018.12.20-23.04.20:270][  0]LogWindows: EnumDisplayDevices:
[2018.12.20-23.04.20:270][  0]LogWindows:    0. 'Intel(R) HD Graphics 630' (P:1 D:1)
[2018.12.20-23.04.20:271][  0]LogWindows:    1. 'Intel(R) HD Graphics 630' (P:0 D:0)
[2018.12.20-23.04.20:271][  0]LogWindows:    2. 'Intel(R) HD Graphics 630' (P:0 D:0)
[2018.12.20-23.04.20:271][  0]LogWindows: DebugString: PrimaryIsNotTheChoosenAdapter PrimaryIsNotTheChoosenAdapter PrimaryIsNotTheChoosenAdapter FoundDriverCount:0 
[2018.12.20-23.04.20:271][  0]LogD3D11RHI:     Adapter Name: NVIDIA GeForce GTX 1050
[2018.12.20-23.04.20:271][  0]LogD3D11RHI:   Driver Version: Unknown (internal:Unknown, unified:Unknown)
[2018.12.20-23.04.20:271][  0]LogD3D11RHI:      Driver Date: Unknown
[2018.12.20-23.04.20:271][  0]LogRHI: Texture pool is 2814 MB (70% of 4021 MB)
[2018.12.20-23.04.20:316][  0]LogD3D11RHI: Async texture creation enabled
[2018.12.20-23.04.20:351][  0]LogD3D11RHI: GPU Timing Frequency: 1000.000000 (Debug: 2 2)
[2018.12.20-23.04.20:619][  0]LogTemp: Display: Loaded TP AllDesktopTargetPlatform
[2018.12.20-23.04.20:631][  0]LogTemp: Display: Loaded TP MacClientTargetPlatform
[2018.12.20-23.04.20:644][  0]LogTemp: Display: Loaded TP MacNoEditorTargetPlatform
[2018.12.20-23.04.20:655][  0]LogTemp: Display: Loaded TP MacServerTargetPlatform
[2018.12.20-23.04.20:667][  0]LogTemp: Display: Loaded TP MacTargetPlatform
[2018.12.20-23.04.20:678][  0]LogTemp: Display: Loaded TP WindowsClientTargetPlatform
[2018.12.20-23.04.20:689][  0]LogTemp: Display: Loaded TP WindowsNoEditorTargetPlatform
[2018.12.20-23.04.20:701][  0]LogTemp: Display: Loaded TP WindowsServerTargetPlatform
[2018.12.20-23.04.20:706][  0]LogTemp: Display: Loaded TP WindowsTargetPlatform
[2018.12.20-23.04.20:773][  0]LogTemp: Display: Loaded TP AndroidTargetPlatform
[2018.12.20-23.04.20:773][  0]LogTemp: Display: Loaded TP AndroidTargetPlatform
[2018.12.20-23.04.20:773][  0]LogTemp: Display: Loaded TP AndroidTargetPlatform
[2018.12.20-23.04.20:773][  0]LogTemp: Display: Loaded TP AndroidTargetPlatform
[2018.12.20-23.04.20:773][  0]LogTemp: Display: Loaded TP AndroidTargetPlatform
[2018.12.20-23.04.20:773][  0]LogTemp: Display: Loaded TP AndroidTargetPlatform
[2018.12.20-23.04.20:773][  0]LogTemp: Display: Loaded TP AndroidTargetPlatform
[2018.12.20-23.04.20:773][  0]LogTemp: Display: Loaded TP AndroidTargetPlatform
[2018.12.20-23.04.20:773][  0]LogTemp: Display: Loaded TP AndroidTargetPlatform
[2018.12.20-23.04.20:773][  0]LogTemp: Display: Loaded TP AndroidTargetPlatform
[2018.12.20-23.04.20:773][  0]LogTemp: Display: Loaded TP AndroidTargetPlatform
[2018.12.20-23.04.20:773][  0]LogTemp: Display: Loaded TP AndroidTargetPlatform
[2018.12.20-23.04.20:773][  0]LogTemp: Display: Loaded TP AndroidTargetPlatform
[2018.12.20-23.04.20:773][  0]LogTemp: Display: Loaded TP AndroidTargetPlatform
[2018.12.20-23.04.20:773][  0]LogTemp: Display: Loaded TP AndroidTargetPlatform
[2018.12.20-23.04.20:773][  0]LogTemp: Display: Loaded TP AndroidTargetPlatform
[2018.12.20-23.04.20:773][  0]LogTemp: Display: Loaded TP AndroidTargetPlatform
[2018.12.20-23.04.20:773][  0]LogTemp: Display: Loaded TP AndroidTargetPlatform
[2018.12.20-23.04.20:774][  0]LogTemp: Display: Loaded TP HTML5TargetPlatform
[2018.12.20-23.04.20:829][  0]LogTemp: Display: Loaded TP IOSTargetPlatform
[2018.12.20-23.04.20:829][  0]LogTemp: Display: Loaded TP IOSTargetPlatform
[2018.12.20-23.04.20:850][  0]LogTemp: Display: Loaded TP TVOSTargetPlatform
[2018.12.20-23.04.20:850][  0]LogTemp: Display: Loaded TP TVOSTargetPlatform
[2018.12.20-23.04.20:862][  0]LogTemp: Display: Loaded TP LinuxClientTargetPlatform
[2018.12.20-23.04.20:873][  0]LogTemp: Display: Loaded TP LinuxNoEditorTargetPlatform
[2018.12.20-23.04.20:885][  0]LogTemp: Display: Loaded TP LinuxServerTargetPlatform
[2018.12.20-23.04.20:897][  0]LogTemp: Display: Loaded TP LinuxTargetPlatform
[2018.12.20-23.04.20:938][  0]LogTemp: Display: Loaded TP LuminTargetPlatform
[2018.12.20-23.04.20:938][  0]LogTemp: Display: Loaded TP LuminTargetPlatform
[2018.12.20-23.04.20:938][  0]LogTargetPlatformManager: Display: Building Assets For Windows
[2018.12.20-23.04.20:977][  0]LogShaderCompilers: Guid format shader working directory is -6 characters bigger than the processId version (C:/Users/simon/Documents/Unreal Projects/wolfy 4.21/Intermediate/Shaders/WorkingDirectory/18420/).
[2018.12.20-23.04.20:977][  0]LogShaderCompilers: Cleaned the shader compiler working directory 'C:/Users/simon/AppData/Local/Temp/UnrealShaderWorkingDir/A668A1114A0517D5520F88908976F88A/'.
[2018.12.20-23.04.20:978][  0]LogXGEController: Cannot use XGE Controller as Incredibuild is not installed on this machine.
[2018.12.20-23.04.20:978][  0]LogShaderCompilers: Cannot use XGE Shader Compiler as Incredibuild is not installed on this machine.
[2018.12.20-23.04.20:978][  0]LogShaderCompilers: Display: Using Local Shader Compiler.
[2018.12.20-23.04.21:486][  0]LogDerivedDataCache: Display: Max Cache Size: 512 MB
[2018.12.20-23.04.21:540][  0]LogDerivedDataCache: Loaded boot cache 0.05s 71MB C:/Users/simon/AppData/Local/UnrealEngine/4.21/DerivedDataCache/Boot.ddc.
[2018.12.20-23.04.21:540][  0]LogDerivedDataCache: Display: Loaded Boot cache: C:/Users/simon/AppData/Local/UnrealEngine/4.21/DerivedDataCache/Boot.ddc
[2018.12.20-23.04.21:540][  0]LogDerivedDataCache: FDerivedDataBackendGraph:  Pak pak cache file C:/Users/simon/Documents/Unreal Projects/wolfy 4.21/DerivedDataCache/DDC.ddp not found, will not use a pak cache.
[2018.12.20-23.04.21:540][  0]LogDerivedDataCache: Unable to find inner node Pak for hierarchical cache Hierarchy.
[2018.12.20-23.04.21:541][  0]LogDerivedDataCache: FDerivedDataBackendGraph:  CompressedPak pak cache file C:/Users/simon/Documents/Unreal Projects/wolfy 4.21/DerivedDataCache/Compressed.ddp not found, will not use a pak cache.
[2018.12.20-23.04.21:541][  0]LogDerivedDataCache: Unable to find inner node CompressedPak for hierarchical cache Hierarchy.
[2018.12.20-23.04.21:554][  0]LogDerivedDataCache: Display: Pak cache opened for reading ../../../Engine/DerivedDataCache/Compressed.ddp.
[2018.12.20-23.04.21:554][  0]LogDerivedDataCache: FDerivedDataBackendGraph:  EnterprisePak pak cache file ../../../Enterprise/DerivedDataCache/Compressed.ddp not found, will not use a pak cache.
[2018.12.20-23.04.21:554][  0]LogDerivedDataCache: Unable to find inner node EnterprisePak for hierarchical cache Hierarchy.
[2018.12.20-23.04.21:565][  0]LogDerivedDataCache: Using Local data cache path C:/Users/simon/AppData/Local/UnrealEngine/Common/DerivedDataCache: Writable
[2018.12.20-23.04.21:565][  0]LogDerivedDataCache: Shared data cache path not found in *engine.ini, will not use an Shared cache.
[2018.12.20-23.04.21:565][  0]LogDerivedDataCache: Unable to find inner node Shared for hierarchical cache Hierarchy.
[2018.12.20-23.04.21:588][  0]LogMaterial: Verifying Global Shaders for PCD3D_SM5
[2018.12.20-23.04.21:590][  0]LogSlate: Using FreeType 2.6.0
[2018.12.20-23.04.21:590][  0]LogSlate: SlateFontServices - WITH_FREETYPE: 1, WITH_HARFBUZZ: 1
[2018.12.20-23.04.21:675][  0]LogAssetRegistry: FAssetRegistry took 0.0334 seconds to start up
[2018.12.20-23.04.21:975][  0]LogInit: Selected Device Profile: [Windows]
[2018.12.20-23.04.22:134][  0]LogSimplygon: Simplygon DLL not present - disabling.
[2018.12.20-23.04.22:136][  0]LogMeshReduction: Using SimplygonSwarm for distributed automatic mesh merging
[2018.12.20-23.04.22:136][  0]LogMeshReduction: Using ProxyLODMeshReduction for automatic mesh merging
[2018.12.20-23.04.22:136][  0]LogMeshReduction: Using QuadricMeshReduction for automatic static mesh reduction
[2018.12.20-23.04.22:136][  0]LogMeshReduction: No automatic skeletal mesh reduction module available
[2018.12.20-23.04.22:148][  0]LogNetVersion: wolfy 1.0.0, NetCL: 4541578, EngineNetVer: 5, GameNetVer: 0 (Checksum: 1840138777)
[2018.12.20-23.04.22:696][  0]LogPackageLocalizationCache: Processed 11 localized package path(s) for 2 prioritized culture(s) in 0.109359 seconds
[2018.12.20-23.04.22:702][  0]LogUObjectArray: 39775 objects as part of root set at end of initial load.
[2018.12.20-23.04.22:702][  0]LogUObjectAllocator: 6914656 out of 0 bytes used by permanent object pool.
[2018.12.20-23.04.22:702][  0]LogUObjectArray: CloseDisregardForGC: 0/0 objects in disregard for GC pool
[2018.12.20-23.04.23:547][  0]LogTcpMessaging: Initializing TcpMessaging bridge
[2018.12.20-23.04.23:562][  0]LogUdpMessaging: Initializing bridge on interface 0.0.0.0:0 to multicast group 230.0.0.1:6666.
[2018.12.20-23.04.24:208][  0]SourceControl: Source control is disabled
[2018.12.20-23.04.24:208][  0]SourceControl: Source control is disabled
[2018.12.20-23.04.24:209][  0]SourceControl: Source control is disabled
[2018.12.20-23.04.24:210][  0]SourceControl: Source control is disabled
[2018.12.20-23.04.24:366][  0]LogAndroidPermission: UAndroidPermissionCallbackProxy::GetInstance
[2018.12.20-23.04.24:446][  0]LogOcInput: OculusInput pre-init called
[2018.12.20-23.04.24:579][  0]LogEngine: Initializing Engine...
[2018.12.20-23.04.24:579][  0]LogHMD: Failed to initialize OpenVR with code 110
[2018.12.20-23.04.24:581][  0]LogStats: UGameplayTagsManager::ConstructGameplayTagTree: ImportINI prefixes -  0.000 s
[2018.12.20-23.04.24:581][  0]LogStats: UGameplayTagsManager::ConstructGameplayTagTree: Construct from data asset -  0.000 s
[2018.12.20-23.04.24:582][  0]LogStats: UGameplayTagsManager::ConstructGameplayTagTree: ImportINI -  0.000 s
[2018.12.20-23.04.24:582][  0]LogStats: UGameplayTagsManager::ConstructGameplayTagTree: GameplayTagTreeChangedEvent.Broadcast -  0.000 s
[2018.12.20-23.04.24:800][  0]LogInit: Initializing FReadOnlyCVARCache
[2018.12.20-23.04.24:810][  0]LogAIModule: Creating AISystem for world Untitled
[2018.12.20-23.04.24:832][  0]LogInit: XAudio2 using 'Speakers (Realtek High Definition Audio)' : 2 channels at 48 kHz using 32 bits per sample (channel mask 0x3)
[2018.12.20-23.04.25:009][  0]LogInit: FAudioDevice initialized.
[2018.12.20-23.04.25:009][  0]LogNetVersion: Set ProjectVersion to 1.0.0.0. Version Checksum will be recalculated on next use.
[2018.12.20-23.04.25:101][  0]LogDerivedDataCache: Saved boot cache 0.09s 71MB C:/Users/simon/AppData/Local/UnrealEngine/4.21/DerivedDataCache/Boot.ddc.
[2018.12.20-23.04.25:108][  0]LogInit: Texture streaming: Enabled
[2018.12.20-23.04.25:119][  0]LogEngineSessionManager: EngineSessionManager initialized
[2018.12.20-23.04.25:129][  0]LogInit: Transaction tracking system initialized
[2018.12.20-23.04.25:143][  0]BlueprintLog: New page: Editor Load
[2018.12.20-23.04.25:194][  0]LocalizationService: Localization service is disabled
[2018.12.20-23.04.25:644][  0]LogCook: Display: Max memory allowance for cook 16384mb min free memory 0mb
[2018.12.20-23.04.25:644][  0]LogCook: Display: Mobile HDR setting 1
[2018.12.20-23.04.25:644][  0]LogGameplayTags: Display: UGameplayTagsManager::DoneAddingNativeTags. DelegateIsBound: 0
[2018.12.20-23.04.25:644][  0]LogStats: UGameplayTagsManager::ConstructGameplayTagTree: ImportINI prefixes -  0.000 s
[2018.12.20-23.04.25:644][  0]LogStats: UGameplayTagsManager::ConstructGameplayTagTree: Construct from data asset -  0.000 s
[2018.12.20-23.04.25:644][  0]LogStats: UGameplayTagsManager::ConstructGameplayTagTree: ImportINI -  0.000 s
[2018.12.20-23.04.25:644][  0]LogStats: UGameplayTagsManager::ConstructGameplayTagTree: GameplayTagTreeChangedEvent.Broadcast -  0.000 s
[2018.12.20-23.04.25:651][  0]LogFileCache: Scanning file cache for directory 'C:/Users/simon/Documents/Unreal Projects/wolfy 4.21/Content/' took 0.03s
[2018.12.20-23.04.25:741][  0]SourceControl: Source control is disabled
[2018.12.20-23.04.25:882][  0]LogWindowsTextInputMethodSystem: Display: IME system now deactivated.
[2018.12.20-23.04.25:884][  0]LogSlate: Took 0.000357 seconds to synchronously load lazily loaded font '../../../Engine/Content/Slate/Fonts/Roboto-Regular.ttf' (155K)
[2018.12.20-23.04.47:812][  0]LogSlate: Window 'Restore Packages' being destroyed
[2018.12.20-23.04.47:814][  0]LogWindowsTextInputMethodSystem: Display: IME system now deactivated.
[2018.12.20-23.04.47:816][  0]LogWindowsTextInputMethodSystem: Display: IME system now deactivated.
[2018.12.20-23.04.50:831][  0]LogSlate: Window 'Unable to Check Out From Source Control!' being destroyed
[2018.12.20-23.04.50:832][  0]LogWindowsTextInputMethodSystem: Display: IME system now deactivated.
[2018.12.20-23.04.50:834][  0]LogWindowsTextInputMethodSystem: Display: IME system now deactivated.
[2018.12.20-23.04.50:906][  0]Cmd: MAP LOAD FILE="C:/Users/simon/Documents/Unreal Projects/wolfy 4.21/Content/ThirdPersonBP/Maps/ThirdPersonExampleMap.umap" TEMPLATE=0 SHOWPROGRESS=1 FEATURELEVEL=3
[2018.12.20-23.04.50:906][  0]LightingResults: New page: Lighting Build
[2018.12.20-23.04.50:908][  0]MapCheck: New page: Map Check
[2018.12.20-23.04.50:908][  0]LightingResults: New page: Lighting Build
[2018.12.20-23.04.51:297][  0]LogTexture: Display: Building textures: LQ_Lightmap_1_2 (DXT1, 64X64)
[2018.12.20-23.04.51:297][  0]LogTexture: Display: Building textures: HQ_Lightmap1_2 (AutoDXT, 64X64)
[2018.12.20-23.04.51:297][  0]LogTexture: Display: Building textures: SkyOcclusion1_2 (AutoDXT, 64X32)
[2018.12.20-23.04.51:297][  0]LogTexture: Display: Building textures: SkyOcclusion1_1 (AutoDXT, 256X128)
[2018.12.20-23.04.51:297][  0]LogTexture: Display: Building textures: HQ_Lightmap1_1 (AutoDXT, 256X256)
[2018.12.20-23.04.51:297][  0]LogTexture: Display: Building textures: LQ_Lightmap_1_1 (DXT1, 256X256)
[2018.12.20-23.04.51:679][  0]LogAIModule: Creating AISystem for world ThirdPersonExampleMap
[2018.12.20-23.04.51:912][  0]LogEditorServer: Finished looking for orphan Actors (0.000 secs)
[2018.12.20-23.04.52:075][  0]Cmd: MAP CHECKDEP NOCLEARLOG
[2018.12.20-23.04.52:075][  0]MapCheck: Map check complete: 0 Error(s), 0 Warning(s), took 0.313ms to complete.
[2018.12.20-23.04.52:075][  0]LogFileHelpers: Loading map 'ThirdPersonExampleMap' took 1.169
[2018.12.20-23.04.52:541][  0]LogSlate: Updating window title bar state: overlay mode, drag disabled, window buttons hidden, title bar hidden
[2018.12.20-23.04.52:558][  0]LogSlate: Updating window title bar state: overlay mode, drag disabled, window buttons hidden, title bar hidden
[2018.12.20-23.04.52:566][  0]LogSlate: Updating window title bar state: overlay mode, drag disabled, window buttons hidden, title bar hidden
[2018.12.20-23.04.52:574][  0]LogSlate: Updating window title bar state: overlay mode, drag disabled, window buttons hidden, title bar hidden
[2018.12.20-23.04.52:591][  0]LogCollectionManager: Loaded 0 collections in 0.000969 seconds
[2018.12.20-23.04.52:697][  0]LogFileCache: Scanning file cache for directory 'C:/Users/simon/Documents/Unreal Projects/wolfy 4.21/Saved/Collections/' took 0.01s
[2018.12.20-23.04.52:697][  0]LogFileCache: Scanning file cache for directory 'C:/Users/simon/Documents/Unreal Projects/wolfy 4.21/Content/Developers/simon/Collections/' took 0.00s
[2018.12.20-23.04.52:697][  0]LogFileCache: Scanning file cache for directory 'C:/Users/simon/Documents/Unreal Projects/wolfy 4.21/Content/Collections/' took 0.00s
[2018.12.20-23.04.52:697][  0]LogCollectionManager: Rebuilt the GUID cache for 0 collections in 0.000000 seconds
[2018.12.20-23.04.52:712][  0]LogContentBrowser: Native class hierarchy populated in 0.0143 seconds. Added 2651 classes and 620 folders.
[2018.12.20-23.04.52:749][  0]LogContentBrowser: Native class hierarchy updated for 'WidgetCarousel' in 0.0002 seconds. Added 0 classes and 0 folders.
[2018.12.20-23.04.52:855][  0]LogPakFile: Registered encryption key '00000000000000000000000000000000': 0 pak files mounted, 0 remain pending
[2018.12.20-23.04.52:929][  0]LogPakFile: Registered encryption key '00000000000000000000000000000000': 0 pak files mounted, 0 remain pending
[2018.12.20-23.04.52:963][  0]LogPakFile: Registered encryption key '00000000000000000000000000000000': 0 pak files mounted, 0 remain pending
[2018.12.20-23.04.52:998][  0]LogPakFile: Registered encryption key '00000000000000000000000000000000': 0 pak files mounted, 0 remain pending
[2018.12.20-23.04.53:027][  0]LogPakFile: Registered encryption key '00000000000000000000000000000000': 0 pak files mounted, 0 remain pending
[2018.12.20-23.04.53:057][  0]LogPakFile: Registered encryption key '00000000000000000000000000000000': 0 pak files mounted, 0 remain pending
[2018.12.20-23.04.53:084][  0]LogPakFile: Registered encryption key '00000000000000000000000000000000': 0 pak files mounted, 0 remain pending
[2018.12.20-23.04.53:092][  0]LogPakFile: Registered encryption key '00000000000000000000000000000000': 0 pak files mounted, 0 remain pending
[2018.12.20-23.04.53:101][  0]LogPakFile: Registered encryption key '00000000000000000000000000000000': 0 pak files mounted, 0 remain pending
[2018.12.20-23.04.53:472][  0]LogPakFile: Registered encryption key '00000000000000000000000000000000': 0 pak files mounted, 0 remain pending
[2018.12.20-23.04.53:503][  0]LogPakFile: Registered encryption key '00000000000000000000000000000000': 0 pak files mounted, 0 remain pending
[2018.12.20-23.04.53:525][  0]LogPakFile: Registered encryption key '00000000000000000000000000000000': 0 pak files mounted, 0 remain pending
[2018.12.20-23.04.53:535][  0]LogPakFile: Registered encryption key '00000000000000000000000000000000': 0 pak files mounted, 0 remain pending
[2018.12.20-23.04.53:555][  0]LogPakFile: Registered encryption key '00000000000000000000000000000000': 0 pak files mounted, 0 remain pending
[2018.12.20-23.04.53:581][  0]LogPakFile: Registered encryption key '00000000000000000000000000000000': 0 pak files mounted, 0 remain pending
[2018.12.20-23.04.53:660][  0]LogPakFile: Registered encryption key '00000000000000000000000000000000': 0 pak files mounted, 0 remain pending
[2018.12.20-23.04.53:696][  0]LogPakFile: Registered encryption key '00000000000000000000000000000000': 0 pak files mounted, 0 remain pending
[2018.12.20-23.04.53:708][  0]LogPakFile: Registered encryption key '00000000000000000000000000000000': 0 pak files mounted, 0 remain pending
[2018.12.20-23.04.53:736][  0]LogPakFile: Registered encryption key '00000000000000000000000000000000': 0 pak files mounted, 0 remain pending
[2018.12.20-23.04.53:765][  0]LogPakFile: Registered encryption key '00000000000000000000000000000000': 0 pak files mounted, 0 remain pending
[2018.12.20-23.04.53:812][  0]LogPakFile: Registered encryption key '00000000000000000000000000000000': 0 pak files mounted, 0 remain pending
[2018.12.20-23.04.53:840][  0]LogPakFile: Registered encryption key '00000000000000000000000000000000': 0 pak files mounted, 0 remain pending
[2018.12.20-23.04.53:847][  0]LogPakFile: Registered encryption key '00000000000000000000000000000000': 0 pak files mounted, 0 remain pending
[2018.12.20-23.04.53:870][  0]LogPakFile: Registered encryption key '00000000000000000000000000000000': 0 pak files mounted, 0 remain pending
[2018.12.20-23.04.53:892][  0]LogPakFile: Registered encryption key '00000000000000000000000000000000': 0 pak files mounted, 0 remain pending
[2018.12.20-23.04.53:906][  0]LogPakFile: Registered encryption key '00000000000000000000000000000000': 0 pak files mounted, 0 remain pending
[2018.12.20-23.04.55:073][  0]LogContentBrowser: Native class hierarchy updated for 'AddContentDialog' in 0.0003 seconds. Added 0 classes and 0 folders.
[2018.12.20-23.04.55:114][  0]LogContentBrowser: Native class hierarchy updated for 'SceneOutliner' in 0.0003 seconds. Added 1 classes and 2 folders.
[2018.12.20-23.04.55:507][  0]LogSlate: Took 0.000166 seconds to synchronously load lazily loaded font '../../../Engine/Content/Slate/Fonts/Roboto-Bold.ttf' (160K)
[2018.12.20-23.04.55:577][  0]LogSlate: Took 0.024502 seconds to synchronously load lazily loaded font '../../../Engine/Content/Editor/Slate/Fonts/FontAwesome.ttf' (139K)
[2018.12.20-23.04.56:020][  0]LogRenderer: Reallocating scene render targets to support 824x464 Format 10 NumSamples 1 (Frame:1).
[2018.12.20-23.04.56:348][  0]LogContentBrowser: Native class hierarchy updated for 'HierarchicalLODOutliner' in 0.0003 seconds. Added 0 classes and 0 folders.
[2018.12.20-23.04.56:348][  0]LogLoad: (Engine Initialization) Total time: 38.42 seconds
[2018.12.20-23.04.56:348][  0]LogLoad: (Engine Initialization) Total Blueprint compile time: 0.00 seconds
[2018.12.20-23.04.56:430][  0]LogContentStreaming: Texture pool size now 1000 MB
[2018.12.20-23.04.56:537][  0]LogSlate: Took 0.021911 seconds to synchronously load lazily loaded font '../../../Engine/Content/Slate/Fonts/Roboto-Light.ttf' (167K)
[2018.12.20-23.04.56:841][  2]LogAssetRegistry: Asset discovery search completed in 35.1892 seconds
[2018.12.20-23.04.56:843][  2]LogCollectionManager: Rebuilt the object cache for 0 collections in 0.000000 seconds (found 0 objects)
[2018.12.20-23.04.56:843][  2]LogCollectionManager: Fixed up redirectors for 0 collections in 0.000070 seconds (updated 0 objects)
[2018.12.20-23.04.58:311][ 90]LogSlate: FSceneViewport::OnFocusLost() reason 0
[2018.12.20-23.05.03:515][375]LogSlate: FSceneViewport::OnFocusLost() reason 0
[2018.12.20-23.05.04:503][434]LogLinker: Warning: Can't find file '/Game/ThirdPersonBP/Blueprints/env/islands/double/Material_001'
[2018.12.20-23.05.04:503][434]LogLinker: Warning: Can't find file for asset '/Game/ThirdPersonBP/Blueprints/env/islands/double/Material_001' while loading C:/Users/simon/Documents/Unreal Projects/wolfy 4.21/Content/ThirdPersonBP/Blueprints/env/islands/double/double.uasset.
[2018.12.20-23.05.04:503][434]LoadErrors: Error: /Game/ThirdPersonBP/Blueprints/env/islands/double/double : Can't find file for asset. /Game/ThirdPersonBP/Blueprints/env/islands/double/Material_001
[2018.12.20-23.05.04:503][434]LogLinker: Warning: Can't find file '/Game/ThirdPersonBP/Blueprints/env/islands/double/Material_002'
[2018.12.20-23.05.04:503][434]LogLinker: Warning: Can't find file for asset '/Game/ThirdPersonBP/Blueprints/env/islands/double/Material_002' while loading C:/Users/simon/Documents/Unreal Projects/wolfy 4.21/Content/ThirdPersonBP/Blueprints/env/islands/double/double.uasset.
[2018.12.20-23.05.04:503][434]LoadErrors: Error: /Game/ThirdPersonBP/Blueprints/env/islands/double/double : Can't find file for asset. /Game/ThirdPersonBP/Blueprints/env/islands/double/Material_002
[2018.12.20-23.05.04:503][434]LogLinker: Warning: Can't find file '/Game/ThirdPersonBP/Blueprints/env/islands/double/Material_001'
[2018.12.20-23.05.04:504][434]LogLinker: Warning: Can't find file for asset '/Game/ThirdPersonBP/Blueprints/env/islands/double/Material_001' while loading C:/Users/simon/Documents/Unreal Projects/wolfy 4.21/Content/ThirdPersonBP/Blueprints/env/islands/double/double.uasset.
[2018.12.20-23.05.04:504][434]LogLinker: Warning: Can't find file '/Game/ThirdPersonBP/Blueprints/env/islands/double/Material_002'
[2018.12.20-23.05.04:504][434]LogLinker: Warning: Can't find file for asset '/Game/ThirdPersonBP/Blueprints/env/islands/double/Material_002' while loading C:/Users/simon/Documents/Unreal Projects/wolfy 4.21/Content/ThirdPersonBP/Blueprints/env/islands/double/double.uasset.
[2018.12.20-23.05.04:505][434]LogLinker: Warning: Can't find file '/Game/ThirdPersonBP/Blueprints/env/islands/double/Material_001'
[2018.12.20-23.05.04:505][434]LoadErrors: Failed to load /Game/ThirdPersonBP/Blueprints/env/islands/double/Material_001.Material_001 Referenced by double
[2018.12.20-23.05.04:505][434]LogLinker: Warning: Can't find file for asset '/Game/ThirdPersonBP/Blueprints/env/islands/double/Material_001' while loading NULL.
[2018.12.20-23.05.04:505][434]LogLinker: Warning: Can't find file '/Game/ThirdPersonBP/Blueprints/env/islands/double/Material_002'
[2018.12.20-23.05.04:505][434]LoadErrors: Failed to load /Game/ThirdPersonBP/Blueprints/env/islands/double/Material_002.Material_002 Referenced by double
[2018.12.20-23.05.04:505][434]LogLinker: Warning: Can't find file for asset '/Game/ThirdPersonBP/Blueprints/env/islands/double/Material_002' while loading NULL.
[2018.12.20-23.05.04:505][434]LogLinker: Warning: Can't find file '/Game/ThirdPersonBP/Blueprints/env/islands/double/Material_001'
[2018.12.20-23.05.04:505][434]LogLinker: Warning: Can't find file for asset '/Game/ThirdPersonBP/Blueprints/env/islands/double/Material_001' while loading NULL.
[2018.12.20-23.05.04:506][434]LogLinker: Warning: Can't find file '/Game/ThirdPersonBP/Blueprints/env/islands/double/Material_002'
[2018.12.20-23.05.04:506][434]LogLinker: Warning: Can't find file for asset '/Game/ThirdPersonBP/Blueprints/env/islands/double/Material_002' while loading NULL.
[2018.12.20-23.05.06:416][434]LogSlate: Window 'Delete Assets' being destroyed
[2018.12.20-23.05.06:423][434]LogSlate: Took 0.000128 seconds to synchronously load lazily loaded font '../../../Engine/Content/Slate/Fonts/Roboto-Light.ttf' (167K)
[2018.12.20-23.05.08:579][543]LogEditorViewport: Clicking on Actor (LMB): StaticMeshActor (beginMap)
[2018.12.20-23.05.10:458][593]Cmd: DELETE
[2018.12.20-23.05.10:458][593]Cmd: ACTOR DELETE
[2018.12.20-23.05.10:934][593]LogEditorActor: Deleted Actor: StaticMeshActor
[2018.12.20-23.05.11:074][593]LogEditorActor: Deleted 1 Actors (0.265 secs)
[2018.12.20-23.05.12:425][669]LogSlate: FSceneViewport::OnFocusLost() reason 0
[2018.12.20-23.05.14:929][675]LogFactory: FactoryCreateFile: StaticMesh with FbxFactory (0 0 C:/Users/simon/Documents/islands/double.fbx)
[2018.12.20-23.05.15:262][675]LogFbx: Loading FBX Scene from C:/Users/simon/Documents/islands/double.fbx
[2018.12.20-23.05.15:281][675]LogFbx: FBX Scene Loaded Succesfully
[2018.12.20-23.05.16:744][675]LogSlate: Window 'FBX Import Options' being destroyed
[2018.12.20-23.05.17:049][675]LogMaterial: Display: Missing cached shader map for material Material_001, compiling. 
[2018.12.20-23.05.17:108][675]LogShaderCompilers: Display: Shaders left to compile 22
[2018.12.20-23.05.17:108][675]LogShaderCompilers: Display: Shaders left to compile 12
[2018.12.20-23.05.17:108][675]LogShaderCompilers: Display: Shaders left to compile 2
[2018.12.20-23.05.17:108][675]LogMaterial: Display: Missing cached shader map for material Material_002, compiling. 
[2018.12.20-23.05.17:182][675]LogStaticMesh: Building static mesh double...
[2018.12.20-23.05.17:213][675]LogStaticMesh: Built static mesh [0.03s] /Game/ThirdPersonBP/Blueprints/env/islands/double/double.double
[2018.12.20-23.05.17:392][675]LogShaderCompilers: Display: Shaders left to compile 22
[2018.12.20-23.05.17:392][675]FBXImport: Warning: No smoothing group information was found in this FBX scene.  Please make sure to enable the 'Export Smoothing Groups' option in the FBX Exporter plug-in before exporting the file.  Even for tools that don't support smoothing groups, the FBX Exporter will generate appropriate smoothing data at export-time so that correct vertex normals can be inferred while importing. 
[2018.12.20-23.05.18:731][737]LogShaderCompilers: Display: Shaders left to compile 12
[2018.12.20-23.05.19:672][793]LogSlate: Window 'Message Log' being destroyed
[2018.12.20-23.05.19:675][793]LogSlate: Window 'Message Log' being destroyed
[2018.12.20-23.05.20:582][848]LogShaderCompilers: Display: Shaders left to compile 2
[2018.12.20-23.05.21:313][890]LogAssetEditorManager: Opening Asset editor for StaticMesh /Game/ThirdPersonBP/Blueprints/env/islands/double/double.double
[2018.12.20-23.05.22:912][890]LogRenderer: Reallocating scene render targets to support 1144x748 Format 10 NumSamples 1 (Frame:1).
[2018.12.20-23.05.22:912][890]LogSlate: Took 0.066615 seconds to synchronously load lazily loaded font '../../../Engine/Content/Slate/Fonts/Roboto-Italic.ttf' (157K)
[2018.12.20-23.05.29:848][254]LogSavePackage: Moving 'C:/Users/simon/Documents/Unreal Projects/wolfy 4.21/Saved/double58D0C94347D65931B8CA20B05EEE05F4.tmp' to 'C:/Users/simon/Documents/Unreal Projects/wolfy 4.21/Content/ThirdPersonBP/Blueprints/env/islands/double/double.uasset'
[2018.12.20-23.05.30:742][304]LogSlate: Window 'double' being destroyed
[2018.12.20-23.05.30:747][304]LogSlate: Window 'double' being destroyed
[2018.12.20-23.05.32:220][387]LogActorFactory: Actor Factory created double
[2018.12.20-23.05.32:857][410]LogActorFactory: Actor Factory created double
[2018.12.20-23.05.44:953][120]LogSlate: FSceneViewport::OnFocusLost() reason 0
[2018.12.20-23.05.45:053][126]LogTemp: Repeating last play command: Selected Viewport
[2018.12.20-23.05.45:076][126]LogBlueprintUserMessages: Early PlayInEditor Detection: Level '/Game/ThirdPersonBP/Maps/ThirdPersonExampleMap.ThirdPersonExampleMap:PersistentLevel' has LevelScriptBlueprint '/Game/ThirdPersonBP/Maps/ThirdPersonExampleMap.ThirdPersonExampleMap:PersistentLevel.ThirdPersonExampleMap' with GeneratedClass '/Game/ThirdPersonBP/Maps/ThirdPersonExampleMap.ThirdPersonExampleMap_C' with ClassGeneratedBy '/Game/ThirdPersonBP/Maps/ThirdPersonExampleMap.ThirdPersonExampleMap:PersistentLevel.ThirdPersonExampleMap'
[2018.12.20-23.05.45:076][126]LogPlayLevel: PlayLevel: No blueprints needed recompiling
[2018.12.20-23.05.45:187][126]PIE: New page: PIE session: ThirdPersonExampleMap (Dec 20, 2018, 1:05:45 PM)
[2018.12.20-23.05.45:227][126]LogPlayLevel: Creating play world package: /Game/ThirdPersonBP/Maps/UEDPIE_0_ThirdPersonExampleMap
[2018.12.20-23.05.45:244][126]LogPlayLevel: PIE: StaticDuplicateObject took: (0.015886s)
[2018.12.20-23.05.45:244][126]LogAIModule: Creating AISystem for world ThirdPersonExampleMap
[2018.12.20-23.05.45:244][126]LogPlayLevel: PIE: World Init took: (0.000659s)
[2018.12.20-23.05.45:244][126]LogPlayLevel: PIE: Created PIE world by copying editor world from /Game/ThirdPersonBP/Maps/ThirdPersonExampleMap.ThirdPersonExampleMap to /Game/ThirdPersonBP/Maps/UEDPIE_0_ThirdPersonExampleMap.ThirdPersonExampleMap (0.017147s)
[2018.12.20-23.05.45:276][126]LogInit: XAudio2 using 'Speakers (Realtek High Definition Audio)' : 2 channels at 48 kHz using 32 bits per sample (channel mask 0x3)
[2018.12.20-23.05.45:325][126]LogInit: FAudioDevice initialized.
[2018.12.20-23.05.48:090][126]LogLoad: Game class is 'ThirdPersonGameMode_C'
[2018.12.20-23.05.48:121][126]LogWorld: Bringing World /Game/ThirdPersonBP/Maps/UEDPIE_0_ThirdPersonExampleMap.ThirdPersonExampleMap up for play (max tick rate 60) at 2018.12.20-18.05.48
[2018.12.20-23.05.48:123][126]LogWorld: Bringing up level for play took: 0.002749
[2018.12.20-23.05.48:179][126]LogContentBrowser: Native class hierarchy updated for 'MovieSceneCapture' in 0.0004 seconds. Added 20 classes and 0 folders.
[2018.12.20-23.05.48:298][126]PIE: Play in editor start time for /Game/ThirdPersonBP/Maps/UEDPIE_0_ThirdPersonExampleMap 3.229
[2018.12.20-23.05.48:298][126]LogBlueprintUserMessages: Late PlayInEditor Detection: Level '/Game/ThirdPersonBP/Maps/ThirdPersonExampleMap.ThirdPersonExampleMap:PersistentLevel' has LevelScriptBlueprint '/Game/ThirdPersonBP/Maps/ThirdPersonExampleMap.ThirdPersonExampleMap:PersistentLevel.ThirdPersonExampleMap' with GeneratedClass '/Game/ThirdPersonBP/Maps/ThirdPersonExampleMap.ThirdPersonExampleMap_C' with ClassGeneratedBy '/Game/ThirdPersonBP/Maps/ThirdPersonExampleMap.ThirdPersonExampleMap:PersistentLevel.ThirdPersonExampleMap'
[2018.12.20-23.05.49:800][204]LogBlueprintUserMessages: Early EndPlayMap Detection: Level '/Game/ThirdPersonBP/Maps/ThirdPersonExampleMap.ThirdPersonExampleMap:PersistentLevel' has LevelScriptBlueprint '/Game/ThirdPersonBP/Maps/ThirdPersonExampleMap.ThirdPersonExampleMap:PersistentLevel.ThirdPersonExampleMap' with GeneratedClass '/Game/ThirdPersonBP/Maps/ThirdPersonExampleMap.ThirdPersonExampleMap_C' with ClassGeneratedBy '/Game/ThirdPersonBP/Maps/ThirdPersonExampleMap.ThirdPersonExampleMap:PersistentLevel.ThirdPersonExampleMap'
[2018.12.20-23.05.49:801][204]LogSlate: Updating window title bar state: overlay mode, drag disabled, window buttons hidden, title bar hidden
[2018.12.20-23.05.49:831][204]LogPlayLevel: Display: Shutting down PIE online subsystems
[2018.12.20-23.05.49:832][204]LogBlueprintUserMessages: Late EndPlayMap Detection: Level '/Game/ThirdPersonBP/Maps/ThirdPersonExampleMap.ThirdPersonExampleMap:PersistentLevel' has LevelScriptBlueprint '/Game/ThirdPersonBP/Maps/ThirdPersonExampleMap.ThirdPersonExampleMap:PersistentLevel.ThirdPersonExampleMap' with GeneratedClass '/Game/ThirdPersonBP/Maps/ThirdPersonExampleMap.ThirdPersonExampleMap_C' with ClassGeneratedBy '/Game/ThirdPersonBP/Maps/ThirdPersonExampleMap.ThirdPersonExampleMap:PersistentLevel.ThirdPersonExampleMap'
[2018.12.20-23.05.49:860][204]LogSlate: Updating window title bar state: overlay mode, drag disabled, window buttons hidden, title bar hidden
[2018.12.20-23.05.49:925][207]LogPlayLevel: Display: Destroying online subsystem :Context_4
[2018.12.20-23.05.56:502][593]LogSlate: FSceneViewport::OnFocusLost() reason 2
[2018.12.20-23.06.16:293][770]LogSlate: FSceneViewport::OnFocusLost() reason 2
[2018.12.20-23.06.17:642][850]MapCheck: New page: Map Check
[2018.12.20-23.06.17:654][850]LogSlate: FSceneViewport::OnFocusLost() reason 2
[2018.12.20-23.06.18:112][850]LightingResults: New page: Lighting Build - Dec 20, 2018, 1:06:18 PM
[2018.12.20-23.06.18:306][850]LogSwarmInterface: [OpenConnection] Registering TCP channel ...
[2018.12.20-23.06.18:496][850]LogSwarmInterface: [OpenConnection] Connecting to agent ...
[2018.12.20-23.06.18:507][850]LogSwarmInterface: [TryOpenConnection] Testing the Agent
[2018.12.20-23.06.19:017][850]LogSwarmInterface: [TryOpenConnection] Opening Connection to Agent
[2018.12.20-23.06.19:017][850]LogSwarmInterface: [TryOpenConnection] Local Process ID is 18420
[2018.12.20-23.06.21:739][850]LogStaticLightingSystem: Running Lightmass w/ ImmediateImport mode ENABLED
[2018.12.20-23.06.21:739][850]LogStaticLightingSystem: Running Lightmass w/ ImmediateProcess mode ENABLED
[2018.12.20-23.06.21:739][850]LogStaticLightingSystem: Running Lightmass w/ Sorting mode ENABLED
[2018.12.20-23.06.21:739][850]LogStaticLightingSystem: Running Lightmass w/ Mapping paddings ENABLED
[2018.12.20-23.06.21:740][850]LogStaticLightingSystem: Running Lightmass w/ Mapping debug paddings DISABLED
[2018.12.20-23.06.21:982][850]LogEditorBuildUtils: Build time 0:04
[2018.12.20-23.06.22:034][851]LogMaterial: Display: Missing cached shader map for material FLightmassMaterialRenderer Material_002, compiling. 
[2018.12.20-23.06.22:043][851]LogShaderCompilers: Display: Shaders left to compile 2
[2018.12.20-23.06.22:043][851]LogMaterial: Display: Missing cached shader map for material FLightmassMaterialRenderer Material_002, compiling. 
[2018.12.20-23.06.22:055][851]LogShaderCompilers: Display: Shaders left to compile 2
[2018.12.20-23.06.22:089][852]LogMaterial: Display: Missing cached shader map for material FLightmassMaterialRenderer Material_001, compiling. 
[2018.12.20-23.06.22:102][852]LogShaderCompilers: Display: Shaders left to compile 2
[2018.12.20-23.06.22:102][852]LogMaterial: Display: Missing cached shader map for material FLightmassMaterialRenderer Material_001, compiling. 
[2018.12.20-23.06.22:113][852]LogShaderCompilers: Display: Shaders left to compile 2
[2018.12.20-23.06.25:219][939]Job is a success!
[2018.12.20-23.06.25:253][940]LogSlate: FSceneViewport::OnFocusLost() reason 2
[2018.12.20-23.06.25:285][940]LogVolumetricLightmapImport: Imported Volumetric Lightmap in 0.009s
[2018.12.20-23.06.25:285][940]LogVolumetricLightmapImport:      Indirection Texture 16x16x16 = 0.0Mb
[2018.12.20-23.06.25:285][940]LogVolumetricLightmapImport:      BrickData 10x5x5 = 0.0Mb (trimmed 0.0Mb due to 0.010000 MinBrickError)
[2018.12.20-23.06.25:285][940]LogVolumetricLightmapImport:      Bricks at Level
[2018.12.20-23.06.25:285][940]LogVolumetricLightmapImport:          0: 50.0% covering 100.0% of volume
[2018.12.20-23.06.25:285][940]LogVolumetricLightmapImport:          1: 50.0% covering 1.6% of volume
[2018.12.20-23.06.25:285][940]LogVolumetricLightmapImport:          2: 0.0% covering 0.0% of volume
[2018.12.20-23.06.25:288][940]LogMaterial: Warning: Material /Game/ThirdPersonBP/Blueprints/env/islands/large/Material_002.Material_002 needed to have new flag set bUsedWithStaticLighting !
[2018.12.20-23.06.25:293][940]LogMaterial: Display: Missing cached shader map for material Material_002, compiling. 
[2018.12.20-23.06.25:326][940]LogShaderCompilers: Display: Shaders left to compile 31
[2018.12.20-23.06.25:326][940]LogShaderCompilers: Display: Shaders left to compile 21
[2018.12.20-23.06.25:326][940]LogShaderCompilers: Display: Shaders left to compile 11
[2018.12.20-23.06.25:326][940]LogShaderCompilers: Display: Shaders left to compile 1
[2018.12.20-23.06.25:326][940]LogMaterial: Warning: Material /Game/ThirdPersonBP/Blueprints/env/islands/large/Material_001.Material_001 needed to have new flag set bUsedWithStaticLighting !
[2018.12.20-23.06.25:329][940]LogMaterial: Display: Missing cached shader map for material Material_001, compiling. 
[2018.12.20-23.06.25:348][940]LogMaterial: Warning: Material /Game/ThirdPersonBP/Blueprints/env/islands/medium/Material_002.Material_002 needed to have new flag set bUsedWithStaticLighting !
[2018.12.20-23.06.25:351][940]LogMaterial: Display: Missing cached shader map for material Material_002, compiling. 
[2018.12.20-23.06.25:372][940]LogMaterial: Warning: Material /Game/ThirdPersonBP/Blueprints/env/islands/medium/Material_001.Material_001 needed to have new flag set bUsedWithStaticLighting !
[2018.12.20-23.06.25:375][940]LogMaterial: Display: Missing cached shader map for material Material_001, compiling. 
[2018.12.20-23.06.25:395][940]LogMaterial: Warning: Material /Game/ThirdPersonBP/Blueprints/env/islands/small/Material_001.Material_001 needed to have new flag set bUsedWithStaticLighting !
[2018.12.20-23.06.25:398][940]LogMaterial: Display: Missing cached shader map for material Material_001, compiling. 
[2018.12.20-23.06.25:420][940]LogMaterial: Warning: Material /Game/ThirdPersonBP/Blueprints/env/islands/small/Material_002.Material_002 needed to have new flag set bUsedWithStaticLighting !
[2018.12.20-23.06.25:423][940]LogMaterial: Display: Missing cached shader map for material Material_002, compiling. 
[2018.12.20-23.06.25:445][940]LogMaterial: Warning: Material /Game/ThirdPersonBP/Blueprints/env/islands/double/Material_002.Material_002 needed to have new flag set bUsedWithStaticLighting !
[2018.12.20-23.06.25:448][940]LogMaterial: Display: Missing cached shader map for material Material_002, compiling. 
[2018.12.20-23.06.25:472][940]LogMaterial: Warning: Material /Game/ThirdPersonBP/Blueprints/env/islands/double/Material_001.Material_001 needed to have new flag set bUsedWithStaticLighting !
[2018.12.20-23.06.25:475][940]LogMaterial: Display: Missing cached shader map for material Material_001, compiling. 
[2018.12.20-23.06.25:499][940]LogShaderCompilers: Display: Shaders left to compile 186
[2018.12.20-23.06.25:558][940]LogTexture: Display: Building textures: SkyOcclusion0_1 (AutoDXT, 256X128)
[2018.12.20-23.06.25:558][940]LogTexture: Display: Building textures: LQ_Lightmap_0_1 (DXT1, 256X256)
[2018.12.20-23.06.25:558][940]LogTexture: Display: Building textures: SkyOcclusion0_2 (AutoDXT, 64X32)
[2018.12.20-23.06.25:558][940]LogTexture: Display: Building textures: HQ_Lightmap0_2 (AutoDXT, 64X64)
[2018.12.20-23.06.25:558][940]LogTexture: Display: Building textures: HQ_Lightmap0_1 (AutoDXT, 256X256)
[2018.12.20-23.06.25:558][940]LogTexture: Display: Building textures: LQ_Lightmap_0_2 (DXT1, 64X64)
[2018.12.20-23.06.25:558][940]LogTexture: Display: Building textures: ShadowMapTexture2D_3 (G8, 32X32)
[2018.12.20-23.06.25:558][940]LogTexture: Display: Building textures: ShadowMapTexture2D_2 (G8, 64X64)
[2018.12.20-23.06.25:596][940]Lightmass on LAPTOP-6ORP0FSQ: 1.50 sec total, 285 ms importing, 36 ms setup, 408 ms photons, 711 ms processing, 0 ms extra exporting [6/6 mappings]. Threads: 4.81 sec total, 172 ms processing.
[2018.12.20-23.06.25:640][940]LogStaticLightingSystem: Illumination: 7.51 sec (15 ms encoding lightmaps, 19 ms encoding shadowmaps)
[2018.12.20-23.06.25:640][940]LogStaticLightingSystem: Lightmap texture memory:  0.2 MB (0.2 MB streaming, 0.0 MB non-streaming), 4 textures
[2018.12.20-23.06.25:641][940]LogStaticLightingSystem: Shadowmap texture memory: 0.0 MB (0.0 MB streaming, 0.0 MB non-streaming), 2 textures
[2018.12.20-23.06.26:642][940]DumpUnbuiltLightIteractions
[2018.12.20-23.06.26:642][940]Lights with unbuilt interactions: 0
[2018.12.20-23.06.26:642][940]
[2018.12.20-23.06.26:642][940]Primitives with unbuilt interactions: 0
[2018.12.20-23.06.26:645][940]LogSlate: FSceneViewport::OnFocusLost() reason 2
