Log file open, 12/20/18 18:11:06
LogWindows: Failed to load 'aqProf.dll' (GetLastError=126)
LogWindows: File 'aqProf.dll' does not exist
LogWindows: Failed to load 'VtuneApi.dll' (GetLastError=126)
LogWindows: File 'VtuneApi.dll' does not exist
LogWindows: Failed to load 'VtuneApi32e.dll' (GetLastError=126)
LogWindows: File 'VtuneApi32e.dll' does not exist
LogConsoleResponse: Display: Failed to find resolution value strings in scalability ini. Falling back to default.
LogInit: Display: Running engine for game: wolfy
LogPakFile: Registered encryption key '00000000000000000000000000000000': 0 pak files mounted, 0 remain pending
LogPlatformFile: Not using cached read wrapper
LogTaskGraph: Started task graph with 5 named threads and 23 total threads with 3 sets of task threads.
LogStats: Stats thread started at 0.284612
LogD3D11RHI: Loaded GFSDK_Aftermath_Lib.x64.dll
LogICUInternationalization: ICU TimeZone Detection - Raw Offset: -5:00, Platform Override: ''
LogPluginManager: Mounting plugin Paper2D
LogPluginManager: Mounting plugin AISupport
LogPluginManager: Mounting plugin LightPropagationVolume
LogPluginManager: Mounting plugin ActorLayerUtilities
LogPluginManager: Mounting plugin CLionSourceCodeAccess
LogPluginManager: Mounting plugin CodeLiteSourceCodeAccess
LogPluginManager: Mounting plugin GitSourceControl
LogPluginManager: Mounting plugin KDevelopSourceCodeAccess
LogPluginManager: Mounting plugin NullSourceCodeAccess
LogPluginManager: Mounting plugin PerforceSourceControl
LogPluginManager: Mounting plugin SubversionSourceControl
LogPluginManager: Mounting plugin UObjectPlugin
LogPluginManager: Mounting plugin VisualStudioCodeSourceCodeAccess
LogPluginManager: Mounting plugin VisualStudioSourceCodeAccess
LogPluginManager: Mounting plugin XCodeSourceCodeAccess
LogPluginManager: Mounting plugin AssetManagerEditor
LogPluginManager: Mounting plugin CryptoKeys
LogPluginManager: Mounting plugin DataValidation
LogPluginManager: Mounting plugin FacialAnimation
LogPluginManager: Mounting plugin GameplayTagsEditor
LogPluginManager: Mounting plugin MacGraphicsSwitching
LogPluginManager: Mounting plugin MeshEditor
LogPluginManager: Mounting plugin MobileLauncherProfileWizard
LogPluginManager: Mounting plugin PluginBrowser
LogPluginManager: Mounting plugin SpeedTreeImporter
LogPluginManager: Mounting plugin DatasmithContent
LogPluginManager: Mounting plugin VariantManagerContent
LogPluginManager: Mounting plugin AlembicImporter
LogPluginManager: Mounting plugin AppleImageUtils
LogPluginManager: Mounting plugin AppleVision
LogPluginManager: Mounting plugin BackChannel
LogPluginManager: Mounting plugin CharacterAI
LogPluginManager: Mounting plugin GeometryCache
LogPluginManager: Mounting plugin HTML5Networking
LogPluginManager: Mounting plugin ProxyLODPlugin
LogPluginManager: Mounting plugin MagicLeap
LogPluginManager: Mounting plugin MagicLeapMedia
LogPluginManager: Mounting plugin AndroidMedia
LogPluginManager: Mounting plugin AvfMedia
LogPluginManager: Mounting plugin ImgMedia
LogPluginManager: Mounting plugin LinearTimecode
LogPluginManager: Mounting plugin MediaCompositing
LogPluginManager: Mounting plugin MediaPlayerEditor
LogPluginManager: Mounting plugin WebMMedia
LogPluginManager: Mounting plugin WmfMedia
LogPluginManager: Mounting plugin TcpMessaging
LogPluginManager: Mounting plugin UdpMessaging
LogPluginManager: Mounting plugin ActorSequence
LogPluginManager: Mounting plugin LevelSequenceEditor
LogPluginManager: Mounting plugin MatineeToLevelSequence
LogPluginManager: Mounting plugin NetcodeUnitTest
LogPluginManager: Mounting plugin NUTUnrealEngine4
LogPluginManager: Mounting plugin OnlineSubsystemGooglePlay
LogPluginManager: Mounting plugin OnlineSubsystemIOS
LogPluginManager: Mounting plugin OnlineSubsystem
LogPluginManager: Mounting plugin OnlineSubsystemNull
LogPluginManager: Mounting plugin OnlineSubsystemUtils
LogPluginManager: Mounting plugin LauncherChunkInstaller
LogPluginManager: Mounting plugin AndroidDeviceProfileSelector
LogPluginManager: Mounting plugin AndroidMoviePlayer
LogPluginManager: Mounting plugin AndroidPermission
LogPluginManager: Mounting plugin AppleMoviePlayer
LogPluginManager: Mounting plugin ArchVisCharacter
LogPluginManager: Mounting plugin AudioCapture
LogPluginManager: Mounting plugin CableComponent
LogPluginManager: Mounting plugin CustomMeshComponent
LogPluginManager: Mounting plugin EditableMesh
LogPluginManager: Mounting plugin ExampleDeviceProfileSelector
LogPluginManager: Mounting plugin Firebase
LogPluginManager: Mounting plugin GoogleCloudMessaging
LogPluginManager: Mounting plugin IOSDeviceProfileSelector
LogPluginManager: Mounting plugin LinuxDeviceProfileSelector
LogPluginManager: Mounting plugin LocationServicesBPLibrary
LogPluginManager: Mounting plugin MobilePatchingUtils
LogPluginManager: Mounting plugin OculusVR
LogPluginManager: Mounting plugin PhysXVehicles
LogPluginManager: Mounting plugin ProceduralMeshComponent
LogPluginManager: Mounting plugin RuntimePhysXCooking
LogPluginManager: Mounting plugin SteamVR
LogPluginManager: Mounting plugin WebMMoviePlayer
LogPluginManager: Mounting plugin WindowsMoviePlayer
LogStreaming: Display: Took  0.088s to configure plugins.
LogInit: Using libcurl 7.55.1-DEV
LogInit:  - built for x86_64-pc-win32
LogInit:  - supports SSL with OpenSSL/1.0.2h
LogInit:  - supports HTTP deflate (compression) using libz 1.2.8
LogInit:  - other features:
LogInit:      CURL_VERSION_SSL
LogInit:      CURL_VERSION_LIBZ
LogInit:      CURL_VERSION_IPV6
LogInit:      CURL_VERSION_ASYNCHDNS
LogInit:      CURL_VERSION_LARGEFILE
LogInit:      CURL_VERSION_IDN
LogInit:  CurlRequestOptions (configurable via config and command line):
LogInit:  - bVerifyPeer = true  - Libcurl will verify peer certificate
LogInit:  - bUseHttpProxy = false  - Libcurl will NOT use HTTP proxy
LogInit:  - bDontReuseConnections = false  - Libcurl will reuse connections
LogInit:  - MaxHostConnections = 16  - Libcurl will limit the number of connections to a host
LogInit:  - LocalHostAddr = Default
LogInit:  - BufferSize = 65536
LogInit: WinSock: version 1.1 (2.2), MaxSocks=32767, MaxUdp=65467
LogInit: Build: ++UE4+Release-4.21-CL-4613538
LogInit: Engine Version: 4.21.1-4613538+++UE4+Release-4.21
LogInit: Compatible Engine Version: 4.21.0-4541578+++UE4+Release-4.21
LogInit: Net CL: 4541578
LogInit: OS: Windows 10 (), CPU: Intel(R) Core(TM) i7-7700HQ CPU @ 2.80GHz, GPU: Intel(R) HD Graphics 630
LogInit: Compiled (64-bit): Nov 30 2018 04:13:25
LogInit: Compiled with Visual C++: 19.13.26129.00
LogInit: Build Configuration: Development
LogInit: Branch Name: ++UE4+Release-4.21
LogInit: Command Line: 
LogInit: Base Directory: D:/Program files/Unreal/UE_4.21/Engine/Binaries/Win64/
LogInit: Installed Engine Build: 1
LogDevObjectVersion: Number of dev versions registered: 22
LogDevObjectVersion:   Dev-Blueprints (B0D832E4-1F89-4F0D-ACCF-7EB736FD4AA2): 10
LogDevObjectVersion:   Dev-Build (E1C64328-A22C-4D53-A36C-8E866417BD8C): 0
LogDevObjectVersion:   Dev-Core (375EC13C-06E4-48FB-B500-84F0262A717E): 2
LogDevObjectVersion:   Dev-Editor (E4B068ED-F494-42E9-A231-DA0B2E46BB41): 26
LogDevObjectVersion:   Dev-Framework (CFFC743F-43B0-4480-9391-14DF171D2073): 34
LogDevObjectVersion:   Dev-Mobile (B02B49B5-BB20-44E9-A304-32B752E40360): 2
LogDevObjectVersion:   Dev-Networking (A4E4105C-59A1-49B5-A7C5-40C4547EDFEE): 0
LogDevObjectVersion:   Dev-Online (39C831C9-5AE6-47DC-9A44-9C173E1C8E7C): 0
LogDevObjectVersion:   Dev-Physics (78F01B33-EBEA-4F98-B9B4-84EACCB95AA2): 0
LogDevObjectVersion:   Dev-Platform (6631380F-2D4D-43E0-8009-CF276956A95A): 0
LogDevObjectVersion:   Dev-Rendering (12F88B9F-8875-4AFC-A67C-D90C383ABD29): 27
LogDevObjectVersion:   Dev-Sequencer (7B5AE74C-D270-4C10-A958-57980B212A5A): 9
LogDevObjectVersion:   Dev-VR (D7296918-1DD6-4BDD-9DE2-64A83CC13884): 2
LogDevObjectVersion:   Dev-LoadTimes (C2A15278-BFE7-4AFE-6C17-90FF531DF755): 1
LogDevObjectVersion:   Private-Geometry (6EACA3D4-40EC-4CC1-B786-8BED09428FC5): 3
LogDevObjectVersion:   Dev-AnimPhys (29E575DD-E0A3-4627-9D10-D276232CDCEA): 17
LogDevObjectVersion:   Dev-Anim (AF43A65D-7FD3-4947-9873-3E8ED9C1BB05): 2
LogDevObjectVersion:   Dev-ReflectionCapture (6B266CEC-1EC7-4B8F-A30B-E4D90942FC07): 1
LogDevObjectVersion:   Dev-Automation (0DF73D61-A23F-47EA-B727-89E90C41499A): 1
LogDevObjectVersion:   FortniteMain (601D1886-AC64-4F84-AA16-D3DE0DEAC7D6): 17
LogDevObjectVersion:   Dev-Enterprise (9DFFBCD6-494F-0158-E221-12823C92A888): 4
LogDevObjectVersion:   Dev-Niagara (F2AED0AC-9AFE-416F-8664-AA7FFA26D6FC): 1
LogStreaming: Display: Took  0.005s to delete old logs.
LogInit: Presizing for max 8388607 objects, including 0 objects not considered by GC, pre-allocating 0 bytes for permanent pool.
LogInit: Object subsystem initialized
LogConfig: Setting CVar [[con.DebugEarlyDefault:1]]
LogConfig: Setting CVar [[r.setres:1280x720]]
[2018.12.20-23.11.06:284][  0]LogConfig: Setting CVar [[r.VSync:0]]
[2018.12.20-23.11.06:284][  0]LogConfig: Setting CVar [[r.RHICmdBypass:0]]
[2018.12.20-23.11.06:285][  0]LogConfig: Applying CVar settings from Section [/Script/Engine.RendererSettings] File [C:/Users/simon/Documents/Unreal Projects/wolfy 4.21/Saved/Config/Windows/Engine.ini]
[2018.12.20-23.11.06:285][  0]LogConfig: Setting CVar [[r.GPUCrashDebugging:0]]
[2018.12.20-23.11.06:285][  0]LogConfig: Setting CVar [[r.CustomDepth:3]]
[2018.12.20-23.11.06:285][  0]LogConfig: Applying CVar settings from Section [/Script/Engine.RendererOverrideSettings] File [C:/Users/simon/Documents/Unreal Projects/wolfy 4.21/Saved/Config/Windows/Engine.ini]
[2018.12.20-23.11.06:285][  0]LogConfig: Applying CVar settings from Section [/Script/Engine.StreamingSettings] File [C:/Users/simon/Documents/Unreal Projects/wolfy 4.21/Saved/Config/Windows/Engine.ini]
[2018.12.20-23.11.06:285][  0]LogConfig: Setting CVar [[s.MinBulkDataSizeForAsyncLoading:131072]]
[2018.12.20-23.11.06:285][  0]LogConfig: Setting CVar [[s.AsyncLoadingThreadEnabled:0]]
[2018.12.20-23.11.06:285][  0]LogConfig: Setting CVar [[s.EventDrivenLoaderEnabled:1]]
[2018.12.20-23.11.06:285][  0]LogConfig: Setting CVar [[s.WarnIfTimeLimitExceeded:0]]
[2018.12.20-23.11.06:285][  0]LogConfig: Setting CVar [[s.TimeLimitExceededMultiplier:1.5]]
[2018.12.20-23.11.06:285][  0]LogConfig: Setting CVar [[s.TimeLimitExceededMinTime:0.005]]
[2018.12.20-23.11.06:285][  0]LogConfig: Setting CVar [[s.UseBackgroundLevelStreaming:1]]
[2018.12.20-23.11.06:285][  0]LogConfig: Setting CVar [[s.PriorityAsyncLoadingExtraTime:15.0]]
[2018.12.20-23.11.06:285][  0]LogConfig: Setting CVar [[s.LevelStreamingActorsUpdateTimeLimit:5.0]]
[2018.12.20-23.11.06:285][  0]LogConfig: Setting CVar [[s.PriorityLevelStreamingActorsUpdateExtraTime:5.0]]
[2018.12.20-23.11.06:285][  0]LogConfig: Setting CVar [[s.LevelStreamingComponentsRegistrationGranularity:10]]
[2018.12.20-23.11.06:285][  0]LogConfig: Setting CVar [[s.UnregisterComponentsTimeLimit:1.0]]
[2018.12.20-23.11.06:285][  0]LogConfig: Setting CVar [[s.LevelStreamingComponentsUnregistrationGranularity:5]]
[2018.12.20-23.11.06:285][  0]LogConfig: Applying CVar settings from Section [/Script/Engine.GarbageCollectionSettings] File [C:/Users/simon/Documents/Unreal Projects/wolfy 4.21/Saved/Config/Windows/Engine.ini]
[2018.12.20-23.11.06:285][  0]LogConfig: Setting CVar [[gc.MaxObjectsNotConsideredByGC:1]]
[2018.12.20-23.11.06:285][  0]LogConfig: Setting CVar [[gc.SizeOfPermanentObjectPool:0]]
[2018.12.20-23.11.06:285][  0]LogConfig: Setting CVar [[gc.FlushStreamingOnGC:0]]
[2018.12.20-23.11.06:285][  0]LogConfig: Setting CVar [[gc.NumRetriesBeforeForcingGC:10]]
[2018.12.20-23.11.06:285][  0]LogConfig: Setting CVar [[gc.AllowParallelGC:1]]
[2018.12.20-23.11.06:285][  0]LogConfig: Setting CVar [[gc.TimeBetweenPurgingPendingKillObjects:61.1]]
[2018.12.20-23.11.06:285][  0]LogConfig: Setting CVar [[gc.MaxObjectsInEditor:8388607]]
[2018.12.20-23.11.06:285][  0]LogConfig: Setting CVar [[gc.IncrementalBeginDestroyEnabled:1]]
[2018.12.20-23.11.06:285][  0]LogConfig: Setting CVar [[gc.CreateGCClusters:1]]
[2018.12.20-23.11.06:285][  0]LogConfig: Setting CVar [[gc.MergeGCClusters:0]]
[2018.12.20-23.11.06:285][  0]LogConfig: Setting CVar [[gc.MinGCClusterSize:5]]
[2018.12.20-23.11.06:285][  0]LogConfig: Setting CVar [[gc.ActorClusteringEnabled:0]]
[2018.12.20-23.11.06:285][  0]LogConfig: Setting CVar [[gc.BlueprintClusteringEnabled:0]]
[2018.12.20-23.11.06:285][  0]LogConfig: Setting CVar [[gc.UseDisregardForGCOnDedicatedServers:0]]
[2018.12.20-23.11.06:285][  0]LogConfig: Applying CVar settings from Section [/Script/Engine.NetworkSettings] File [C:/Users/simon/Documents/Unreal Projects/wolfy 4.21/Saved/Config/Windows/Engine.ini]
[2018.12.20-23.11.06:285][  0]LogConfig: Applying CVar settings from Section [/Script/UnrealEd.CookerSettings] File [C:/Users/simon/Documents/Unreal Projects/wolfy 4.21/Saved/Config/Windows/Engine.ini]
[2018.12.20-23.11.06:287][  0]LogConfig: Applying CVar settings from Section [ViewDistanceQuality@3] File [C:/Users/simon/Documents/Unreal Projects/wolfy 4.21/Saved/Config/Windows/Scalability.ini]
[2018.12.20-23.11.06:288][  0]LogConfig: Setting CVar [[r.SkeletalMeshLODBias:0]]
[2018.12.20-23.11.06:288][  0]LogConfig: Setting CVar [[r.ViewDistanceScale:1.0]]
[2018.12.20-23.11.06:288][  0]LogConfig: Applying CVar settings from Section [AntiAliasingQuality@3] File [C:/Users/simon/Documents/Unreal Projects/wolfy 4.21/Saved/Config/Windows/Scalability.ini]
[2018.12.20-23.11.06:288][  0]LogConfig: Setting CVar [[r.PostProcessAAQuality:4]]
[2018.12.20-23.11.06:288][  0]LogConfig: Applying CVar settings from Section [ShadowQuality@3] File [C:/Users/simon/Documents/Unreal Projects/wolfy 4.21/Saved/Config/Windows/Scalability.ini]
[2018.12.20-23.11.06:288][  0]LogConfig: Setting CVar [[r.LightFunctionQuality:1]]
[2018.12.20-23.11.06:288][  0]LogConfig: Setting CVar [[r.ShadowQuality:5]]
[2018.12.20-23.11.06:288][  0]LogConfig: Setting CVar [[r.Shadow.CSM.MaxCascades:10]]
[2018.12.20-23.11.06:288][  0]LogConfig: Setting CVar [[r.Shadow.MaxResolution:2048]]
[2018.12.20-23.11.06:288][  0]LogConfig: Setting CVar [[r.Shadow.MaxCSMResolution:2048]]
[2018.12.20-23.11.06:288][  0]LogConfig: Setting CVar [[r.Shadow.RadiusThreshold:0.01]]
[2018.12.20-23.11.06:288][  0]LogConfig: Setting CVar [[r.Shadow.DistanceScale:1.0]]
[2018.12.20-23.11.06:288][  0]LogConfig: Setting CVar [[r.Shadow.CSM.TransitionScale:1.0]]
[2018.12.20-23.11.06:288][  0]LogConfig: Setting CVar [[r.Shadow.PreShadowResolutionFactor:1.0]]
[2018.12.20-23.11.06:288][  0]LogConfig: Setting CVar [[r.DistanceFieldShadowing:1]]
[2018.12.20-23.11.06:288][  0]LogConfig: Setting CVar [[r.DistanceFieldAO:1]]
[2018.12.20-23.11.06:288][  0]LogConfig: Setting CVar [[r.AOQuality:2]]
[2018.12.20-23.11.06:288][  0]LogConfig: Setting CVar [[r.VolumetricFog:1]]
[2018.12.20-23.11.06:288][  0]LogConfig: Setting CVar [[r.VolumetricFog.GridPixelSize:8]]
[2018.12.20-23.11.06:288][  0]LogConfig: Setting CVar [[r.VolumetricFog.GridSizeZ:128]]
[2018.12.20-23.11.06:288][  0]LogConfig: Setting CVar [[r.VolumetricFog.HistoryMissSupersampleCount:4]]
[2018.12.20-23.11.06:288][  0]LogConfig: Setting CVar [[r.LightMaxDrawDistanceScale:1]]
[2018.12.20-23.11.06:288][  0]LogConfig: Setting CVar [[r.CapsuleShadows:1]]
[2018.12.20-23.11.06:288][  0]LogConfig: Applying CVar settings from Section [PostProcessQuality@3] File [C:/Users/simon/Documents/Unreal Projects/wolfy 4.21/Saved/Config/Windows/Scalability.ini]
[2018.12.20-23.11.06:288][  0]LogConfig: Setting CVar [[r.MotionBlurQuality:4]]
[2018.12.20-23.11.06:288][  0]LogConfig: Setting CVar [[r.AmbientOcclusionMipLevelFactor:0.4]]
[2018.12.20-23.11.06:288][  0]LogConfig: Setting CVar [[r.AmbientOcclusionMaxQuality:100]]
[2018.12.20-23.11.06:288][  0]LogConfig: Setting CVar [[r.AmbientOcclusionLevels:-1]]
[2018.12.20-23.11.06:288][  0]LogConfig: Setting CVar [[r.AmbientOcclusionRadiusScale:1.0]]
[2018.12.20-23.11.06:288][  0]LogConfig: Setting CVar [[r.DepthOfFieldQuality:2]]
[2018.12.20-23.11.06:288][  0]LogConfig: Setting CVar [[r.RenderTargetPoolMin:400]]
[2018.12.20-23.11.06:288][  0]LogConfig: Setting CVar [[r.LensFlareQuality:2]]
[2018.12.20-23.11.06:288][  0]LogConfig: Setting CVar [[r.SceneColorFringeQuality:1]]
[2018.12.20-23.11.06:288][  0]LogConfig: Setting CVar [[r.EyeAdaptationQuality:2]]
[2018.12.20-23.11.06:288][  0]LogConfig: Setting CVar [[r.BloomQuality:5]]
[2018.12.20-23.11.06:288][  0]LogConfig: Setting CVar [[r.FastBlurThreshold:100]]
[2018.12.20-23.11.06:288][  0]LogConfig: Setting CVar [[r.Upscale.Quality:3]]
[2018.12.20-23.11.06:288][  0]LogConfig: Setting CVar [[r.Tonemapper.GrainQuantization:1]]
[2018.12.20-23.11.06:288][  0]LogConfig: Setting CVar [[r.LightShaftQuality:1]]
[2018.12.20-23.11.06:288][  0]LogConfig: Setting CVar [[r.Filter.SizeScale:1]]
[2018.12.20-23.11.06:288][  0]LogConfig: Setting CVar [[r.Tonemapper.Quality:5]]
[2018.12.20-23.11.06:288][  0]LogConfig: Setting CVar [[r.DOF.Gather.AccumulatorQuality:1        ; higher gathering accumulator quality]]
[2018.12.20-23.11.06:288][  0]LogConfig: Setting CVar [[r.DOF.Gather.PostfilterMethod:1          ; Median3x3 postfilering method]]
[2018.12.20-23.11.06:288][  0]LogConfig: Setting CVar [[r.DOF.Gather.EnableBokehSettings:0       ; no bokeh simulation when gathering]]
[2018.12.20-23.11.06:288][  0]LogConfig: Setting CVar [[r.DOF.Gather.RingCount:4                 ; medium number of samples when gathering]]
[2018.12.20-23.11.06:288][  0]LogConfig: Setting CVar [[r.DOF.Scatter.ForegroundCompositing:1    ; additive foreground scattering]]
[2018.12.20-23.11.06:288][  0]LogConfig: Setting CVar [[r.DOF.Scatter.BackgroundCompositing:2    ; additive background scattering]]
[2018.12.20-23.11.06:288][  0]LogConfig: Setting CVar [[r.DOF.Scatter.EnableBokehSettings:1      ; bokeh simulation when scattering]]
[2018.12.20-23.11.06:288][  0]LogConfig: Setting CVar [[r.DOF.Scatter.MaxSpriteRatio:0.1         ; only a maximum of 10% of scattered bokeh]]
[2018.12.20-23.11.06:288][  0]LogConfig: Setting CVar [[r.DOF.Recombine.Quality:1                ; cheap slight out of focus]]
[2018.12.20-23.11.06:288][  0]LogConfig: Setting CVar [[r.DOF.Recombine.EnableBokehSettings:0    ; no bokeh simulation on slight out of focus]]
[2018.12.20-23.11.06:288][  0]LogConfig: Setting CVar [[r.DOF.TemporalAAQuality:1                ; more stable temporal accumulation]]
[2018.12.20-23.11.06:288][  0]LogConfig: Setting CVar [[r.DOF.Kernel.MaxForegroundRadius:0.025]]
[2018.12.20-23.11.06:288][  0]LogConfig: Setting CVar [[r.DOF.Kernel.MaxBackgroundRadius:0.025]]
[2018.12.20-23.11.06:288][  0]LogConfig: Applying CVar settings from Section [TextureQuality@3] File [C:/Users/simon/Documents/Unreal Projects/wolfy 4.21/Saved/Config/Windows/Scalability.ini]
[2018.12.20-23.11.06:288][  0]LogConfig: Setting CVar [[r.Streaming.MipBias:0]]
[2018.12.20-23.11.06:288][  0]LogConfig: Setting CVar [[r.Streaming.AmortizeCPUToGPUCopy:0]]
[2018.12.20-23.11.06:288][  0]LogConfig: Setting CVar [[r.Streaming.MaxNumTexturesToStreamPerFrame:0]]
[2018.12.20-23.11.06:288][  0]LogConfig: Setting CVar [[r.Streaming.Boost:1]]
[2018.12.20-23.11.06:288][  0]LogConfig: Setting CVar [[r.MaxAnisotropy:8]]
[2018.12.20-23.11.06:288][  0]LogConfig: Setting CVar [[r.Streaming.LimitPoolSizeToVRAM:0]]
[2018.12.20-23.11.06:288][  0]LogConfig: Setting CVar [[r.Streaming.PoolSize:1000]]
[2018.12.20-23.11.06:288][  0]LogConfig: Setting CVar [[r.Streaming.MaxEffectiveScreenSize:0]]
[2018.12.20-23.11.06:288][  0]LogConfig: Applying CVar settings from Section [EffectsQuality@3] File [C:/Users/simon/Documents/Unreal Projects/wolfy 4.21/Saved/Config/Windows/Scalability.ini]
[2018.12.20-23.11.06:288][  0]LogConfig: Setting CVar [[r.TranslucencyLightingVolumeDim:64]]
[2018.12.20-23.11.06:288][  0]LogConfig: Setting CVar [[r.RefractionQuality:2]]
[2018.12.20-23.11.06:288][  0]LogConfig: Setting CVar [[r.SSR.Quality:3]]
[2018.12.20-23.11.06:288][  0]LogConfig: Setting CVar [[r.SceneColorFormat:4]]
[2018.12.20-23.11.06:288][  0]LogConfig: Setting CVar [[r.DetailMode:2]]
[2018.12.20-23.11.06:288][  0]LogConfig: Setting CVar [[r.TranslucencyVolumeBlur:1]]
[2018.12.20-23.11.06:288][  0]LogConfig: Setting CVar [[r.MaterialQualityLevel:1 ; High quality]]
[2018.12.20-23.11.06:288][  0]LogConfig: Setting CVar [[r.SSS.Scale:1]]
[2018.12.20-23.11.06:288][  0]LogConfig: Setting CVar [[r.SSS.SampleSet:2]]
[2018.12.20-23.11.06:288][  0]LogConfig: Setting CVar [[r.SSS.Quality:1]]
[2018.12.20-23.11.06:288][  0]LogConfig: Setting CVar [[r.SSS.HalfRes:1]]
[2018.12.20-23.11.06:288][  0]LogConfig: Setting CVar [[r.EmitterSpawnRateScale:1.0]]
[2018.12.20-23.11.06:288][  0]LogConfig: Setting CVar [[r.ParticleLightQuality:2]]
[2018.12.20-23.11.06:288][  0]LogConfig: Applying CVar settings from Section [FoliageQuality@3] File [C:/Users/simon/Documents/Unreal Projects/wolfy 4.21/Saved/Config/Windows/Scalability.ini]
[2018.12.20-23.11.06:288][  0]LogConfig: Setting CVar [[foliage.DensityScale:1.0]]
[2018.12.20-23.11.06:289][  0]LogConfig: Setting CVar [[grass.DensityScale:1.0]]
[2018.12.20-23.11.06:289][  0]LogInit: Selected Device Profile: [Windows]
[2018.12.20-23.11.06:289][  0]LogInit: Applying CVar settings loaded from the selected device profile: [Windows]
[2018.12.20-23.11.06:308][  0]LogHAL: Display: Platform has ~ 16 GB [17055186944 / 17179869184 / 16], which maps to Larger [LargestMinGB=32, LargerMinGB=12, DefaultMinGB=8, SmallerMinGB=6, SmallestMinGB=0)
[2018.12.20-23.11.06:308][  0]LogConfig: Setting CVar [[r.Vulkan.UseRealUBs:1]]
[2018.12.20-23.11.06:308][  0]LogInit: Going up to parent DeviceProfile []
[2018.12.20-23.11.06:308][  0]LogConfig: Applying CVar settings from Section [ViewDistanceQuality@3] File [C:/Users/simon/Documents/Unreal Projects/wolfy 4.21/Saved/Config/Windows/Scalability.ini]
[2018.12.20-23.11.06:308][  0]LogConfig: Setting CVar [[r.SkeletalMeshLODBias:0]]
[2018.12.20-23.11.06:308][  0]LogConfig: Setting CVar [[r.ViewDistanceScale:1.0]]
[2018.12.20-23.11.06:309][  0]LogConfig: Applying CVar settings from Section [AntiAliasingQuality@3] File [C:/Users/simon/Documents/Unreal Projects/wolfy 4.21/Saved/Config/Windows/Scalability.ini]
[2018.12.20-23.11.06:309][  0]LogConfig: Setting CVar [[r.PostProcessAAQuality:4]]
[2018.12.20-23.11.06:309][  0]LogConfig: Applying CVar settings from Section [ShadowQuality@3] File [C:/Users/simon/Documents/Unreal Projects/wolfy 4.21/Saved/Config/Windows/Scalability.ini]
[2018.12.20-23.11.06:309][  0]LogConfig: Setting CVar [[r.LightFunctionQuality:1]]
[2018.12.20-23.11.06:309][  0]LogConfig: Setting CVar [[r.ShadowQuality:5]]
[2018.12.20-23.11.06:309][  0]LogConfig: Setting CVar [[r.Shadow.CSM.MaxCascades:10]]
[2018.12.20-23.11.06:309][  0]LogConfig: Setting CVar [[r.Shadow.MaxResolution:2048]]
[2018.12.20-23.11.06:309][  0]LogConfig: Setting CVar [[r.Shadow.MaxCSMResolution:2048]]
[2018.12.20-23.11.06:309][  0]LogConfig: Setting CVar [[r.Shadow.RadiusThreshold:0.01]]
[2018.12.20-23.11.06:309][  0]LogConfig: Setting CVar [[r.Shadow.DistanceScale:1.0]]
[2018.12.20-23.11.06:309][  0]LogConfig: Setting CVar [[r.Shadow.CSM.TransitionScale:1.0]]
[2018.12.20-23.11.06:309][  0]LogConfig: Setting CVar [[r.Shadow.PreShadowResolutionFactor:1.0]]
[2018.12.20-23.11.06:309][  0]LogConfig: Setting CVar [[r.DistanceFieldShadowing:1]]
[2018.12.20-23.11.06:309][  0]LogConfig: Setting CVar [[r.DistanceFieldAO:1]]
[2018.12.20-23.11.06:309][  0]LogConfig: Setting CVar [[r.AOQuality:2]]
[2018.12.20-23.11.06:309][  0]LogConfig: Setting CVar [[r.VolumetricFog:1]]
[2018.12.20-23.11.06:309][  0]LogConfig: Setting CVar [[r.VolumetricFog.GridPixelSize:8]]
[2018.12.20-23.11.06:309][  0]LogConfig: Setting CVar [[r.VolumetricFog.GridSizeZ:128]]
[2018.12.20-23.11.06:309][  0]LogConfig: Setting CVar [[r.VolumetricFog.HistoryMissSupersampleCount:4]]
[2018.12.20-23.11.06:309][  0]LogConfig: Setting CVar [[r.LightMaxDrawDistanceScale:1]]
[2018.12.20-23.11.06:309][  0]LogConfig: Setting CVar [[r.CapsuleShadows:1]]
[2018.12.20-23.11.06:309][  0]LogConfig: Applying CVar settings from Section [PostProcessQuality@3] File [C:/Users/simon/Documents/Unreal Projects/wolfy 4.21/Saved/Config/Windows/Scalability.ini]
[2018.12.20-23.11.06:309][  0]LogConfig: Setting CVar [[r.MotionBlurQuality:4]]
[2018.12.20-23.11.06:309][  0]LogConfig: Setting CVar [[r.AmbientOcclusionMipLevelFactor:0.4]]
[2018.12.20-23.11.06:309][  0]LogConfig: Setting CVar [[r.AmbientOcclusionMaxQuality:100]]
[2018.12.20-23.11.06:309][  0]LogConfig: Setting CVar [[r.AmbientOcclusionLevels:-1]]
[2018.12.20-23.11.06:309][  0]LogConfig: Setting CVar [[r.AmbientOcclusionRadiusScale:1.0]]
[2018.12.20-23.11.06:309][  0]LogConfig: Setting CVar [[r.DepthOfFieldQuality:2]]
[2018.12.20-23.11.06:309][  0]LogConfig: Setting CVar [[r.RenderTargetPoolMin:400]]
[2018.12.20-23.11.06:309][  0]LogConfig: Setting CVar [[r.LensFlareQuality:2]]
[2018.12.20-23.11.06:309][  0]LogConfig: Setting CVar [[r.SceneColorFringeQuality:1]]
[2018.12.20-23.11.06:309][  0]LogConfig: Setting CVar [[r.EyeAdaptationQuality:2]]
[2018.12.20-23.11.06:309][  0]LogConfig: Setting CVar [[r.BloomQuality:5]]
[2018.12.20-23.11.06:309][  0]LogConfig: Setting CVar [[r.FastBlurThreshold:100]]
[2018.12.20-23.11.06:309][  0]LogConfig: Setting CVar [[r.Upscale.Quality:3]]
[2018.12.20-23.11.06:309][  0]LogConfig: Setting CVar [[r.Tonemapper.GrainQuantization:1]]
[2018.12.20-23.11.06:309][  0]LogConfig: Setting CVar [[r.LightShaftQuality:1]]
[2018.12.20-23.11.06:309][  0]LogConfig: Setting CVar [[r.Filter.SizeScale:1]]
[2018.12.20-23.11.06:309][  0]LogConfig: Setting CVar [[r.Tonemapper.Quality:5]]
[2018.12.20-23.11.06:309][  0]LogConfig: Setting CVar [[r.DOF.Gather.AccumulatorQuality:1        ; higher gathering accumulator quality]]
[2018.12.20-23.11.06:309][  0]LogConfig: Setting CVar [[r.DOF.Gather.PostfilterMethod:1          ; Median3x3 postfilering method]]
[2018.12.20-23.11.06:309][  0]LogConfig: Setting CVar [[r.DOF.Gather.EnableBokehSettings:0       ; no bokeh simulation when gathering]]
[2018.12.20-23.11.06:309][  0]LogConfig: Setting CVar [[r.DOF.Gather.RingCount:4                 ; medium number of samples when gathering]]
[2018.12.20-23.11.06:309][  0]LogConfig: Setting CVar [[r.DOF.Scatter.ForegroundCompositing:1    ; additive foreground scattering]]
[2018.12.20-23.11.06:309][  0]LogConfig: Setting CVar [[r.DOF.Scatter.BackgroundCompositing:2    ; additive background scattering]]
[2018.12.20-23.11.06:309][  0]LogConfig: Setting CVar [[r.DOF.Scatter.EnableBokehSettings:1      ; bokeh simulation when scattering]]
[2018.12.20-23.11.06:309][  0]LogConfig: Setting CVar [[r.DOF.Scatter.MaxSpriteRatio:0.1         ; only a maximum of 10% of scattered bokeh]]
[2018.12.20-23.11.06:309][  0]LogConfig: Setting CVar [[r.DOF.Recombine.Quality:1                ; cheap slight out of focus]]
[2018.12.20-23.11.06:309][  0]LogConfig: Setting CVar [[r.DOF.Recombine.EnableBokehSettings:0    ; no bokeh simulation on slight out of focus]]
[2018.12.20-23.11.06:309][  0]LogConfig: Setting CVar [[r.DOF.TemporalAAQuality:1                ; more stable temporal accumulation]]
[2018.12.20-23.11.06:309][  0]LogConfig: Setting CVar [[r.DOF.Kernel.MaxForegroundRadius:0.025]]
[2018.12.20-23.11.06:309][  0]LogConfig: Setting CVar [[r.DOF.Kernel.MaxBackgroundRadius:0.025]]
[2018.12.20-23.11.06:309][  0]LogConfig: Applying CVar settings from Section [TextureQuality@3] File [C:/Users/simon/Documents/Unreal Projects/wolfy 4.21/Saved/Config/Windows/Scalability.ini]
[2018.12.20-23.11.06:309][  0]LogConfig: Setting CVar [[r.Streaming.MipBias:0]]
[2018.12.20-23.11.06:309][  0]LogConfig: Setting CVar [[r.Streaming.AmortizeCPUToGPUCopy:0]]
[2018.12.20-23.11.06:309][  0]LogConfig: Setting CVar [[r.Streaming.MaxNumTexturesToStreamPerFrame:0]]
[2018.12.20-23.11.06:309][  0]LogConfig: Setting CVar [[r.Streaming.Boost:1]]
[2018.12.20-23.11.06:309][  0]LogConfig: Setting CVar [[r.MaxAnisotropy:8]]
[2018.12.20-23.11.06:309][  0]LogConfig: Setting CVar [[r.Streaming.LimitPoolSizeToVRAM:0]]
[2018.12.20-23.11.06:309][  0]LogConfig: Setting CVar [[r.Streaming.PoolSize:1000]]
[2018.12.20-23.11.06:309][  0]LogConfig: Setting CVar [[r.Streaming.MaxEffectiveScreenSize:0]]
[2018.12.20-23.11.06:309][  0]LogConfig: Applying CVar settings from Section [EffectsQuality@3] File [C:/Users/simon/Documents/Unreal Projects/wolfy 4.21/Saved/Config/Windows/Scalability.ini]
[2018.12.20-23.11.06:309][  0]LogConfig: Setting CVar [[r.TranslucencyLightingVolumeDim:64]]
[2018.12.20-23.11.06:309][  0]LogConfig: Setting CVar [[r.RefractionQuality:2]]
[2018.12.20-23.11.06:309][  0]LogConfig: Setting CVar [[r.SSR.Quality:3]]
[2018.12.20-23.11.06:309][  0]LogConfig: Setting CVar [[r.SceneColorFormat:4]]
[2018.12.20-23.11.06:309][  0]LogConfig: Setting CVar [[r.DetailMode:2]]
[2018.12.20-23.11.06:309][  0]LogConfig: Setting CVar [[r.TranslucencyVolumeBlur:1]]
[2018.12.20-23.11.06:309][  0]LogConfig: Setting CVar [[r.MaterialQualityLevel:1 ; High quality]]
[2018.12.20-23.11.06:309][  0]LogConfig: Setting CVar [[r.SSS.Scale:1]]
[2018.12.20-23.11.06:309][  0]LogConfig: Setting CVar [[r.SSS.SampleSet:2]]
[2018.12.20-23.11.06:309][  0]LogConfig: Setting CVar [[r.SSS.Quality:1]]
[2018.12.20-23.11.06:309][  0]LogConfig: Setting CVar [[r.SSS.HalfRes:1]]
[2018.12.20-23.11.06:309][  0]LogConfig: Setting CVar [[r.EmitterSpawnRateScale:1.0]]
[2018.12.20-23.11.06:309][  0]LogConfig: Setting CVar [[r.ParticleLightQuality:2]]
[2018.12.20-23.11.06:309][  0]LogConfig: Applying CVar settings from Section [FoliageQuality@3] File [C:/Users/simon/Documents/Unreal Projects/wolfy 4.21/Saved/Config/Windows/Scalability.ini]
[2018.12.20-23.11.06:309][  0]LogConfig: Setting CVar [[foliage.DensityScale:1.0]]
[2018.12.20-23.11.06:309][  0]LogConfig: Setting CVar [[grass.DensityScale:1.0]]
[2018.12.20-23.11.06:309][  0]LogConfig: Applying CVar settings from Section [Startup] File [../../../Engine/Config/ConsoleVariables.ini]
[2018.12.20-23.11.06:310][  0]LogConfig: Setting CVar [[net.UseAdaptiveNetUpdateFrequency:0]]
[2018.12.20-23.11.06:310][  0]LogConfig: Applying CVar settings from Section [ConsoleVariables] File [C:/Users/simon/Documents/Unreal Projects/wolfy 4.21/Saved/Config/Windows/Engine.ini]
[2018.12.20-23.11.06:310][  0]LogInit: Computer: LAPTOP-6ORP0FSQ
[2018.12.20-23.11.06:310][  0]LogInit: User: simon
[2018.12.20-23.11.06:310][  0]LogInit: CPU Page size=4096, Cores=4
[2018.12.20-23.11.06:310][  0]LogInit: High frequency timer resolution =2.742191 MHz
[2018.12.20-23.11.06:310][  0]LogMemory: Memory total: Physical=15.9GB (16GB approx)
[2018.12.20-23.11.06:310][  0]LogMemory: Platform Memory Stats for Windows
[2018.12.20-23.11.06:310][  0]LogMemory: Process Physical Memory: 104.55 MB used, 104.55 MB peak
[2018.12.20-23.11.06:310][  0]LogMemory: Process Virtual Memory: 93.67 MB used, 93.67 MB peak
[2018.12.20-23.11.06:310][  0]LogMemory: Physical Memory: 6564.77 MB used,  9700.32 MB free, 16265.09 MB total
[2018.12.20-23.11.06:310][  0]LogMemory: Virtual Memory: 4656.17 MB used,  134213072.00 MB free, 134217728.00 MB total
[2018.12.20-23.11.06:328][  0]LogInit: Using OS detected language (en-US).
[2018.12.20-23.11.06:328][  0]LogInit: Using OS detected locale (en-CA).
[2018.12.20-23.11.06:328][  0]LogTextLocalizationManager: No specific localization for 'en-US' exists, so the 'en' localization will be used.
[2018.12.20-23.11.06:707][  0]LogStreaming: Display: Took  0.380s to InitEngineTextLocalization.
[2018.12.20-23.11.06:707][  0]LogInit: Setting process to per monitor DPI aware
[2018.12.20-23.11.06:729][  0]LogSlate: New Slate User Created.  User Index 0, Is Virtual User: 0
[2018.12.20-23.11.06:729][  0]LogSlate: Slate User Registered.  User Index 0, Is Virtual User: 0
[2018.12.20-23.11.06:953][  0]LogHMD: Failed to initialize OpenVR with code 110
[2018.12.20-23.11.06:953][  0]LogD3D11RHI: D3D11 adapters:
[2018.12.20-23.11.07:035][  0]LogD3D11RHI:    0. 'NVIDIA GeForce GTX 1050' (Feature Level 11_0)
[2018.12.20-23.11.07:035][  0]LogD3D11RHI:       4021/0/8132 MB DedicatedVideo/DedicatedSystem/SharedSystem, Outputs:1, VendorId:0x10de
[2018.12.20-23.11.07:043][  0]LogD3D11RHI:    1. 'Intel(R) HD Graphics 630' (Feature Level 11_0)
[2018.12.20-23.11.07:043][  0]LogD3D11RHI:       128/0/8132 MB DedicatedVideo/DedicatedSystem/SharedSystem, Outputs:0, VendorId:0x8086
[2018.12.20-23.11.07:045][  0]LogD3D11RHI:    2. 'Microsoft Basic Render Driver' (Feature Level 11_0)
[2018.12.20-23.11.07:045][  0]LogD3D11RHI:       0/0/8132 MB DedicatedVideo/DedicatedSystem/SharedSystem, Outputs:0, VendorId:0x1414
[2018.12.20-23.11.07:045][  0]LogD3D11RHI: Chosen D3D11 Adapter: 0
[2018.12.20-23.11.07:088][  0]LogD3D11RHI: Creating new Direct3DDevice
[2018.12.20-23.11.07:088][  0]LogD3D11RHI:     GPU DeviceId: 0x1c8d (for the marketing name, search the web for "GPU Device Id")
[2018.12.20-23.11.07:088][  0]LogWindows: EnumDisplayDevices:
[2018.12.20-23.11.07:088][  0]LogWindows:    0. 'Intel(R) HD Graphics 630' (P:1 D:1)
[2018.12.20-23.11.07:088][  0]LogWindows:    1. 'Intel(R) HD Graphics 630' (P:0 D:0)
[2018.12.20-23.11.07:088][  0]LogWindows:    2. 'Intel(R) HD Graphics 630' (P:0 D:0)
[2018.12.20-23.11.07:088][  0]LogWindows: DebugString: PrimaryIsNotTheChoosenAdapter PrimaryIsNotTheChoosenAdapter PrimaryIsNotTheChoosenAdapter FoundDriverCount:0 
[2018.12.20-23.11.07:088][  0]LogD3D11RHI:     Adapter Name: NVIDIA GeForce GTX 1050
[2018.12.20-23.11.07:088][  0]LogD3D11RHI:   Driver Version: Unknown (internal:Unknown, unified:Unknown)
[2018.12.20-23.11.07:089][  0]LogD3D11RHI:      Driver Date: Unknown
[2018.12.20-23.11.07:089][  0]LogRHI: Texture pool is 2814 MB (70% of 4021 MB)
[2018.12.20-23.11.07:134][  0]LogD3D11RHI: Async texture creation enabled
[2018.12.20-23.11.07:204][  0]LogD3D11RHI: GPU Timing Frequency: 1000.000000 (Debug: 2 2)
[2018.12.20-23.11.07:503][  0]LogTemp: Display: Loaded TP AllDesktopTargetPlatform
[2018.12.20-23.11.07:515][  0]LogTemp: Display: Loaded TP MacClientTargetPlatform
[2018.12.20-23.11.07:527][  0]LogTemp: Display: Loaded TP MacNoEditorTargetPlatform
[2018.12.20-23.11.07:544][  0]LogTemp: Display: Loaded TP MacServerTargetPlatform
[2018.12.20-23.11.07:558][  0]LogTemp: Display: Loaded TP MacTargetPlatform
[2018.12.20-23.11.07:573][  0]LogTemp: Display: Loaded TP WindowsClientTargetPlatform
[2018.12.20-23.11.07:585][  0]LogTemp: Display: Loaded TP WindowsNoEditorTargetPlatform
[2018.12.20-23.11.07:598][  0]LogTemp: Display: Loaded TP WindowsServerTargetPlatform
[2018.12.20-23.11.07:605][  0]LogTemp: Display: Loaded TP WindowsTargetPlatform
[2018.12.20-23.11.07:674][  0]LogTemp: Display: Loaded TP AndroidTargetPlatform
[2018.12.20-23.11.07:674][  0]LogTemp: Display: Loaded TP AndroidTargetPlatform
[2018.12.20-23.11.07:674][  0]LogTemp: Display: Loaded TP AndroidTargetPlatform
[2018.12.20-23.11.07:674][  0]LogTemp: Display: Loaded TP AndroidTargetPlatform
[2018.12.20-23.11.07:674][  0]LogTemp: Display: Loaded TP AndroidTargetPlatform
[2018.12.20-23.11.07:674][  0]LogTemp: Display: Loaded TP AndroidTargetPlatform
[2018.12.20-23.11.07:674][  0]LogTemp: Display: Loaded TP AndroidTargetPlatform
[2018.12.20-23.11.07:674][  0]LogTemp: Display: Loaded TP AndroidTargetPlatform
[2018.12.20-23.11.07:674][  0]LogTemp: Display: Loaded TP AndroidTargetPlatform
[2018.12.20-23.11.07:674][  0]LogTemp: Display: Loaded TP AndroidTargetPlatform
[2018.12.20-23.11.07:674][  0]LogTemp: Display: Loaded TP AndroidTargetPlatform
[2018.12.20-23.11.07:674][  0]LogTemp: Display: Loaded TP AndroidTargetPlatform
[2018.12.20-23.11.07:674][  0]LogTemp: Display: Loaded TP AndroidTargetPlatform
[2018.12.20-23.11.07:674][  0]LogTemp: Display: Loaded TP AndroidTargetPlatform
[2018.12.20-23.11.07:674][  0]LogTemp: Display: Loaded TP AndroidTargetPlatform
[2018.12.20-23.11.07:674][  0]LogTemp: Display: Loaded TP AndroidTargetPlatform
[2018.12.20-23.11.07:674][  0]LogTemp: Display: Loaded TP AndroidTargetPlatform
[2018.12.20-23.11.07:674][  0]LogTemp: Display: Loaded TP AndroidTargetPlatform
[2018.12.20-23.11.07:675][  0]LogTemp: Display: Loaded TP HTML5TargetPlatform
[2018.12.20-23.11.07:732][  0]LogTemp: Display: Loaded TP IOSTargetPlatform
[2018.12.20-23.11.07:732][  0]LogTemp: Display: Loaded TP IOSTargetPlatform
[2018.12.20-23.11.07:755][  0]LogTemp: Display: Loaded TP TVOSTargetPlatform
[2018.12.20-23.11.07:755][  0]LogTemp: Display: Loaded TP TVOSTargetPlatform
[2018.12.20-23.11.07:767][  0]LogTemp: Display: Loaded TP LinuxClientTargetPlatform
[2018.12.20-23.11.07:779][  0]LogTemp: Display: Loaded TP LinuxNoEditorTargetPlatform
[2018.12.20-23.11.07:791][  0]LogTemp: Display: Loaded TP LinuxServerTargetPlatform
[2018.12.20-23.11.07:803][  0]LogTemp: Display: Loaded TP LinuxTargetPlatform
[2018.12.20-23.11.07:843][  0]LogTemp: Display: Loaded TP LuminTargetPlatform
[2018.12.20-23.11.07:843][  0]LogTemp: Display: Loaded TP LuminTargetPlatform
[2018.12.20-23.11.07:843][  0]LogTargetPlatformManager: Display: Building Assets For Windows
[2018.12.20-23.11.07:883][  0]LogShaderCompilers: Guid format shader working directory is -6 characters bigger than the processId version (C:/Users/simon/Documents/Unreal Projects/wolfy 4.21/Intermediate/Shaders/WorkingDirectory/17492/).
[2018.12.20-23.11.07:883][  0]LogShaderCompilers: Cleaned the shader compiler working directory 'C:/Users/simon/AppData/Local/Temp/UnrealShaderWorkingDir/BEA2030641CBD9F00E3943B6C502E558/'.
[2018.12.20-23.11.07:884][  0]LogXGEController: Cannot use XGE Controller as Incredibuild is not installed on this machine.
[2018.12.20-23.11.07:885][  0]LogShaderCompilers: Cannot use XGE Shader Compiler as Incredibuild is not installed on this machine.
[2018.12.20-23.11.07:885][  0]LogShaderCompilers: Display: Using Local Shader Compiler.
[2018.12.20-23.11.08:421][  0]LogDerivedDataCache: Display: Max Cache Size: 512 MB
[2018.12.20-23.11.08:479][  0]LogDerivedDataCache: Loaded boot cache 0.06s 71MB C:/Users/simon/AppData/Local/UnrealEngine/4.21/DerivedDataCache/Boot.ddc.
[2018.12.20-23.11.08:479][  0]LogDerivedDataCache: Display: Loaded Boot cache: C:/Users/simon/AppData/Local/UnrealEngine/4.21/DerivedDataCache/Boot.ddc
[2018.12.20-23.11.08:479][  0]LogDerivedDataCache: FDerivedDataBackendGraph:  Pak pak cache file C:/Users/simon/Documents/Unreal Projects/wolfy 4.21/DerivedDataCache/DDC.ddp not found, will not use a pak cache.
[2018.12.20-23.11.08:479][  0]LogDerivedDataCache: Unable to find inner node Pak for hierarchical cache Hierarchy.
[2018.12.20-23.11.08:479][  0]LogDerivedDataCache: FDerivedDataBackendGraph:  CompressedPak pak cache file C:/Users/simon/Documents/Unreal Projects/wolfy 4.21/DerivedDataCache/Compressed.ddp not found, will not use a pak cache.
[2018.12.20-23.11.08:479][  0]LogDerivedDataCache: Unable to find inner node CompressedPak for hierarchical cache Hierarchy.
[2018.12.20-23.11.08:492][  0]LogDerivedDataCache: Display: Pak cache opened for reading ../../../Engine/DerivedDataCache/Compressed.ddp.
[2018.12.20-23.11.08:492][  0]LogDerivedDataCache: FDerivedDataBackendGraph:  EnterprisePak pak cache file ../../../Enterprise/DerivedDataCache/Compressed.ddp not found, will not use a pak cache.
[2018.12.20-23.11.08:492][  0]LogDerivedDataCache: Unable to find inner node EnterprisePak for hierarchical cache Hierarchy.
[2018.12.20-23.11.08:504][  0]LogDerivedDataCache: Using Local data cache path C:/Users/simon/AppData/Local/UnrealEngine/Common/DerivedDataCache: Writable
[2018.12.20-23.11.08:504][  0]LogDerivedDataCache: Shared data cache path not found in *engine.ini, will not use an Shared cache.
[2018.12.20-23.11.08:504][  0]LogDerivedDataCache: Unable to find inner node Shared for hierarchical cache Hierarchy.
[2018.12.20-23.11.08:528][  0]LogMaterial: Verifying Global Shaders for PCD3D_SM5
[2018.12.20-23.11.08:529][  0]LogSlate: Using FreeType 2.6.0
[2018.12.20-23.11.08:530][  0]LogSlate: SlateFontServices - WITH_FREETYPE: 1, WITH_HARFBUZZ: 1
[2018.12.20-23.11.08:611][  0]LogAssetRegistry: FAssetRegistry took 0.0328 seconds to start up
[2018.12.20-23.11.08:919][  0]LogInit: Selected Device Profile: [Windows]
[2018.12.20-23.11.08:980][  0]LogSimplygon: Simplygon DLL not present - disabling.
[2018.12.20-23.11.08:983][  0]LogMeshReduction: Using SimplygonSwarm for distributed automatic mesh merging
[2018.12.20-23.11.08:983][  0]LogMeshReduction: Using ProxyLODMeshReduction for automatic mesh merging
[2018.12.20-23.11.08:983][  0]LogMeshReduction: Using QuadricMeshReduction for automatic static mesh reduction
[2018.12.20-23.11.08:983][  0]LogMeshReduction: No automatic skeletal mesh reduction module available
[2018.12.20-23.11.09:076][  0]LogNetVersion: wolfy 1.0.0, NetCL: 4541578, EngineNetVer: 5, GameNetVer: 0 (Checksum: 1840138777)
[2018.12.20-23.11.09:601][  0]LogPackageLocalizationCache: Processed 11 localized package path(s) for 2 prioritized culture(s) in 0.095019 seconds
[2018.12.20-23.11.09:607][  0]LogUObjectArray: 39775 objects as part of root set at end of initial load.
[2018.12.20-23.11.09:607][  0]LogUObjectAllocator: 6914656 out of 0 bytes used by permanent object pool.
[2018.12.20-23.11.09:607][  0]LogUObjectArray: CloseDisregardForGC: 0/0 objects in disregard for GC pool
[2018.12.20-23.11.10:415][  0]LogTcpMessaging: Initializing TcpMessaging bridge
[2018.12.20-23.11.10:429][  0]LogUdpMessaging: Initializing bridge on interface 0.0.0.0:0 to multicast group 230.0.0.1:6666.
[2018.12.20-23.11.11:079][  0]SourceControl: Source control is disabled
[2018.12.20-23.11.11:079][  0]SourceControl: Source control is disabled
[2018.12.20-23.11.11:080][  0]SourceControl: Source control is disabled
[2018.12.20-23.11.11:081][  0]SourceControl: Source control is disabled
[2018.12.20-23.11.11:248][  0]LogAndroidPermission: UAndroidPermissionCallbackProxy::GetInstance
[2018.12.20-23.11.11:322][  0]LogOcInput: OculusInput pre-init called
[2018.12.20-23.11.11:452][  0]LogEngine: Initializing Engine...
[2018.12.20-23.11.11:453][  0]LogHMD: Failed to initialize OpenVR with code 110
[2018.12.20-23.11.11:454][  0]LogStats: UGameplayTagsManager::ConstructGameplayTagTree: ImportINI prefixes -  0.000 s
[2018.12.20-23.11.11:454][  0]LogStats: UGameplayTagsManager::ConstructGameplayTagTree: Construct from data asset -  0.000 s
[2018.12.20-23.11.11:454][  0]LogStats: UGameplayTagsManager::ConstructGameplayTagTree: ImportINI -  0.000 s
[2018.12.20-23.11.11:454][  0]LogStats: UGameplayTagsManager::ConstructGameplayTagTree: GameplayTagTreeChangedEvent.Broadcast -  0.000 s
[2018.12.20-23.11.11:690][  0]LogInit: Initializing FReadOnlyCVARCache
[2018.12.20-23.11.11:703][  0]LogAIModule: Creating AISystem for world Untitled
[2018.12.20-23.11.11:720][  0]LogInit: XAudio2 using 'Speakers (Realtek High Definition Audio)' : 2 channels at 48 kHz using 32 bits per sample (channel mask 0x3)
[2018.12.20-23.11.11:896][  0]LogInit: FAudioDevice initialized.
[2018.12.20-23.11.11:896][  0]LogNetVersion: Set ProjectVersion to 1.0.0.0. Version Checksum will be recalculated on next use.
[2018.12.20-23.11.11:987][  0]LogDerivedDataCache: Saved boot cache 0.09s 71MB C:/Users/simon/AppData/Local/UnrealEngine/4.21/DerivedDataCache/Boot.ddc.
[2018.12.20-23.11.12:007][  0]LogInit: Texture streaming: Enabled
[2018.12.20-23.11.12:019][  0]LogEngineSessionManager: EngineSessionManager initialized
[2018.12.20-23.11.12:049][  0]LogInit: Transaction tracking system initialized
[2018.12.20-23.11.12:063][  0]BlueprintLog: New page: Editor Load
[2018.12.20-23.11.12:111][  0]LocalizationService: Localization service is disabled
[2018.12.20-23.11.12:590][  0]LogCook: Display: Max memory allowance for cook 16384mb min free memory 0mb
[2018.12.20-23.11.12:590][  0]LogCook: Display: Mobile HDR setting 1
[2018.12.20-23.11.12:590][  0]LogGameplayTags: Display: UGameplayTagsManager::DoneAddingNativeTags. DelegateIsBound: 0
[2018.12.20-23.11.12:590][  0]LogStats: UGameplayTagsManager::ConstructGameplayTagTree: ImportINI prefixes -  0.000 s
[2018.12.20-23.11.12:590][  0]LogStats: UGameplayTagsManager::ConstructGameplayTagTree: Construct from data asset -  0.000 s
[2018.12.20-23.11.12:590][  0]LogStats: UGameplayTagsManager::ConstructGameplayTagTree: ImportINI -  0.000 s
[2018.12.20-23.11.12:590][  0]LogStats: UGameplayTagsManager::ConstructGameplayTagTree: GameplayTagTreeChangedEvent.Broadcast -  0.000 s
[2018.12.20-23.11.12:686][  0]LogFileCache: Scanning file cache for directory 'C:/Users/simon/Documents/Unreal Projects/wolfy 4.21/Content/' took 0.02s
[2018.12.20-23.11.12:686][  0]SourceControl: Source control is disabled
[2018.12.20-23.11.12:686][  0]Cmd: MAP LOAD FILE="C:/Users/simon/Documents/Unreal Projects/wolfy 4.21/Content/ThirdPersonBP/Maps/ThirdPersonExampleMap.umap" TEMPLATE=0 SHOWPROGRESS=1 FEATURELEVEL=3
[2018.12.20-23.11.12:691][  0]LightingResults: New page: Lighting Build
[2018.12.20-23.11.12:693][  0]MapCheck: New page: Map Check
[2018.12.20-23.11.12:693][  0]LightingResults: New page: Lighting Build
[2018.12.20-23.11.13:028][  0]LogTexture: Display: Building textures: HQ_Lightmap1_2 (AutoDXT, 64X64)
[2018.12.20-23.11.13:028][  0]LogTexture: Display: Building textures: LQ_Lightmap_1_2 (DXT1, 64X64)
[2018.12.20-23.11.13:028][  0]LogTexture: Display: Building textures: HQ_Lightmap1_1 (AutoDXT, 256X256)
[2018.12.20-23.11.13:028][  0]LogTexture: Display: Building textures: LQ_Lightmap_1_1 (DXT1, 256X256)
[2018.12.20-23.11.13:028][  0]LogTexture: Display: Building textures: SkyOcclusion1_1 (AutoDXT, 256X128)
[2018.12.20-23.11.13:028][  0]LogTexture: Display: Building textures: SkyOcclusion1_2 (AutoDXT, 64X32)
[2018.12.20-23.11.13:334][  0]LogAIModule: Creating AISystem for world ThirdPersonExampleMap
[2018.12.20-23.11.13:356][  0]LogEditorServer: Finished looking for orphan Actors (0.000 secs)
[2018.12.20-23.11.13:394][  0]Cmd: MAP CHECKDEP NOCLEARLOG
[2018.12.20-23.11.13:394][  0]MapCheck: Map check complete: 0 Error(s), 0 Warning(s), took 0.154ms to complete.
[2018.12.20-23.11.13:394][  0]LogFileHelpers: Loading map 'ThirdPersonExampleMap' took 0.708
[2018.12.20-23.11.13:930][  0]LogSlate: Updating window title bar state: overlay mode, drag disabled, window buttons hidden, title bar hidden
[2018.12.20-23.11.13:944][  0]LogSlate: Updating window title bar state: overlay mode, drag disabled, window buttons hidden, title bar hidden
[2018.12.20-23.11.13:951][  0]LogSlate: Updating window title bar state: overlay mode, drag disabled, window buttons hidden, title bar hidden
[2018.12.20-23.11.13:957][  0]LogSlate: Updating window title bar state: overlay mode, drag disabled, window buttons hidden, title bar hidden
[2018.12.20-23.11.13:966][  0]LogCollectionManager: Loaded 0 collections in 0.000758 seconds
[2018.12.20-23.11.14:075][  0]LogFileCache: Scanning file cache for directory 'C:/Users/simon/Documents/Unreal Projects/wolfy 4.21/Saved/Collections/' took 0.01s
[2018.12.20-23.11.14:075][  0]LogFileCache: Scanning file cache for directory 'C:/Users/simon/Documents/Unreal Projects/wolfy 4.21/Content/Developers/simon/Collections/' took 0.00s
[2018.12.20-23.11.14:075][  0]LogFileCache: Scanning file cache for directory 'C:/Users/simon/Documents/Unreal Projects/wolfy 4.21/Content/Collections/' took 0.00s
[2018.12.20-23.11.14:075][  0]LogCollectionManager: Rebuilt the GUID cache for 0 collections in 0.000000 seconds
[2018.12.20-23.11.14:084][  0]LogContentBrowser: Native class hierarchy populated in 0.0088 seconds. Added 2651 classes and 620 folders.
[2018.12.20-23.11.14:140][  0]LogContentBrowser: Native class hierarchy updated for 'WidgetCarousel' in 0.0002 seconds. Added 0 classes and 0 folders.
[2018.12.20-23.11.14:271][  0]LogPakFile: Registered encryption key '00000000000000000000000000000000': 0 pak files mounted, 0 remain pending
[2018.12.20-23.11.14:366][  0]LogPakFile: Registered encryption key '00000000000000000000000000000000': 0 pak files mounted, 0 remain pending
[2018.12.20-23.11.14:407][  0]LogPakFile: Registered encryption key '00000000000000000000000000000000': 0 pak files mounted, 0 remain pending
[2018.12.20-23.11.14:453][  0]LogPakFile: Registered encryption key '00000000000000000000000000000000': 0 pak files mounted, 0 remain pending
[2018.12.20-23.11.14:480][  0]LogPakFile: Registered encryption key '00000000000000000000000000000000': 0 pak files mounted, 0 remain pending
[2018.12.20-23.11.14:518][  0]LogPakFile: Registered encryption key '00000000000000000000000000000000': 0 pak files mounted, 0 remain pending
[2018.12.20-23.11.14:552][  0]LogPakFile: Registered encryption key '00000000000000000000000000000000': 0 pak files mounted, 0 remain pending
[2018.12.20-23.11.14:562][  0]LogPakFile: Registered encryption key '00000000000000000000000000000000': 0 pak files mounted, 0 remain pending
[2018.12.20-23.11.14:570][  0]LogPakFile: Registered encryption key '00000000000000000000000000000000': 0 pak files mounted, 0 remain pending
[2018.12.20-23.11.14:621][  0]LogPakFile: Registered encryption key '00000000000000000000000000000000': 0 pak files mounted, 0 remain pending
[2018.12.20-23.11.14:649][  0]LogPakFile: Registered encryption key '00000000000000000000000000000000': 0 pak files mounted, 0 remain pending
[2018.12.20-23.11.14:671][  0]LogPakFile: Registered encryption key '00000000000000000000000000000000': 0 pak files mounted, 0 remain pending
[2018.12.20-23.11.14:679][  0]LogPakFile: Registered encryption key '00000000000000000000000000000000': 0 pak files mounted, 0 remain pending
[2018.12.20-23.11.14:692][  0]LogPakFile: Registered encryption key '00000000000000000000000000000000': 0 pak files mounted, 0 remain pending
[2018.12.20-23.11.14:715][  0]LogPakFile: Registered encryption key '00000000000000000000000000000000': 0 pak files mounted, 0 remain pending
[2018.12.20-23.11.14:801][  0]LogPakFile: Registered encryption key '00000000000000000000000000000000': 0 pak files mounted, 0 remain pending
[2018.12.20-23.11.14:855][  0]LogPakFile: Registered encryption key '00000000000000000000000000000000': 0 pak files mounted, 0 remain pending
[2018.12.20-23.11.14:887][  0]LogPakFile: Registered encryption key '00000000000000000000000000000000': 0 pak files mounted, 0 remain pending
[2018.12.20-23.11.14:916][  0]LogPakFile: Registered encryption key '00000000000000000000000000000000': 0 pak files mounted, 0 remain pending
[2018.12.20-23.11.14:945][  0]LogPakFile: Registered encryption key '00000000000000000000000000000000': 0 pak files mounted, 0 remain pending
[2018.12.20-23.11.14:994][  0]LogPakFile: Registered encryption key '00000000000000000000000000000000': 0 pak files mounted, 0 remain pending
[2018.12.20-23.11.15:019][  0]LogPakFile: Registered encryption key '00000000000000000000000000000000': 0 pak files mounted, 0 remain pending
[2018.12.20-23.11.15:025][  0]LogPakFile: Registered encryption key '00000000000000000000000000000000': 0 pak files mounted, 0 remain pending
[2018.12.20-23.11.15:049][  0]LogPakFile: Registered encryption key '00000000000000000000000000000000': 0 pak files mounted, 0 remain pending
[2018.12.20-23.11.15:079][  0]LogPakFile: Registered encryption key '00000000000000000000000000000000': 0 pak files mounted, 0 remain pending
[2018.12.20-23.11.15:111][  0]LogPakFile: Registered encryption key '00000000000000000000000000000000': 0 pak files mounted, 0 remain pending
[2018.12.20-23.11.16:504][  0]LogContentBrowser: Native class hierarchy updated for 'AddContentDialog' in 0.0007 seconds. Added 0 classes and 0 folders.
[2018.12.20-23.11.16:552][  0]LogContentBrowser: Native class hierarchy updated for 'SceneOutliner' in 0.0002 seconds. Added 1 classes and 2 folders.
[2018.12.20-23.11.16:991][  0]LogSlate: Took 0.000424 seconds to synchronously load lazily loaded font '../../../Engine/Content/Slate/Fonts/Roboto-Regular.ttf' (155K)
[2018.12.20-23.11.16:995][  0]LogSlate: Took 0.000174 seconds to synchronously load lazily loaded font '../../../Engine/Content/Slate/Fonts/Roboto-Bold.ttf' (160K)
[2018.12.20-23.11.17:074][  0]LogSlate: Took 0.020724 seconds to synchronously load lazily loaded font '../../../Engine/Content/Editor/Slate/Fonts/FontAwesome.ttf' (139K)
[2018.12.20-23.11.17:582][  0]LogRenderer: Reallocating scene render targets to support 824x464 Format 10 NumSamples 1 (Frame:1).
[2018.12.20-23.11.18:054][  0]LogContentBrowser: Native class hierarchy updated for 'HierarchicalLODOutliner' in 0.0003 seconds. Added 0 classes and 0 folders.
[2018.12.20-23.11.18:054][  0]LogLoad: (Engine Initialization) Total time: 13.37 seconds
[2018.12.20-23.11.18:054][  0]LogLoad: (Engine Initialization) Total Blueprint compile time: 0.00 seconds
[2018.12.20-23.11.18:072][  0]LogWindowsTextInputMethodSystem: Display: IME system now deactivated.
[2018.12.20-23.11.18:171][  0]LogContentStreaming: Texture pool size now 1000 MB
[2018.12.20-23.11.18:279][  0]LogSlate: Took 0.021123 seconds to synchronously load lazily loaded font '../../../Engine/Content/Slate/Fonts/Roboto-Light.ttf' (167K)
[2018.12.20-23.11.18:532][  1]LogAssetRegistry: Asset discovery search completed in 9.9436 seconds
[2018.12.20-23.11.18:534][  1]LogCollectionManager: Rebuilt the object cache for 0 collections in 0.000000 seconds (found 0 objects)
[2018.12.20-23.11.18:534][  1]LogCollectionManager: Fixed up redirectors for 0 collections in 0.000039 seconds (updated 0 objects)
[2018.12.20-23.11.26:632][478]LogSlate: FSceneViewport::OnFocusLost() reason 0
[2018.12.20-23.11.29:786][667]LogLinker: Warning: Can't find file '/Game/ThirdPersonBP/Blueprints/env/islands/double/Material_001'
[2018.12.20-23.11.29:786][667]LogLinker: Warning: Can't find file for asset '/Game/ThirdPersonBP/Blueprints/env/islands/double/Material_001' while loading C:/Users/simon/Documents/Unreal Projects/wolfy 4.21/Content/ThirdPersonBP/Blueprints/env/islands/double/double.uasset.
[2018.12.20-23.11.29:786][667]LoadErrors: Error: /Game/ThirdPersonBP/Blueprints/env/islands/double/double : Can't find file for asset. /Game/ThirdPersonBP/Blueprints/env/islands/double/Material_001
[2018.12.20-23.11.29:786][667]LogLinker: Warning: Can't find file '/Game/ThirdPersonBP/Blueprints/env/islands/double/Material_002'
[2018.12.20-23.11.29:786][667]LogLinker: Warning: Can't find file for asset '/Game/ThirdPersonBP/Blueprints/env/islands/double/Material_002' while loading C:/Users/simon/Documents/Unreal Projects/wolfy 4.21/Content/ThirdPersonBP/Blueprints/env/islands/double/double.uasset.
[2018.12.20-23.11.29:787][667]LoadErrors: Error: /Game/ThirdPersonBP/Blueprints/env/islands/double/double : Can't find file for asset. /Game/ThirdPersonBP/Blueprints/env/islands/double/Material_002
[2018.12.20-23.11.29:787][667]LogLinker: Warning: Can't find file '/Game/ThirdPersonBP/Blueprints/env/islands/double/Material_001'
[2018.12.20-23.11.29:787][667]LogLinker: Warning: Can't find file for asset '/Game/ThirdPersonBP/Blueprints/env/islands/double/Material_001' while loading C:/Users/simon/Documents/Unreal Projects/wolfy 4.21/Content/ThirdPersonBP/Blueprints/env/islands/double/double.uasset.
[2018.12.20-23.11.29:787][667]LogLinker: Warning: Can't find file '/Game/ThirdPersonBP/Blueprints/env/islands/double/Material_002'
[2018.12.20-23.11.29:787][667]LogLinker: Warning: Can't find file for asset '/Game/ThirdPersonBP/Blueprints/env/islands/double/Material_002' while loading C:/Users/simon/Documents/Unreal Projects/wolfy 4.21/Content/ThirdPersonBP/Blueprints/env/islands/double/double.uasset.
[2018.12.20-23.11.29:788][667]LogLinker: Warning: Can't find file '/Game/ThirdPersonBP/Blueprints/env/islands/double/Material_001'
[2018.12.20-23.11.29:788][667]LoadErrors: Failed to load /Game/ThirdPersonBP/Blueprints/env/islands/double/Material_001.Material_001 Referenced by double
[2018.12.20-23.11.29:788][667]LogLinker: Warning: Can't find file for asset '/Game/ThirdPersonBP/Blueprints/env/islands/double/Material_001' while loading NULL.
[2018.12.20-23.11.29:788][667]LogLinker: Warning: Can't find file '/Game/ThirdPersonBP/Blueprints/env/islands/double/Material_002'
[2018.12.20-23.11.29:788][667]LoadErrors: Failed to load /Game/ThirdPersonBP/Blueprints/env/islands/double/Material_002.Material_002 Referenced by double
[2018.12.20-23.11.29:788][667]LogLinker: Warning: Can't find file for asset '/Game/ThirdPersonBP/Blueprints/env/islands/double/Material_002' while loading NULL.
[2018.12.20-23.11.29:789][667]LogLinker: Warning: Can't find file '/Game/ThirdPersonBP/Blueprints/env/islands/double/Material_001'
[2018.12.20-23.11.29:789][667]LogLinker: Warning: Can't find file for asset '/Game/ThirdPersonBP/Blueprints/env/islands/double/Material_001' while loading NULL.
[2018.12.20-23.11.29:789][667]LogLinker: Warning: Can't find file '/Game/ThirdPersonBP/Blueprints/env/islands/double/Material_002'
[2018.12.20-23.11.29:789][667]LogLinker: Warning: Can't find file for asset '/Game/ThirdPersonBP/Blueprints/env/islands/double/Material_002' while loading NULL.
[2018.12.20-23.11.31:249][667]LogSlate: Window 'Delete Assets' being destroyed
[2018.12.20-23.11.31:322][667]LogSlate: Took 0.000176 seconds to synchronously load lazily loaded font '../../../Engine/Content/Slate/Fonts/Roboto-Light.ttf' (167K)
[2018.12.20-23.11.35:929][724]LogFactory: FactoryCreateFile: StaticMesh with FbxFactory (0 0 C:/Users/simon/Documents/islands/double.fbx)
[2018.12.20-23.11.36:214][724]LogFbx: Loading FBX Scene from C:/Users/simon/Documents/islands/double.fbx
[2018.12.20-23.11.36:251][724]LogFbx: FBX Scene Loaded Succesfully
[2018.12.20-23.11.37:733][724]LogSlate: Window 'FBX Import Options' being destroyed
[2018.12.20-23.11.38:229][724]LogMaterial: Display: Missing cached shader map for material Material_001, compiling. 
[2018.12.20-23.11.38:323][724]LogShaderCompilers: Display: Shaders left to compile 22
[2018.12.20-23.11.38:323][724]LogShaderCompilers: Display: Shaders left to compile 12
[2018.12.20-23.11.38:323][724]LogShaderCompilers: Display: Shaders left to compile 2
[2018.12.20-23.11.38:323][724]LogMaterial: Display: Missing cached shader map for material Material_002, compiling. 
[2018.12.20-23.11.38:384][724]LogStaticMesh: Building static mesh double...
[2018.12.20-23.11.38:482][724]LogShaderCompilers: Display: Shaders left to compile 22
[2018.12.20-23.11.38:482][724]LogStaticMesh: Built static mesh [0.10s] /Game/ThirdPersonBP/Blueprints/env/islands/double/double.double
[2018.12.20-23.11.38:550][724]FBXImport: Warning: No smoothing group information was found in this FBX scene.  Please make sure to enable the 'Export Smoothing Groups' option in the FBX Exporter plug-in before exporting the file.  Even for tools that don't support smoothing groups, the FBX Exporter will generate appropriate smoothing data at export-time so that correct vertex normals can be inferred while importing. 
[2018.12.20-23.11.40:317][806]LogShaderCompilers: Display: Shaders left to compile 12
[2018.12.20-23.11.41:293][864]LogSlate: Window 'Message Log' being destroyed
[2018.12.20-23.11.41:296][864]LogSlate: Window 'Message Log' being destroyed
[2018.12.20-23.11.42:034][909]LogShaderCompilers: Display: Shaders left to compile 2
[2018.12.20-23.11.45:642][ 74]LogSavePackage: Moving 'C:/Users/simon/Documents/Unreal Projects/wolfy 4.21/Saved/double2770E8AD4B747BF894E6F6986BA0BFA5.tmp' to 'C:/Users/simon/Documents/Unreal Projects/wolfy 4.21/Content/ThirdPersonBP/Blueprints/env/islands/double/double.uasset'
[2018.12.20-23.11.45:734][ 74]LogSavePackage: Moving 'C:/Users/simon/Documents/Unreal Projects/wolfy 4.21/Saved/Material_001D9232A2E4DE5C84E7AC284AAEB3AD815.tmp' to 'C:/Users/simon/Documents/Unreal Projects/wolfy 4.21/Content/ThirdPersonBP/Blueprints/env/islands/double/Material_001.uasset'
[2018.12.20-23.11.45:808][ 74]LogSavePackage: Moving 'C:/Users/simon/Documents/Unreal Projects/wolfy 4.21/Saved/Material_002840E798B483DD9BC6114F4B3790C346C.tmp' to 'C:/Users/simon/Documents/Unreal Projects/wolfy 4.21/Content/ThirdPersonBP/Blueprints/env/islands/double/Material_002.uasset'
[2018.12.20-23.11.47:767][176]LogEditorViewport: Clicking on Actor (LMB): StaticMeshActor (beginMap)
[2018.12.20-23.11.49:121][221]Cmd: DELETE
[2018.12.20-23.11.49:121][221]Cmd: ACTOR DELETE
[2018.12.20-23.11.49:653][221]LogEditorActor: Deleted Actor: StaticMeshActor
[2018.12.20-23.11.49:933][221]LogEditorActor: Deleted 1 Actors (0.326 secs)
[2018.12.20-23.11.53:110][409]LogEditorViewport: Clicking on Actor (LMB): StaticMeshActor (large)
[2018.12.20-23.11.55:347][539]LogEditorViewport: Clicking on Actor (LMB): StaticMeshActor (very_small)
[2018.12.20-23.11.56:962][633]LogEditorViewport: Clicking on Actor (LMB): StaticMeshActor (medium)
[2018.12.20-23.12.13:944][649]LogSlate: FSceneViewport::OnFocusLost() reason 0
[2018.12.20-23.12.36:060][871]LogSlate: FSceneViewport::OnFocusLost() reason 2
[2018.12.20-23.12.37:168][936]LogSlate: FSceneViewport::OnFocusLost() reason 2
[2018.12.20-23.12.37:860][936]LogSavePackage: Moving 'C:/Users/simon/Documents/Unreal Projects/wolfy 4.21/Saved/ThirdPersonExampleMap7073844341DA550A4A8A18B02EB6A356.tmp' to 'C:/Users/simon/Documents/Unreal Projects/wolfy 4.21/Content/ThirdPersonBP/Maps/ThirdPersonExampleMap.umap'
[2018.12.20-23.12.37:905][936]LogFileHelpers: Saving map 'ThirdPersonExampleMap' took 0.725
[2018.12.20-23.12.40:680][ 99]LogSlate: FSceneViewport::OnFocusLost() reason 2
[2018.12.20-23.12.49:201][608]LogSlate: FSceneViewport::OnFocusLost() reason 2
[2018.12.20-23.12.54:075][897]LogSlate: FSceneViewport::OnFocusLost() reason 2
[2018.12.20-23.13.03:944][488]LogSlate: FSceneViewport::OnFocusLost() reason 2
[2018.12.20-23.13.08:335][751]MapCheck: New page: Map Check
[2018.12.20-23.13.08:346][751]LogSlate: FSceneViewport::OnFocusLost() reason 2
[2018.12.20-23.13.08:915][751]LightingResults: New page: Lighting Build - Dec 20, 2018, 1:13:08 PM
[2018.12.20-23.13.09:085][751]LogSwarmInterface: [OpenConnection] Registering TCP channel ...
[2018.12.20-23.13.09:265][751]LogSwarmInterface: [OpenConnection] Connecting to agent ...
[2018.12.20-23.13.09:279][751]LogSwarmInterface: [TryOpenConnection] Testing the Agent
[2018.12.20-23.13.09:790][751]LogSwarmInterface: [TryOpenConnection] Opening Connection to Agent
[2018.12.20-23.13.09:790][751]LogSwarmInterface: [TryOpenConnection] Local Process ID is 17492
[2018.12.20-23.13.14:611][751]LogStaticLightingSystem: Running Lightmass w/ ImmediateImport mode ENABLED
[2018.12.20-23.13.14:611][751]LogStaticLightingSystem: Running Lightmass w/ ImmediateProcess mode ENABLED
[2018.12.20-23.13.14:611][751]LogStaticLightingSystem: Running Lightmass w/ Sorting mode ENABLED
[2018.12.20-23.13.14:611][751]LogStaticLightingSystem: Running Lightmass w/ Mapping paddings ENABLED
[2018.12.20-23.13.14:611][751]LogStaticLightingSystem: Running Lightmass w/ Mapping debug paddings DISABLED
[2018.12.20-23.13.14:881][751]LogEditorBuildUtils: Build time 0:06
[2018.12.20-23.13.16:893][831]Job is a success!
[2018.12.20-23.13.16:921][832]LogSlate: FSceneViewport::OnFocusLost() reason 2
[2018.12.20-23.13.16:951][832]LogVolumetricLightmapImport: Imported Volumetric Lightmap in 0.009s
[2018.12.20-23.13.16:951][832]LogVolumetricLightmapImport:      Indirection Texture 16x16x16 = 0.0Mb
[2018.12.20-23.13.16:951][832]LogVolumetricLightmapImport:      BrickData 10x5x5 = 0.0Mb (trimmed 0.0Mb due to 0.010000 MinBrickError)
[2018.12.20-23.13.16:951][832]LogVolumetricLightmapImport:      Bricks at Level
[2018.12.20-23.13.16:951][832]LogVolumetricLightmapImport:          0: 50.0% covering 100.0% of volume
[2018.12.20-23.13.16:951][832]LogVolumetricLightmapImport:          1: 50.0% covering 1.6% of volume
[2018.12.20-23.13.16:951][832]LogVolumetricLightmapImport:          2: 0.0% covering 0.0% of volume
[2018.12.20-23.13.16:954][832]LogMaterial: Warning: Material /Game/ThirdPersonBP/Blueprints/env/islands/large/Material_002.Material_002 needed to have new flag set bUsedWithStaticLighting !
[2018.12.20-23.13.16:958][832]LogMaterial: Display: Missing cached shader map for material Material_002, compiling. 
[2018.12.20-23.13.16:991][832]LogMaterial: Warning: Material /Game/ThirdPersonBP/Blueprints/env/islands/large/Material_001.Material_001 needed to have new flag set bUsedWithStaticLighting !
[2018.12.20-23.13.16:995][832]LogShaderCompilers: Display: Shaders left to compile 31
[2018.12.20-23.13.16:995][832]LogShaderCompilers: Display: Shaders left to compile 21
[2018.12.20-23.13.16:995][832]LogShaderCompilers: Display: Shaders left to compile 11
[2018.12.20-23.13.16:995][832]LogShaderCompilers: Display: Shaders left to compile 1
[2018.12.20-23.13.16:995][832]LogMaterial: Display: Missing cached shader map for material Material_001, compiling. 
[2018.12.20-23.13.17:015][832]LogMaterial: Warning: Material /Game/ThirdPersonBP/Blueprints/env/islands/medium/Material_002.Material_002 needed to have new flag set bUsedWithStaticLighting !
[2018.12.20-23.13.17:019][832]LogMaterial: Display: Missing cached shader map for material Material_002, compiling. 
[2018.12.20-23.13.17:039][832]LogMaterial: Warning: Material /Game/ThirdPersonBP/Blueprints/env/islands/medium/Material_001.Material_001 needed to have new flag set bUsedWithStaticLighting !
[2018.12.20-23.13.17:043][832]LogMaterial: Display: Missing cached shader map for material Material_001, compiling. 
[2018.12.20-23.13.17:077][832]LogMaterial: Warning: Material /Game/ThirdPersonBP/Blueprints/env/islands/small/Material_001.Material_001 needed to have new flag set bUsedWithStaticLighting !
[2018.12.20-23.13.17:081][832]LogMaterial: Display: Missing cached shader map for material Material_001, compiling. 
[2018.12.20-23.13.17:102][832]LogMaterial: Warning: Material /Game/ThirdPersonBP/Blueprints/env/islands/small/Material_002.Material_002 needed to have new flag set bUsedWithStaticLighting !
[2018.12.20-23.13.17:107][832]LogMaterial: Display: Missing cached shader map for material Material_002, compiling. 
[2018.12.20-23.13.17:177][832]LogTexture: Display: Building textures: SkyOcclusion0_1 (AutoDXT, 256X128)
[2018.12.20-23.13.17:177][832]LogTexture: Display: Building textures: HQ_Lightmap0_1 (AutoDXT, 256X256)
[2018.12.20-23.13.17:177][832]LogTexture: Display: Building textures: SkyOcclusion0_2 (AutoDXT, 64X32)
[2018.12.20-23.13.17:177][832]LogTexture: Display: Building textures: LQ_Lightmap_0_1 (DXT1, 256X256)
[2018.12.20-23.13.17:177][832]LogTexture: Display: Building textures: LQ_Lightmap_0_2 (DXT1, 64X64)
[2018.12.20-23.13.17:177][832]LogTexture: Display: Building textures: HQ_Lightmap0_2 (AutoDXT, 64X64)
[2018.12.20-23.13.17:177][832]LogTexture: Display: Building textures: ShadowMapTexture2D_3 (G8, 32X32)
[2018.12.20-23.13.17:177][832]LogTexture: Display: Building textures: ShadowMapTexture2D_2 (G8, 64X64)
[2018.12.20-23.13.17:214][832]Lightmass on LAPTOP-6ORP0FSQ: 1.40 sec total, 273 ms importing, 30 ms setup, 394 ms photons, 617 ms processing, 0 ms extra exporting [5/5 mappings]. Threads: 4.15 sec total, 149 ms processing.
[2018.12.20-23.13.17:254][832]LogStaticLightingSystem: Illumination: 8.35 sec (17 ms encoding lightmaps, 17 ms encoding shadowmaps)
[2018.12.20-23.13.17:254][832]LogStaticLightingSystem: Lightmap texture memory:  0.2 MB (0.2 MB streaming, 0.0 MB non-streaming), 4 textures
[2018.12.20-23.13.17:254][832]LogStaticLightingSystem: Shadowmap texture memory: 0.0 MB (0.0 MB streaming, 0.0 MB non-streaming), 2 textures
[2018.12.20-23.13.17:500][832]LogShaderCompilers: Display: Shaders left to compile 155
[2018.12.20-23.13.17:501][832]DumpUnbuiltLightIteractions
[2018.12.20-23.13.17:501][832]Lights with unbuilt interactions: 0
[2018.12.20-23.13.17:501][832]
[2018.12.20-23.13.17:501][832]Primitives with unbuilt interactions: 0
[2018.12.20-23.13.17:505][832]LogSlate: FSceneViewport::OnFocusLost() reason 2
[2018.12.20-23.13.28:207][832]LogShaderCompilers: Display: Shaders left to compile 145
[2018.12.20-23.13.28:207][832]LogShaderCompilers: Display: Shaders left to compile 135
[2018.12.20-23.13.28:207][832]LogShaderCompilers: Display: Shaders left to compile 125
[2018.12.20-23.13.28:207][832]LogShaderCompilers: Display: Shaders left to compile 115
[2018.12.20-23.13.28:207][832]LogShaderCompilers: Display: Shaders left to compile 105
[2018.12.20-23.13.28:207][832]LogShaderCompilers: Display: Shaders left to compile 95
[2018.12.20-23.13.28:207][832]LogShaderCompilers: Display: Shaders left to compile 85
[2018.12.20-23.13.28:207][832]LogShaderCompilers: Display: Shaders left to compile 75
[2018.12.20-23.13.28:207][832]LogShaderCompilers: Display: Shaders left to compile 65
[2018.12.20-23.13.28:207][832]LogShaderCompilers: Display: Shaders left to compile 55
[2018.12.20-23.13.28:207][832]LogShaderCompilers: Display: Shaders left to compile 45
[2018.12.20-23.13.28:207][832]LogShaderCompilers: Display: Shaders left to compile 35
[2018.12.20-23.13.28:207][832]LogShaderCompilers: Display: Shaders left to compile 25
[2018.12.20-23.13.28:207][832]LogShaderCompilers: Display: Shaders left to compile 15
[2018.12.20-23.13.28:207][832]LogShaderCompilers: Display: Shaders left to compile 5
[2018.12.20-23.13.33:493][832]LogD3D11RHI: Error: Direct3DDevice->CreateBuffer(&Desc, NULL, UniformBufferResource.GetInitReference()) failed 
 at D:\Build\++UE4\Sync\Engine\Source\Runtime\Windows\D3D11RHI\Private\D3D11UniformBuffer.cpp:159 
 with error DXGI_ERROR_DEVICE_REMOVED DXGI_ERROR_DEVICE_RESET
[2018.12.20-23.13.33:493][832]LogD3D11RHI: [Aftermath] GDynamicRHI=0000022604B0A0C0, GDX11NVAfterMathEnabled=0, Result=0xFFFFFFFF, bDeviceActive=0
[2018.12.20-23.13.33:493][832]LogWindows: Windows GetLastError: The operation completed successfully. (0)
[2018.12.20-23.13.39:765][832]LogD3D11RHI: Error: Direct3DDevice->CreateBuffer(&Desc, NULL, UniformBufferResource.GetInitReference()) failed 
 at D:\Build\++UE4\Sync\Engine\Source\Runtime\Windows\D3D11RHI\Private\D3D11UniformBuffer.cpp:159 
 with error DXGI_ERROR_DEVICE_REMOVED DXGI_ERROR_DEVICE_RESET
[2018.12.20-23.13.39:765][832]LogD3D11RHI: [Aftermath] GDynamicRHI=0000022604B0A0C0, GDX11NVAfterMathEnabled=0, Result=0xFFFFFFFF, bDeviceActive=0
[2018.12.20-23.13.39:765][832]LogWindows: FPlatformMisc::RequestExit(1)
[2018.12.20-23.13.39:773][832]Log file closed, 12/20/18 18:13:39
