Log file open, 12/16/18 08:57:49
LogWindows: Failed to load 'aqProf.dll' (GetLastError=126)
LogWindows: File 'aqProf.dll' does not exist
LogWindows: Failed to load 'VtuneApi.dll' (GetLastError=126)
LogWindows: File 'VtuneApi.dll' does not exist
LogWindows: Failed to load 'VtuneApi32e.dll' (GetLastError=126)
LogWindows: File 'VtuneApi32e.dll' does not exist
LogConsoleResponse: Display: Failed to find resolution value strings in scalability ini. Falling back to default.
LogInit: Display: Running engine for game: wolfy
LogPakFile: Registered encryption key '00000000000000000000000000000000': 0 pak files mounted, 0 remain pending
LogPlatformFile: Not using cached read wrapper
LogTaskGraph: Started task graph with 5 named threads and 23 total threads with 3 sets of task threads.
LogStats: Stats thread started at 0.290430
LogD3D11RHI: Loaded GFSDK_Aftermath_Lib.x64.dll
LogICUInternationalization: ICU TimeZone Detection - Raw Offset: -5:00, Platform Override: ''
LogPluginManager: Mounting plugin Paper2D
LogPluginManager: Mounting plugin AISupport
LogPluginManager: Mounting plugin LightPropagationVolume
LogPluginManager: Mounting plugin ActorLayerUtilities
LogPluginManager: Mounting plugin CLionSourceCodeAccess
LogPluginManager: Mounting plugin CodeLiteSourceCodeAccess
LogPluginManager: Mounting plugin GitSourceControl
LogPluginManager: Mounting plugin KDevelopSourceCodeAccess
LogPluginManager: Mounting plugin NullSourceCodeAccess
LogPluginManager: Mounting plugin PerforceSourceControl
LogPluginManager: Mounting plugin SubversionSourceControl
LogPluginManager: Mounting plugin UObjectPlugin
LogPluginManager: Mounting plugin VisualStudioCodeSourceCodeAccess
LogPluginManager: Mounting plugin VisualStudioSourceCodeAccess
LogPluginManager: Mounting plugin XCodeSourceCodeAccess
LogPluginManager: Mounting plugin AssetManagerEditor
LogPluginManager: Mounting plugin CryptoKeys
LogPluginManager: Mounting plugin DataValidation
LogPluginManager: Mounting plugin FacialAnimation
LogPluginManager: Mounting plugin GameplayTagsEditor
LogPluginManager: Mounting plugin MacGraphicsSwitching
LogPluginManager: Mounting plugin MeshEditor
LogPluginManager: Mounting plugin MobileLauncherProfileWizard
LogPluginManager: Mounting plugin PluginBrowser
LogPluginManager: Mounting plugin SpeedTreeImporter
LogPluginManager: Mounting plugin DatasmithContent
LogPluginManager: Mounting plugin VariantManagerContent
LogPluginManager: Mounting plugin AlembicImporter
LogPluginManager: Mounting plugin AppleImageUtils
LogPluginManager: Mounting plugin AppleVision
LogPluginManager: Mounting plugin BackChannel
LogPluginManager: Mounting plugin CharacterAI
LogPluginManager: Mounting plugin GeometryCache
LogPluginManager: Mounting plugin HTML5Networking
LogPluginManager: Mounting plugin ProxyLODPlugin
LogPluginManager: Mounting plugin MagicLeap
LogPluginManager: Mounting plugin MagicLeapMedia
LogPluginManager: Mounting plugin AndroidMedia
LogPluginManager: Mounting plugin AvfMedia
LogPluginManager: Mounting plugin ImgMedia
LogPluginManager: Mounting plugin LinearTimecode
LogPluginManager: Mounting plugin MediaCompositing
LogPluginManager: Mounting plugin MediaPlayerEditor
LogPluginManager: Mounting plugin WebMMedia
LogPluginManager: Mounting plugin WmfMedia
LogPluginManager: Mounting plugin TcpMessaging
LogPluginManager: Mounting plugin UdpMessaging
LogPluginManager: Mounting plugin ActorSequence
LogPluginManager: Mounting plugin LevelSequenceEditor
LogPluginManager: Mounting plugin MatineeToLevelSequence
LogPluginManager: Mounting plugin NetcodeUnitTest
LogPluginManager: Mounting plugin NUTUnrealEngine4
LogPluginManager: Mounting plugin OnlineSubsystemGooglePlay
LogPluginManager: Mounting plugin OnlineSubsystemIOS
LogPluginManager: Mounting plugin OnlineSubsystem
LogPluginManager: Mounting plugin OnlineSubsystemNull
LogPluginManager: Mounting plugin OnlineSubsystemUtils
LogPluginManager: Mounting plugin LauncherChunkInstaller
LogPluginManager: Mounting plugin AndroidDeviceProfileSelector
LogPluginManager: Mounting plugin AndroidMoviePlayer
LogPluginManager: Mounting plugin AndroidPermission
LogPluginManager: Mounting plugin AppleMoviePlayer
LogPluginManager: Mounting plugin ArchVisCharacter
LogPluginManager: Mounting plugin AudioCapture
LogPluginManager: Mounting plugin CableComponent
LogPluginManager: Mounting plugin CustomMeshComponent
LogPluginManager: Mounting plugin EditableMesh
LogPluginManager: Mounting plugin ExampleDeviceProfileSelector
LogPluginManager: Mounting plugin Firebase
LogPluginManager: Mounting plugin GoogleCloudMessaging
LogPluginManager: Mounting plugin IOSDeviceProfileSelector
LogPluginManager: Mounting plugin LinuxDeviceProfileSelector
LogPluginManager: Mounting plugin LocationServicesBPLibrary
LogPluginManager: Mounting plugin MobilePatchingUtils
LogPluginManager: Mounting plugin OculusVR
LogPluginManager: Mounting plugin PhysXVehicles
LogPluginManager: Mounting plugin ProceduralMeshComponent
LogPluginManager: Mounting plugin RuntimePhysXCooking
LogPluginManager: Mounting plugin SteamVR
LogPluginManager: Mounting plugin WebMMoviePlayer
LogPluginManager: Mounting plugin WindowsMoviePlayer
LogStreaming: Display: Took  0.106s to configure plugins.
LogInit: Using libcurl 7.55.1-DEV
LogInit:  - built for x86_64-pc-win32
LogInit:  - supports SSL with OpenSSL/1.0.2h
LogInit:  - supports HTTP deflate (compression) using libz 1.2.8
LogInit:  - other features:
LogInit:      CURL_VERSION_SSL
LogInit:      CURL_VERSION_LIBZ
LogInit:      CURL_VERSION_IPV6
LogInit:      CURL_VERSION_ASYNCHDNS
LogInit:      CURL_VERSION_LARGEFILE
LogInit:      CURL_VERSION_IDN
LogInit:  CurlRequestOptions (configurable via config and command line):
LogInit:  - bVerifyPeer = true  - Libcurl will verify peer certificate
LogInit:  - bUseHttpProxy = false  - Libcurl will NOT use HTTP proxy
LogInit:  - bDontReuseConnections = false  - Libcurl will reuse connections
LogInit:  - MaxHostConnections = 16  - Libcurl will limit the number of connections to a host
LogInit:  - LocalHostAddr = Default
LogInit:  - BufferSize = 65536
LogInit: WinSock: version 1.1 (2.2), MaxSocks=32767, MaxUdp=65467
LogInit: Build: ++UE4+Release-4.21-CL-4613538
LogInit: Engine Version: 4.21.1-4613538+++UE4+Release-4.21
LogInit: Compatible Engine Version: 4.21.0-4541578+++UE4+Release-4.21
LogInit: Net CL: 4541578
LogInit: OS: Windows 10 (), CPU: Intel(R) Core(TM) i7-7700HQ CPU @ 2.80GHz, GPU: Intel(R) HD Graphics 630
LogInit: Compiled (64-bit): Nov 30 2018 04:13:25
LogInit: Compiled with Visual C++: 19.13.26129.00
LogInit: Build Configuration: Development
LogInit: Branch Name: ++UE4+Release-4.21
LogInit: Command Line: 
LogInit: Base Directory: D:/Program files/Unreal/UE_4.21/Engine/Binaries/Win64/
LogInit: Installed Engine Build: 1
LogDevObjectVersion: Number of dev versions registered: 22
LogDevObjectVersion:   Dev-Blueprints (B0D832E4-1F89-4F0D-ACCF-7EB736FD4AA2): 10
LogDevObjectVersion:   Dev-Build (E1C64328-A22C-4D53-A36C-8E866417BD8C): 0
LogDevObjectVersion:   Dev-Core (375EC13C-06E4-48FB-B500-84F0262A717E): 2
LogDevObjectVersion:   Dev-Editor (E4B068ED-F494-42E9-A231-DA0B2E46BB41): 26
LogDevObjectVersion:   Dev-Framework (CFFC743F-43B0-4480-9391-14DF171D2073): 34
LogDevObjectVersion:   Dev-Mobile (B02B49B5-BB20-44E9-A304-32B752E40360): 2
LogDevObjectVersion:   Dev-Networking (A4E4105C-59A1-49B5-A7C5-40C4547EDFEE): 0
LogDevObjectVersion:   Dev-Online (39C831C9-5AE6-47DC-9A44-9C173E1C8E7C): 0
LogDevObjectVersion:   Dev-Physics (78F01B33-EBEA-4F98-B9B4-84EACCB95AA2): 0
LogDevObjectVersion:   Dev-Platform (6631380F-2D4D-43E0-8009-CF276956A95A): 0
LogDevObjectVersion:   Dev-Rendering (12F88B9F-8875-4AFC-A67C-D90C383ABD29): 27
LogDevObjectVersion:   Dev-Sequencer (7B5AE74C-D270-4C10-A958-57980B212A5A): 9
LogDevObjectVersion:   Dev-VR (D7296918-1DD6-4BDD-9DE2-64A83CC13884): 2
LogDevObjectVersion:   Dev-LoadTimes (C2A15278-BFE7-4AFE-6C17-90FF531DF755): 1
LogDevObjectVersion:   Private-Geometry (6EACA3D4-40EC-4CC1-B786-8BED09428FC5): 3
LogDevObjectVersion:   Dev-AnimPhys (29E575DD-E0A3-4627-9D10-D276232CDCEA): 17
LogDevObjectVersion:   Dev-Anim (AF43A65D-7FD3-4947-9873-3E8ED9C1BB05): 2
LogDevObjectVersion:   Dev-ReflectionCapture (6B266CEC-1EC7-4B8F-A30B-E4D90942FC07): 1
LogDevObjectVersion:   Dev-Automation (0DF73D61-A23F-47EA-B727-89E90C41499A): 1
LogDevObjectVersion:   FortniteMain (601D1886-AC64-4F84-AA16-D3DE0DEAC7D6): 17
LogDevObjectVersion:   Dev-Enterprise (9DFFBCD6-494F-0158-E221-12823C92A888): 4
LogDevObjectVersion:   Dev-Niagara (F2AED0AC-9AFE-416F-8664-AA7FFA26D6FC): 1
LogStreaming: Display: Took  0.007s to delete old logs.
LogInit: Presizing for max 8388607 objects, including 0 objects not considered by GC, pre-allocating 0 bytes for permanent pool.
LogInit: Object subsystem initialized
LogConfig: Setting CVar [[con.DebugEarlyDefault:1]]
LogConfig: Setting CVar [[r.setres:1280x720]]
[2018.12.16-13.57.49:786][  0]LogConfig: Setting CVar [[r.VSync:0]]
[2018.12.16-13.57.49:786][  0]LogConfig: Setting CVar [[r.RHICmdBypass:0]]
[2018.12.16-13.57.49:786][  0]LogConfig: Applying CVar settings from Section [/Script/Engine.RendererSettings] File [C:/Users/simon/Documents/Unreal Projects/wolfy 4.21/Saved/Config/Windows/Engine.ini]
[2018.12.16-13.57.49:786][  0]LogConfig: Setting CVar [[r.GPUCrashDebugging:0]]
[2018.12.16-13.57.49:786][  0]LogConfig: Setting CVar [[r.CustomDepth:3]]
[2018.12.16-13.57.49:786][  0]LogConfig: Applying CVar settings from Section [/Script/Engine.RendererOverrideSettings] File [C:/Users/simon/Documents/Unreal Projects/wolfy 4.21/Saved/Config/Windows/Engine.ini]
[2018.12.16-13.57.49:786][  0]LogConfig: Applying CVar settings from Section [/Script/Engine.StreamingSettings] File [C:/Users/simon/Documents/Unreal Projects/wolfy 4.21/Saved/Config/Windows/Engine.ini]
[2018.12.16-13.57.49:786][  0]LogConfig: Setting CVar [[s.MinBulkDataSizeForAsyncLoading:131072]]
[2018.12.16-13.57.49:786][  0]LogConfig: Setting CVar [[s.AsyncLoadingThreadEnabled:0]]
[2018.12.16-13.57.49:786][  0]LogConfig: Setting CVar [[s.EventDrivenLoaderEnabled:1]]
[2018.12.16-13.57.49:786][  0]LogConfig: Setting CVar [[s.WarnIfTimeLimitExceeded:0]]
[2018.12.16-13.57.49:786][  0]LogConfig: Setting CVar [[s.TimeLimitExceededMultiplier:1.5]]
[2018.12.16-13.57.49:786][  0]LogConfig: Setting CVar [[s.TimeLimitExceededMinTime:0.005]]
[2018.12.16-13.57.49:786][  0]LogConfig: Setting CVar [[s.UseBackgroundLevelStreaming:1]]
[2018.12.16-13.57.49:786][  0]LogConfig: Setting CVar [[s.PriorityAsyncLoadingExtraTime:15.0]]
[2018.12.16-13.57.49:787][  0]LogConfig: Setting CVar [[s.LevelStreamingActorsUpdateTimeLimit:5.0]]
[2018.12.16-13.57.49:787][  0]LogConfig: Setting CVar [[s.PriorityLevelStreamingActorsUpdateExtraTime:5.0]]
[2018.12.16-13.57.49:787][  0]LogConfig: Setting CVar [[s.LevelStreamingComponentsRegistrationGranularity:10]]
[2018.12.16-13.57.49:787][  0]LogConfig: Setting CVar [[s.UnregisterComponentsTimeLimit:1.0]]
[2018.12.16-13.57.49:787][  0]LogConfig: Setting CVar [[s.LevelStreamingComponentsUnregistrationGranularity:5]]
[2018.12.16-13.57.49:787][  0]LogConfig: Applying CVar settings from Section [/Script/Engine.GarbageCollectionSettings] File [C:/Users/simon/Documents/Unreal Projects/wolfy 4.21/Saved/Config/Windows/Engine.ini]
[2018.12.16-13.57.49:787][  0]LogConfig: Setting CVar [[gc.MaxObjectsNotConsideredByGC:1]]
[2018.12.16-13.57.49:787][  0]LogConfig: Setting CVar [[gc.SizeOfPermanentObjectPool:0]]
[2018.12.16-13.57.49:787][  0]LogConfig: Setting CVar [[gc.FlushStreamingOnGC:0]]
[2018.12.16-13.57.49:787][  0]LogConfig: Setting CVar [[gc.NumRetriesBeforeForcingGC:10]]
[2018.12.16-13.57.49:787][  0]LogConfig: Setting CVar [[gc.AllowParallelGC:1]]
[2018.12.16-13.57.49:787][  0]LogConfig: Setting CVar [[gc.TimeBetweenPurgingPendingKillObjects:61.1]]
[2018.12.16-13.57.49:787][  0]LogConfig: Setting CVar [[gc.MaxObjectsInEditor:8388607]]
[2018.12.16-13.57.49:787][  0]LogConfig: Setting CVar [[gc.IncrementalBeginDestroyEnabled:1]]
[2018.12.16-13.57.49:787][  0]LogConfig: Setting CVar [[gc.CreateGCClusters:1]]
[2018.12.16-13.57.49:787][  0]LogConfig: Setting CVar [[gc.MergeGCClusters:0]]
[2018.12.16-13.57.49:787][  0]LogConfig: Setting CVar [[gc.MinGCClusterSize:5]]
[2018.12.16-13.57.49:787][  0]LogConfig: Setting CVar [[gc.ActorClusteringEnabled:0]]
[2018.12.16-13.57.49:787][  0]LogConfig: Setting CVar [[gc.BlueprintClusteringEnabled:0]]
[2018.12.16-13.57.49:787][  0]LogConfig: Setting CVar [[gc.UseDisregardForGCOnDedicatedServers:0]]
[2018.12.16-13.57.49:787][  0]LogConfig: Applying CVar settings from Section [/Script/Engine.NetworkSettings] File [C:/Users/simon/Documents/Unreal Projects/wolfy 4.21/Saved/Config/Windows/Engine.ini]
[2018.12.16-13.57.49:787][  0]LogConfig: Applying CVar settings from Section [/Script/UnrealEd.CookerSettings] File [C:/Users/simon/Documents/Unreal Projects/wolfy 4.21/Saved/Config/Windows/Engine.ini]
[2018.12.16-13.57.49:791][  0]LogConfig: Applying CVar settings from Section [ViewDistanceQuality@3] File [C:/Users/simon/Documents/Unreal Projects/wolfy 4.21/Saved/Config/Windows/Scalability.ini]
[2018.12.16-13.57.49:791][  0]LogConfig: Setting CVar [[r.SkeletalMeshLODBias:0]]
[2018.12.16-13.57.49:791][  0]LogConfig: Setting CVar [[r.ViewDistanceScale:1.0]]
[2018.12.16-13.57.49:791][  0]LogConfig: Applying CVar settings from Section [AntiAliasingQuality@3] File [C:/Users/simon/Documents/Unreal Projects/wolfy 4.21/Saved/Config/Windows/Scalability.ini]
[2018.12.16-13.57.49:791][  0]LogConfig: Setting CVar [[r.PostProcessAAQuality:4]]
[2018.12.16-13.57.49:791][  0]LogConfig: Applying CVar settings from Section [ShadowQuality@3] File [C:/Users/simon/Documents/Unreal Projects/wolfy 4.21/Saved/Config/Windows/Scalability.ini]
[2018.12.16-13.57.49:791][  0]LogConfig: Setting CVar [[r.LightFunctionQuality:1]]
[2018.12.16-13.57.49:791][  0]LogConfig: Setting CVar [[r.ShadowQuality:5]]
[2018.12.16-13.57.49:791][  0]LogConfig: Setting CVar [[r.Shadow.CSM.MaxCascades:10]]
[2018.12.16-13.57.49:791][  0]LogConfig: Setting CVar [[r.Shadow.MaxResolution:2048]]
[2018.12.16-13.57.49:791][  0]LogConfig: Setting CVar [[r.Shadow.MaxCSMResolution:2048]]
[2018.12.16-13.57.49:791][  0]LogConfig: Setting CVar [[r.Shadow.RadiusThreshold:0.01]]
[2018.12.16-13.57.49:792][  0]LogConfig: Setting CVar [[r.Shadow.DistanceScale:1.0]]
[2018.12.16-13.57.49:792][  0]LogConfig: Setting CVar [[r.Shadow.CSM.TransitionScale:1.0]]
[2018.12.16-13.57.49:792][  0]LogConfig: Setting CVar [[r.Shadow.PreShadowResolutionFactor:1.0]]
[2018.12.16-13.57.49:792][  0]LogConfig: Setting CVar [[r.DistanceFieldShadowing:1]]
[2018.12.16-13.57.49:792][  0]LogConfig: Setting CVar [[r.DistanceFieldAO:1]]
[2018.12.16-13.57.49:792][  0]LogConfig: Setting CVar [[r.AOQuality:2]]
[2018.12.16-13.57.49:792][  0]LogConfig: Setting CVar [[r.VolumetricFog:1]]
[2018.12.16-13.57.49:792][  0]LogConfig: Setting CVar [[r.VolumetricFog.GridPixelSize:8]]
[2018.12.16-13.57.49:792][  0]LogConfig: Setting CVar [[r.VolumetricFog.GridSizeZ:128]]
[2018.12.16-13.57.49:792][  0]LogConfig: Setting CVar [[r.VolumetricFog.HistoryMissSupersampleCount:4]]
[2018.12.16-13.57.49:792][  0]LogConfig: Setting CVar [[r.LightMaxDrawDistanceScale:1]]
[2018.12.16-13.57.49:792][  0]LogConfig: Setting CVar [[r.CapsuleShadows:1]]
[2018.12.16-13.57.49:792][  0]LogConfig: Applying CVar settings from Section [PostProcessQuality@3] File [C:/Users/simon/Documents/Unreal Projects/wolfy 4.21/Saved/Config/Windows/Scalability.ini]
[2018.12.16-13.57.49:792][  0]LogConfig: Setting CVar [[r.MotionBlurQuality:4]]
[2018.12.16-13.57.49:792][  0]LogConfig: Setting CVar [[r.AmbientOcclusionMipLevelFactor:0.4]]
[2018.12.16-13.57.49:792][  0]LogConfig: Setting CVar [[r.AmbientOcclusionMaxQuality:100]]
[2018.12.16-13.57.49:792][  0]LogConfig: Setting CVar [[r.AmbientOcclusionLevels:-1]]
[2018.12.16-13.57.49:792][  0]LogConfig: Setting CVar [[r.AmbientOcclusionRadiusScale:1.0]]
[2018.12.16-13.57.49:792][  0]LogConfig: Setting CVar [[r.DepthOfFieldQuality:2]]
[2018.12.16-13.57.49:792][  0]LogConfig: Setting CVar [[r.RenderTargetPoolMin:400]]
[2018.12.16-13.57.49:792][  0]LogConfig: Setting CVar [[r.LensFlareQuality:2]]
[2018.12.16-13.57.49:792][  0]LogConfig: Setting CVar [[r.SceneColorFringeQuality:1]]
[2018.12.16-13.57.49:792][  0]LogConfig: Setting CVar [[r.EyeAdaptationQuality:2]]
[2018.12.16-13.57.49:792][  0]LogConfig: Setting CVar [[r.BloomQuality:5]]
[2018.12.16-13.57.49:792][  0]LogConfig: Setting CVar [[r.FastBlurThreshold:100]]
[2018.12.16-13.57.49:792][  0]LogConfig: Setting CVar [[r.Upscale.Quality:3]]
[2018.12.16-13.57.49:792][  0]LogConfig: Setting CVar [[r.Tonemapper.GrainQuantization:1]]
[2018.12.16-13.57.49:792][  0]LogConfig: Setting CVar [[r.LightShaftQuality:1]]
[2018.12.16-13.57.49:792][  0]LogConfig: Setting CVar [[r.Filter.SizeScale:1]]
[2018.12.16-13.57.49:792][  0]LogConfig: Setting CVar [[r.Tonemapper.Quality:5]]
[2018.12.16-13.57.49:792][  0]LogConfig: Setting CVar [[r.DOF.Gather.AccumulatorQuality:1        ; higher gathering accumulator quality]]
[2018.12.16-13.57.49:792][  0]LogConfig: Setting CVar [[r.DOF.Gather.PostfilterMethod:1          ; Median3x3 postfilering method]]
[2018.12.16-13.57.49:792][  0]LogConfig: Setting CVar [[r.DOF.Gather.EnableBokehSettings:0       ; no bokeh simulation when gathering]]
[2018.12.16-13.57.49:792][  0]LogConfig: Setting CVar [[r.DOF.Gather.RingCount:4                 ; medium number of samples when gathering]]
[2018.12.16-13.57.49:792][  0]LogConfig: Setting CVar [[r.DOF.Scatter.ForegroundCompositing:1    ; additive foreground scattering]]
[2018.12.16-13.57.49:792][  0]LogConfig: Setting CVar [[r.DOF.Scatter.BackgroundCompositing:2    ; additive background scattering]]
[2018.12.16-13.57.49:792][  0]LogConfig: Setting CVar [[r.DOF.Scatter.EnableBokehSettings:1      ; bokeh simulation when scattering]]
[2018.12.16-13.57.49:792][  0]LogConfig: Setting CVar [[r.DOF.Scatter.MaxSpriteRatio:0.1         ; only a maximum of 10% of scattered bokeh]]
[2018.12.16-13.57.49:792][  0]LogConfig: Setting CVar [[r.DOF.Recombine.Quality:1                ; cheap slight out of focus]]
[2018.12.16-13.57.49:792][  0]LogConfig: Setting CVar [[r.DOF.Recombine.EnableBokehSettings:0    ; no bokeh simulation on slight out of focus]]
[2018.12.16-13.57.49:792][  0]LogConfig: Setting CVar [[r.DOF.TemporalAAQuality:1                ; more stable temporal accumulation]]
[2018.12.16-13.57.49:792][  0]LogConfig: Setting CVar [[r.DOF.Kernel.MaxForegroundRadius:0.025]]
[2018.12.16-13.57.49:792][  0]LogConfig: Setting CVar [[r.DOF.Kernel.MaxBackgroundRadius:0.025]]
[2018.12.16-13.57.49:793][  0]LogConfig: Applying CVar settings from Section [TextureQuality@3] File [C:/Users/simon/Documents/Unreal Projects/wolfy 4.21/Saved/Config/Windows/Scalability.ini]
[2018.12.16-13.57.49:793][  0]LogConfig: Setting CVar [[r.Streaming.MipBias:0]]
[2018.12.16-13.57.49:793][  0]LogConfig: Setting CVar [[r.Streaming.AmortizeCPUToGPUCopy:0]]
[2018.12.16-13.57.49:793][  0]LogConfig: Setting CVar [[r.Streaming.MaxNumTexturesToStreamPerFrame:0]]
[2018.12.16-13.57.49:793][  0]LogConfig: Setting CVar [[r.Streaming.Boost:1]]
[2018.12.16-13.57.49:793][  0]LogConfig: Setting CVar [[r.MaxAnisotropy:8]]
[2018.12.16-13.57.49:793][  0]LogConfig: Setting CVar [[r.Streaming.LimitPoolSizeToVRAM:0]]
[2018.12.16-13.57.49:793][  0]LogConfig: Setting CVar [[r.Streaming.PoolSize:1000]]
[2018.12.16-13.57.49:793][  0]LogConfig: Setting CVar [[r.Streaming.MaxEffectiveScreenSize:0]]
[2018.12.16-13.57.49:793][  0]LogConfig: Applying CVar settings from Section [EffectsQuality@3] File [C:/Users/simon/Documents/Unreal Projects/wolfy 4.21/Saved/Config/Windows/Scalability.ini]
[2018.12.16-13.57.49:793][  0]LogConfig: Setting CVar [[r.TranslucencyLightingVolumeDim:64]]
[2018.12.16-13.57.49:793][  0]LogConfig: Setting CVar [[r.RefractionQuality:2]]
[2018.12.16-13.57.49:793][  0]LogConfig: Setting CVar [[r.SSR.Quality:3]]
[2018.12.16-13.57.49:793][  0]LogConfig: Setting CVar [[r.SceneColorFormat:4]]
[2018.12.16-13.57.49:793][  0]LogConfig: Setting CVar [[r.DetailMode:2]]
[2018.12.16-13.57.49:793][  0]LogConfig: Setting CVar [[r.TranslucencyVolumeBlur:1]]
[2018.12.16-13.57.49:793][  0]LogConfig: Setting CVar [[r.MaterialQualityLevel:1 ; High quality]]
[2018.12.16-13.57.49:793][  0]LogConfig: Setting CVar [[r.SSS.Scale:1]]
[2018.12.16-13.57.49:793][  0]LogConfig: Setting CVar [[r.SSS.SampleSet:2]]
[2018.12.16-13.57.49:793][  0]LogConfig: Setting CVar [[r.SSS.Quality:1]]
[2018.12.16-13.57.49:793][  0]LogConfig: Setting CVar [[r.SSS.HalfRes:1]]
[2018.12.16-13.57.49:793][  0]LogConfig: Setting CVar [[r.EmitterSpawnRateScale:1.0]]
[2018.12.16-13.57.49:793][  0]LogConfig: Setting CVar [[r.ParticleLightQuality:2]]
[2018.12.16-13.57.49:793][  0]LogConfig: Applying CVar settings from Section [FoliageQuality@3] File [C:/Users/simon/Documents/Unreal Projects/wolfy 4.21/Saved/Config/Windows/Scalability.ini]
[2018.12.16-13.57.49:793][  0]LogConfig: Setting CVar [[foliage.DensityScale:1.0]]
[2018.12.16-13.57.49:793][  0]LogConfig: Setting CVar [[grass.DensityScale:1.0]]
[2018.12.16-13.57.49:793][  0]LogInit: Selected Device Profile: [Windows]
[2018.12.16-13.57.49:793][  0]LogInit: Applying CVar settings loaded from the selected device profile: [Windows]
[2018.12.16-13.57.49:815][  0]LogHAL: Display: Platform has ~ 16 GB [17055186944 / 17179869184 / 16], which maps to Larger [LargestMinGB=32, LargerMinGB=12, DefaultMinGB=8, SmallerMinGB=6, SmallestMinGB=0)
[2018.12.16-13.57.49:815][  0]LogConfig: Setting CVar [[r.Vulkan.UseRealUBs:1]]
[2018.12.16-13.57.49:816][  0]LogInit: Going up to parent DeviceProfile []
[2018.12.16-13.57.49:816][  0]LogConfig: Applying CVar settings from Section [ViewDistanceQuality@3] File [C:/Users/simon/Documents/Unreal Projects/wolfy 4.21/Saved/Config/Windows/Scalability.ini]
[2018.12.16-13.57.49:816][  0]LogConfig: Setting CVar [[r.SkeletalMeshLODBias:0]]
[2018.12.16-13.57.49:816][  0]LogConfig: Setting CVar [[r.ViewDistanceScale:1.0]]
[2018.12.16-13.57.49:816][  0]LogConfig: Applying CVar settings from Section [AntiAliasingQuality@3] File [C:/Users/simon/Documents/Unreal Projects/wolfy 4.21/Saved/Config/Windows/Scalability.ini]
[2018.12.16-13.57.49:816][  0]LogConfig: Setting CVar [[r.PostProcessAAQuality:4]]
[2018.12.16-13.57.49:816][  0]LogConfig: Applying CVar settings from Section [ShadowQuality@3] File [C:/Users/simon/Documents/Unreal Projects/wolfy 4.21/Saved/Config/Windows/Scalability.ini]
[2018.12.16-13.57.49:816][  0]LogConfig: Setting CVar [[r.LightFunctionQuality:1]]
[2018.12.16-13.57.49:816][  0]LogConfig: Setting CVar [[r.ShadowQuality:5]]
[2018.12.16-13.57.49:816][  0]LogConfig: Setting CVar [[r.Shadow.CSM.MaxCascades:10]]
[2018.12.16-13.57.49:816][  0]LogConfig: Setting CVar [[r.Shadow.MaxResolution:2048]]
[2018.12.16-13.57.49:816][  0]LogConfig: Setting CVar [[r.Shadow.MaxCSMResolution:2048]]
[2018.12.16-13.57.49:816][  0]LogConfig: Setting CVar [[r.Shadow.RadiusThreshold:0.01]]
[2018.12.16-13.57.49:816][  0]LogConfig: Setting CVar [[r.Shadow.DistanceScale:1.0]]
[2018.12.16-13.57.49:816][  0]LogConfig: Setting CVar [[r.Shadow.CSM.TransitionScale:1.0]]
[2018.12.16-13.57.49:816][  0]LogConfig: Setting CVar [[r.Shadow.PreShadowResolutionFactor:1.0]]
[2018.12.16-13.57.49:816][  0]LogConfig: Setting CVar [[r.DistanceFieldShadowing:1]]
[2018.12.16-13.57.49:816][  0]LogConfig: Setting CVar [[r.DistanceFieldAO:1]]
[2018.12.16-13.57.49:816][  0]LogConfig: Setting CVar [[r.AOQuality:2]]
[2018.12.16-13.57.49:816][  0]LogConfig: Setting CVar [[r.VolumetricFog:1]]
[2018.12.16-13.57.49:816][  0]LogConfig: Setting CVar [[r.VolumetricFog.GridPixelSize:8]]
[2018.12.16-13.57.49:816][  0]LogConfig: Setting CVar [[r.VolumetricFog.GridSizeZ:128]]
[2018.12.16-13.57.49:816][  0]LogConfig: Setting CVar [[r.VolumetricFog.HistoryMissSupersampleCount:4]]
[2018.12.16-13.57.49:816][  0]LogConfig: Setting CVar [[r.LightMaxDrawDistanceScale:1]]
[2018.12.16-13.57.49:816][  0]LogConfig: Setting CVar [[r.CapsuleShadows:1]]
[2018.12.16-13.57.49:816][  0]LogConfig: Applying CVar settings from Section [PostProcessQuality@3] File [C:/Users/simon/Documents/Unreal Projects/wolfy 4.21/Saved/Config/Windows/Scalability.ini]
[2018.12.16-13.57.49:816][  0]LogConfig: Setting CVar [[r.MotionBlurQuality:4]]
[2018.12.16-13.57.49:816][  0]LogConfig: Setting CVar [[r.AmbientOcclusionMipLevelFactor:0.4]]
[2018.12.16-13.57.49:817][  0]LogConfig: Setting CVar [[r.AmbientOcclusionMaxQuality:100]]
[2018.12.16-13.57.49:817][  0]LogConfig: Setting CVar [[r.AmbientOcclusionLevels:-1]]
[2018.12.16-13.57.49:817][  0]LogConfig: Setting CVar [[r.AmbientOcclusionRadiusScale:1.0]]
[2018.12.16-13.57.49:817][  0]LogConfig: Setting CVar [[r.DepthOfFieldQuality:2]]
[2018.12.16-13.57.49:817][  0]LogConfig: Setting CVar [[r.RenderTargetPoolMin:400]]
[2018.12.16-13.57.49:817][  0]LogConfig: Setting CVar [[r.LensFlareQuality:2]]
[2018.12.16-13.57.49:817][  0]LogConfig: Setting CVar [[r.SceneColorFringeQuality:1]]
[2018.12.16-13.57.49:817][  0]LogConfig: Setting CVar [[r.EyeAdaptationQuality:2]]
[2018.12.16-13.57.49:817][  0]LogConfig: Setting CVar [[r.BloomQuality:5]]
[2018.12.16-13.57.49:817][  0]LogConfig: Setting CVar [[r.FastBlurThreshold:100]]
[2018.12.16-13.57.49:817][  0]LogConfig: Setting CVar [[r.Upscale.Quality:3]]
[2018.12.16-13.57.49:817][  0]LogConfig: Setting CVar [[r.Tonemapper.GrainQuantization:1]]
[2018.12.16-13.57.49:817][  0]LogConfig: Setting CVar [[r.LightShaftQuality:1]]
[2018.12.16-13.57.49:817][  0]LogConfig: Setting CVar [[r.Filter.SizeScale:1]]
[2018.12.16-13.57.49:817][  0]LogConfig: Setting CVar [[r.Tonemapper.Quality:5]]
[2018.12.16-13.57.49:817][  0]LogConfig: Setting CVar [[r.DOF.Gather.AccumulatorQuality:1        ; higher gathering accumulator quality]]
[2018.12.16-13.57.49:817][  0]LogConfig: Setting CVar [[r.DOF.Gather.PostfilterMethod:1          ; Median3x3 postfilering method]]
[2018.12.16-13.57.49:817][  0]LogConfig: Setting CVar [[r.DOF.Gather.EnableBokehSettings:0       ; no bokeh simulation when gathering]]
[2018.12.16-13.57.49:817][  0]LogConfig: Setting CVar [[r.DOF.Gather.RingCount:4                 ; medium number of samples when gathering]]
[2018.12.16-13.57.49:817][  0]LogConfig: Setting CVar [[r.DOF.Scatter.ForegroundCompositing:1    ; additive foreground scattering]]
[2018.12.16-13.57.49:817][  0]LogConfig: Setting CVar [[r.DOF.Scatter.BackgroundCompositing:2    ; additive background scattering]]
[2018.12.16-13.57.49:817][  0]LogConfig: Setting CVar [[r.DOF.Scatter.EnableBokehSettings:1      ; bokeh simulation when scattering]]
[2018.12.16-13.57.49:817][  0]LogConfig: Setting CVar [[r.DOF.Scatter.MaxSpriteRatio:0.1         ; only a maximum of 10% of scattered bokeh]]
[2018.12.16-13.57.49:817][  0]LogConfig: Setting CVar [[r.DOF.Recombine.Quality:1                ; cheap slight out of focus]]
[2018.12.16-13.57.49:817][  0]LogConfig: Setting CVar [[r.DOF.Recombine.EnableBokehSettings:0    ; no bokeh simulation on slight out of focus]]
[2018.12.16-13.57.49:817][  0]LogConfig: Setting CVar [[r.DOF.TemporalAAQuality:1                ; more stable temporal accumulation]]
[2018.12.16-13.57.49:817][  0]LogConfig: Setting CVar [[r.DOF.Kernel.MaxForegroundRadius:0.025]]
[2018.12.16-13.57.49:817][  0]LogConfig: Setting CVar [[r.DOF.Kernel.MaxBackgroundRadius:0.025]]
[2018.12.16-13.57.49:817][  0]LogConfig: Applying CVar settings from Section [TextureQuality@3] File [C:/Users/simon/Documents/Unreal Projects/wolfy 4.21/Saved/Config/Windows/Scalability.ini]
[2018.12.16-13.57.49:818][  0]LogConfig: Setting CVar [[r.Streaming.MipBias:0]]
[2018.12.16-13.57.49:818][  0]LogConfig: Setting CVar [[r.Streaming.AmortizeCPUToGPUCopy:0]]
[2018.12.16-13.57.49:818][  0]LogConfig: Setting CVar [[r.Streaming.MaxNumTexturesToStreamPerFrame:0]]
[2018.12.16-13.57.49:818][  0]LogConfig: Setting CVar [[r.Streaming.Boost:1]]
[2018.12.16-13.57.49:818][  0]LogConfig: Setting CVar [[r.MaxAnisotropy:8]]
[2018.12.16-13.57.49:818][  0]LogConfig: Setting CVar [[r.Streaming.LimitPoolSizeToVRAM:0]]
[2018.12.16-13.57.49:818][  0]LogConfig: Setting CVar [[r.Streaming.PoolSize:1000]]
[2018.12.16-13.57.49:818][  0]LogConfig: Setting CVar [[r.Streaming.MaxEffectiveScreenSize:0]]
[2018.12.16-13.57.49:818][  0]LogConfig: Applying CVar settings from Section [EffectsQuality@3] File [C:/Users/simon/Documents/Unreal Projects/wolfy 4.21/Saved/Config/Windows/Scalability.ini]
[2018.12.16-13.57.49:818][  0]LogConfig: Setting CVar [[r.TranslucencyLightingVolumeDim:64]]
[2018.12.16-13.57.49:818][  0]LogConfig: Setting CVar [[r.RefractionQuality:2]]
[2018.12.16-13.57.49:818][  0]LogConfig: Setting CVar [[r.SSR.Quality:3]]
[2018.12.16-13.57.49:818][  0]LogConfig: Setting CVar [[r.SceneColorFormat:4]]
[2018.12.16-13.57.49:818][  0]LogConfig: Setting CVar [[r.DetailMode:2]]
[2018.12.16-13.57.49:818][  0]LogConfig: Setting CVar [[r.TranslucencyVolumeBlur:1]]
[2018.12.16-13.57.49:818][  0]LogConfig: Setting CVar [[r.MaterialQualityLevel:1 ; High quality]]
[2018.12.16-13.57.49:818][  0]LogConfig: Setting CVar [[r.SSS.Scale:1]]
[2018.12.16-13.57.49:818][  0]LogConfig: Setting CVar [[r.SSS.SampleSet:2]]
[2018.12.16-13.57.49:818][  0]LogConfig: Setting CVar [[r.SSS.Quality:1]]
[2018.12.16-13.57.49:818][  0]LogConfig: Setting CVar [[r.SSS.HalfRes:1]]
[2018.12.16-13.57.49:818][  0]LogConfig: Setting CVar [[r.EmitterSpawnRateScale:1.0]]
[2018.12.16-13.57.49:818][  0]LogConfig: Setting CVar [[r.ParticleLightQuality:2]]
[2018.12.16-13.57.49:818][  0]LogConfig: Applying CVar settings from Section [FoliageQuality@3] File [C:/Users/simon/Documents/Unreal Projects/wolfy 4.21/Saved/Config/Windows/Scalability.ini]
[2018.12.16-13.57.49:818][  0]LogConfig: Setting CVar [[foliage.DensityScale:1.0]]
[2018.12.16-13.57.49:818][  0]LogConfig: Setting CVar [[grass.DensityScale:1.0]]
[2018.12.16-13.57.49:818][  0]LogConfig: Applying CVar settings from Section [Startup] File [../../../Engine/Config/ConsoleVariables.ini]
[2018.12.16-13.57.49:818][  0]LogConfig: Setting CVar [[net.UseAdaptiveNetUpdateFrequency:0]]
[2018.12.16-13.57.49:818][  0]LogConfig: Applying CVar settings from Section [ConsoleVariables] File [C:/Users/simon/Documents/Unreal Projects/wolfy 4.21/Saved/Config/Windows/Engine.ini]
[2018.12.16-13.57.49:818][  0]LogInit: Computer: LAPTOP-6ORP0FSQ
[2018.12.16-13.57.49:818][  0]LogInit: User: simon
[2018.12.16-13.57.49:818][  0]LogInit: CPU Page size=4096, Cores=4
[2018.12.16-13.57.49:819][  0]LogInit: High frequency timer resolution =2.742188 MHz
[2018.12.16-13.57.49:819][  0]LogMemory: Memory total: Physical=15.9GB (16GB approx)
[2018.12.16-13.57.49:819][  0]LogMemory: Platform Memory Stats for Windows
[2018.12.16-13.57.49:819][  0]LogMemory: Process Physical Memory: 103.95 MB used, 103.95 MB peak
[2018.12.16-13.57.49:819][  0]LogMemory: Process Virtual Memory: 86.46 MB used, 86.46 MB peak
[2018.12.16-13.57.49:819][  0]LogMemory: Physical Memory: 6245.08 MB used,  10020.01 MB free, 16265.09 MB total
[2018.12.16-13.57.49:819][  0]LogMemory: Virtual Memory: 4648.80 MB used,  134213080.00 MB free, 134217728.00 MB total
[2018.12.16-13.57.49:842][  0]LogInit: Using OS detected language (en-US).
[2018.12.16-13.57.49:842][  0]LogInit: Using OS detected locale (en-CA).
[2018.12.16-13.57.49:843][  0]LogTextLocalizationManager: No specific localization for 'en-US' exists, so the 'en' localization will be used.
[2018.12.16-13.57.50:268][  0]LogStreaming: Display: Took  0.426s to InitEngineTextLocalization.
[2018.12.16-13.57.50:268][  0]LogInit: Setting process to per monitor DPI aware
[2018.12.16-13.57.50:300][  0]LogSlate: New Slate User Created.  User Index 0, Is Virtual User: 0
[2018.12.16-13.57.50:300][  0]LogSlate: Slate User Registered.  User Index 0, Is Virtual User: 0
[2018.12.16-13.57.50:533][  0]LogHMD: Failed to initialize OpenVR with code 110
[2018.12.16-13.57.50:533][  0]LogD3D11RHI: D3D11 adapters:
[2018.12.16-13.57.50:598][  0]LogD3D11RHI:    0. 'NVIDIA GeForce GTX 1050' (Feature Level 11_0)
[2018.12.16-13.57.50:598][  0]LogD3D11RHI:       4021/0/8132 MB DedicatedVideo/DedicatedSystem/SharedSystem, Outputs:1, VendorId:0x10de
[2018.12.16-13.57.50:606][  0]LogD3D11RHI:    1. 'Intel(R) HD Graphics 630' (Feature Level 11_0)
[2018.12.16-13.57.50:606][  0]LogD3D11RHI:       128/0/8132 MB DedicatedVideo/DedicatedSystem/SharedSystem, Outputs:0, VendorId:0x8086
[2018.12.16-13.57.50:608][  0]LogD3D11RHI:    2. 'Microsoft Basic Render Driver' (Feature Level 11_0)
[2018.12.16-13.57.50:608][  0]LogD3D11RHI:       0/0/8132 MB DedicatedVideo/DedicatedSystem/SharedSystem, Outputs:0, VendorId:0x1414
[2018.12.16-13.57.50:608][  0]LogD3D11RHI: Chosen D3D11 Adapter: 0
[2018.12.16-13.57.50:638][  0]LogD3D11RHI: Creating new Direct3DDevice
[2018.12.16-13.57.50:638][  0]LogD3D11RHI:     GPU DeviceId: 0x1c8d (for the marketing name, search the web for "GPU Device Id")
[2018.12.16-13.57.50:638][  0]LogWindows: EnumDisplayDevices:
[2018.12.16-13.57.50:638][  0]LogWindows:    0. 'Intel(R) HD Graphics 630' (P:1 D:1)
[2018.12.16-13.57.50:639][  0]LogWindows:    1. 'Intel(R) HD Graphics 630' (P:0 D:0)
[2018.12.16-13.57.50:639][  0]LogWindows:    2. 'Intel(R) HD Graphics 630' (P:0 D:0)
[2018.12.16-13.57.50:640][  0]LogWindows: DebugString: PrimaryIsNotTheChoosenAdapter PrimaryIsNotTheChoosenAdapter PrimaryIsNotTheChoosenAdapter FoundDriverCount:0 
[2018.12.16-13.57.50:640][  0]LogD3D11RHI:     Adapter Name: NVIDIA GeForce GTX 1050
[2018.12.16-13.57.50:640][  0]LogD3D11RHI:   Driver Version: Unknown (internal:Unknown, unified:Unknown)
[2018.12.16-13.57.50:640][  0]LogD3D11RHI:      Driver Date: Unknown
[2018.12.16-13.57.50:640][  0]LogRHI: Texture pool is 2814 MB (70% of 4021 MB)
[2018.12.16-13.57.50:686][  0]LogD3D11RHI: Async texture creation enabled
[2018.12.16-13.57.50:733][  0]LogD3D11RHI: GPU Timing Frequency: 1000.000000 (Debug: 2 2)
[2018.12.16-13.57.51:083][  0]LogTemp: Display: Loaded TP AllDesktopTargetPlatform
[2018.12.16-13.57.51:100][  0]LogTemp: Display: Loaded TP MacClientTargetPlatform
[2018.12.16-13.57.51:112][  0]LogTemp: Display: Loaded TP MacNoEditorTargetPlatform
[2018.12.16-13.57.51:125][  0]LogTemp: Display: Loaded TP MacServerTargetPlatform
[2018.12.16-13.57.51:137][  0]LogTemp: Display: Loaded TP MacTargetPlatform
[2018.12.16-13.57.51:154][  0]LogTemp: Display: Loaded TP WindowsClientTargetPlatform
[2018.12.16-13.57.51:168][  0]LogTemp: Display: Loaded TP WindowsNoEditorTargetPlatform
[2018.12.16-13.57.51:182][  0]LogTemp: Display: Loaded TP WindowsServerTargetPlatform
[2018.12.16-13.57.51:188][  0]LogTemp: Display: Loaded TP WindowsTargetPlatform
[2018.12.16-13.57.51:271][  0]LogTemp: Display: Loaded TP AndroidTargetPlatform
[2018.12.16-13.57.51:271][  0]LogTemp: Display: Loaded TP AndroidTargetPlatform
[2018.12.16-13.57.51:271][  0]LogTemp: Display: Loaded TP AndroidTargetPlatform
[2018.12.16-13.57.51:271][  0]LogTemp: Display: Loaded TP AndroidTargetPlatform
[2018.12.16-13.57.51:271][  0]LogTemp: Display: Loaded TP AndroidTargetPlatform
[2018.12.16-13.57.51:271][  0]LogTemp: Display: Loaded TP AndroidTargetPlatform
[2018.12.16-13.57.51:271][  0]LogTemp: Display: Loaded TP AndroidTargetPlatform
[2018.12.16-13.57.51:271][  0]LogTemp: Display: Loaded TP AndroidTargetPlatform
[2018.12.16-13.57.51:271][  0]LogTemp: Display: Loaded TP AndroidTargetPlatform
[2018.12.16-13.57.51:271][  0]LogTemp: Display: Loaded TP AndroidTargetPlatform
[2018.12.16-13.57.51:271][  0]LogTemp: Display: Loaded TP AndroidTargetPlatform
[2018.12.16-13.57.51:271][  0]LogTemp: Display: Loaded TP AndroidTargetPlatform
[2018.12.16-13.57.51:271][  0]LogTemp: Display: Loaded TP AndroidTargetPlatform
[2018.12.16-13.57.51:271][  0]LogTemp: Display: Loaded TP AndroidTargetPlatform
[2018.12.16-13.57.51:271][  0]LogTemp: Display: Loaded TP AndroidTargetPlatform
[2018.12.16-13.57.51:271][  0]LogTemp: Display: Loaded TP AndroidTargetPlatform
[2018.12.16-13.57.51:271][  0]LogTemp: Display: Loaded TP AndroidTargetPlatform
[2018.12.16-13.57.51:271][  0]LogTemp: Display: Loaded TP AndroidTargetPlatform
[2018.12.16-13.57.51:273][  0]LogTemp: Display: Loaded TP HTML5TargetPlatform
[2018.12.16-13.57.51:356][  0]LogTemp: Display: Loaded TP IOSTargetPlatform
[2018.12.16-13.57.51:356][  0]LogTemp: Display: Loaded TP IOSTargetPlatform
[2018.12.16-13.57.51:421][  0]LogTemp: Display: Loaded TP TVOSTargetPlatform
[2018.12.16-13.57.51:421][  0]LogTemp: Display: Loaded TP TVOSTargetPlatform
[2018.12.16-13.57.51:445][  0]LogTemp: Display: Loaded TP LinuxClientTargetPlatform
[2018.12.16-13.57.51:459][  0]LogTemp: Display: Loaded TP LinuxNoEditorTargetPlatform
[2018.12.16-13.57.51:472][  0]LogTemp: Display: Loaded TP LinuxServerTargetPlatform
[2018.12.16-13.57.51:488][  0]LogTemp: Display: Loaded TP LinuxTargetPlatform
[2018.12.16-13.57.51:533][  0]LogTemp: Display: Loaded TP LuminTargetPlatform
[2018.12.16-13.57.51:533][  0]LogTemp: Display: Loaded TP LuminTargetPlatform
[2018.12.16-13.57.51:534][  0]LogTargetPlatformManager: Display: Building Assets For Windows
[2018.12.16-13.57.51:585][  0]LogShaderCompilers: Guid format shader working directory is -5 characters bigger than the processId version (C:/Users/simon/Documents/Unreal Projects/wolfy 4.21/Intermediate/Shaders/WorkingDirectory/7156/).
[2018.12.16-13.57.51:585][  0]LogShaderCompilers: Cleaned the shader compiler working directory 'C:/Users/simon/AppData/Local/Temp/UnrealShaderWorkingDir/EF5AE2524D1556C147C7999C39BF3CA1/'.
[2018.12.16-13.57.51:587][  0]LogXGEController: Cleaning working directory: C:/Users/simon/AppData/Local/Temp/UnrealXGEWorkingDir/
[2018.12.16-13.57.51:587][  0]LogXGEController: Cannot use XGE Controller as Incredibuild is not installed on this machine.
[2018.12.16-13.57.51:587][  0]LogShaderCompilers: Cannot use XGE Shader Compiler as Incredibuild is not installed on this machine.
[2018.12.16-13.57.51:587][  0]LogShaderCompilers: Display: Using Local Shader Compiler.
[2018.12.16-13.57.52:210][  0]LogDerivedDataCache: Display: Max Cache Size: 512 MB
[2018.12.16-13.57.52:263][  0]LogDerivedDataCache: Loaded boot cache 0.05s 71MB C:/Users/simon/AppData/Local/UnrealEngine/4.21/DerivedDataCache/Boot.ddc.
[2018.12.16-13.57.52:263][  0]LogDerivedDataCache: Display: Loaded Boot cache: C:/Users/simon/AppData/Local/UnrealEngine/4.21/DerivedDataCache/Boot.ddc
[2018.12.16-13.57.52:263][  0]LogDerivedDataCache: FDerivedDataBackendGraph:  Pak pak cache file C:/Users/simon/Documents/Unreal Projects/wolfy 4.21/DerivedDataCache/DDC.ddp not found, will not use a pak cache.
[2018.12.16-13.57.52:263][  0]LogDerivedDataCache: Unable to find inner node Pak for hierarchical cache Hierarchy.
[2018.12.16-13.57.52:263][  0]LogDerivedDataCache: FDerivedDataBackendGraph:  CompressedPak pak cache file C:/Users/simon/Documents/Unreal Projects/wolfy 4.21/DerivedDataCache/Compressed.ddp not found, will not use a pak cache.
[2018.12.16-13.57.52:263][  0]LogDerivedDataCache: Unable to find inner node CompressedPak for hierarchical cache Hierarchy.
[2018.12.16-13.57.52:276][  0]LogDerivedDataCache: Display: Pak cache opened for reading ../../../Engine/DerivedDataCache/Compressed.ddp.
[2018.12.16-13.57.52:276][  0]LogDerivedDataCache: FDerivedDataBackendGraph:  EnterprisePak pak cache file ../../../Enterprise/DerivedDataCache/Compressed.ddp not found, will not use a pak cache.
[2018.12.16-13.57.52:276][  0]LogDerivedDataCache: Unable to find inner node EnterprisePak for hierarchical cache Hierarchy.
[2018.12.16-13.57.52:288][  0]LogDerivedDataCache: Using Local data cache path C:/Users/simon/AppData/Local/UnrealEngine/Common/DerivedDataCache: Writable
[2018.12.16-13.57.52:288][  0]LogDerivedDataCache: Shared data cache path not found in *engine.ini, will not use an Shared cache.
[2018.12.16-13.57.52:288][  0]LogDerivedDataCache: Unable to find inner node Shared for hierarchical cache Hierarchy.
[2018.12.16-13.57.52:313][  0]LogMaterial: Verifying Global Shaders for PCD3D_SM5
[2018.12.16-13.57.52:314][  0]LogSlate: Using FreeType 2.6.0
[2018.12.16-13.57.52:315][  0]LogSlate: SlateFontServices - WITH_FREETYPE: 1, WITH_HARFBUZZ: 1
[2018.12.16-13.57.52:405][  0]LogAssetRegistry: FAssetRegistry took 0.0352 seconds to start up
[2018.12.16-13.57.52:763][  0]LogInit: Selected Device Profile: [Windows]
[2018.12.16-13.57.52:941][  0]LogSimplygon: Simplygon DLL not present - disabling.
[2018.12.16-13.57.52:945][  0]LogMeshReduction: Using SimplygonSwarm for distributed automatic mesh merging
[2018.12.16-13.57.52:945][  0]LogMeshReduction: Using ProxyLODMeshReduction for automatic mesh merging
[2018.12.16-13.57.52:946][  0]LogMeshReduction: Using QuadricMeshReduction for automatic static mesh reduction
[2018.12.16-13.57.52:946][  0]LogMeshReduction: No automatic skeletal mesh reduction module available
[2018.12.16-13.57.52:960][  0]LogNetVersion: wolfy 1.0.0, NetCL: 4541578, EngineNetVer: 5, GameNetVer: 0 (Checksum: 1840138777)
[2018.12.16-13.57.53:569][  0]LogPackageLocalizationCache: Processed 11 localized package path(s) for 2 prioritized culture(s) in 0.103769 seconds
[2018.12.16-13.57.53:576][  0]LogUObjectArray: 39775 objects as part of root set at end of initial load.
[2018.12.16-13.57.53:576][  0]LogUObjectAllocator: 6914656 out of 0 bytes used by permanent object pool.
[2018.12.16-13.57.53:576][  0]LogUObjectArray: CloseDisregardForGC: 0/0 objects in disregard for GC pool
[2018.12.16-13.57.54:461][  0]LogTcpMessaging: Initializing TcpMessaging bridge
[2018.12.16-13.57.54:475][  0]LogUdpMessaging: Initializing bridge on interface 0.0.0.0:0 to multicast group 230.0.0.1:6666.
[2018.12.16-13.57.55:180][  0]SourceControl: Source control is disabled
[2018.12.16-13.57.55:180][  0]SourceControl: Source control is disabled
[2018.12.16-13.57.55:182][  0]SourceControl: Source control is disabled
[2018.12.16-13.57.55:182][  0]SourceControl: Source control is disabled
[2018.12.16-13.57.55:342][  0]LogAndroidPermission: UAndroidPermissionCallbackProxy::GetInstance
[2018.12.16-13.57.55:429][  0]LogOcInput: OculusInput pre-init called
[2018.12.16-13.57.55:568][  0]LogEngine: Initializing Engine...
[2018.12.16-13.57.55:569][  0]LogHMD: Failed to initialize OpenVR with code 110
[2018.12.16-13.57.55:571][  0]LogStats: UGameplayTagsManager::ConstructGameplayTagTree: ImportINI prefixes -  0.000 s
[2018.12.16-13.57.55:571][  0]LogStats: UGameplayTagsManager::ConstructGameplayTagTree: Construct from data asset -  0.000 s
[2018.12.16-13.57.55:571][  0]LogStats: UGameplayTagsManager::ConstructGameplayTagTree: ImportINI -  0.000 s
[2018.12.16-13.57.55:571][  0]LogStats: UGameplayTagsManager::ConstructGameplayTagTree: GameplayTagTreeChangedEvent.Broadcast -  0.000 s
[2018.12.16-13.57.55:884][  0]LogInit: Initializing FReadOnlyCVARCache
[2018.12.16-13.57.55:894][  0]LogAIModule: Creating AISystem for world Untitled
[2018.12.16-13.57.55:915][  0]LogInit: XAudio2 using 'Speakers (Realtek High Definition Audio)' : 2 channels at 48 kHz using 32 bits per sample (channel mask 0x3)
[2018.12.16-13.57.55:979][  0]LogInit: FAudioDevice initialized.
[2018.12.16-13.57.55:979][  0]LogNetVersion: Set ProjectVersion to 1.0.0.0. Version Checksum will be recalculated on next use.
[2018.12.16-13.57.56:075][  0]LogDerivedDataCache: Saved boot cache 0.10s 71MB C:/Users/simon/AppData/Local/UnrealEngine/4.21/DerivedDataCache/Boot.ddc.
[2018.12.16-13.57.56:094][  0]LogInit: Texture streaming: Enabled
[2018.12.16-13.57.56:108][  0]LogEngineSessionManager: EngineSessionManager initialized
[2018.12.16-13.57.56:108][  0]LogEngineSessionManager: EngineSessionManager sent abnormal shutdown report. Type=Crashed, SessionId={E9415B73-429D-AB96-1335-09B01DAF33E6}
[2018.12.16-13.57.56:121][  0]LogInit: Transaction tracking system initialized
[2018.12.16-13.57.56:137][  0]BlueprintLog: New page: Editor Load
[2018.12.16-13.57.56:203][  0]LocalizationService: Localization service is disabled
[2018.12.16-13.57.56:714][  0]LogFileCache: Scanning file cache for directory 'C:/Users/simon/Documents/Unreal Projects/wolfy 4.21/Content/' took 0.02s
[2018.12.16-13.57.56:714][  0]LogCook: Display: Max memory allowance for cook 16384mb min free memory 0mb
[2018.12.16-13.57.56:714][  0]LogCook: Display: Mobile HDR setting 1
[2018.12.16-13.57.56:714][  0]LogGameplayTags: Display: UGameplayTagsManager::DoneAddingNativeTags. DelegateIsBound: 0
[2018.12.16-13.57.56:714][  0]LogStats: UGameplayTagsManager::ConstructGameplayTagTree: ImportINI prefixes -  0.000 s
[2018.12.16-13.57.56:714][  0]LogStats: UGameplayTagsManager::ConstructGameplayTagTree: Construct from data asset -  0.000 s
[2018.12.16-13.57.56:714][  0]LogStats: UGameplayTagsManager::ConstructGameplayTagTree: ImportINI -  0.000 s
[2018.12.16-13.57.56:714][  0]LogStats: UGameplayTagsManager::ConstructGameplayTagTree: GameplayTagTreeChangedEvent.Broadcast -  0.000 s
[2018.12.16-13.57.56:825][  0]SourceControl: Source control is disabled
[2018.12.16-13.57.56:825][  0]Cmd: MAP LOAD FILE="C:/Users/simon/Documents/Unreal Projects/wolfy 4.21/Content/ThirdPersonBP/Maps/ThirdPersonExampleMap.umap" TEMPLATE=0 SHOWPROGRESS=1 FEATURELEVEL=3
[2018.12.16-13.57.56:826][  0]LightingResults: New page: Lighting Build
[2018.12.16-13.57.56:829][  0]MapCheck: New page: Map Check
[2018.12.16-13.57.56:829][  0]LightingResults: New page: Lighting Build
[2018.12.16-13.57.57:521][  0]LogBlueprint: Warning: [Compiler wolfChar] Character.ArrowComponent is not blueprint visible (BlueprintReadOnly or BlueprintReadWrite). Please fix mark up or cease accessing as this will be made an error in a future release.  Get ArrowComponent
[2018.12.16-13.57.57:522][  0]LogBlueprint: Warning: [Compiler wolfChar] Character.ArrowComponent is not blueprint visible (BlueprintReadOnly or BlueprintReadWrite). Please fix mark up or cease accessing as this will be made an error in a future release.  Get ArrowComponent
[2018.12.16-13.57.57:665][  0]LogBlueprint: Warning: [Compiler wolfChar] [0009.55] Compile of wolfChar successful, but with 2 Warning(s) [in 363 ms] (/Game/ThirdPersonBP/Blueprints/wolfChar.wolfChar)
[2018.12.16-13.57.58:600][  0]LogAIModule: Creating AISystem for world ThirdPersonExampleMap
[2018.12.16-13.57.58:613][  0]LogEditorServer: Finished looking for orphan Actors (0.000 secs)
[2018.12.16-13.57.58:644][  0]Cmd: MAP CHECKDEP NOCLEARLOG
[2018.12.16-13.57.58:644][  0]MapCheck: Map check complete: 0 Error(s), 0 Warning(s), took 0.14ms to complete.
[2018.12.16-13.57.58:644][  0]LogFileHelpers: Loading map 'ThirdPersonExampleMap' took 1.819
[2018.12.16-13.57.58:750][  0]LogSlate: Updating window title bar state: overlay mode, drag disabled, window buttons hidden, title bar hidden
[2018.12.16-13.57.58:758][  0]LogSlate: Updating window title bar state: overlay mode, drag disabled, window buttons hidden, title bar hidden
[2018.12.16-13.57.58:766][  0]LogSlate: Updating window title bar state: overlay mode, drag disabled, window buttons hidden, title bar hidden
[2018.12.16-13.57.58:774][  0]LogSlate: Updating window title bar state: overlay mode, drag disabled, window buttons hidden, title bar hidden
[2018.12.16-13.57.58:778][  0]LogCollectionManager: Loaded 0 collections in 0.000886 seconds
[2018.12.16-13.57.58:806][  0]LogFileCache: Scanning file cache for directory 'C:/Users/simon/Documents/Unreal Projects/wolfy 4.21/Saved/Collections/' took 0.01s
[2018.12.16-13.57.58:806][  0]LogFileCache: Scanning file cache for directory 'C:/Users/simon/Documents/Unreal Projects/wolfy 4.21/Content/Developers/simon/Collections/' took 0.00s
[2018.12.16-13.57.58:806][  0]LogFileCache: Scanning file cache for directory 'C:/Users/simon/Documents/Unreal Projects/wolfy 4.21/Content/Collections/' took 0.01s
[2018.12.16-13.57.58:806][  0]LogCollectionManager: Rebuilt the GUID cache for 0 collections in 0.000000 seconds
[2018.12.16-13.57.58:819][  0]LogContentBrowser: Native class hierarchy populated in 0.0131 seconds. Added 2651 classes and 620 folders.
[2018.12.16-13.57.58:823][  0]LogContentBrowser: Native class hierarchy updated for 'WidgetCarousel' in 0.0002 seconds. Added 0 classes and 0 folders.
[2018.12.16-13.57.58:825][  0]LogPakFile: Registered encryption key '00000000000000000000000000000000': 0 pak files mounted, 0 remain pending
[2018.12.16-13.57.58:826][  0]LogPakFile: Registered encryption key '00000000000000000000000000000000': 0 pak files mounted, 0 remain pending
[2018.12.16-13.57.58:827][  0]LogPakFile: Registered encryption key '00000000000000000000000000000000': 0 pak files mounted, 0 remain pending
[2018.12.16-13.57.58:827][  0]LogPakFile: Registered encryption key '00000000000000000000000000000000': 0 pak files mounted, 0 remain pending
[2018.12.16-13.57.58:827][  0]LogPakFile: Registered encryption key '00000000000000000000000000000000': 0 pak files mounted, 0 remain pending
[2018.12.16-13.57.58:828][  0]LogPakFile: Registered encryption key '00000000000000000000000000000000': 0 pak files mounted, 0 remain pending
[2018.12.16-13.57.58:828][  0]LogPakFile: Registered encryption key '00000000000000000000000000000000': 0 pak files mounted, 0 remain pending
[2018.12.16-13.57.58:829][  0]LogPakFile: Registered encryption key '00000000000000000000000000000000': 0 pak files mounted, 0 remain pending
[2018.12.16-13.57.58:829][  0]LogPakFile: Registered encryption key '00000000000000000000000000000000': 0 pak files mounted, 0 remain pending
[2018.12.16-13.57.58:830][  0]LogPakFile: Registered encryption key '00000000000000000000000000000000': 0 pak files mounted, 0 remain pending
[2018.12.16-13.57.58:830][  0]LogPakFile: Registered encryption key '00000000000000000000000000000000': 0 pak files mounted, 0 remain pending
[2018.12.16-13.57.58:830][  0]LogPakFile: Registered encryption key '00000000000000000000000000000000': 0 pak files mounted, 0 remain pending
[2018.12.16-13.57.58:831][  0]LogPakFile: Registered encryption key '00000000000000000000000000000000': 0 pak files mounted, 0 remain pending
[2018.12.16-13.57.58:831][  0]LogPakFile: Registered encryption key '00000000000000000000000000000000': 0 pak files mounted, 0 remain pending
[2018.12.16-13.57.58:831][  0]LogPakFile: Registered encryption key '00000000000000000000000000000000': 0 pak files mounted, 0 remain pending
[2018.12.16-13.57.58:832][  0]LogPakFile: Registered encryption key '00000000000000000000000000000000': 0 pak files mounted, 0 remain pending
[2018.12.16-13.57.58:832][  0]LogPakFile: Registered encryption key '00000000000000000000000000000000': 0 pak files mounted, 0 remain pending
[2018.12.16-13.57.58:833][  0]LogPakFile: Registered encryption key '00000000000000000000000000000000': 0 pak files mounted, 0 remain pending
[2018.12.16-13.57.58:833][  0]LogPakFile: Registered encryption key '00000000000000000000000000000000': 0 pak files mounted, 0 remain pending
[2018.12.16-13.57.58:833][  0]LogPakFile: Registered encryption key '00000000000000000000000000000000': 0 pak files mounted, 0 remain pending
[2018.12.16-13.57.58:834][  0]LogPakFile: Registered encryption key '00000000000000000000000000000000': 0 pak files mounted, 0 remain pending
[2018.12.16-13.57.58:834][  0]LogPakFile: Registered encryption key '00000000000000000000000000000000': 0 pak files mounted, 0 remain pending
[2018.12.16-13.57.58:834][  0]LogPakFile: Registered encryption key '00000000000000000000000000000000': 0 pak files mounted, 0 remain pending
[2018.12.16-13.57.58:835][  0]LogPakFile: Registered encryption key '00000000000000000000000000000000': 0 pak files mounted, 0 remain pending
[2018.12.16-13.57.58:835][  0]LogPakFile: Registered encryption key '00000000000000000000000000000000': 0 pak files mounted, 0 remain pending
[2018.12.16-13.57.58:836][  0]LogPakFile: Registered encryption key '00000000000000000000000000000000': 0 pak files mounted, 0 remain pending
[2018.12.16-13.57.58:865][  0]LogContentBrowser: Native class hierarchy updated for 'AddContentDialog' in 0.0002 seconds. Added 0 classes and 0 folders.
[2018.12.16-13.57.58:869][  0]LogContentBrowser: Native class hierarchy updated for 'SceneOutliner' in 0.0003 seconds. Added 1 classes and 2 folders.
[2018.12.16-13.57.58:886][  0]LogSlate: Took 0.000237 seconds to synchronously load lazily loaded font '../../../Engine/Content/Slate/Fonts/Roboto-Regular.ttf' (155K)
[2018.12.16-13.57.58:890][  0]LogSlate: Took 0.000200 seconds to synchronously load lazily loaded font '../../../Engine/Content/Slate/Fonts/Roboto-Bold.ttf' (160K)
[2018.12.16-13.57.58:897][  0]LogSlate: Took 0.000167 seconds to synchronously load lazily loaded font '../../../Engine/Content/Editor/Slate/Fonts/FontAwesome.ttf' (139K)
[2018.12.16-13.57.58:987][  0]LogRenderer: Reallocating scene render targets to support 940x464 Format 10 NumSamples 1 (Frame:1).
[2018.12.16-13.57.59:056][  0]LogSlate: Took 0.000136 seconds to synchronously load lazily loaded font '../../../Engine/Content/Slate/Fonts/Roboto-Light.ttf' (167K)
[2018.12.16-13.57.59:140][  0]LogContentBrowser: Native class hierarchy updated for 'HierarchicalLODOutliner' in 0.0003 seconds. Added 0 classes and 0 folders.
[2018.12.16-13.57.59:140][  0]LogLoad: (Engine Initialization) Total time: 11.02 seconds
[2018.12.16-13.57.59:140][  0]LogLoad: (Engine Initialization) Total Blueprint compile time: 0.00 seconds
[2018.12.16-13.57.59:157][  0]LogWindowsTextInputMethodSystem: Display: IME system now deactivated.
[2018.12.16-13.57.59:244][  0]LogContentStreaming: Texture pool size now 1000 MB
[2018.12.16-13.58.00:078][  9]LogAssetRegistry: Asset discovery search completed in 7.6955 seconds
[2018.12.16-13.58.00:081][  9]LogCollectionManager: Rebuilt the object cache for 0 collections in 0.000001 seconds (found 0 objects)
[2018.12.16-13.58.00:081][  9]LogCollectionManager: Fixed up redirectors for 0 collections in 0.000077 seconds (updated 0 objects)
[2018.12.16-13.58.00:725][ 11]LogSlate: Took 0.000277 seconds to synchronously load lazily loaded font '../../../Engine/Content/Slate/Fonts/Roboto-Light.ttf' (167K)
[2018.12.16-13.59.35:726][405]LogEditorViewport: Clicking on Actor (LMB): BP_Sky_Sphere_C (SkySphereBlueprint)
[2018.12.16-13.59.39:196][508]LogSlate: FSceneViewport::OnFocusLost() reason 0
[2018.12.16-13.59.39:350][511]LogAssetEditorManager: Opening Asset editor for AnimBlueprint /Game/PolyArtWolf/Animations/wolf_animation.wolf_animation
[2018.12.16-13.59.39:413][511]LogContentBrowser: Native class hierarchy updated for 'SkeletonEditor' in 0.0003 seconds. Added 1 classes and 2 folders.
[2018.12.16-13.59.39:691][511]LogActorComponent: RegisterComponentWithWorld: (/Engine/Transient.World_2:PersistentLevel.AnimationEditorPreviewActor_0.DebugSkelMeshComponent_0) Already registered. Aborting.
[2018.12.16-13.59.39:693][511]LogContentBrowser: Native class hierarchy updated for 'PinnedCommandList' in 0.0003 seconds. Added 1 classes and 0 folders.
[2018.12.16-13.59.40:318][511]LogContentBrowser: Native class hierarchy updated for 'BlueprintGraph' in 0.0011 seconds. Added 117 classes and 0 folders.
[2018.12.16-13.59.41:080][511]LogSkeletalMesh: USkeletalMeshComponent::InitArticulated : Bodies already created (/Engine/Transient.World_2:PersistentLevel.AnimationEditorPreviewActor_0.DebugSkelMeshComponent_0) - call TermArticulated first.
[2018.12.16-13.59.41:418][511]LogAssetEditorManager: Opening Asset editor for Blueprint /Game/ThirdPersonBP/Blueprints/wolfChar.wolfChar
[2018.12.16-13.59.41:829][511]LogSlate: Took 0.000145 seconds to synchronously load lazily loaded font '../../../Engine/Content/Slate/Fonts/Roboto-BoldCondensed.ttf' (158K)
[2018.12.16-13.59.42:958][512]LogSlate: Took 0.000148 seconds to synchronously load lazily loaded font '../../../Engine/Content/Slate/Fonts/Roboto-Italic.ttf' (157K)
[2018.12.16-13.59.54:719][752]LogRHI: Error: SyncInterval 0
[2018.12.16-13.59.54:719][752]LogRHI: Error: SwapChainDesc.BufferDesc.Width 1938
[2018.12.16-13.59.54:719][752]LogRHI: Error: SwapChainDesc.BufferDesc.Height 1098
[2018.12.16-13.59.54:719][752]LogRHI: Error: SwapChainDesc.BufferDesc.RefreshRate.Numerator 0
[2018.12.16-13.59.54:719][752]LogRHI: Error: SwapChainDesc.BufferDesc.RefreshRate.Denominator 0
[2018.12.16-13.59.54:719][752]LogRHI: Error: SwapChainDesc.BufferDesc.Format 24
[2018.12.16-13.59.54:719][752]LogRHI: Error: SwapChainDesc.BufferDesc.ScanlineOrdering 0
[2018.12.16-13.59.54:719][752]LogRHI: Error: SwapChainDesc.BufferDesc.Scaling 0
[2018.12.16-13.59.54:719][752]LogRHI: Error: SwapChainDesc.SampleDesc.Count 1
[2018.12.16-13.59.54:719][752]LogRHI: Error: SwapChainDesc.SampleDesc.Quality 0
[2018.12.16-13.59.54:719][752]LogRHI: Error: SwapChainDesc.BufferUsage 48
[2018.12.16-13.59.54:719][752]LogRHI: Error: SwapChainDesc.BufferCount 1
[2018.12.16-13.59.54:719][752]LogRHI: Error: SwapChainDesc.OutputWindow 00000000000907BC
[2018.12.16-13.59.54:719][752]LogRHI: Error: SwapChainDesc.Windowed true
[2018.12.16-13.59.54:719][752]LogRHI: Error: SwapChainDesc.SwapEffect 0
[2018.12.16-13.59.54:719][752]LogRHI: Error: SwapChainDesc.Flags 2
[2018.12.16-13.59.54:719][752]LogD3D11RHI: Error: Result failed 
 at D:\Build\++UE4\Sync\Engine\Source\Runtime\Windows\D3D11RHI\Private\D3D11Viewport.cpp:361 
 with error DXGI_ERROR_DEVICE_REMOVED DXGI_ERROR_DEVICE_HUNG
[2018.12.16-13.59.54:719][752]LogD3D11RHI: [Aftermath] GDynamicRHI=000002BADBE601C0, GDX11NVAfterMathEnabled=0, Result=0xFFFFFFFF, bDeviceActive=0
[2018.12.16-13.59.54:719][752]LogWindows: Windows GetLastError: The operation completed successfully. (0)
[2018.12.16-13.59.55:992][753]LogRHI: Error: SyncInterval 0
[2018.12.16-13.59.55:992][753]LogRHI: Error: SwapChainDesc.BufferDesc.Width 1938
[2018.12.16-13.59.55:992][753]LogRHI: Error: SwapChainDesc.BufferDesc.Height 1098
[2018.12.16-13.59.55:992][753]LogRHI: Error: SwapChainDesc.BufferDesc.RefreshRate.Numerator 0
[2018.12.16-13.59.55:992][753]LogRHI: Error: SwapChainDesc.BufferDesc.RefreshRate.Denominator 0
[2018.12.16-13.59.55:992][753]LogRHI: Error: SwapChainDesc.BufferDesc.Format 24
[2018.12.16-13.59.55:992][753]LogRHI: Error: SwapChainDesc.BufferDesc.ScanlineOrdering 0
[2018.12.16-13.59.55:992][753]LogRHI: Error: SwapChainDesc.BufferDesc.Scaling 0
[2018.12.16-13.59.55:992][753]LogRHI: Error: SwapChainDesc.SampleDesc.Count 1
[2018.12.16-13.59.55:992][753]LogRHI: Error: SwapChainDesc.SampleDesc.Quality 0
[2018.12.16-13.59.55:992][753]LogRHI: Error: SwapChainDesc.BufferUsage 48
[2018.12.16-13.59.55:992][753]LogRHI: Error: SwapChainDesc.BufferCount 1
[2018.12.16-13.59.55:992][753]LogRHI: Error: SwapChainDesc.OutputWindow 00000000000907BC
[2018.12.16-13.59.55:992][753]LogRHI: Error: SwapChainDesc.Windowed true
[2018.12.16-13.59.55:992][753]LogRHI: Error: SwapChainDesc.SwapEffect 0
[2018.12.16-13.59.55:992][753]LogRHI: Error: SwapChainDesc.Flags 2
[2018.12.16-13.59.55:992][753]LogD3D11RHI: Error: Result failed 
 at D:\Build\++UE4\Sync\Engine\Source\Runtime\Windows\D3D11RHI\Private\D3D11Viewport.cpp:361 
 with error DXGI_ERROR_DEVICE_REMOVED DXGI_ERROR_DEVICE_HUNG
[2018.12.16-13.59.55:992][753]LogD3D11RHI: [Aftermath] GDynamicRHI=000002BADBE601C0, GDX11NVAfterMathEnabled=0, Result=0xFFFFFFFF, bDeviceActive=0
[2018.12.16-13.59.55:992][753]LogWindows: FPlatformMisc::RequestExit(1)
[2018.12.16-13.59.55:996][753]Log file closed, 12/16/18 08:59:55
