Log file open, 12/16/18 08:43:07
LogWindows: Failed to load 'aqProf.dll' (GetLastError=126)
LogWindows: File 'aqProf.dll' does not exist
LogWindows: Failed to load 'VtuneApi.dll' (GetLastError=126)
LogWindows: File 'VtuneApi.dll' does not exist
LogWindows: Failed to load 'VtuneApi32e.dll' (GetLastError=126)
LogWindows: File 'VtuneApi32e.dll' does not exist
LogConsoleResponse: Display: Failed to find resolution value strings in scalability ini. Falling back to default.
LogInit: Display: Running engine for game: wolfy
LogPakFile: Registered encryption key '00000000000000000000000000000000': 0 pak files mounted, 0 remain pending
LogPlatformFile: Not using cached read wrapper
LogTaskGraph: Started task graph with 5 named threads and 23 total threads with 3 sets of task threads.
LogStats: Stats thread started at 0.530708
LogD3D11RHI: Loaded GFSDK_Aftermath_Lib.x64.dll
LogICUInternationalization: ICU TimeZone Detection - Raw Offset: -5:00, Platform Override: ''
LogPluginManager: Mounting plugin Paper2D
LogPluginManager: Mounting plugin AISupport
LogPluginManager: Mounting plugin LightPropagationVolume
LogPluginManager: Mounting plugin ActorLayerUtilities
LogPluginManager: Mounting plugin CLionSourceCodeAccess
LogPluginManager: Mounting plugin CodeLiteSourceCodeAccess
LogPluginManager: Mounting plugin GitSourceControl
LogPluginManager: Mounting plugin KDevelopSourceCodeAccess
LogPluginManager: Mounting plugin NullSourceCodeAccess
LogPluginManager: Mounting plugin PerforceSourceControl
LogPluginManager: Mounting plugin SubversionSourceControl
LogPluginManager: Mounting plugin UObjectPlugin
LogPluginManager: Mounting plugin VisualStudioCodeSourceCodeAccess
LogPluginManager: Mounting plugin VisualStudioSourceCodeAccess
LogPluginManager: Mounting plugin XCodeSourceCodeAccess
LogPluginManager: Mounting plugin AssetManagerEditor
LogPluginManager: Mounting plugin CryptoKeys
LogPluginManager: Mounting plugin DataValidation
LogPluginManager: Mounting plugin FacialAnimation
LogPluginManager: Mounting plugin GameplayTagsEditor
LogPluginManager: Mounting plugin MacGraphicsSwitching
LogPluginManager: Mounting plugin MeshEditor
LogPluginManager: Mounting plugin MobileLauncherProfileWizard
LogPluginManager: Mounting plugin PluginBrowser
LogPluginManager: Mounting plugin SpeedTreeImporter
LogPluginManager: Mounting plugin DatasmithContent
LogPluginManager: Mounting plugin VariantManagerContent
LogPluginManager: Mounting plugin AlembicImporter
LogPluginManager: Mounting plugin AppleImageUtils
LogPluginManager: Mounting plugin AppleVision
LogPluginManager: Mounting plugin BackChannel
LogPluginManager: Mounting plugin CharacterAI
LogPluginManager: Mounting plugin GeometryCache
LogPluginManager: Mounting plugin HTML5Networking
LogPluginManager: Mounting plugin ProxyLODPlugin
LogPluginManager: Mounting plugin MagicLeap
LogPluginManager: Mounting plugin MagicLeapMedia
LogPluginManager: Mounting plugin AndroidMedia
LogPluginManager: Mounting plugin AvfMedia
LogPluginManager: Mounting plugin ImgMedia
LogPluginManager: Mounting plugin LinearTimecode
LogPluginManager: Mounting plugin MediaCompositing
LogPluginManager: Mounting plugin MediaPlayerEditor
LogPluginManager: Mounting plugin WebMMedia
LogPluginManager: Mounting plugin WmfMedia
LogPluginManager: Mounting plugin TcpMessaging
LogPluginManager: Mounting plugin UdpMessaging
LogPluginManager: Mounting plugin ActorSequence
LogPluginManager: Mounting plugin LevelSequenceEditor
LogPluginManager: Mounting plugin MatineeToLevelSequence
LogPluginManager: Mounting plugin NetcodeUnitTest
LogPluginManager: Mounting plugin NUTUnrealEngine4
LogPluginManager: Mounting plugin OnlineSubsystemGooglePlay
LogPluginManager: Mounting plugin OnlineSubsystemIOS
LogPluginManager: Mounting plugin OnlineSubsystem
LogPluginManager: Mounting plugin OnlineSubsystemNull
LogPluginManager: Mounting plugin OnlineSubsystemUtils
LogPluginManager: Mounting plugin LauncherChunkInstaller
LogPluginManager: Mounting plugin AndroidDeviceProfileSelector
LogPluginManager: Mounting plugin AndroidMoviePlayer
LogPluginManager: Mounting plugin AndroidPermission
LogPluginManager: Mounting plugin AppleMoviePlayer
LogPluginManager: Mounting plugin ArchVisCharacter
LogPluginManager: Mounting plugin AudioCapture
LogPluginManager: Mounting plugin CableComponent
LogPluginManager: Mounting plugin CustomMeshComponent
LogPluginManager: Mounting plugin EditableMesh
LogPluginManager: Mounting plugin ExampleDeviceProfileSelector
LogPluginManager: Mounting plugin Firebase
LogPluginManager: Mounting plugin GoogleCloudMessaging
LogPluginManager: Mounting plugin IOSDeviceProfileSelector
LogPluginManager: Mounting plugin LinuxDeviceProfileSelector
LogPluginManager: Mounting plugin LocationServicesBPLibrary
LogPluginManager: Mounting plugin MobilePatchingUtils
LogPluginManager: Mounting plugin OculusVR
LogPluginManager: Mounting plugin PhysXVehicles
LogPluginManager: Mounting plugin ProceduralMeshComponent
LogPluginManager: Mounting plugin RuntimePhysXCooking
LogPluginManager: Mounting plugin SteamVR
LogPluginManager: Mounting plugin WebMMoviePlayer
LogPluginManager: Mounting plugin WindowsMoviePlayer
LogStreaming: Display: Took  0.316s to configure plugins.
LogInit: Using libcurl 7.55.1-DEV
LogInit:  - built for x86_64-pc-win32
LogInit:  - supports SSL with OpenSSL/1.0.2h
LogInit:  - supports HTTP deflate (compression) using libz 1.2.8
LogInit:  - other features:
LogInit:      CURL_VERSION_SSL
LogInit:      CURL_VERSION_LIBZ
LogInit:      CURL_VERSION_IPV6
LogInit:      CURL_VERSION_ASYNCHDNS
LogInit:      CURL_VERSION_LARGEFILE
LogInit:      CURL_VERSION_IDN
LogInit:  CurlRequestOptions (configurable via config and command line):
LogInit:  - bVerifyPeer = true  - Libcurl will verify peer certificate
LogInit:  - bUseHttpProxy = false  - Libcurl will NOT use HTTP proxy
LogInit:  - bDontReuseConnections = false  - Libcurl will reuse connections
LogInit:  - MaxHostConnections = 16  - Libcurl will limit the number of connections to a host
LogInit:  - LocalHostAddr = Default
LogInit:  - BufferSize = 65536
LogInit: WinSock: version 1.1 (2.2), MaxSocks=32767, MaxUdp=65467
LogInit: Build: ++UE4+Release-4.21-CL-4613538
LogInit: Engine Version: 4.21.1-4613538+++UE4+Release-4.21
LogInit: Compatible Engine Version: 4.21.0-4541578+++UE4+Release-4.21
LogInit: Net CL: 4541578
LogInit: OS: Windows 10 (), CPU: Intel(R) Core(TM) i7-7700HQ CPU @ 2.80GHz, GPU: Intel(R) HD Graphics 630
LogInit: Compiled (64-bit): Nov 30 2018 04:13:25
LogInit: Compiled with Visual C++: 19.13.26129.00
LogInit: Build Configuration: Development
LogInit: Branch Name: ++UE4+Release-4.21
LogInit: Command Line: 
LogInit: Base Directory: D:/Program files/Unreal/UE_4.21/Engine/Binaries/Win64/
LogInit: Installed Engine Build: 1
LogDevObjectVersion: Number of dev versions registered: 22
LogDevObjectVersion:   Dev-Blueprints (B0D832E4-1F89-4F0D-ACCF-7EB736FD4AA2): 10
LogDevObjectVersion:   Dev-Build (E1C64328-A22C-4D53-A36C-8E866417BD8C): 0
LogDevObjectVersion:   Dev-Core (375EC13C-06E4-48FB-B500-84F0262A717E): 2
LogDevObjectVersion:   Dev-Editor (E4B068ED-F494-42E9-A231-DA0B2E46BB41): 26
LogDevObjectVersion:   Dev-Framework (CFFC743F-43B0-4480-9391-14DF171D2073): 34
LogDevObjectVersion:   Dev-Mobile (B02B49B5-BB20-44E9-A304-32B752E40360): 2
LogDevObjectVersion:   Dev-Networking (A4E4105C-59A1-49B5-A7C5-40C4547EDFEE): 0
LogDevObjectVersion:   Dev-Online (39C831C9-5AE6-47DC-9A44-9C173E1C8E7C): 0
LogDevObjectVersion:   Dev-Physics (78F01B33-EBEA-4F98-B9B4-84EACCB95AA2): 0
LogDevObjectVersion:   Dev-Platform (6631380F-2D4D-43E0-8009-CF276956A95A): 0
LogDevObjectVersion:   Dev-Rendering (12F88B9F-8875-4AFC-A67C-D90C383ABD29): 27
LogDevObjectVersion:   Dev-Sequencer (7B5AE74C-D270-4C10-A958-57980B212A5A): 9
LogDevObjectVersion:   Dev-VR (D7296918-1DD6-4BDD-9DE2-64A83CC13884): 2
LogDevObjectVersion:   Dev-LoadTimes (C2A15278-BFE7-4AFE-6C17-90FF531DF755): 1
LogDevObjectVersion:   Private-Geometry (6EACA3D4-40EC-4CC1-B786-8BED09428FC5): 3
LogDevObjectVersion:   Dev-AnimPhys (29E575DD-E0A3-4627-9D10-D276232CDCEA): 17
LogDevObjectVersion:   Dev-Anim (AF43A65D-7FD3-4947-9873-3E8ED9C1BB05): 2
LogDevObjectVersion:   Dev-ReflectionCapture (6B266CEC-1EC7-4B8F-A30B-E4D90942FC07): 1
LogDevObjectVersion:   Dev-Automation (0DF73D61-A23F-47EA-B727-89E90C41499A): 1
LogDevObjectVersion:   FortniteMain (601D1886-AC64-4F84-AA16-D3DE0DEAC7D6): 17
LogDevObjectVersion:   Dev-Enterprise (9DFFBCD6-494F-0158-E221-12823C92A888): 4
LogDevObjectVersion:   Dev-Niagara (F2AED0AC-9AFE-416F-8664-AA7FFA26D6FC): 1
LogStreaming: Display: Took  0.007s to delete old logs.
LogInit: Presizing for max 8388607 objects, including 0 objects not considered by GC, pre-allocating 0 bytes for permanent pool.
LogInit: Object subsystem initialized
LogConfig: Setting CVar [[con.DebugEarlyDefault:1]]
LogConfig: Setting CVar [[r.setres:1280x720]]
[2018.12.16-13.43.10:420][  0]LogConfig: Setting CVar [[r.VSync:0]]
[2018.12.16-13.43.10:420][  0]LogConfig: Setting CVar [[r.RHICmdBypass:0]]
[2018.12.16-13.43.10:420][  0]LogConfig: Applying CVar settings from Section [/Script/Engine.RendererSettings] File [C:/Users/simon/Documents/Unreal Projects/wolfy 4.21/Saved/Config/Windows/Engine.ini]
[2018.12.16-13.43.10:420][  0]LogConfig: Setting CVar [[r.GPUCrashDebugging:0]]
[2018.12.16-13.43.10:420][  0]LogConfig: Setting CVar [[r.CustomDepth:3]]
[2018.12.16-13.43.10:420][  0]LogConfig: Applying CVar settings from Section [/Script/Engine.RendererOverrideSettings] File [C:/Users/simon/Documents/Unreal Projects/wolfy 4.21/Saved/Config/Windows/Engine.ini]
[2018.12.16-13.43.10:420][  0]LogConfig: Applying CVar settings from Section [/Script/Engine.StreamingSettings] File [C:/Users/simon/Documents/Unreal Projects/wolfy 4.21/Saved/Config/Windows/Engine.ini]
[2018.12.16-13.43.10:420][  0]LogConfig: Setting CVar [[s.MinBulkDataSizeForAsyncLoading:131072]]
[2018.12.16-13.43.10:420][  0]LogConfig: Setting CVar [[s.AsyncLoadingThreadEnabled:0]]
[2018.12.16-13.43.10:420][  0]LogConfig: Setting CVar [[s.EventDrivenLoaderEnabled:1]]
[2018.12.16-13.43.10:420][  0]LogConfig: Setting CVar [[s.WarnIfTimeLimitExceeded:0]]
[2018.12.16-13.43.10:420][  0]LogConfig: Setting CVar [[s.TimeLimitExceededMultiplier:1.5]]
[2018.12.16-13.43.10:420][  0]LogConfig: Setting CVar [[s.TimeLimitExceededMinTime:0.005]]
[2018.12.16-13.43.10:420][  0]LogConfig: Setting CVar [[s.UseBackgroundLevelStreaming:1]]
[2018.12.16-13.43.10:420][  0]LogConfig: Setting CVar [[s.PriorityAsyncLoadingExtraTime:15.0]]
[2018.12.16-13.43.10:421][  0]LogConfig: Setting CVar [[s.LevelStreamingActorsUpdateTimeLimit:5.0]]
[2018.12.16-13.43.10:421][  0]LogConfig: Setting CVar [[s.PriorityLevelStreamingActorsUpdateExtraTime:5.0]]
[2018.12.16-13.43.10:421][  0]LogConfig: Setting CVar [[s.LevelStreamingComponentsRegistrationGranularity:10]]
[2018.12.16-13.43.10:421][  0]LogConfig: Setting CVar [[s.UnregisterComponentsTimeLimit:1.0]]
[2018.12.16-13.43.10:421][  0]LogConfig: Setting CVar [[s.LevelStreamingComponentsUnregistrationGranularity:5]]
[2018.12.16-13.43.10:421][  0]LogConfig: Applying CVar settings from Section [/Script/Engine.GarbageCollectionSettings] File [C:/Users/simon/Documents/Unreal Projects/wolfy 4.21/Saved/Config/Windows/Engine.ini]
[2018.12.16-13.43.10:421][  0]LogConfig: Setting CVar [[gc.MaxObjectsNotConsideredByGC:1]]
[2018.12.16-13.43.10:421][  0]LogConfig: Setting CVar [[gc.SizeOfPermanentObjectPool:0]]
[2018.12.16-13.43.10:421][  0]LogConfig: Setting CVar [[gc.FlushStreamingOnGC:0]]
[2018.12.16-13.43.10:421][  0]LogConfig: Setting CVar [[gc.NumRetriesBeforeForcingGC:10]]
[2018.12.16-13.43.10:421][  0]LogConfig: Setting CVar [[gc.AllowParallelGC:1]]
[2018.12.16-13.43.10:421][  0]LogConfig: Setting CVar [[gc.TimeBetweenPurgingPendingKillObjects:61.1]]
[2018.12.16-13.43.10:421][  0]LogConfig: Setting CVar [[gc.MaxObjectsInEditor:8388607]]
[2018.12.16-13.43.10:421][  0]LogConfig: Setting CVar [[gc.IncrementalBeginDestroyEnabled:1]]
[2018.12.16-13.43.10:421][  0]LogConfig: Setting CVar [[gc.CreateGCClusters:1]]
[2018.12.16-13.43.10:421][  0]LogConfig: Setting CVar [[gc.MergeGCClusters:0]]
[2018.12.16-13.43.10:421][  0]LogConfig: Setting CVar [[gc.MinGCClusterSize:5]]
[2018.12.16-13.43.10:421][  0]LogConfig: Setting CVar [[gc.ActorClusteringEnabled:0]]
[2018.12.16-13.43.10:421][  0]LogConfig: Setting CVar [[gc.BlueprintClusteringEnabled:0]]
[2018.12.16-13.43.10:421][  0]LogConfig: Setting CVar [[gc.UseDisregardForGCOnDedicatedServers:0]]
[2018.12.16-13.43.10:421][  0]LogConfig: Applying CVar settings from Section [/Script/Engine.NetworkSettings] File [C:/Users/simon/Documents/Unreal Projects/wolfy 4.21/Saved/Config/Windows/Engine.ini]
[2018.12.16-13.43.10:421][  0]LogConfig: Applying CVar settings from Section [/Script/UnrealEd.CookerSettings] File [C:/Users/simon/Documents/Unreal Projects/wolfy 4.21/Saved/Config/Windows/Engine.ini]
[2018.12.16-13.43.10:424][  0]LogConfig: Applying CVar settings from Section [ViewDistanceQuality@3] File [C:/Users/simon/Documents/Unreal Projects/wolfy 4.21/Saved/Config/Windows/Scalability.ini]
[2018.12.16-13.43.10:424][  0]LogConfig: Setting CVar [[r.SkeletalMeshLODBias:0]]
[2018.12.16-13.43.10:424][  0]LogConfig: Setting CVar [[r.ViewDistanceScale:1.0]]
[2018.12.16-13.43.10:424][  0]LogConfig: Applying CVar settings from Section [AntiAliasingQuality@3] File [C:/Users/simon/Documents/Unreal Projects/wolfy 4.21/Saved/Config/Windows/Scalability.ini]
[2018.12.16-13.43.10:424][  0]LogConfig: Setting CVar [[r.PostProcessAAQuality:4]]
[2018.12.16-13.43.10:424][  0]LogConfig: Applying CVar settings from Section [ShadowQuality@3] File [C:/Users/simon/Documents/Unreal Projects/wolfy 4.21/Saved/Config/Windows/Scalability.ini]
[2018.12.16-13.43.10:424][  0]LogConfig: Setting CVar [[r.LightFunctionQuality:1]]
[2018.12.16-13.43.10:424][  0]LogConfig: Setting CVar [[r.ShadowQuality:5]]
[2018.12.16-13.43.10:424][  0]LogConfig: Setting CVar [[r.Shadow.CSM.MaxCascades:10]]
[2018.12.16-13.43.10:424][  0]LogConfig: Setting CVar [[r.Shadow.MaxResolution:2048]]
[2018.12.16-13.43.10:424][  0]LogConfig: Setting CVar [[r.Shadow.MaxCSMResolution:2048]]
[2018.12.16-13.43.10:424][  0]LogConfig: Setting CVar [[r.Shadow.RadiusThreshold:0.01]]
[2018.12.16-13.43.10:424][  0]LogConfig: Setting CVar [[r.Shadow.DistanceScale:1.0]]
[2018.12.16-13.43.10:424][  0]LogConfig: Setting CVar [[r.Shadow.CSM.TransitionScale:1.0]]
[2018.12.16-13.43.10:424][  0]LogConfig: Setting CVar [[r.Shadow.PreShadowResolutionFactor:1.0]]
[2018.12.16-13.43.10:424][  0]LogConfig: Setting CVar [[r.DistanceFieldShadowing:1]]
[2018.12.16-13.43.10:424][  0]LogConfig: Setting CVar [[r.DistanceFieldAO:1]]
[2018.12.16-13.43.10:424][  0]LogConfig: Setting CVar [[r.AOQuality:2]]
[2018.12.16-13.43.10:424][  0]LogConfig: Setting CVar [[r.VolumetricFog:1]]
[2018.12.16-13.43.10:424][  0]LogConfig: Setting CVar [[r.VolumetricFog.GridPixelSize:8]]
[2018.12.16-13.43.10:424][  0]LogConfig: Setting CVar [[r.VolumetricFog.GridSizeZ:128]]
[2018.12.16-13.43.10:425][  0]LogConfig: Setting CVar [[r.VolumetricFog.HistoryMissSupersampleCount:4]]
[2018.12.16-13.43.10:425][  0]LogConfig: Setting CVar [[r.LightMaxDrawDistanceScale:1]]
[2018.12.16-13.43.10:425][  0]LogConfig: Setting CVar [[r.CapsuleShadows:1]]
[2018.12.16-13.43.10:425][  0]LogConfig: Applying CVar settings from Section [PostProcessQuality@3] File [C:/Users/simon/Documents/Unreal Projects/wolfy 4.21/Saved/Config/Windows/Scalability.ini]
[2018.12.16-13.43.10:425][  0]LogConfig: Setting CVar [[r.MotionBlurQuality:4]]
[2018.12.16-13.43.10:425][  0]LogConfig: Setting CVar [[r.AmbientOcclusionMipLevelFactor:0.4]]
[2018.12.16-13.43.10:425][  0]LogConfig: Setting CVar [[r.AmbientOcclusionMaxQuality:100]]
[2018.12.16-13.43.10:425][  0]LogConfig: Setting CVar [[r.AmbientOcclusionLevels:-1]]
[2018.12.16-13.43.10:425][  0]LogConfig: Setting CVar [[r.AmbientOcclusionRadiusScale:1.0]]
[2018.12.16-13.43.10:425][  0]LogConfig: Setting CVar [[r.DepthOfFieldQuality:2]]
[2018.12.16-13.43.10:425][  0]LogConfig: Setting CVar [[r.RenderTargetPoolMin:400]]
[2018.12.16-13.43.10:425][  0]LogConfig: Setting CVar [[r.LensFlareQuality:2]]
[2018.12.16-13.43.10:425][  0]LogConfig: Setting CVar [[r.SceneColorFringeQuality:1]]
[2018.12.16-13.43.10:425][  0]LogConfig: Setting CVar [[r.EyeAdaptationQuality:2]]
[2018.12.16-13.43.10:425][  0]LogConfig: Setting CVar [[r.BloomQuality:5]]
[2018.12.16-13.43.10:425][  0]LogConfig: Setting CVar [[r.FastBlurThreshold:100]]
[2018.12.16-13.43.10:425][  0]LogConfig: Setting CVar [[r.Upscale.Quality:3]]
[2018.12.16-13.43.10:425][  0]LogConfig: Setting CVar [[r.Tonemapper.GrainQuantization:1]]
[2018.12.16-13.43.10:425][  0]LogConfig: Setting CVar [[r.LightShaftQuality:1]]
[2018.12.16-13.43.10:425][  0]LogConfig: Setting CVar [[r.Filter.SizeScale:1]]
[2018.12.16-13.43.10:425][  0]LogConfig: Setting CVar [[r.Tonemapper.Quality:5]]
[2018.12.16-13.43.10:425][  0]LogConfig: Setting CVar [[r.DOF.Gather.AccumulatorQuality:1        ; higher gathering accumulator quality]]
[2018.12.16-13.43.10:425][  0]LogConfig: Setting CVar [[r.DOF.Gather.PostfilterMethod:1          ; Median3x3 postfilering method]]
[2018.12.16-13.43.10:425][  0]LogConfig: Setting CVar [[r.DOF.Gather.EnableBokehSettings:0       ; no bokeh simulation when gathering]]
[2018.12.16-13.43.10:425][  0]LogConfig: Setting CVar [[r.DOF.Gather.RingCount:4                 ; medium number of samples when gathering]]
[2018.12.16-13.43.10:425][  0]LogConfig: Setting CVar [[r.DOF.Scatter.ForegroundCompositing:1    ; additive foreground scattering]]
[2018.12.16-13.43.10:425][  0]LogConfig: Setting CVar [[r.DOF.Scatter.BackgroundCompositing:2    ; additive background scattering]]
[2018.12.16-13.43.10:425][  0]LogConfig: Setting CVar [[r.DOF.Scatter.EnableBokehSettings:1      ; bokeh simulation when scattering]]
[2018.12.16-13.43.10:425][  0]LogConfig: Setting CVar [[r.DOF.Scatter.MaxSpriteRatio:0.1         ; only a maximum of 10% of scattered bokeh]]
[2018.12.16-13.43.10:425][  0]LogConfig: Setting CVar [[r.DOF.Recombine.Quality:1                ; cheap slight out of focus]]
[2018.12.16-13.43.10:425][  0]LogConfig: Setting CVar [[r.DOF.Recombine.EnableBokehSettings:0    ; no bokeh simulation on slight out of focus]]
[2018.12.16-13.43.10:425][  0]LogConfig: Setting CVar [[r.DOF.TemporalAAQuality:1                ; more stable temporal accumulation]]
[2018.12.16-13.43.10:425][  0]LogConfig: Setting CVar [[r.DOF.Kernel.MaxForegroundRadius:0.025]]
[2018.12.16-13.43.10:425][  0]LogConfig: Setting CVar [[r.DOF.Kernel.MaxBackgroundRadius:0.025]]
[2018.12.16-13.43.10:425][  0]LogConfig: Applying CVar settings from Section [TextureQuality@3] File [C:/Users/simon/Documents/Unreal Projects/wolfy 4.21/Saved/Config/Windows/Scalability.ini]
[2018.12.16-13.43.10:425][  0]LogConfig: Setting CVar [[r.Streaming.MipBias:0]]
[2018.12.16-13.43.10:425][  0]LogConfig: Setting CVar [[r.Streaming.AmortizeCPUToGPUCopy:0]]
[2018.12.16-13.43.10:425][  0]LogConfig: Setting CVar [[r.Streaming.MaxNumTexturesToStreamPerFrame:0]]
[2018.12.16-13.43.10:425][  0]LogConfig: Setting CVar [[r.Streaming.Boost:1]]
[2018.12.16-13.43.10:425][  0]LogConfig: Setting CVar [[r.MaxAnisotropy:8]]
[2018.12.16-13.43.10:425][  0]LogConfig: Setting CVar [[r.Streaming.LimitPoolSizeToVRAM:0]]
[2018.12.16-13.43.10:425][  0]LogConfig: Setting CVar [[r.Streaming.PoolSize:1000]]
[2018.12.16-13.43.10:425][  0]LogConfig: Setting CVar [[r.Streaming.MaxEffectiveScreenSize:0]]
[2018.12.16-13.43.10:425][  0]LogConfig: Applying CVar settings from Section [EffectsQuality@3] File [C:/Users/simon/Documents/Unreal Projects/wolfy 4.21/Saved/Config/Windows/Scalability.ini]
[2018.12.16-13.43.10:425][  0]LogConfig: Setting CVar [[r.TranslucencyLightingVolumeDim:64]]
[2018.12.16-13.43.10:426][  0]LogConfig: Setting CVar [[r.RefractionQuality:2]]
[2018.12.16-13.43.10:426][  0]LogConfig: Setting CVar [[r.SSR.Quality:3]]
[2018.12.16-13.43.10:426][  0]LogConfig: Setting CVar [[r.SceneColorFormat:4]]
[2018.12.16-13.43.10:426][  0]LogConfig: Setting CVar [[r.DetailMode:2]]
[2018.12.16-13.43.10:426][  0]LogConfig: Setting CVar [[r.TranslucencyVolumeBlur:1]]
[2018.12.16-13.43.10:426][  0]LogConfig: Setting CVar [[r.MaterialQualityLevel:1 ; High quality]]
[2018.12.16-13.43.10:426][  0]LogConfig: Setting CVar [[r.SSS.Scale:1]]
[2018.12.16-13.43.10:426][  0]LogConfig: Setting CVar [[r.SSS.SampleSet:2]]
[2018.12.16-13.43.10:426][  0]LogConfig: Setting CVar [[r.SSS.Quality:1]]
[2018.12.16-13.43.10:426][  0]LogConfig: Setting CVar [[r.SSS.HalfRes:1]]
[2018.12.16-13.43.10:426][  0]LogConfig: Setting CVar [[r.EmitterSpawnRateScale:1.0]]
[2018.12.16-13.43.10:426][  0]LogConfig: Setting CVar [[r.ParticleLightQuality:2]]
[2018.12.16-13.43.10:426][  0]LogConfig: Applying CVar settings from Section [FoliageQuality@3] File [C:/Users/simon/Documents/Unreal Projects/wolfy 4.21/Saved/Config/Windows/Scalability.ini]
[2018.12.16-13.43.10:426][  0]LogConfig: Setting CVar [[foliage.DensityScale:1.0]]
[2018.12.16-13.43.10:426][  0]LogConfig: Setting CVar [[grass.DensityScale:1.0]]
[2018.12.16-13.43.10:426][  0]LogInit: Selected Device Profile: [Windows]
[2018.12.16-13.43.10:426][  0]LogInit: Applying CVar settings loaded from the selected device profile: [Windows]
[2018.12.16-13.43.10:463][  0]LogHAL: Display: Platform has ~ 16 GB [17055186944 / 17179869184 / 16], which maps to Larger [LargestMinGB=32, LargerMinGB=12, DefaultMinGB=8, SmallerMinGB=6, SmallestMinGB=0)
[2018.12.16-13.43.10:463][  0]LogConfig: Setting CVar [[r.Vulkan.UseRealUBs:1]]
[2018.12.16-13.43.10:463][  0]LogInit: Going up to parent DeviceProfile []
[2018.12.16-13.43.10:464][  0]LogConfig: Applying CVar settings from Section [ViewDistanceQuality@3] File [C:/Users/simon/Documents/Unreal Projects/wolfy 4.21/Saved/Config/Windows/Scalability.ini]
[2018.12.16-13.43.10:464][  0]LogConfig: Setting CVar [[r.SkeletalMeshLODBias:0]]
[2018.12.16-13.43.10:464][  0]LogConfig: Setting CVar [[r.ViewDistanceScale:1.0]]
[2018.12.16-13.43.10:464][  0]LogConfig: Applying CVar settings from Section [AntiAliasingQuality@3] File [C:/Users/simon/Documents/Unreal Projects/wolfy 4.21/Saved/Config/Windows/Scalability.ini]
[2018.12.16-13.43.10:464][  0]LogConfig: Setting CVar [[r.PostProcessAAQuality:4]]
[2018.12.16-13.43.10:464][  0]LogConfig: Applying CVar settings from Section [ShadowQuality@3] File [C:/Users/simon/Documents/Unreal Projects/wolfy 4.21/Saved/Config/Windows/Scalability.ini]
[2018.12.16-13.43.10:464][  0]LogConfig: Setting CVar [[r.LightFunctionQuality:1]]
[2018.12.16-13.43.10:464][  0]LogConfig: Setting CVar [[r.ShadowQuality:5]]
[2018.12.16-13.43.10:464][  0]LogConfig: Setting CVar [[r.Shadow.CSM.MaxCascades:10]]
[2018.12.16-13.43.10:464][  0]LogConfig: Setting CVar [[r.Shadow.MaxResolution:2048]]
[2018.12.16-13.43.10:464][  0]LogConfig: Setting CVar [[r.Shadow.MaxCSMResolution:2048]]
[2018.12.16-13.43.10:464][  0]LogConfig: Setting CVar [[r.Shadow.RadiusThreshold:0.01]]
[2018.12.16-13.43.10:464][  0]LogConfig: Setting CVar [[r.Shadow.DistanceScale:1.0]]
[2018.12.16-13.43.10:464][  0]LogConfig: Setting CVar [[r.Shadow.CSM.TransitionScale:1.0]]
[2018.12.16-13.43.10:464][  0]LogConfig: Setting CVar [[r.Shadow.PreShadowResolutionFactor:1.0]]
[2018.12.16-13.43.10:464][  0]LogConfig: Setting CVar [[r.DistanceFieldShadowing:1]]
[2018.12.16-13.43.10:464][  0]LogConfig: Setting CVar [[r.DistanceFieldAO:1]]
[2018.12.16-13.43.10:464][  0]LogConfig: Setting CVar [[r.AOQuality:2]]
[2018.12.16-13.43.10:464][  0]LogConfig: Setting CVar [[r.VolumetricFog:1]]
[2018.12.16-13.43.10:464][  0]LogConfig: Setting CVar [[r.VolumetricFog.GridPixelSize:8]]
[2018.12.16-13.43.10:464][  0]LogConfig: Setting CVar [[r.VolumetricFog.GridSizeZ:128]]
[2018.12.16-13.43.10:464][  0]LogConfig: Setting CVar [[r.VolumetricFog.HistoryMissSupersampleCount:4]]
[2018.12.16-13.43.10:464][  0]LogConfig: Setting CVar [[r.LightMaxDrawDistanceScale:1]]
[2018.12.16-13.43.10:464][  0]LogConfig: Setting CVar [[r.CapsuleShadows:1]]
[2018.12.16-13.43.10:464][  0]LogConfig: Applying CVar settings from Section [PostProcessQuality@3] File [C:/Users/simon/Documents/Unreal Projects/wolfy 4.21/Saved/Config/Windows/Scalability.ini]
[2018.12.16-13.43.10:464][  0]LogConfig: Setting CVar [[r.MotionBlurQuality:4]]
[2018.12.16-13.43.10:464][  0]LogConfig: Setting CVar [[r.AmbientOcclusionMipLevelFactor:0.4]]
[2018.12.16-13.43.10:464][  0]LogConfig: Setting CVar [[r.AmbientOcclusionMaxQuality:100]]
[2018.12.16-13.43.10:464][  0]LogConfig: Setting CVar [[r.AmbientOcclusionLevels:-1]]
[2018.12.16-13.43.10:464][  0]LogConfig: Setting CVar [[r.AmbientOcclusionRadiusScale:1.0]]
[2018.12.16-13.43.10:464][  0]LogConfig: Setting CVar [[r.DepthOfFieldQuality:2]]
[2018.12.16-13.43.10:465][  0]LogConfig: Setting CVar [[r.RenderTargetPoolMin:400]]
[2018.12.16-13.43.10:465][  0]LogConfig: Setting CVar [[r.LensFlareQuality:2]]
[2018.12.16-13.43.10:465][  0]LogConfig: Setting CVar [[r.SceneColorFringeQuality:1]]
[2018.12.16-13.43.10:465][  0]LogConfig: Setting CVar [[r.EyeAdaptationQuality:2]]
[2018.12.16-13.43.10:465][  0]LogConfig: Setting CVar [[r.BloomQuality:5]]
[2018.12.16-13.43.10:465][  0]LogConfig: Setting CVar [[r.FastBlurThreshold:100]]
[2018.12.16-13.43.10:465][  0]LogConfig: Setting CVar [[r.Upscale.Quality:3]]
[2018.12.16-13.43.10:465][  0]LogConfig: Setting CVar [[r.Tonemapper.GrainQuantization:1]]
[2018.12.16-13.43.10:465][  0]LogConfig: Setting CVar [[r.LightShaftQuality:1]]
[2018.12.16-13.43.10:465][  0]LogConfig: Setting CVar [[r.Filter.SizeScale:1]]
[2018.12.16-13.43.10:465][  0]LogConfig: Setting CVar [[r.Tonemapper.Quality:5]]
[2018.12.16-13.43.10:465][  0]LogConfig: Setting CVar [[r.DOF.Gather.AccumulatorQuality:1        ; higher gathering accumulator quality]]
[2018.12.16-13.43.10:465][  0]LogConfig: Setting CVar [[r.DOF.Gather.PostfilterMethod:1          ; Median3x3 postfilering method]]
[2018.12.16-13.43.10:465][  0]LogConfig: Setting CVar [[r.DOF.Gather.EnableBokehSettings:0       ; no bokeh simulation when gathering]]
[2018.12.16-13.43.10:465][  0]LogConfig: Setting CVar [[r.DOF.Gather.RingCount:4                 ; medium number of samples when gathering]]
[2018.12.16-13.43.10:465][  0]LogConfig: Setting CVar [[r.DOF.Scatter.ForegroundCompositing:1    ; additive foreground scattering]]
[2018.12.16-13.43.10:465][  0]LogConfig: Setting CVar [[r.DOF.Scatter.BackgroundCompositing:2    ; additive background scattering]]
[2018.12.16-13.43.10:465][  0]LogConfig: Setting CVar [[r.DOF.Scatter.EnableBokehSettings:1      ; bokeh simulation when scattering]]
[2018.12.16-13.43.10:465][  0]LogConfig: Setting CVar [[r.DOF.Scatter.MaxSpriteRatio:0.1         ; only a maximum of 10% of scattered bokeh]]
[2018.12.16-13.43.10:465][  0]LogConfig: Setting CVar [[r.DOF.Recombine.Quality:1                ; cheap slight out of focus]]
[2018.12.16-13.43.10:465][  0]LogConfig: Setting CVar [[r.DOF.Recombine.EnableBokehSettings:0    ; no bokeh simulation on slight out of focus]]
[2018.12.16-13.43.10:465][  0]LogConfig: Setting CVar [[r.DOF.TemporalAAQuality:1                ; more stable temporal accumulation]]
[2018.12.16-13.43.10:465][  0]LogConfig: Setting CVar [[r.DOF.Kernel.MaxForegroundRadius:0.025]]
[2018.12.16-13.43.10:465][  0]LogConfig: Setting CVar [[r.DOF.Kernel.MaxBackgroundRadius:0.025]]
[2018.12.16-13.43.10:465][  0]LogConfig: Applying CVar settings from Section [TextureQuality@3] File [C:/Users/simon/Documents/Unreal Projects/wolfy 4.21/Saved/Config/Windows/Scalability.ini]
[2018.12.16-13.43.10:465][  0]LogConfig: Setting CVar [[r.Streaming.MipBias:0]]
[2018.12.16-13.43.10:465][  0]LogConfig: Setting CVar [[r.Streaming.AmortizeCPUToGPUCopy:0]]
[2018.12.16-13.43.10:465][  0]LogConfig: Setting CVar [[r.Streaming.MaxNumTexturesToStreamPerFrame:0]]
[2018.12.16-13.43.10:465][  0]LogConfig: Setting CVar [[r.Streaming.Boost:1]]
[2018.12.16-13.43.10:465][  0]LogConfig: Setting CVar [[r.MaxAnisotropy:8]]
[2018.12.16-13.43.10:465][  0]LogConfig: Setting CVar [[r.Streaming.LimitPoolSizeToVRAM:0]]
[2018.12.16-13.43.10:465][  0]LogConfig: Setting CVar [[r.Streaming.PoolSize:1000]]
[2018.12.16-13.43.10:465][  0]LogConfig: Setting CVar [[r.Streaming.MaxEffectiveScreenSize:0]]
[2018.12.16-13.43.10:465][  0]LogConfig: Applying CVar settings from Section [EffectsQuality@3] File [C:/Users/simon/Documents/Unreal Projects/wolfy 4.21/Saved/Config/Windows/Scalability.ini]
[2018.12.16-13.43.10:465][  0]LogConfig: Setting CVar [[r.TranslucencyLightingVolumeDim:64]]
[2018.12.16-13.43.10:465][  0]LogConfig: Setting CVar [[r.RefractionQuality:2]]
[2018.12.16-13.43.10:465][  0]LogConfig: Setting CVar [[r.SSR.Quality:3]]
[2018.12.16-13.43.10:465][  0]LogConfig: Setting CVar [[r.SceneColorFormat:4]]
[2018.12.16-13.43.10:465][  0]LogConfig: Setting CVar [[r.DetailMode:2]]
[2018.12.16-13.43.10:465][  0]LogConfig: Setting CVar [[r.TranslucencyVolumeBlur:1]]
[2018.12.16-13.43.10:465][  0]LogConfig: Setting CVar [[r.MaterialQualityLevel:1 ; High quality]]
[2018.12.16-13.43.10:465][  0]LogConfig: Setting CVar [[r.SSS.Scale:1]]
[2018.12.16-13.43.10:465][  0]LogConfig: Setting CVar [[r.SSS.SampleSet:2]]
[2018.12.16-13.43.10:465][  0]LogConfig: Setting CVar [[r.SSS.Quality:1]]
[2018.12.16-13.43.10:465][  0]LogConfig: Setting CVar [[r.SSS.HalfRes:1]]
[2018.12.16-13.43.10:465][  0]LogConfig: Setting CVar [[r.EmitterSpawnRateScale:1.0]]
[2018.12.16-13.43.10:465][  0]LogConfig: Setting CVar [[r.ParticleLightQuality:2]]
[2018.12.16-13.43.10:466][  0]LogConfig: Applying CVar settings from Section [FoliageQuality@3] File [C:/Users/simon/Documents/Unreal Projects/wolfy 4.21/Saved/Config/Windows/Scalability.ini]
[2018.12.16-13.43.10:466][  0]LogConfig: Setting CVar [[foliage.DensityScale:1.0]]
[2018.12.16-13.43.10:466][  0]LogConfig: Setting CVar [[grass.DensityScale:1.0]]
[2018.12.16-13.43.10:466][  0]LogConfig: Applying CVar settings from Section [Startup] File [../../../Engine/Config/ConsoleVariables.ini]
[2018.12.16-13.43.10:473][  0]LogConfig: Setting CVar [[net.UseAdaptiveNetUpdateFrequency:0]]
[2018.12.16-13.43.10:473][  0]LogConfig: Applying CVar settings from Section [ConsoleVariables] File [C:/Users/simon/Documents/Unreal Projects/wolfy 4.21/Saved/Config/Windows/Engine.ini]
[2018.12.16-13.43.10:473][  0]LogInit: Computer: LAPTOP-6ORP0FSQ
[2018.12.16-13.43.10:473][  0]LogInit: User: simon
[2018.12.16-13.43.10:473][  0]LogInit: CPU Page size=4096, Cores=4
[2018.12.16-13.43.10:473][  0]LogInit: High frequency timer resolution =2.742188 MHz
[2018.12.16-13.43.10:473][  0]LogMemory: Memory total: Physical=15.9GB (16GB approx)
[2018.12.16-13.43.10:474][  0]LogMemory: Platform Memory Stats for Windows
[2018.12.16-13.43.10:474][  0]LogMemory: Process Physical Memory: 103.96 MB used, 103.96 MB peak
[2018.12.16-13.43.10:474][  0]LogMemory: Process Virtual Memory: 86.40 MB used, 86.40 MB peak
[2018.12.16-13.43.10:474][  0]LogMemory: Physical Memory: 5859.55 MB used,  10405.54 MB free, 16265.09 MB total
[2018.12.16-13.43.10:474][  0]LogMemory: Virtual Memory: 4647.80 MB used,  134213080.00 MB free, 134217728.00 MB total
[2018.12.16-13.43.11:445][  0]LogInit: Using OS detected language (en-US).
[2018.12.16-13.43.11:446][  0]LogInit: Using OS detected locale (en-CA).
[2018.12.16-13.43.11:465][  0]LogTextLocalizationManager: No specific localization for 'en-US' exists, so the 'en' localization will be used.
[2018.12.16-13.43.13:244][  0]LogStreaming: Display: Took  1.798s to InitEngineTextLocalization.
[2018.12.16-13.43.13:244][  0]LogInit: Setting process to per monitor DPI aware
[2018.12.16-13.43.13:762][  0]LogSlate: New Slate User Created.  User Index 0, Is Virtual User: 0
[2018.12.16-13.43.13:762][  0]LogSlate: Slate User Registered.  User Index 0, Is Virtual User: 0
[2018.12.16-13.43.19:189][  0]LogHMD: Failed to initialize OpenVR with code 110
[2018.12.16-13.43.19:189][  0]LogD3D11RHI: D3D11 adapters:
[2018.12.16-13.43.19:318][  0]LogD3D11RHI:    0. 'NVIDIA GeForce GTX 1050' (Feature Level 11_0)
[2018.12.16-13.43.19:318][  0]LogD3D11RHI:       4021/0/8132 MB DedicatedVideo/DedicatedSystem/SharedSystem, Outputs:1, VendorId:0x10de
[2018.12.16-13.43.19:334][  0]LogD3D11RHI:    1. 'Intel(R) HD Graphics 630' (Feature Level 11_0)
[2018.12.16-13.43.19:334][  0]LogD3D11RHI:       128/0/8132 MB DedicatedVideo/DedicatedSystem/SharedSystem, Outputs:0, VendorId:0x8086
[2018.12.16-13.43.19:338][  0]LogD3D11RHI:    2. 'Microsoft Basic Render Driver' (Feature Level 11_0)
[2018.12.16-13.43.19:338][  0]LogD3D11RHI:       0/0/8132 MB DedicatedVideo/DedicatedSystem/SharedSystem, Outputs:0, VendorId:0x1414
[2018.12.16-13.43.19:338][  0]LogD3D11RHI: Chosen D3D11 Adapter: 0
[2018.12.16-13.43.19:406][  0]LogD3D11RHI: Creating new Direct3DDevice
[2018.12.16-13.43.19:406][  0]LogD3D11RHI:     GPU DeviceId: 0x1c8d (for the marketing name, search the web for "GPU Device Id")
[2018.12.16-13.43.19:406][  0]LogWindows: EnumDisplayDevices:
[2018.12.16-13.43.19:408][  0]LogWindows:    0. 'Intel(R) HD Graphics 630' (P:1 D:1)
[2018.12.16-13.43.19:408][  0]LogWindows:    1. 'Intel(R) HD Graphics 630' (P:0 D:0)
[2018.12.16-13.43.19:408][  0]LogWindows:    2. 'Intel(R) HD Graphics 630' (P:0 D:0)
[2018.12.16-13.43.19:409][  0]LogWindows: DebugString: PrimaryIsNotTheChoosenAdapter PrimaryIsNotTheChoosenAdapter PrimaryIsNotTheChoosenAdapter FoundDriverCount:0 
[2018.12.16-13.43.19:409][  0]LogD3D11RHI:     Adapter Name: NVIDIA GeForce GTX 1050
[2018.12.16-13.43.19:409][  0]LogD3D11RHI:   Driver Version: Unknown (internal:Unknown, unified:Unknown)
[2018.12.16-13.43.19:409][  0]LogD3D11RHI:      Driver Date: Unknown
[2018.12.16-13.43.19:409][  0]LogRHI: Texture pool is 2814 MB (70% of 4021 MB)
[2018.12.16-13.43.19:496][  0]LogD3D11RHI: Async texture creation enabled
[2018.12.16-13.43.19:567][  0]LogD3D11RHI: GPU Timing Frequency: 1000.000000 (Debug: 2 2)
[2018.12.16-13.43.21:011][  0]LogTemp: Display: Loaded TP AllDesktopTargetPlatform
[2018.12.16-13.43.21:080][  0]LogTemp: Display: Loaded TP MacClientTargetPlatform
[2018.12.16-13.43.21:113][  0]LogTemp: Display: Loaded TP MacNoEditorTargetPlatform
[2018.12.16-13.43.21:158][  0]LogTemp: Display: Loaded TP MacServerTargetPlatform
[2018.12.16-13.43.21:254][  0]LogTemp: Display: Loaded TP MacTargetPlatform
[2018.12.16-13.43.21:335][  0]LogTemp: Display: Loaded TP WindowsClientTargetPlatform
[2018.12.16-13.43.21:414][  0]LogTemp: Display: Loaded TP WindowsNoEditorTargetPlatform
[2018.12.16-13.43.21:484][  0]LogTemp: Display: Loaded TP WindowsServerTargetPlatform
[2018.12.16-13.43.21:546][  0]LogTemp: Display: Loaded TP WindowsTargetPlatform
[2018.12.16-13.43.21:735][  0]LogTemp: Display: Loaded TP AndroidTargetPlatform
[2018.12.16-13.43.21:735][  0]LogTemp: Display: Loaded TP AndroidTargetPlatform
[2018.12.16-13.43.21:735][  0]LogTemp: Display: Loaded TP AndroidTargetPlatform
[2018.12.16-13.43.21:735][  0]LogTemp: Display: Loaded TP AndroidTargetPlatform
[2018.12.16-13.43.21:735][  0]LogTemp: Display: Loaded TP AndroidTargetPlatform
[2018.12.16-13.43.21:735][  0]LogTemp: Display: Loaded TP AndroidTargetPlatform
[2018.12.16-13.43.21:735][  0]LogTemp: Display: Loaded TP AndroidTargetPlatform
[2018.12.16-13.43.21:735][  0]LogTemp: Display: Loaded TP AndroidTargetPlatform
[2018.12.16-13.43.21:735][  0]LogTemp: Display: Loaded TP AndroidTargetPlatform
[2018.12.16-13.43.21:735][  0]LogTemp: Display: Loaded TP AndroidTargetPlatform
[2018.12.16-13.43.21:735][  0]LogTemp: Display: Loaded TP AndroidTargetPlatform
[2018.12.16-13.43.21:735][  0]LogTemp: Display: Loaded TP AndroidTargetPlatform
[2018.12.16-13.43.21:735][  0]LogTemp: Display: Loaded TP AndroidTargetPlatform
[2018.12.16-13.43.21:735][  0]LogTemp: Display: Loaded TP AndroidTargetPlatform
[2018.12.16-13.43.21:735][  0]LogTemp: Display: Loaded TP AndroidTargetPlatform
[2018.12.16-13.43.21:735][  0]LogTemp: Display: Loaded TP AndroidTargetPlatform
[2018.12.16-13.43.21:735][  0]LogTemp: Display: Loaded TP AndroidTargetPlatform
[2018.12.16-13.43.21:735][  0]LogTemp: Display: Loaded TP AndroidTargetPlatform
[2018.12.16-13.43.21:766][  0]LogTemp: Display: Loaded TP HTML5TargetPlatform
[2018.12.16-13.43.21:978][  0]LogTemp: Display: Loaded TP IOSTargetPlatform
[2018.12.16-13.43.21:978][  0]LogTemp: Display: Loaded TP IOSTargetPlatform
[2018.12.16-13.43.22:068][  0]LogTemp: Display: Loaded TP TVOSTargetPlatform
[2018.12.16-13.43.22:068][  0]LogTemp: Display: Loaded TP TVOSTargetPlatform
[2018.12.16-13.43.22:117][  0]LogTemp: Display: Loaded TP LinuxClientTargetPlatform
[2018.12.16-13.43.22:160][  0]LogTemp: Display: Loaded TP LinuxNoEditorTargetPlatform
[2018.12.16-13.43.22:196][  0]LogTemp: Display: Loaded TP LinuxServerTargetPlatform
[2018.12.16-13.43.22:242][  0]LogTemp: Display: Loaded TP LinuxTargetPlatform
[2018.12.16-13.43.22:335][  0]LogTemp: Display: Loaded TP LuminTargetPlatform
[2018.12.16-13.43.22:335][  0]LogTemp: Display: Loaded TP LuminTargetPlatform
[2018.12.16-13.43.22:335][  0]LogTargetPlatformManager: Display: Building Assets For Windows
[2018.12.16-13.43.23:491][  0]LogShaderCompilers: Guid format shader working directory is -5 characters bigger than the processId version (C:/Users/simon/Documents/Unreal Projects/wolfy 4.21/Intermediate/Shaders/WorkingDirectory/8612/).
[2018.12.16-13.43.23:491][  0]LogShaderCompilers: Cleaned the shader compiler working directory 'C:/Users/simon/AppData/Local/Temp/UnrealShaderWorkingDir/F0C620F645093CAD77802BA2698FD5E5/'.
[2018.12.16-13.43.23:509][  0]LogXGEController: Cleaning working directory: C:/Users/simon/AppData/Local/Temp/UnrealXGEWorkingDir/
[2018.12.16-13.43.23:510][  0]LogXGEController: Cannot use XGE Controller as Incredibuild is not installed on this machine.
[2018.12.16-13.43.23:510][  0]LogShaderCompilers: Cannot use XGE Shader Compiler as Incredibuild is not installed on this machine.
[2018.12.16-13.43.23:510][  0]LogShaderCompilers: Display: Using Local Shader Compiler.
[2018.12.16-13.43.26:738][  0]LogDerivedDataCache: Display: Max Cache Size: 512 MB
[2018.12.16-13.43.26:973][  0]LogDerivedDataCache: Loaded boot cache 0.23s 71MB C:/Users/simon/AppData/Local/UnrealEngine/4.21/DerivedDataCache/Boot.ddc.
[2018.12.16-13.43.26:973][  0]LogDerivedDataCache: Display: Loaded Boot cache: C:/Users/simon/AppData/Local/UnrealEngine/4.21/DerivedDataCache/Boot.ddc
[2018.12.16-13.43.26:973][  0]LogDerivedDataCache: FDerivedDataBackendGraph:  Pak pak cache file C:/Users/simon/Documents/Unreal Projects/wolfy 4.21/DerivedDataCache/DDC.ddp not found, will not use a pak cache.
[2018.12.16-13.43.26:973][  0]LogDerivedDataCache: Unable to find inner node Pak for hierarchical cache Hierarchy.
[2018.12.16-13.43.26:974][  0]LogDerivedDataCache: FDerivedDataBackendGraph:  CompressedPak pak cache file C:/Users/simon/Documents/Unreal Projects/wolfy 4.21/DerivedDataCache/Compressed.ddp not found, will not use a pak cache.
[2018.12.16-13.43.26:974][  0]LogDerivedDataCache: Unable to find inner node CompressedPak for hierarchical cache Hierarchy.
[2018.12.16-13.43.27:111][  0]LogDerivedDataCache: Display: Pak cache opened for reading ../../../Engine/DerivedDataCache/Compressed.ddp.
[2018.12.16-13.43.27:111][  0]LogDerivedDataCache: FDerivedDataBackendGraph:  EnterprisePak pak cache file ../../../Enterprise/DerivedDataCache/Compressed.ddp not found, will not use a pak cache.
[2018.12.16-13.43.27:111][  0]LogDerivedDataCache: Unable to find inner node EnterprisePak for hierarchical cache Hierarchy.
[2018.12.16-13.43.27:127][  0]LogDerivedDataCache: Using Local data cache path C:/Users/simon/AppData/Local/UnrealEngine/Common/DerivedDataCache: Writable
[2018.12.16-13.43.27:127][  0]LogDerivedDataCache: Shared data cache path not found in *engine.ini, will not use an Shared cache.
[2018.12.16-13.43.27:127][  0]LogDerivedDataCache: Unable to find inner node Shared for hierarchical cache Hierarchy.
[2018.12.16-13.43.27:179][  0]LogMaterial: Verifying Global Shaders for PCD3D_SM5
[2018.12.16-13.43.27:202][  0]LogSlate: Using FreeType 2.6.0
[2018.12.16-13.43.27:366][  0]LogSlate: SlateFontServices - WITH_FREETYPE: 1, WITH_HARFBUZZ: 1
[2018.12.16-13.43.28:293][  0]LogAssetRegistry: FAssetRegistry took 0.0405 seconds to start up
[2018.12.16-13.43.29:297][  0]LogInit: Selected Device Profile: [Windows]
[2018.12.16-13.43.31:202][  0]LogSimplygon: Simplygon DLL not present - disabling.
[2018.12.16-13.43.31:673][  0]LogMeshReduction: Using SimplygonSwarm for distributed automatic mesh merging
[2018.12.16-13.43.31:674][  0]LogMeshReduction: Using ProxyLODMeshReduction for automatic mesh merging
[2018.12.16-13.43.31:675][  0]LogMeshReduction: Using QuadricMeshReduction for automatic static mesh reduction
[2018.12.16-13.43.31:675][  0]LogMeshReduction: No automatic skeletal mesh reduction module available
[2018.12.16-13.43.31:979][  0]LogNetVersion: wolfy 1.0.0, NetCL: 4541578, EngineNetVer: 5, GameNetVer: 0 (Checksum: 1840138777)
[2018.12.16-13.43.36:460][  0]LogPackageLocalizationCache: Processed 11 localized package path(s) for 2 prioritized culture(s) in 0.205172 seconds
[2018.12.16-13.43.36:471][  0]LogUObjectArray: 39775 objects as part of root set at end of initial load.
[2018.12.16-13.43.36:471][  0]LogUObjectAllocator: 6914656 out of 0 bytes used by permanent object pool.
[2018.12.16-13.43.36:471][  0]LogUObjectArray: CloseDisregardForGC: 0/0 objects in disregard for GC pool
[2018.12.16-13.43.52:933][  0]LogTcpMessaging: Initializing TcpMessaging bridge
[2018.12.16-13.43.53:028][  0]LogUdpMessaging: Initializing bridge on interface 0.0.0.0:0 to multicast group 230.0.0.1:6666.
[2018.12.16-13.43.56:151][  0]SourceControl: Source control is disabled
[2018.12.16-13.43.56:151][  0]SourceControl: Source control is disabled
[2018.12.16-13.43.56:355][  0]SourceControl: Source control is disabled
[2018.12.16-13.43.56:408][  0]SourceControl: Source control is disabled
[2018.12.16-13.43.58:643][  0]LogAndroidPermission: UAndroidPermissionCallbackProxy::GetInstance
[2018.12.16-13.43.59:070][  0]LogOcInput: OculusInput pre-init called
[2018.12.16-13.43.59:866][  0]LogEngine: Initializing Engine...
[2018.12.16-13.43.59:895][  0]LogHMD: Failed to initialize OpenVR with code 110
[2018.12.16-13.43.59:897][  0]LogStats: UGameplayTagsManager::ConstructGameplayTagTree: ImportINI prefixes -  0.000 s
[2018.12.16-13.43.59:897][  0]LogStats: UGameplayTagsManager::ConstructGameplayTagTree: Construct from data asset -  0.000 s
[2018.12.16-13.43.59:897][  0]LogStats: UGameplayTagsManager::ConstructGameplayTagTree: ImportINI -  0.000 s
[2018.12.16-13.43.59:897][  0]LogStats: UGameplayTagsManager::ConstructGameplayTagTree: GameplayTagTreeChangedEvent.Broadcast -  0.000 s
[2018.12.16-13.44.01:143][  0]LogInit: Initializing FReadOnlyCVARCache
[2018.12.16-13.44.01:472][  0]LogAIModule: Creating AISystem for world Untitled
[2018.12.16-13.44.01:540][  0]LogInit: XAudio2 using 'Speakers (Realtek High Definition Audio)' : 2 channels at 48 kHz using 32 bits per sample (channel mask 0x3)
[2018.12.16-13.44.01:894][  0]LogInit: FAudioDevice initialized.
[2018.12.16-13.44.01:895][  0]LogNetVersion: Set ProjectVersion to 1.0.0.0. Version Checksum will be recalculated on next use.
[2018.12.16-13.44.01:995][  0]LogDerivedDataCache: Saved boot cache 0.10s 71MB C:/Users/simon/AppData/Local/UnrealEngine/4.21/DerivedDataCache/Boot.ddc.
[2018.12.16-13.44.02:025][  0]LogInit: Texture streaming: Enabled
[2018.12.16-13.44.02:160][  0]LogEngineSessionManager: EngineSessionManager initialized
[2018.12.16-13.44.02:160][  0]LogEngineSessionManager: EngineSessionManager sent abnormal shutdown report. Type=AbnormalShutdown, SessionId={3DC35C80-4890-AC2A-0C6A-11A1536720E1}
[2018.12.16-13.44.02:316][  0]LogInit: Transaction tracking system initialized
[2018.12.16-13.44.02:815][  0]BlueprintLog: New page: Editor Load
[2018.12.16-13.44.04:400][  0]LocalizationService: Localization service is disabled
[2018.12.16-13.44.08:181][  0]LogCook: Display: Max memory allowance for cook 16384mb min free memory 0mb
[2018.12.16-13.44.08:181][  0]LogCook: Display: Mobile HDR setting 1
[2018.12.16-13.44.08:182][  0]LogGameplayTags: Display: UGameplayTagsManager::DoneAddingNativeTags. DelegateIsBound: 0
[2018.12.16-13.44.08:182][  0]LogStats: UGameplayTagsManager::ConstructGameplayTagTree: ImportINI prefixes -  0.000 s
[2018.12.16-13.44.08:182][  0]LogStats: UGameplayTagsManager::ConstructGameplayTagTree: Construct from data asset -  0.000 s
[2018.12.16-13.44.08:182][  0]LogStats: UGameplayTagsManager::ConstructGameplayTagTree: ImportINI -  0.000 s
[2018.12.16-13.44.08:182][  0]LogStats: UGameplayTagsManager::ConstructGameplayTagTree: GameplayTagTreeChangedEvent.Broadcast -  0.000 s
[2018.12.16-13.44.08:855][  0]LogFileCache: Scanning file cache for directory 'C:/Users/simon/Documents/Unreal Projects/wolfy 4.21/Content/' took 0.03s
[2018.12.16-13.44.10:790][  0]SourceControl: Source control is disabled
[2018.12.16-13.44.10:790][  0]Cmd: MAP LOAD FILE="C:/Users/simon/Documents/Unreal Projects/wolfy 4.21/Content/ThirdPersonBP/Maps/ThirdPersonExampleMap.umap" TEMPLATE=0 SHOWPROGRESS=1 FEATURELEVEL=3
[2018.12.16-13.44.10:810][  0]LightingResults: New page: Lighting Build
[2018.12.16-13.44.10:864][  0]MapCheck: New page: Map Check
[2018.12.16-13.44.10:864][  0]LightingResults: New page: Lighting Build
[2018.12.16-13.44.12:702][  0]LogBlueprint: Warning: [Compiler wolfChar] Character.ArrowComponent is not blueprint visible (BlueprintReadOnly or BlueprintReadWrite). Please fix mark up or cease accessing as this will be made an error in a future release.  Get ArrowComponent
[2018.12.16-13.44.12:704][  0]LogBlueprint: Warning: [Compiler wolfChar] Character.ArrowComponent is not blueprint visible (BlueprintReadOnly or BlueprintReadWrite). Please fix mark up or cease accessing as this will be made an error in a future release.  Get ArrowComponent
[2018.12.16-13.44.12:861][  0]LogBlueprint: Warning: [Compiler wolfChar] [0081.09] Compile of wolfChar successful, but with 2 Warning(s) [in 407 ms] (/Game/ThirdPersonBP/Blueprints/wolfChar.wolfChar)
[2018.12.16-13.44.15:038][  0]LogAIModule: Creating AISystem for world ThirdPersonExampleMap
[2018.12.16-13.44.15:162][  0]LogEditorServer: Finished looking for orphan Actors (0.000 secs)
[2018.12.16-13.44.15:209][  0]Cmd: MAP CHECKDEP NOCLEARLOG
[2018.12.16-13.44.15:209][  0]MapCheck: Map check complete: 0 Error(s), 0 Warning(s), took 0.222ms to complete.
[2018.12.16-13.44.15:209][  0]LogFileHelpers: Loading map 'ThirdPersonExampleMap' took 4.419
[2018.12.16-13.44.15:696][  0]LogSlate: Updating window title bar state: overlay mode, drag disabled, window buttons hidden, title bar hidden
[2018.12.16-13.44.15:712][  0]LogSlate: Updating window title bar state: overlay mode, drag disabled, window buttons hidden, title bar hidden
[2018.12.16-13.44.15:726][  0]LogSlate: Updating window title bar state: overlay mode, drag disabled, window buttons hidden, title bar hidden
[2018.12.16-13.44.15:735][  0]LogSlate: Updating window title bar state: overlay mode, drag disabled, window buttons hidden, title bar hidden
[2018.12.16-13.44.15:855][  0]LogCollectionManager: Loaded 0 collections in 0.002155 seconds
[2018.12.16-13.44.15:938][  0]LogFileCache: Scanning file cache for directory 'C:/Users/simon/Documents/Unreal Projects/wolfy 4.21/Saved/Collections/' took 0.01s
[2018.12.16-13.44.15:938][  0]LogFileCache: Scanning file cache for directory 'C:/Users/simon/Documents/Unreal Projects/wolfy 4.21/Content/Developers/simon/Collections/' took 0.00s
[2018.12.16-13.44.15:938][  0]LogFileCache: Scanning file cache for directory 'C:/Users/simon/Documents/Unreal Projects/wolfy 4.21/Content/Collections/' took 0.00s
[2018.12.16-13.44.15:938][  0]LogCollectionManager: Rebuilt the GUID cache for 0 collections in 0.000000 seconds
[2018.12.16-13.44.15:957][  0]LogContentBrowser: Native class hierarchy populated in 0.0179 seconds. Added 2651 classes and 620 folders.
[2018.12.16-13.44.16:006][  0]LogContentBrowser: Native class hierarchy updated for 'WidgetCarousel' in 0.0003 seconds. Added 0 classes and 0 folders.
[2018.12.16-13.44.16:056][  0]LogPakFile: Registered encryption key '00000000000000000000000000000000': 0 pak files mounted, 0 remain pending
[2018.12.16-13.44.16:102][  0]LogPakFile: Registered encryption key '00000000000000000000000000000000': 0 pak files mounted, 0 remain pending
[2018.12.16-13.44.16:164][  0]LogPakFile: Registered encryption key '00000000000000000000000000000000': 0 pak files mounted, 0 remain pending
[2018.12.16-13.44.16:191][  0]LogPakFile: Registered encryption key '00000000000000000000000000000000': 0 pak files mounted, 0 remain pending
[2018.12.16-13.44.16:213][  0]LogPakFile: Registered encryption key '00000000000000000000000000000000': 0 pak files mounted, 0 remain pending
[2018.12.16-13.44.16:234][  0]LogPakFile: Registered encryption key '00000000000000000000000000000000': 0 pak files mounted, 0 remain pending
[2018.12.16-13.44.16:249][  0]LogPakFile: Registered encryption key '00000000000000000000000000000000': 0 pak files mounted, 0 remain pending
[2018.12.16-13.44.16:278][  0]LogPakFile: Registered encryption key '00000000000000000000000000000000': 0 pak files mounted, 0 remain pending
[2018.12.16-13.44.16:301][  0]LogPakFile: Registered encryption key '00000000000000000000000000000000': 0 pak files mounted, 0 remain pending
[2018.12.16-13.44.16:318][  0]LogPakFile: Registered encryption key '00000000000000000000000000000000': 0 pak files mounted, 0 remain pending
[2018.12.16-13.44.16:340][  0]LogPakFile: Registered encryption key '00000000000000000000000000000000': 0 pak files mounted, 0 remain pending
[2018.12.16-13.44.16:355][  0]LogPakFile: Registered encryption key '00000000000000000000000000000000': 0 pak files mounted, 0 remain pending
[2018.12.16-13.44.16:372][  0]LogPakFile: Registered encryption key '00000000000000000000000000000000': 0 pak files mounted, 0 remain pending
[2018.12.16-13.44.16:393][  0]LogPakFile: Registered encryption key '00000000000000000000000000000000': 0 pak files mounted, 0 remain pending
[2018.12.16-13.44.16:412][  0]LogPakFile: Registered encryption key '00000000000000000000000000000000': 0 pak files mounted, 0 remain pending
[2018.12.16-13.44.16:435][  0]LogPakFile: Registered encryption key '00000000000000000000000000000000': 0 pak files mounted, 0 remain pending
[2018.12.16-13.44.16:511][  0]LogPakFile: Registered encryption key '00000000000000000000000000000000': 0 pak files mounted, 0 remain pending
[2018.12.16-13.44.16:524][  0]LogPakFile: Registered encryption key '00000000000000000000000000000000': 0 pak files mounted, 0 remain pending
[2018.12.16-13.44.16:541][  0]LogPakFile: Registered encryption key '00000000000000000000000000000000': 0 pak files mounted, 0 remain pending
[2018.12.16-13.44.16:564][  0]LogPakFile: Registered encryption key '00000000000000000000000000000000': 0 pak files mounted, 0 remain pending
[2018.12.16-13.44.16:654][  0]LogPakFile: Registered encryption key '00000000000000000000000000000000': 0 pak files mounted, 0 remain pending
[2018.12.16-13.44.16:679][  0]LogPakFile: Registered encryption key '00000000000000000000000000000000': 0 pak files mounted, 0 remain pending
[2018.12.16-13.44.16:705][  0]LogPakFile: Registered encryption key '00000000000000000000000000000000': 0 pak files mounted, 0 remain pending
[2018.12.16-13.44.16:731][  0]LogPakFile: Registered encryption key '00000000000000000000000000000000': 0 pak files mounted, 0 remain pending
[2018.12.16-13.44.16:750][  0]LogPakFile: Registered encryption key '00000000000000000000000000000000': 0 pak files mounted, 0 remain pending
[2018.12.16-13.44.16:764][  0]LogPakFile: Registered encryption key '00000000000000000000000000000000': 0 pak files mounted, 0 remain pending
[2018.12.16-13.44.18:298][  0]LogContentBrowser: Native class hierarchy updated for 'AddContentDialog' in 0.0005 seconds. Added 0 classes and 0 folders.
[2018.12.16-13.44.18:365][  0]LogContentBrowser: Native class hierarchy updated for 'SceneOutliner' in 0.0005 seconds. Added 1 classes and 2 folders.
[2018.12.16-13.44.18:479][  0]LogSlate: Took 0.019626 seconds to synchronously load lazily loaded font '../../../Engine/Content/Slate/Fonts/Roboto-Regular.ttf' (155K)
[2018.12.16-13.44.18:517][  0]LogSlate: Took 0.035446 seconds to synchronously load lazily loaded font '../../../Engine/Content/Slate/Fonts/Roboto-Bold.ttf' (160K)
[2018.12.16-13.44.18:584][  0]LogSlate: Took 0.031953 seconds to synchronously load lazily loaded font '../../../Engine/Content/Editor/Slate/Fonts/FontAwesome.ttf' (139K)
[2018.12.16-13.44.19:061][  0]LogRenderer: Reallocating scene render targets to support 940x464 Format 10 NumSamples 1 (Frame:1).
[2018.12.16-13.44.19:142][  0]LogSlate: Took 0.009209 seconds to synchronously load lazily loaded font '../../../Engine/Content/Slate/Fonts/Roboto-Light.ttf' (167K)
[2018.12.16-13.44.19:284][  0]LogContentBrowser: Native class hierarchy updated for 'HierarchicalLODOutliner' in 0.0004 seconds. Added 0 classes and 0 folders.
[2018.12.16-13.44.19:284][  0]LogLoad: (Engine Initialization) Total time: 87.51 seconds
[2018.12.16-13.44.19:284][  0]LogLoad: (Engine Initialization) Total Blueprint compile time: 0.00 seconds
[2018.12.16-13.44.19:389][  0]LogContentStreaming: Texture pool size now 1000 MB
[2018.12.16-13.44.20:072][  7]LogAssetRegistry: Asset discovery search completed in 51.8011 seconds
[2018.12.16-13.44.20:075][  7]LogCollectionManager: Rebuilt the object cache for 0 collections in 0.000001 seconds (found 0 objects)
[2018.12.16-13.44.20:075][  7]LogCollectionManager: Fixed up redirectors for 0 collections in 0.000065 seconds (updated 0 objects)
[2018.12.16-13.44.20:723][  9]LogSlate: Took 0.000327 seconds to synchronously load lazily loaded font '../../../Engine/Content/Slate/Fonts/Roboto-Light.ttf' (167K)
[2018.12.16-13.44.26:071][ 25]LogSlate: FSceneViewport::OnFocusLost() reason 0
[2018.12.16-13.47.58:188][ 80]LogSlate: FSceneViewport::OnFocusLost() reason 0
[2018.12.16-13.47.58:252][ 81]LogTemp: Repeating last play command: Selected Viewport
[2018.12.16-13.47.58:277][ 81]LogBlueprintUserMessages: Early PlayInEditor Detection: Level '/Game/ThirdPersonBP/Maps/ThirdPersonExampleMap.ThirdPersonExampleMap:PersistentLevel' has LevelScriptBlueprint '/Game/ThirdPersonBP/Maps/ThirdPersonExampleMap.ThirdPersonExampleMap:PersistentLevel.ThirdPersonExampleMap' with GeneratedClass '/Game/ThirdPersonBP/Maps/ThirdPersonExampleMap.ThirdPersonExampleMap_C' with ClassGeneratedBy '/Game/ThirdPersonBP/Maps/ThirdPersonExampleMap.ThirdPersonExampleMap:PersistentLevel.ThirdPersonExampleMap'
[2018.12.16-13.47.58:277][ 81]LogPlayLevel: PlayLevel: No blueprints needed recompiling
[2018.12.16-13.47.58:388][ 81]PIE: New page: PIE session: ThirdPersonExampleMap (Dec 16, 2018, 3:47:58 AM)
[2018.12.16-13.47.58:434][ 81]LogPlayLevel: Creating play world package: /Game/ThirdPersonBP/Maps/UEDPIE_0_ThirdPersonExampleMap
[2018.12.16-13.47.58:497][ 81]LogPlayLevel: PIE: StaticDuplicateObject took: (0.061766s)
[2018.12.16-13.47.58:498][ 81]LogAIModule: Creating AISystem for world ThirdPersonExampleMap
[2018.12.16-13.47.58:498][ 81]LogPlayLevel: PIE: World Init took: (0.001226s)
[2018.12.16-13.47.58:498][ 81]LogPlayLevel: PIE: Created PIE world by copying editor world from /Game/ThirdPersonBP/Maps/ThirdPersonExampleMap.ThirdPersonExampleMap to /Game/ThirdPersonBP/Maps/UEDPIE_0_ThirdPersonExampleMap.ThirdPersonExampleMap (0.063854s)
[2018.12.16-13.47.58:533][ 81]LogInit: XAudio2 using 'Speakers (Realtek High Definition Audio)' : 2 channels at 48 kHz using 32 bits per sample (channel mask 0x3)
[2018.12.16-13.47.58:583][ 81]LogInit: FAudioDevice initialized.
[2018.12.16-13.47.58:655][ 81]LogLoad: Game class is 'ThirdPersonGameMode_C'
[2018.12.16-13.47.58:674][ 81]LogWorld: Bringing World /Game/ThirdPersonBP/Maps/UEDPIE_0_ThirdPersonExampleMap.ThirdPersonExampleMap up for play (max tick rate 60) at 2018.12.16-08.47.58
[2018.12.16-13.47.58:706][ 81]LogWorld: Bringing up level for play took: 0.035018
[2018.12.16-13.47.58:826][ 81]LogContentBrowser: Native class hierarchy updated for 'MovieSceneCapture' in 0.0011 seconds. Added 20 classes and 0 folders.
[2018.12.16-13.47.58:842][ 81]PIE: Play in editor start time for /Game/ThirdPersonBP/Maps/UEDPIE_0_ThirdPersonExampleMap 0.773
[2018.12.16-13.47.58:842][ 81]LogBlueprintUserMessages: Late PlayInEditor Detection: Level '/Game/ThirdPersonBP/Maps/ThirdPersonExampleMap.ThirdPersonExampleMap:PersistentLevel' has LevelScriptBlueprint '/Game/ThirdPersonBP/Maps/ThirdPersonExampleMap.ThirdPersonExampleMap:PersistentLevel.ThirdPersonExampleMap' with GeneratedClass '/Game/ThirdPersonBP/Maps/ThirdPersonExampleMap.ThirdPersonExampleMap_C' with ClassGeneratedBy '/Game/ThirdPersonBP/Maps/ThirdPersonExampleMap.ThirdPersonExampleMap:PersistentLevel.ThirdPersonExampleMap'
[2018.12.16-13.48.04:698][258]LogBlueprintUserMessages: Early EndPlayMap Detection: Level '/Game/ThirdPersonBP/Maps/ThirdPersonExampleMap.ThirdPersonExampleMap:PersistentLevel' has LevelScriptBlueprint '/Game/ThirdPersonBP/Maps/ThirdPersonExampleMap.ThirdPersonExampleMap:PersistentLevel.ThirdPersonExampleMap' with GeneratedClass '/Game/ThirdPersonBP/Maps/ThirdPersonExampleMap.ThirdPersonExampleMap_C' with ClassGeneratedBy '/Game/ThirdPersonBP/Maps/ThirdPersonExampleMap.ThirdPersonExampleMap:PersistentLevel.ThirdPersonExampleMap'
[2018.12.16-13.48.04:699][258]LogSlate: Updating window title bar state: overlay mode, drag disabled, window buttons hidden, title bar hidden
[2018.12.16-13.48.04:854][258]LogPlayLevel: Display: Shutting down PIE online subsystems
[2018.12.16-13.48.04:854][258]LogBlueprintUserMessages: Late EndPlayMap Detection: Level '/Game/ThirdPersonBP/Maps/ThirdPersonExampleMap.ThirdPersonExampleMap:PersistentLevel' has LevelScriptBlueprint '/Game/ThirdPersonBP/Maps/ThirdPersonExampleMap.ThirdPersonExampleMap:PersistentLevel.ThirdPersonExampleMap' with GeneratedClass '/Game/ThirdPersonBP/Maps/ThirdPersonExampleMap.ThirdPersonExampleMap_C' with ClassGeneratedBy '/Game/ThirdPersonBP/Maps/ThirdPersonExampleMap.ThirdPersonExampleMap:PersistentLevel.ThirdPersonExampleMap'
[2018.12.16-13.48.04:944][258]LogSlate: Updating window title bar state: overlay mode, drag disabled, window buttons hidden, title bar hidden
[2018.12.16-13.48.04:992][259]LogPlayLevel: Display: Destroying online subsystem :Context_2
[2018.12.16-13.48.06:684][302]LogSlate: FSceneViewport::OnFocusLost() reason 0
[2018.12.16-13.48.06:958][305]LogAssetEditorManager: Opening Asset editor for AnimBlueprint /Game/PolyArtWolf/Animations/wolf_animation.wolf_animation
[2018.12.16-13.48.07:264][305]LogContentBrowser: Native class hierarchy updated for 'SkeletonEditor' in 0.0006 seconds. Added 1 classes and 2 folders.
[2018.12.16-13.48.08:046][305]LogActorComponent: RegisterComponentWithWorld: (/Engine/Transient.World_2:PersistentLevel.AnimationEditorPreviewActor_0.DebugSkelMeshComponent_0) Already registered. Aborting.
[2018.12.16-13.48.08:050][305]LogContentBrowser: Native class hierarchy updated for 'PinnedCommandList' in 0.0005 seconds. Added 1 classes and 0 folders.
[2018.12.16-13.48.09:205][305]LogContentBrowser: Native class hierarchy updated for 'BlueprintGraph' in 0.0005 seconds. Added 117 classes and 0 folders.
[2018.12.16-13.48.10:133][305]LogSkeletalMesh: USkeletalMeshComponent::InitArticulated : Bodies already created (/Engine/Transient.World_2:PersistentLevel.AnimationEditorPreviewActor_0.DebugSkelMeshComponent_0) - call TermArticulated first.
[2018.12.16-13.48.11:004][305]LogSlate: Took 0.022640 seconds to synchronously load lazily loaded font '../../../Engine/Content/Slate/Fonts/Roboto-BoldCondensed.ttf' (158K)
[2018.12.16-13.48.11:146][305]LogContentBrowser: Native class hierarchy updated for 'ClothingSystemEditorInterface' in 0.0006 seconds. Added 1 classes and 0 folders.
[2018.12.16-13.48.11:264][305]LogContentBrowser: Verbose: The majority of assets in the view are of type: AnimSequence
[2018.12.16-13.48.16:743][389]LogD3D11RHI: Error: Result failed 
 at D:\Build\++UE4\Sync\Engine\Source\Runtime\Windows\D3D11RHI\Private\D3D11Query.cpp:140 
 with error DXGI_ERROR_DEVICE_REMOVED DXGI_ERROR_DEVICE_HUNG
[2018.12.16-13.48.16:743][389]LogD3D11RHI: [Aftermath] GDynamicRHI=000001DA8D7C01C0, GDX11NVAfterMathEnabled=0, Result=0xFFFFFFFF, bDeviceActive=0
[2018.12.16-13.48.16:743][389]LogWindows: Windows GetLastError: The operation completed successfully. (0)
[2018.12.16-13.48.23:413][390]LogOutputDevice: Warning: 

Script Stack (0 frames):

[2018.12.16-13.48.23:413][390]LogWindows: Windows GetLastError: The operation completed successfully. (0)
[2018.12.16-13.48.23:413][390]LogWindows: Error: === Critical error: ===
[2018.12.16-13.48.23:413][390]LogWindows: Error: 
[2018.12.16-13.48.23:413][390]LogWindows: Error: Fatal error: [File:D:\Build\++UE4\Sync\Engine\Source\Runtime\RenderCore\Private\RenderingThread.cpp] [Line: 826] 
[2018.12.16-13.48.23:413][390]LogWindows: Error: Rendering thread exception:
[2018.12.16-13.48.23:413][390]LogWindows: Error: Fatal error: [File:D:\Build\++UE4\Sync\Engine\Source\Runtime\Windows\D3D11RHI\Private\D3D11Util.cpp] [Line: 200] 
[2018.12.16-13.48.23:413][390]LogWindows: Error: Unreal Engine is exiting due to D3D device being lost. (Error: 0x887A0006 - 'HUNG')
[2018.12.16-13.48.23:413][390]LogWindows: Error: 
[2018.12.16-13.48.23:413][390]LogWindows: Error: 
[2018.12.16-13.48.23:413][390]LogWindows: Error: [Callstack] 0x00007ff84df9a388 KERNELBASE.dll!UnknownFunction []
[2018.12.16-13.48.23:413][390]LogWindows: Error: [Callstack] 0x00007ff8036ccd1a UE4Editor-Core.dll!UnknownFunction []
[2018.12.16-13.48.23:413][390]LogWindows: Error: [Callstack] 0x00007ff8034aa967 UE4Editor-Core.dll!UnknownFunction []
[2018.12.16-13.48.23:413][390]LogWindows: Error: [Callstack] 0x00007ff8033e0df7 UE4Editor-Core.dll!UnknownFunction []
[2018.12.16-13.48.23:413][390]LogWindows: Error: [Callstack] 0x00007fffcd2cd32a UE4Editor-D3D11RHI.dll!UnknownFunction []
[2018.12.16-13.48.23:413][390]LogWindows: Error: [Callstack] 0x00007fffcd2d0d64 UE4Editor-D3D11RHI.dll!UnknownFunction []
[2018.12.16-13.48.23:413][390]LogWindows: Error: [Callstack] 0x00007fffcd2a64f1 UE4Editor-D3D11RHI.dll!UnknownFunction []
[2018.12.16-13.48.23:413][390]LogWindows: Error: [Callstack] 0x00007fffcd2bd9c5 UE4Editor-D3D11RHI.dll!UnknownFunction []
[2018.12.16-13.48.23:413][390]LogWindows: Error: [Callstack] 0x00007fffd0b44e17 UE4Editor-Renderer.dll!UnknownFunction []
[2018.12.16-13.48.23:414][390]LogWindows: Error: [Callstack] 0x00007fffd0b9e67f UE4Editor-Renderer.dll!UnknownFunction []
[2018.12.16-13.48.23:414][390]LogWindows: Error: [Callstack] 0x00007fffd0bb7d40 UE4Editor-Renderer.dll!UnknownFunction []
[2018.12.16-13.48.23:414][390]LogWindows: Error: [Callstack] 0x00007fffd0b84bfe UE4Editor-Renderer.dll!UnknownFunction []
[2018.12.16-13.48.23:414][390]LogWindows: Error: [Callstack] 0x00007fffd0baff90 UE4Editor-Renderer.dll!UnknownFunction []
[2018.12.16-13.48.23:414][390]LogWindows: Error: [Callstack] 0x00007fffd05ea3a9 UE4Editor-Renderer.dll!UnknownFunction []
[2018.12.16-13.48.23:414][390]LogWindows: Error: [Callstack] 0x00007fffd0b04a72 UE4Editor-Renderer.dll!UnknownFunction []
[2018.12.16-13.48.23:414][390]LogWindows: Error: [Callstack] 0x00007fffd0ad2182 UE4Editor-Renderer.dll!UnknownFunction []
[2018.12.16-13.48.23:414][390]LogWindows: Error: [Callstack] 0x00007ff803271798 UE4Editor-Core.dll!UnknownFunction []
[2018.12.16-13.48.23:414][390]LogWindows: Error: [Callstack] 0x00007ff803271c56 UE4Editor-Core.dll!UnknownFunction []
[2018.12.16-13.48.23:414][390]LogWindows: Error: [Callstack] 0x00007ff803189af9 UE4Editor-RenderCore.dll!UnknownFunction []
[2018.12.16-13.48.23:414][390]LogWindows: Error: [Callstack] 0x00007ff80318aa74 UE4Editor-RenderCore.dll!UnknownFunction []
[2018.12.16-13.48.23:414][390]LogWindows: Error: [Callstack] 0x00007ff8036cc500 UE4Editor-Core.dll!UnknownFunction []
[2018.12.16-13.48.23:414][390]LogWindows: Error: [Callstack] 0x00007ff8036bcac1 UE4Editor-Core.dll!UnknownFunction []
[2018.12.16-13.48.23:414][390]LogWindows: Error: [Callstack] 0x00007ff84f583034 KERNEL32.DLL!UnknownFunction []
[2018.12.16-13.48.23:414][390]LogWindows: Error: [Callstack] 0x00007ff851a13691 ntdll.dll!UnknownFunction []
[2018.12.16-13.48.23:414][390]LogWindows: Error: 
[2018.12.16-13.48.23:414][390]LogWindows: Error: 
[2018.12.16-13.48.23:414][390]LogWindows: Error: 
[2018.12.16-13.48.23:414][390]LogWindows: Error: 
[2018.12.16-13.48.23:443][390]LogExit: Executing StaticShutdownAfterError
[2018.12.16-13.48.23:544][390]LogWindows: FPlatformMisc::RequestExit(1)
[2018.12.16-13.48.23:548][390]Log file closed, 12/16/18 08:48:23
